<?xml version="1.0" encoding="UTF-8"?>
<testsuite name="com.dotcms.rest.api.v1.vtl.VTLResourceIntegrationTest" tests="6" skipped="0" failures="4" errors="0" timestamp="2023-07-21T18:35:47" hostname="fv-az449-560" time="11.108">
  <properties/>
  <testcase name="testGet[0: com.dotcms.rest.api.v1.vtl.VTLResourceTestCase@73244f17]" classname="com.dotcms.rest.api.v1.vtl.VTLResourceIntegrationTest" time="2.091">
    <failure message="org.junit.ComparisonFailure: expected:&lt;...List&quot;:[{&quot;firstName&quot;:[&quot;Brent&quot;,&quot;lastName&quot;:&quot;Griffin&quot;,&quot;jobTitle&quot;:&quot;VP Wealth Liquidation&quot;,&quot;profilePicPath&quot;:null,&quot;seniorManagement&quot;:null,&quot;phone&quot;:&quot;(215) 555-5555&quot;,&quot;mobile&quot;:&quot;(215) 555-5555&quot;,&quot;fax&quot;:&quot;(215) 555-5916&quot;,&quot;email&quot;:&quot;brent.griffin@questfake.com&quot;,&quot;identifier&quot;:&quot;690d7285ff001551c50ac8c2097fed17&quot;]}]}&gt; but was:&lt;...List&quot;:[{&quot;firstName&quot;:[null,&quot;lastName&quot;:null,&quot;jobTitle&quot;:null,&quot;profilePicPath&quot;:null,&quot;seniorManagement&quot;:null,&quot;phone&quot;:null,&quot;mobile&quot;:null,&quot;fax&quot;:null,&quot;email&quot;:null,&quot;identifier&quot;:null]}]}&gt;" type="org.junit.ComparisonFailure">org.junit.ComparisonFailure: expected:&lt;...List&quot;:[{&quot;firstName&quot;:[&quot;Brent&quot;,&quot;lastName&quot;:&quot;Griffin&quot;,&quot;jobTitle&quot;:&quot;VP Wealth Liquidation&quot;,&quot;profilePicPath&quot;:null,&quot;seniorManagement&quot;:null,&quot;phone&quot;:&quot;(215) 555-5555&quot;,&quot;mobile&quot;:&quot;(215) 555-5555&quot;,&quot;fax&quot;:&quot;(215) 555-5916&quot;,&quot;email&quot;:&quot;brent.griffin@questfake.com&quot;,&quot;identifier&quot;:&quot;690d7285ff001551c50ac8c2097fed17&quot;]}]}&gt; but was:&lt;...List&quot;:[{&quot;firstName&quot;:[null,&quot;lastName&quot;:null,&quot;jobTitle&quot;:null,&quot;profilePicPath&quot;:null,&quot;seniorManagement&quot;:null,&quot;phone&quot;:null,&quot;mobile&quot;:null,&quot;fax&quot;:null,&quot;email&quot;:null,&quot;identifier&quot;:null]}]}&gt;
	at org.junit.Assert.assertEquals(Assert.java:117)
	at org.junit.Assert.assertEquals(Assert.java:146)
	at com.dotcms.rest.api.v1.vtl.VTLResourceIntegrationTest.testGet(VTLResourceIntegrationTest.java:187)
	at java.base/jdk.internal.reflect.NativeMethodAccessorImpl.invoke0(Native Method)
	at java.base/jdk.internal.reflect.NativeMethodAccessorImpl.invoke(NativeMethodAccessorImpl.java:62)
	at java.base/jdk.internal.reflect.DelegatingMethodAccessorImpl.invoke(DelegatingMethodAccessorImpl.java:43)
	at java.base/java.lang.reflect.Method.invoke(Method.java:566)
	at org.junit.runners.model.FrameworkMethod$1.runReflectiveCall(FrameworkMethod.java:59)
	at org.junit.internal.runners.model.ReflectiveCallable.run(ReflectiveCallable.java:12)
	at org.junit.runners.model.FrameworkMethod.invokeExplosively(FrameworkMethod.java:56)
	at com.tngtech.java.junit.dataprovider.DataProviderFrameworkMethod.invokeExplosively(DataProviderFrameworkMethod.java:119)
	at org.junit.internal.runners.statements.InvokeMethod.evaluate(InvokeMethod.java:17)
	at org.junit.runners.ParentRunner$3.evaluate(ParentRunner.java:306)
	at org.junit.rules.TestWatcher$1.evaluate(TestWatcher.java:61)
	at org.junit.rules.RunRules.evaluate(RunRules.java:20)
	at org.junit.runners.ParentRunner.runLeaf(ParentRunner.java:366)
	at com.dotcms.junit.CustomDataProviderRunner.runChild(CustomDataProviderRunner.java:41)
	at com.dotcms.junit.CustomDataProviderRunner.runChild(CustomDataProviderRunner.java:26)
	at org.junit.runners.ParentRunner$4.run(ParentRunner.java:331)
	at org.junit.runners.ParentRunner$1.schedule(ParentRunner.java:79)
	at org.junit.runners.ParentRunner.runChildren(ParentRunner.java:329)
	at org.junit.runners.ParentRunner.access$100(ParentRunner.java:66)
	at org.junit.runners.ParentRunner$2.evaluate(ParentRunner.java:293)
	at org.junit.internal.runners.statements.RunBefores.evaluate(RunBefores.java:26)
	at org.junit.runners.ParentRunner$3.evaluate(ParentRunner.java:306)
	at org.junit.runners.ParentRunner.run(ParentRunner.java:413)
	at com.dotcms.junit.MainBaseSuite$DotRunner.run(MainBaseSuite.java:71)
	at org.junit.runners.Suite.runChild(Suite.java:128)
	at org.junit.runners.Suite.runChild(Suite.java:27)
	at org.junit.runners.ParentRunner$4.run(ParentRunner.java:331)
	at org.junit.runners.ParentRunner$1.schedule(ParentRunner.java:79)
	at org.junit.runners.ParentRunner.runChildren(ParentRunner.java:329)
	at org.junit.runners.ParentRunner.access$100(ParentRunner.java:66)
	at org.junit.runners.ParentRunner$2.evaluate(ParentRunner.java:293)
	at org.junit.runners.ParentRunner$3.evaluate(ParentRunner.java:306)
	at org.junit.runners.ParentRunner.run(ParentRunner.java:413)
	at org.gradle.api.internal.tasks.testing.junit.JUnitTestClassExecutor.runTestClass(JUnitTestClassExecutor.java:110)
	at org.gradle.api.internal.tasks.testing.junit.JUnitTestClassExecutor.execute(JUnitTestClassExecutor.java:58)
	at org.gradle.api.internal.tasks.testing.junit.JUnitTestClassExecutor.execute(JUnitTestClassExecutor.java:38)
	at org.gradle.api.internal.tasks.testing.junit.AbstractJUnitTestClassProcessor.processTestClass(AbstractJUnitTestClassProcessor.java:62)
	at org.gradle.api.internal.tasks.testing.SuiteTestClassProcessor.processTestClass(SuiteTestClassProcessor.java:51)
	at java.base/jdk.internal.reflect.NativeMethodAccessorImpl.invoke0(Native Method)
	at java.base/jdk.internal.reflect.NativeMethodAccessorImpl.invoke(NativeMethodAccessorImpl.java:62)
	at java.base/jdk.internal.reflect.DelegatingMethodAccessorImpl.invoke(DelegatingMethodAccessorImpl.java:43)
	at java.base/java.lang.reflect.Method.invoke(Method.java:566)
	at org.gradle.internal.dispatch.ReflectionDispatch.dispatch(ReflectionDispatch.java:36)
	at org.gradle.internal.dispatch.ReflectionDispatch.dispatch(ReflectionDispatch.java:24)
	at org.gradle.internal.dispatch.ContextClassLoaderDispatch.dispatch(ContextClassLoaderDispatch.java:33)
	at org.gradle.internal.dispatch.ProxyDispatchAdapter$DispatchingInvocationHandler.invoke(ProxyDispatchAdapter.java:94)
	at com.sun.proxy.$Proxy5.processTestClass(Unknown Source)
	at org.gradle.api.internal.tasks.testing.worker.TestWorker$2.run(TestWorker.java:176)
	at org.gradle.api.internal.tasks.testing.worker.TestWorker.executeAndMaintainThreadName(TestWorker.java:129)
	at org.gradle.api.internal.tasks.testing.worker.TestWorker.execute(TestWorker.java:100)
	at org.gradle.api.internal.tasks.testing.worker.TestWorker.execute(TestWorker.java:60)
	at org.gradle.process.internal.worker.child.ActionExecutionWorker.execute(ActionExecutionWorker.java:56)
	at org.gradle.process.internal.worker.child.SystemApplicationClassLoaderWorker.call(SystemApplicationClassLoaderWorker.java:133)
	at org.gradle.process.internal.worker.child.SystemApplicationClassLoaderWorker.call(SystemApplicationClassLoaderWorker.java:71)
	at worker.org.gradle.process.internal.worker.GradleWorkerMain.run(GradleWorkerMain.java:69)
	at worker.org.gradle.process.internal.worker.GradleWorkerMain.main(GradleWorkerMain.java:74)
</failure>
  </testcase>
  <testcase name="testGet[1: com.dotcms.rest.api.v1.vtl.VTLResourceTestCase@6d458068]" classname="com.dotcms.rest.api.v1.vtl.VTLResourceIntegrationTest" time="1.108">
    <failure message="org.junit.ComparisonFailure: expected:&lt;...n\t\t\t\t&lt;firstName&gt;[Brent&lt;/firstName&gt;\n\t\t\t\t&lt;lastName&gt;Griffin&lt;/lastName&gt;\n\t\t\t\t&lt;jobTitle&gt;VP Wealth Liquidation&lt;/jobTitle&gt;\n\t\t\t\t&lt;profilePicPath&gt;&lt;/profilePicPath&gt;\n\t\t\t\t\t\t\t\t&lt;phone&gt;(215) 555-5555&lt;/phone&gt;\n\t\t\t\t&lt;mobile&gt;(215) 555-5555&lt;/mobile&gt;\n\t\t\t\t&lt;fax&gt;(215) 555-5916&lt;/fax&gt;\n\t\t\t\t&lt;email&gt;brent.griffin@questfake.com&lt;/email&gt;\n\t\t\t\t&lt;firstName&gt;Brent]&lt;/firstName&gt;\n\n\t\t...&gt; but was:&lt;...n\t\t\t\t&lt;firstName&gt;[$employee.firstName&lt;/firstName&gt;\n\t\t\t\t&lt;lastName&gt;$employee.lastName&lt;/lastName&gt;\n\t\t\t\t&lt;jobTitle&gt;$employee.jobTitle&lt;/jobTitle&gt;\n\t\t\t\t&lt;profilePicPath&gt;&lt;/profilePicPath&gt;\n\t\t\t\t\t\t\t\t&lt;phone&gt;$employee.phone&lt;/phone&gt;\n\t\t\t\t&lt;mobile&gt;$employee.mobile&lt;/mobile&gt;\n\t\t\t\t&lt;fax&gt;$employee.fax&lt;/fax&gt;\n\t\t\t\t&lt;email&gt;$employee.email&lt;/email&gt;\n\t\t\t\t&lt;firstName&gt;$employee.firstName]&lt;/firstName&gt;\n\n\t\t...&gt;" type="org.junit.ComparisonFailure">org.junit.ComparisonFailure: expected:&lt;...n\t\t\t\t&lt;firstName&gt;[Brent&lt;/firstName&gt;\n\t\t\t\t&lt;lastName&gt;Griffin&lt;/lastName&gt;\n\t\t\t\t&lt;jobTitle&gt;VP Wealth Liquidation&lt;/jobTitle&gt;\n\t\t\t\t&lt;profilePicPath&gt;&lt;/profilePicPath&gt;\n\t\t\t\t\t\t\t\t&lt;phone&gt;(215) 555-5555&lt;/phone&gt;\n\t\t\t\t&lt;mobile&gt;(215) 555-5555&lt;/mobile&gt;\n\t\t\t\t&lt;fax&gt;(215) 555-5916&lt;/fax&gt;\n\t\t\t\t&lt;email&gt;brent.griffin@questfake.com&lt;/email&gt;\n\t\t\t\t&lt;firstName&gt;Brent]&lt;/firstName&gt;\n\n\t\t...&gt; but was:&lt;...n\t\t\t\t&lt;firstName&gt;[$employee.firstName&lt;/firstName&gt;\n\t\t\t\t&lt;lastName&gt;$employee.lastName&lt;/lastName&gt;\n\t\t\t\t&lt;jobTitle&gt;$employee.jobTitle&lt;/jobTitle&gt;\n\t\t\t\t&lt;profilePicPath&gt;&lt;/profilePicPath&gt;\n\t\t\t\t\t\t\t\t&lt;phone&gt;$employee.phone&lt;/phone&gt;\n\t\t\t\t&lt;mobile&gt;$employee.mobile&lt;/mobile&gt;\n\t\t\t\t&lt;fax&gt;$employee.fax&lt;/fax&gt;\n\t\t\t\t&lt;email&gt;$employee.email&lt;/email&gt;\n\t\t\t\t&lt;firstName&gt;$employee.firstName]&lt;/firstName&gt;\n\n\t\t...&gt;
	at org.junit.Assert.assertEquals(Assert.java:117)
	at org.junit.Assert.assertEquals(Assert.java:146)
	at com.dotcms.rest.api.v1.vtl.VTLResourceIntegrationTest.testGet(VTLResourceIntegrationTest.java:187)
	at java.base/jdk.internal.reflect.NativeMethodAccessorImpl.invoke0(Native Method)
	at java.base/jdk.internal.reflect.NativeMethodAccessorImpl.invoke(NativeMethodAccessorImpl.java:62)
	at java.base/jdk.internal.reflect.DelegatingMethodAccessorImpl.invoke(DelegatingMethodAccessorImpl.java:43)
	at java.base/java.lang.reflect.Method.invoke(Method.java:566)
	at org.junit.runners.model.FrameworkMethod$1.runReflectiveCall(FrameworkMethod.java:59)
	at org.junit.internal.runners.model.ReflectiveCallable.run(ReflectiveCallable.java:12)
	at org.junit.runners.model.FrameworkMethod.invokeExplosively(FrameworkMethod.java:56)
	at com.tngtech.java.junit.dataprovider.DataProviderFrameworkMethod.invokeExplosively(DataProviderFrameworkMethod.java:119)
	at org.junit.internal.runners.statements.InvokeMethod.evaluate(InvokeMethod.java:17)
	at org.junit.runners.ParentRunner$3.evaluate(ParentRunner.java:306)
	at org.junit.rules.TestWatcher$1.evaluate(TestWatcher.java:61)
	at org.junit.rules.RunRules.evaluate(RunRules.java:20)
	at org.junit.runners.ParentRunner.runLeaf(ParentRunner.java:366)
	at com.dotcms.junit.CustomDataProviderRunner.runChild(CustomDataProviderRunner.java:41)
	at com.dotcms.junit.CustomDataProviderRunner.runChild(CustomDataProviderRunner.java:26)
	at org.junit.runners.ParentRunner$4.run(ParentRunner.java:331)
	at org.junit.runners.ParentRunner$1.schedule(ParentRunner.java:79)
	at org.junit.runners.ParentRunner.runChildren(ParentRunner.java:329)
	at org.junit.runners.ParentRunner.access$100(ParentRunner.java:66)
	at org.junit.runners.ParentRunner$2.evaluate(ParentRunner.java:293)
	at org.junit.internal.runners.statements.RunBefores.evaluate(RunBefores.java:26)
	at org.junit.runners.ParentRunner$3.evaluate(ParentRunner.java:306)
	at org.junit.runners.ParentRunner.run(ParentRunner.java:413)
	at com.dotcms.junit.MainBaseSuite$DotRunner.run(MainBaseSuite.java:71)
	at org.junit.runners.Suite.runChild(Suite.java:128)
	at org.junit.runners.Suite.runChild(Suite.java:27)
	at org.junit.runners.ParentRunner$4.run(ParentRunner.java:331)
	at org.junit.runners.ParentRunner$1.schedule(ParentRunner.java:79)
	at org.junit.runners.ParentRunner.runChildren(ParentRunner.java:329)
	at org.junit.runners.ParentRunner.access$100(ParentRunner.java:66)
	at org.junit.runners.ParentRunner$2.evaluate(ParentRunner.java:293)
	at org.junit.runners.ParentRunner$3.evaluate(ParentRunner.java:306)
	at org.junit.runners.ParentRunner.run(ParentRunner.java:413)
	at org.gradle.api.internal.tasks.testing.junit.JUnitTestClassExecutor.runTestClass(JUnitTestClassExecutor.java:110)
	at org.gradle.api.internal.tasks.testing.junit.JUnitTestClassExecutor.execute(JUnitTestClassExecutor.java:58)
	at org.gradle.api.internal.tasks.testing.junit.JUnitTestClassExecutor.execute(JUnitTestClassExecutor.java:38)
	at org.gradle.api.internal.tasks.testing.junit.AbstractJUnitTestClassProcessor.processTestClass(AbstractJUnitTestClassProcessor.java:62)
	at org.gradle.api.internal.tasks.testing.SuiteTestClassProcessor.processTestClass(SuiteTestClassProcessor.java:51)
	at java.base/jdk.internal.reflect.NativeMethodAccessorImpl.invoke0(Native Method)
	at java.base/jdk.internal.reflect.NativeMethodAccessorImpl.invoke(NativeMethodAccessorImpl.java:62)
	at java.base/jdk.internal.reflect.DelegatingMethodAccessorImpl.invoke(DelegatingMethodAccessorImpl.java:43)
	at java.base/java.lang.reflect.Method.invoke(Method.java:566)
	at org.gradle.internal.dispatch.ReflectionDispatch.dispatch(ReflectionDispatch.java:36)
	at org.gradle.internal.dispatch.ReflectionDispatch.dispatch(ReflectionDispatch.java:24)
	at org.gradle.internal.dispatch.ContextClassLoaderDispatch.dispatch(ContextClassLoaderDispatch.java:33)
	at org.gradle.internal.dispatch.ProxyDispatchAdapter$DispatchingInvocationHandler.invoke(ProxyDispatchAdapter.java:94)
	at com.sun.proxy.$Proxy5.processTestClass(Unknown Source)
	at org.gradle.api.internal.tasks.testing.worker.TestWorker$2.run(TestWorker.java:176)
	at org.gradle.api.internal.tasks.testing.worker.TestWorker.executeAndMaintainThreadName(TestWorker.java:129)
	at org.gradle.api.internal.tasks.testing.worker.TestWorker.execute(TestWorker.java:100)
	at org.gradle.api.internal.tasks.testing.worker.TestWorker.execute(TestWorker.java:60)
	at org.gradle.process.internal.worker.child.ActionExecutionWorker.execute(ActionExecutionWorker.java:56)
	at org.gradle.process.internal.worker.child.SystemApplicationClassLoaderWorker.call(SystemApplicationClassLoaderWorker.java:133)
	at org.gradle.process.internal.worker.child.SystemApplicationClassLoaderWorker.call(SystemApplicationClassLoaderWorker.java:71)
	at worker.org.gradle.process.internal.worker.GradleWorkerMain.run(GradleWorkerMain.java:69)
	at worker.org.gradle.process.internal.worker.GradleWorkerMain.main(GradleWorkerMain.java:74)
</failure>
  </testcase>
  <testcase name="testGet[2: com.dotcms.rest.api.v1.vtl.VTLResourceTestCase@6e6e469a]" classname="com.dotcms.rest.api.v1.vtl.VTLResourceIntegrationTest" time="1.87"/>
  <testcase name="testGet[3: com.dotcms.rest.api.v1.vtl.VTLResourceTestCase@4838e9c2]" classname="com.dotcms.rest.api.v1.vtl.VTLResourceIntegrationTest" time="2.035">
    <failure message="org.junit.ComparisonFailure: expected:&lt;...List&quot;:[{&quot;firstName&quot;:[&quot;Brent&quot;,&quot;lastName&quot;:&quot;Griffin&quot;,&quot;jobTitle&quot;:&quot;VP Wealth Liquidation&quot;,&quot;profilePicPath&quot;:null,&quot;seniorManagement&quot;:null,&quot;phone&quot;:&quot;(215) 555-5555&quot;,&quot;mobile&quot;:&quot;(215) 555-5555&quot;,&quot;fax&quot;:&quot;(215) 555-5916&quot;,&quot;email&quot;:&quot;brent.griffin@questfake.com&quot;,&quot;identifier&quot;:&quot;690d7285ff001551c50ac8c2097fed17&quot;]}]}&gt; but was:&lt;...List&quot;:[{&quot;firstName&quot;:[null,&quot;lastName&quot;:null,&quot;jobTitle&quot;:null,&quot;profilePicPath&quot;:null,&quot;seniorManagement&quot;:null,&quot;phone&quot;:null,&quot;mobile&quot;:null,&quot;fax&quot;:null,&quot;email&quot;:null,&quot;identifier&quot;:null]}]}&gt;" type="org.junit.ComparisonFailure">org.junit.ComparisonFailure: expected:&lt;...List&quot;:[{&quot;firstName&quot;:[&quot;Brent&quot;,&quot;lastName&quot;:&quot;Griffin&quot;,&quot;jobTitle&quot;:&quot;VP Wealth Liquidation&quot;,&quot;profilePicPath&quot;:null,&quot;seniorManagement&quot;:null,&quot;phone&quot;:&quot;(215) 555-5555&quot;,&quot;mobile&quot;:&quot;(215) 555-5555&quot;,&quot;fax&quot;:&quot;(215) 555-5916&quot;,&quot;email&quot;:&quot;brent.griffin@questfake.com&quot;,&quot;identifier&quot;:&quot;690d7285ff001551c50ac8c2097fed17&quot;]}]}&gt; but was:&lt;...List&quot;:[{&quot;firstName&quot;:[null,&quot;lastName&quot;:null,&quot;jobTitle&quot;:null,&quot;profilePicPath&quot;:null,&quot;seniorManagement&quot;:null,&quot;phone&quot;:null,&quot;mobile&quot;:null,&quot;fax&quot;:null,&quot;email&quot;:null,&quot;identifier&quot;:null]}]}&gt;
	at org.junit.Assert.assertEquals(Assert.java:117)
	at org.junit.Assert.assertEquals(Assert.java:146)
	at com.dotcms.rest.api.v1.vtl.VTLResourceIntegrationTest.testGet(VTLResourceIntegrationTest.java:187)
	at java.base/jdk.internal.reflect.NativeMethodAccessorImpl.invoke0(Native Method)
	at java.base/jdk.internal.reflect.NativeMethodAccessorImpl.invoke(NativeMethodAccessorImpl.java:62)
	at java.base/jdk.internal.reflect.DelegatingMethodAccessorImpl.invoke(DelegatingMethodAccessorImpl.java:43)
	at java.base/java.lang.reflect.Method.invoke(Method.java:566)
	at org.junit.runners.model.FrameworkMethod$1.runReflectiveCall(FrameworkMethod.java:59)
	at org.junit.internal.runners.model.ReflectiveCallable.run(ReflectiveCallable.java:12)
	at org.junit.runners.model.FrameworkMethod.invokeExplosively(FrameworkMethod.java:56)
	at com.tngtech.java.junit.dataprovider.DataProviderFrameworkMethod.invokeExplosively(DataProviderFrameworkMethod.java:119)
	at org.junit.internal.runners.statements.InvokeMethod.evaluate(InvokeMethod.java:17)
	at org.junit.runners.ParentRunner$3.evaluate(ParentRunner.java:306)
	at org.junit.rules.TestWatcher$1.evaluate(TestWatcher.java:61)
	at org.junit.rules.RunRules.evaluate(RunRules.java:20)
	at org.junit.runners.ParentRunner.runLeaf(ParentRunner.java:366)
	at com.dotcms.junit.CustomDataProviderRunner.runChild(CustomDataProviderRunner.java:41)
	at com.dotcms.junit.CustomDataProviderRunner.runChild(CustomDataProviderRunner.java:26)
	at org.junit.runners.ParentRunner$4.run(ParentRunner.java:331)
	at org.junit.runners.ParentRunner$1.schedule(ParentRunner.java:79)
	at org.junit.runners.ParentRunner.runChildren(ParentRunner.java:329)
	at org.junit.runners.ParentRunner.access$100(ParentRunner.java:66)
	at org.junit.runners.ParentRunner$2.evaluate(ParentRunner.java:293)
	at org.junit.internal.runners.statements.RunBefores.evaluate(RunBefores.java:26)
	at org.junit.runners.ParentRunner$3.evaluate(ParentRunner.java:306)
	at org.junit.runners.ParentRunner.run(ParentRunner.java:413)
	at com.dotcms.junit.MainBaseSuite$DotRunner.run(MainBaseSuite.java:71)
	at org.junit.runners.Suite.runChild(Suite.java:128)
	at org.junit.runners.Suite.runChild(Suite.java:27)
	at org.junit.runners.ParentRunner$4.run(ParentRunner.java:331)
	at org.junit.runners.ParentRunner$1.schedule(ParentRunner.java:79)
	at org.junit.runners.ParentRunner.runChildren(ParentRunner.java:329)
	at org.junit.runners.ParentRunner.access$100(ParentRunner.java:66)
	at org.junit.runners.ParentRunner$2.evaluate(ParentRunner.java:293)
	at org.junit.runners.ParentRunner$3.evaluate(ParentRunner.java:306)
	at org.junit.runners.ParentRunner.run(ParentRunner.java:413)
	at org.gradle.api.internal.tasks.testing.junit.JUnitTestClassExecutor.runTestClass(JUnitTestClassExecutor.java:110)
	at org.gradle.api.internal.tasks.testing.junit.JUnitTestClassExecutor.execute(JUnitTestClassExecutor.java:58)
	at org.gradle.api.internal.tasks.testing.junit.JUnitTestClassExecutor.execute(JUnitTestClassExecutor.java:38)
	at org.gradle.api.internal.tasks.testing.junit.AbstractJUnitTestClassProcessor.processTestClass(AbstractJUnitTestClassProcessor.java:62)
	at org.gradle.api.internal.tasks.testing.SuiteTestClassProcessor.processTestClass(SuiteTestClassProcessor.java:51)
	at java.base/jdk.internal.reflect.NativeMethodAccessorImpl.invoke0(Native Method)
	at java.base/jdk.internal.reflect.NativeMethodAccessorImpl.invoke(NativeMethodAccessorImpl.java:62)
	at java.base/jdk.internal.reflect.DelegatingMethodAccessorImpl.invoke(DelegatingMethodAccessorImpl.java:43)
	at java.base/java.lang.reflect.Method.invoke(Method.java:566)
	at org.gradle.internal.dispatch.ReflectionDispatch.dispatch(ReflectionDispatch.java:36)
	at org.gradle.internal.dispatch.ReflectionDispatch.dispatch(ReflectionDispatch.java:24)
	at org.gradle.internal.dispatch.ContextClassLoaderDispatch.dispatch(ContextClassLoaderDispatch.java:33)
	at org.gradle.internal.dispatch.ProxyDispatchAdapter$DispatchingInvocationHandler.invoke(ProxyDispatchAdapter.java:94)
	at com.sun.proxy.$Proxy5.processTestClass(Unknown Source)
	at org.gradle.api.internal.tasks.testing.worker.TestWorker$2.run(TestWorker.java:176)
	at org.gradle.api.internal.tasks.testing.worker.TestWorker.executeAndMaintainThreadName(TestWorker.java:129)
	at org.gradle.api.internal.tasks.testing.worker.TestWorker.execute(TestWorker.java:100)
	at org.gradle.api.internal.tasks.testing.worker.TestWorker.execute(TestWorker.java:60)
	at org.gradle.process.internal.worker.child.ActionExecutionWorker.execute(ActionExecutionWorker.java:56)
	at org.gradle.process.internal.worker.child.SystemApplicationClassLoaderWorker.call(SystemApplicationClassLoaderWorker.java:133)
	at org.gradle.process.internal.worker.child.SystemApplicationClassLoaderWorker.call(SystemApplicationClassLoaderWorker.java:71)
	at worker.org.gradle.process.internal.worker.GradleWorkerMain.run(GradleWorkerMain.java:69)
	at worker.org.gradle.process.internal.worker.GradleWorkerMain.main(GradleWorkerMain.java:74)
</failure>
  </testcase>
  <testcase name="testGet[4: com.dotcms.rest.api.v1.vtl.VTLResourceTestCase@19355b25]" classname="com.dotcms.rest.api.v1.vtl.VTLResourceIntegrationTest" time="2.092">
    <failure message="org.junit.ComparisonFailure: expected:&lt;...List&quot;:[{&quot;firstName&quot;:[&quot;Brent&quot;,&quot;lastName&quot;:&quot;Griffin&quot;,&quot;jobTitle&quot;:&quot;VP Wealth Liquidation&quot;,&quot;profilePicPath&quot;:null,&quot;seniorManagement&quot;:null,&quot;phone&quot;:&quot;(215) 555-5555&quot;,&quot;mobile&quot;:&quot;(215) 555-5555&quot;,&quot;fax&quot;:&quot;(215) 555-5916&quot;,&quot;email&quot;:&quot;brent.griffin@questfake.com&quot;,&quot;identifier&quot;:&quot;690d7285ff001551c50ac8c2097fed17&quot;]}]}&gt; but was:&lt;...List&quot;:[{&quot;firstName&quot;:[null,&quot;lastName&quot;:null,&quot;jobTitle&quot;:null,&quot;profilePicPath&quot;:null,&quot;seniorManagement&quot;:null,&quot;phone&quot;:null,&quot;mobile&quot;:null,&quot;fax&quot;:null,&quot;email&quot;:null,&quot;identifier&quot;:null]}]}&gt;" type="org.junit.ComparisonFailure">org.junit.ComparisonFailure: expected:&lt;...List&quot;:[{&quot;firstName&quot;:[&quot;Brent&quot;,&quot;lastName&quot;:&quot;Griffin&quot;,&quot;jobTitle&quot;:&quot;VP Wealth Liquidation&quot;,&quot;profilePicPath&quot;:null,&quot;seniorManagement&quot;:null,&quot;phone&quot;:&quot;(215) 555-5555&quot;,&quot;mobile&quot;:&quot;(215) 555-5555&quot;,&quot;fax&quot;:&quot;(215) 555-5916&quot;,&quot;email&quot;:&quot;brent.griffin@questfake.com&quot;,&quot;identifier&quot;:&quot;690d7285ff001551c50ac8c2097fed17&quot;]}]}&gt; but was:&lt;...List&quot;:[{&quot;firstName&quot;:[null,&quot;lastName&quot;:null,&quot;jobTitle&quot;:null,&quot;profilePicPath&quot;:null,&quot;seniorManagement&quot;:null,&quot;phone&quot;:null,&quot;mobile&quot;:null,&quot;fax&quot;:null,&quot;email&quot;:null,&quot;identifier&quot;:null]}]}&gt;
	at org.junit.Assert.assertEquals(Assert.java:117)
	at org.junit.Assert.assertEquals(Assert.java:146)
	at com.dotcms.rest.api.v1.vtl.VTLResourceIntegrationTest.testGet(VTLResourceIntegrationTest.java:187)
	at java.base/jdk.internal.reflect.NativeMethodAccessorImpl.invoke0(Native Method)
	at java.base/jdk.internal.reflect.NativeMethodAccessorImpl.invoke(NativeMethodAccessorImpl.java:62)
	at java.base/jdk.internal.reflect.DelegatingMethodAccessorImpl.invoke(DelegatingMethodAccessorImpl.java:43)
	at java.base/java.lang.reflect.Method.invoke(Method.java:566)
	at org.junit.runners.model.FrameworkMethod$1.runReflectiveCall(FrameworkMethod.java:59)
	at org.junit.internal.runners.model.ReflectiveCallable.run(ReflectiveCallable.java:12)
	at org.junit.runners.model.FrameworkMethod.invokeExplosively(FrameworkMethod.java:56)
	at com.tngtech.java.junit.dataprovider.DataProviderFrameworkMethod.invokeExplosively(DataProviderFrameworkMethod.java:119)
	at org.junit.internal.runners.statements.InvokeMethod.evaluate(InvokeMethod.java:17)
	at org.junit.runners.ParentRunner$3.evaluate(ParentRunner.java:306)
	at org.junit.rules.TestWatcher$1.evaluate(TestWatcher.java:61)
	at org.junit.rules.RunRules.evaluate(RunRules.java:20)
	at org.junit.runners.ParentRunner.runLeaf(ParentRunner.java:366)
	at com.dotcms.junit.CustomDataProviderRunner.runChild(CustomDataProviderRunner.java:41)
	at com.dotcms.junit.CustomDataProviderRunner.runChild(CustomDataProviderRunner.java:26)
	at org.junit.runners.ParentRunner$4.run(ParentRunner.java:331)
	at org.junit.runners.ParentRunner$1.schedule(ParentRunner.java:79)
	at org.junit.runners.ParentRunner.runChildren(ParentRunner.java:329)
	at org.junit.runners.ParentRunner.access$100(ParentRunner.java:66)
	at org.junit.runners.ParentRunner$2.evaluate(ParentRunner.java:293)
	at org.junit.internal.runners.statements.RunBefores.evaluate(RunBefores.java:26)
	at org.junit.runners.ParentRunner$3.evaluate(ParentRunner.java:306)
	at org.junit.runners.ParentRunner.run(ParentRunner.java:413)
	at com.dotcms.junit.MainBaseSuite$DotRunner.run(MainBaseSuite.java:71)
	at org.junit.runners.Suite.runChild(Suite.java:128)
	at org.junit.runners.Suite.runChild(Suite.java:27)
	at org.junit.runners.ParentRunner$4.run(ParentRunner.java:331)
	at org.junit.runners.ParentRunner$1.schedule(ParentRunner.java:79)
	at org.junit.runners.ParentRunner.runChildren(ParentRunner.java:329)
	at org.junit.runners.ParentRunner.access$100(ParentRunner.java:66)
	at org.junit.runners.ParentRunner$2.evaluate(ParentRunner.java:293)
	at org.junit.runners.ParentRunner$3.evaluate(ParentRunner.java:306)
	at org.junit.runners.ParentRunner.run(ParentRunner.java:413)
	at org.gradle.api.internal.tasks.testing.junit.JUnitTestClassExecutor.runTestClass(JUnitTestClassExecutor.java:110)
	at org.gradle.api.internal.tasks.testing.junit.JUnitTestClassExecutor.execute(JUnitTestClassExecutor.java:58)
	at org.gradle.api.internal.tasks.testing.junit.JUnitTestClassExecutor.execute(JUnitTestClassExecutor.java:38)
	at org.gradle.api.internal.tasks.testing.junit.AbstractJUnitTestClassProcessor.processTestClass(AbstractJUnitTestClassProcessor.java:62)
	at org.gradle.api.internal.tasks.testing.SuiteTestClassProcessor.processTestClass(SuiteTestClassProcessor.java:51)
	at java.base/jdk.internal.reflect.NativeMethodAccessorImpl.invoke0(Native Method)
	at java.base/jdk.internal.reflect.NativeMethodAccessorImpl.invoke(NativeMethodAccessorImpl.java:62)
	at java.base/jdk.internal.reflect.DelegatingMethodAccessorImpl.invoke(DelegatingMethodAccessorImpl.java:43)
	at java.base/java.lang.reflect.Method.invoke(Method.java:566)
	at org.gradle.internal.dispatch.ReflectionDispatch.dispatch(ReflectionDispatch.java:36)
	at org.gradle.internal.dispatch.ReflectionDispatch.dispatch(ReflectionDispatch.java:24)
	at org.gradle.internal.dispatch.ContextClassLoaderDispatch.dispatch(ContextClassLoaderDispatch.java:33)
	at org.gradle.internal.dispatch.ProxyDispatchAdapter$DispatchingInvocationHandler.invoke(ProxyDispatchAdapter.java:94)
	at com.sun.proxy.$Proxy5.processTestClass(Unknown Source)
	at org.gradle.api.internal.tasks.testing.worker.TestWorker$2.run(TestWorker.java:176)
	at org.gradle.api.internal.tasks.testing.worker.TestWorker.executeAndMaintainThreadName(TestWorker.java:129)
	at org.gradle.api.internal.tasks.testing.worker.TestWorker.execute(TestWorker.java:100)
	at org.gradle.api.internal.tasks.testing.worker.TestWorker.execute(TestWorker.java:60)
	at org.gradle.process.internal.worker.child.ActionExecutionWorker.execute(ActionExecutionWorker.java:56)
	at org.gradle.process.internal.worker.child.SystemApplicationClassLoaderWorker.call(SystemApplicationClassLoaderWorker.java:133)
	at org.gradle.process.internal.worker.child.SystemApplicationClassLoaderWorker.call(SystemApplicationClassLoaderWorker.java:71)
	at worker.org.gradle.process.internal.worker.GradleWorkerMain.run(GradleWorkerMain.java:69)
	at worker.org.gradle.process.internal.worker.GradleWorkerMain.main(GradleWorkerMain.java:74)
</failure>
  </testcase>
  <testcase name="testGet[5: com.dotcms.rest.api.v1.vtl.VTLResourceTestCase@5832ceab]" classname="com.dotcms.rest.api.v1.vtl.VTLResourceIntegrationTest" time="1.903"/>
  <system-out><![CDATA[]]></system-out>
  <system-err><![CDATA[]]></system-err>
</testsuite>
