<?xml version="1.0" encoding="UTF-8"?>
<testsuite name="com.dotcms.rest.api.v1.asset.WebAssetHelperIntegrationTest" tests="11" skipped="0" failures="0" errors="0" timestamp="2023-07-20T00:28:39" hostname="fv-az713-951" time="6.244">
  <properties/>
  <testcase name="TestUploadFile" classname="com.dotcms.rest.api.v1.asset.WebAssetHelperIntegrationTest" time="1.189"/>
  <testcase name="TestUploadEmptyFile" classname="com.dotcms.rest.api.v1.asset.WebAssetHelperIntegrationTest" time="1.127"/>
  <testcase name="TestGetFolderInfo" classname="com.dotcms.rest.api.v1.asset.WebAssetHelperIntegrationTest" time="0.038"/>
  <testcase name="Test_Delete_File_Then_Delete_Folder" classname="com.dotcms.rest.api.v1.asset.WebAssetHelperIntegrationTest" time="1.354"/>
  <testcase name="Test_Parse_Language" classname="com.dotcms.rest.api.v1.asset.WebAssetHelperIntegrationTest" time="0.01"/>
  <testcase name="Test_Retrieve_All_Versions" classname="com.dotcms.rest.api.v1.asset.WebAssetHelperIntegrationTest" time="1.135"/>
  <testcase name="TestDownloadFile" classname="com.dotcms.rest.api.v1.asset.WebAssetHelperIntegrationTest" time="0.02"/>
  <testcase name="Test_Archive_File" classname="com.dotcms.rest.api.v1.asset.WebAssetHelperIntegrationTest" time="1.35"/>
  <testcase name="TestDownloadFileInvalidLanguage" classname="com.dotcms.rest.api.v1.asset.WebAssetHelperIntegrationTest" time="0.002"/>
  <testcase name="TestDownloadFileDifferentLang" classname="com.dotcms.rest.api.v1.asset.WebAssetHelperIntegrationTest" time="0.016"/>
  <testcase name="TestGetNonExistingFolderInfo" classname="com.dotcms.rest.api.v1.asset.WebAssetHelperIntegrationTest" time="0.001"/>
  <system-out><![CDATA[
]]></system-out>
  <system-err><![CDATA[]]></system-err>
</testsuite>
