<?xml version="1.0" encoding="UTF-8"?>
<testsuite name="com.dotmarketing.image.filter.ImageFilterAPIImplTest" tests="7" skipped="0" failures="0" errors="0" timestamp="2023-07-20T18:32:59" hostname="fv-az574-670" time="3.435">
  <properties/>
  <testcase name="test_dimensions" classname="com.dotmarketing.image.filter.ImageFilterAPIImplTest" time="1.013"/>
  <testcase name="test_intelligentResize" classname="com.dotmarketing.image.filter.ImageFilterAPIImplTest" time="0.062"/>
  <testcase name="test_resizeImage" classname="com.dotmarketing.image.filter.ImageFilterAPIImplTest" time="0.017"/>
  <testcase name="test_resizeImage_change_algo" classname="com.dotmarketing.image.filter.ImageFilterAPIImplTest" time="2.317"/>
  <testcase name="test_image_readers_for_image_files" classname="com.dotmarketing.image.filter.ImageFilterAPIImplTest" time="0.002"/>
  <testcase name="test_image_readers_loaded" classname="com.dotmarketing.image.filter.ImageFilterAPIImplTest" time="0.011"/>
  <testcase name="test_svg_dimensions" classname="com.dotmarketing.image.filter.ImageFilterAPIImplTest" time="0.012"/>
  <system-out><![CDATA[]]></system-out>
  <system-err><![CDATA[]]></system-err>
</testsuite>
