<?xml version="1.0" encoding="UTF-8"?>
<testsuites name="Content Resource" tests="43" time="274.705">
  <testsuite name="Test Content Search / Story Block Field Tests / Create Content Type with WYSIWYG field" id="ad23ad95-0793-48f9-ab72-810729722432" timestamp="2023-07-10T21:11:03.051Z" tests="1" failures="0" errors="0" time="9.990">
    <testcase name="Test Content Type creation must be successful" time="9.990" classname="ContentResource"/>
  </testsuite>
  <testsuite name="Test Content Search / Story Block Field Tests / Create Test Content" id="60b6061f-a123-4305-9417-2e963c30092b" timestamp="2023-07-10T21:11:03.051Z" tests="2" failures="0" errors="0" time="11.070">
    <testcase name="Test Content creation must be successful" time="11.070" classname="ContentResource"/>
    <testcase name="Test contentlet was created successfully" time="11.070" classname="ContentResource"/>
  </testsuite>
  <testsuite name="Test Content Search / Story Block Field Tests / Transform WYSIWYG field into Story Block" id="1ac0a750-fd41-4a42-80fa-b67db3a0e4ba" timestamp="2023-07-10T21:11:03.051Z" tests="2" failures="0" errors="0" time="6.162">
    <testcase name="WYSIWYG transformation must be successful" time="6.162" classname="ContentResource"/>
    <testcase name="Checking transformation of WYSIWYG field into Story Block" time="6.162" classname="ContentResource"/>
  </testsuite>
  <testsuite name="Test Content Search / Story Block Field Tests / Delete Test Content Type" id="539e16de-47ef-47ce-b043-d8501bc3fbeb" timestamp="2023-07-10T21:11:03.051Z" tests="1" failures="0" errors="0" time="6.055">
    <testcase name="Test Content Type deletion must be successful" time="6.055" classname="ContentResource"/>
  </testsuite>
  <testsuite name="Test Content Search / Create ContentType with 360 Icon" id="2b5fffb1-c3fa-49c7-8e2a-ebdc2197465e" timestamp="2023-07-10T21:11:03.051Z" tests="2" failures="0" errors="0" time="9.204">
    <testcase name="Status code should be 200" time="9.204" classname="ContentResource"/>
    <testcase name="Icon should be 360" time="9.204" classname="ContentResource"/>
  </testsuite>
  <testsuite name="Test Content Search / Create 360IconTest  Instance" id="99b49a90-61e5-4da1-a4db-1a18f4d8fa3b" timestamp="2023-07-10T21:11:03.051Z" tests="2" failures="0" errors="0" time="10.735">
    <testcase name="No errors" time="10.735" classname="ContentResource"/>
    <testcase name="Information Saved Correctly" time="10.735" classname="ContentResource"/>
  </testsuite>
  <testsuite name="Test Content Search / Request a Contet-Type Expect ContetType Icon" id="9ebe0069-8556-4919-8d05-b2ccf727e06e" timestamp="2023-07-10T21:11:03.051Z" tests="2" failures="0" errors="0" time="3.044">
    <testcase name="Status code should be 200" time="3.044" classname="ContentResource"/>
    <testcase name="Id check" time="3.044" classname="ContentResource"/>
  </testsuite>
  <testsuite name="Test Related Items Pagination / Import Content ManyToMany Parent Children" id="3eb9c803-088c-4505-ac36-fb8c975e483d" timestamp="2023-07-10T21:11:03.051Z" tests="1" failures="0" errors="0" time="17.185">
    <testcase name="Bundle uploaded sucessfully" time="17.185" classname="ContentResource"/>
  </testsuite>
  <testsuite name="Test Related Items Pagination / Request a Contet With Offset 0 Expect 3 Items" id="5bcd78de-2300-459f-b5bc-75d109f7b6c4" timestamp="2023-07-10T21:11:03.051Z" tests="2" failures="0" errors="0" time="3.091">
    <testcase name="Status code should be 200" time="3.091" classname="ContentResource"/>
    <testcase name="check items" time="3.091" classname="ContentResource"/>
  </testsuite>
  <testsuite name="Test Related Items Pagination / Request a Contet With Offset 1 Expect 2 items" id="fd7e0371-9f27-466e-9b80-c4193723ecaf" timestamp="2023-07-10T21:11:03.051Z" tests="2" failures="0" errors="0" time="3.044">
    <testcase name="Status code should be 200" time="3.044" classname="ContentResource"/>
    <testcase name="check items" time="3.044" classname="ContentResource"/>
  </testsuite>
  <testsuite name="Test Related Items Pagination / Request a Contet With Offset 2 Expect 1 items" id="b85cb984-17da-419e-8020-66bd32a8f08a" timestamp="2023-07-10T21:11:03.051Z" tests="2" failures="0" errors="0" time="3.057">
    <testcase name="Status code should be 200" time="3.057" classname="ContentResource"/>
    <testcase name="check items" time="3.057" classname="ContentResource"/>
  </testsuite>
  <testsuite name="Test Related Items Pagination / Request a Contet With Offset 0 Limit 1 Expect 1 items" id="e573e329-0e77-4f87-8816-3ed26fcf00f0" timestamp="2023-07-10T21:11:03.051Z" tests="2" failures="0" errors="0" time="3.045">
    <testcase name="Status code should be 200" time="3.045" classname="ContentResource"/>
    <testcase name="check items" time="3.045" classname="ContentResource"/>
  </testsuite>
  <testsuite name="Categories / create-content-type-with-categories" id="2f6a4871-93df-4ecf-9c62-b7b32b9508ed" timestamp="2023-07-10T21:11:03.051Z" tests="1" failures="0" errors="0" time="14.217">
    <testcase name="Status code is 200" time="14.217" classname="ContentResource"/>
  </testsuite>
  <testsuite name="Categories / get-contentlet-identifier-by-contnet-type" id="dfe1fa4e-ef07-4bf7-9fca-be37706985d5" timestamp="2023-07-10T21:11:03.051Z" tests="1" failures="0" errors="0" time="4.092">
    <testcase name="Status code is 200" time="4.092" classname="ContentResource"/>
  </testsuite>
  <testsuite name="Categories / update-contentlet-add-category-1" id="ae3e9bc9-2b21-4296-96c8-5bdee5df6c90" timestamp="2023-07-10T21:11:03.051Z" tests="1" failures="0" errors="0" time="9.294">
    <testcase name="Status code is 200" time="9.294" classname="ContentResource"/>
  </testsuite>
  <testsuite name="Categories / validate-contentlet-categories-post-update-1" id="9fc2b127-9bfa-4762-8a9d-921e71d8e902" timestamp="2023-07-10T21:11:03.051Z" tests="1" failures="0" errors="0" time="3.073">
    <testcase name="Status code is 200" time="3.073" classname="ContentResource"/>
  </testsuite>
  <testsuite name="Categories / update-contentlet-test-null-category" id="47ab1b59-c7a9-4850-9fbc-ed85ceb5d915" timestamp="2023-07-10T21:11:03.051Z" tests="1" failures="0" errors="0" time="9.198">
    <testcase name="Status code is 200" time="9.198" classname="ContentResource"/>
  </testsuite>
  <testsuite name="Categories / validate-contentlet-categories-post-update-with-null" id="e24e10b2-8ca8-4c6a-bccf-ac9871747720" timestamp="2023-07-10T21:11:03.051Z" tests="1" failures="0" errors="0" time="3.052">
    <testcase name="Status code is 200" time="3.052" classname="ContentResource"/>
  </testsuite>
  <testsuite name="Categories / update-contentlet-test-ignored-category-fields" id="e20c1d04-0cf0-41ee-be5d-a53ca009cde4" timestamp="2023-07-10T21:11:03.051Z" tests="1" failures="0" errors="0" time="9.261">
    <testcase name="Status code is 200" time="9.261" classname="ContentResource"/>
  </testsuite>
  <testsuite name="Categories / validate-contentlet-categories-post-update-ignored-fields" id="97177724-c30a-457a-a4df-40b1748691ae" timestamp="2023-07-10T21:11:03.051Z" tests="1" failures="0" errors="0" time="3.063">
    <testcase name="Status code is 200" time="3.063" classname="ContentResource"/>
  </testsuite>
  <testsuite name="Categories / update-contentlet-test-ignored-category-fields Copy" id="fe42fa67-4512-40b4-86ab-ac722140a988" timestamp="2023-07-10T21:11:03.051Z" tests="1" failures="0" errors="0" time="9.230">
    <testcase name="Status code is 200" time="9.230" classname="ContentResource"/>
  </testsuite>
  <testsuite name="Categories / validate-contentlet-categories-post-update-ignored-fields Copy" id="476e6af2-cbce-4407-9723-53e0b999089f" timestamp="2023-07-10T21:11:03.051Z" tests="1" failures="0" errors="0" time="3.052">
    <testcase name="Status code is 200" time="3.052" classname="ContentResource"/>
  </testsuite>
  <testsuite name="File Asset Metadata / Create Test File" id="66b2c27c-bfa0-4d20-8f85-f117a72739cc" timestamp="2023-07-10T21:11:03.051Z" tests="2" failures="0" errors="0" time="10.621">
    <testcase name="Test File created successfully" time="10.621" classname="ContentResource"/>
    <testcase name="No errors must be present" time="10.621" classname="ContentResource"/>
  </testsuite>
  <testsuite name="File Asset Metadata / Check Metadata Section" id="76025a13-f104-4c14-afa9-9340eca7413e" timestamp="2023-07-10T21:11:03.051Z" tests="3" failures="0" errors="0" time="3.034">
    <testcase name="HTTP Status must be successfully" time="3.034" classname="ContentResource"/>
    <testcase name="Metadata section must be present and not empty" time="3.034" classname="ContentResource"/>
    <testcase name="Expected Metadata are present" time="3.034" classname="ContentResource"/>
  </testsuite>
  <testsuite name="File Asset Metadata / Unpublish Test File" id="4b21b1c9-b968-4aba-bb58-32625ee8f654" timestamp="2023-07-10T21:11:03.051Z" tests="2" failures="0" errors="0" time="9.881">
    <testcase name="Test File unpublished successfully" time="9.881" classname="ContentResource"/>
    <testcase name="No errors must be present" time="9.881" classname="ContentResource"/>
  </testsuite>
  <testsuite name="File Asset Metadata / Archive Test File" id="3396eff3-7681-4fb2-a0c1-bb1332a7d3c1" timestamp="2023-07-10T21:11:03.051Z" tests="2" failures="0" errors="0" time="11.064">
    <testcase name="Test File archived successfully" time="11.064" classname="ContentResource"/>
    <testcase name="No errors must be present" time="11.064" classname="ContentResource"/>
  </testsuite>
  <testsuite name="File Asset Metadata / Delete Test File" id="be26637b-0906-44e1-bcc7-d5fcf420a013" timestamp="2023-07-10T21:11:03.051Z" tests="2" failures="0" errors="0" time="13.026">
    <testcase name="Test File deleted successfully" time="13.026" classname="ContentResource"/>
    <testcase name="No errors must be present" time="13.026" classname="ContentResource"/>
  </testsuite>
  <testsuite name="Auto-Save / Create Test Content Type" id="9e4f804f-7355-4b67-848e-4640cb2def31" timestamp="2023-07-10T21:11:03.051Z" tests="1" failures="0" errors="0" time="9.200">
    <testcase name="Test Content Type creation HTTP Status must be successful" time="9.200" classname="ContentResource"/>
  </testsuite>
  <testsuite name="Auto-Save / Create Test Contentlet" id="9ba0570c-a639-441b-8561-d2fe51808573" timestamp="2023-07-10T21:11:03.051Z" tests="2" failures="0" errors="0" time="9.223">
    <testcase name="Test Content creation HTTP Status must be successful" time="9.223" classname="ContentResource"/>
    <testcase name="Test contentlet was created successfully" time="9.223" classname="ContentResource"/>
  </testsuite>
  <testsuite name="Auto-Save / Create First Auto-Save" id="42e4b1de-06d6-4634-8b90-8280ad37d16a" timestamp="2023-07-10T21:11:03.051Z" tests="2" failures="2" errors="1" time="3.056">
    <system-err><![CDATA[Iteration: 0

---
testScriptError: Unexpected token '<' at 1:1
<!doctype html><html lang="en"><head><title>HTTP Status 405 – Method Not Allowe
^
---
]]></system-err>
    <testcase name="First Auto-Save HTTP Status must be successful" time="3.056" classname="ContentResource">
      <failure type="AssertionFailure" message="expected response to have status code 200 but got 405">
        <![CDATA[Failed 1 times.]]>
        <![CDATA[Collection JSON ID: e7d6d683-f049-4c68-8712-0f2c8513bda8.]]>
        <![CDATA[Collection name: Content Resource.]]>
        <![CDATA[Request name: Auto-Save / Create First Auto-Save.]]>
        <![CDATA[Test description: First Auto-Save HTTP Status must be successful.]]>
        <![CDATA[Error message: expected response to have status code 200 but got 405.]]>
        <![CDATA[Stacktrace: AssertionError: expected response to have status code 200 but got 405
   at Object.eval sandbox-script.js:1:30).]]>
      </failure>
    </testcase>
    <testcase name="First Auto-Save was issued correctly" time="3.056" classname="ContentResource">
      <failure type="AssertionFailure" message="Unexpected token '&lt;' at 1:1&#xA;&lt;!doctype html>&lt;html lang=&quot;en&quot;>&lt;head>&lt;title>HTTP Status 405 – Method Not Allowe&#xA;^">
        <![CDATA[Failed 1 times.]]>
        <![CDATA[Collection JSON ID: e7d6d683-f049-4c68-8712-0f2c8513bda8.]]>
        <![CDATA[Collection name: Content Resource.]]>
        <![CDATA[Request name: Auto-Save / Create First Auto-Save.]]>
        <![CDATA[Test description: First Auto-Save was issued correctly.]]>
        <![CDATA[Error message: Unexpected token '<' at 1:1
<!doctype html><html lang="en"><head><title>HTTP Status 405 – Method Not Allowe
^.]]>
        <![CDATA[Stacktrace: JSONError: Unexpected token '<' at 1:1
<!doctype html><html lang="en"><head><title>HTTP Status 405 – Method Not Allowe
^
   at Object.eval sandbox-script.js:2:30).]]>
      </failure>
    </testcase>
  </testsuite>
  <testsuite name="Auto-Save / Create Second Auto-Save" id="889516c1-d98b-4957-847f-8fdb5d3728c5" timestamp="2023-07-10T21:11:03.051Z" tests="2" failures="2" errors="0" time="3.031">
    <testcase name="Second Auto-Save HTTP Status must be successful" time="3.031" classname="ContentResource">
      <failure type="AssertionFailure" message="expected response to have status code 200 but got 405">
        <![CDATA[Failed 1 times.]]>
        <![CDATA[Collection JSON ID: e7d6d683-f049-4c68-8712-0f2c8513bda8.]]>
        <![CDATA[Collection name: Content Resource.]]>
        <![CDATA[Request name: Auto-Save / Create Second Auto-Save.]]>
        <![CDATA[Test description: Second Auto-Save HTTP Status must be successful.]]>
        <![CDATA[Error message: expected response to have status code 200 but got 405.]]>
        <![CDATA[Stacktrace: AssertionError: expected response to have status code 200 but got 405
   at Object.eval sandbox-script.js:1:31).]]>
      </failure>
    </testcase>
    <testcase name="Second Auto-Save was issued correctly" time="3.031" classname="ContentResource">
      <failure type="AssertionFailure" message="Unexpected token '&lt;' at 1:1&#xA;&lt;!doctype html>&lt;html lang=&quot;en&quot;>&lt;head>&lt;title>HTTP Status 405 – Method Not Allowe&#xA;^">
        <![CDATA[Failed 1 times.]]>
        <![CDATA[Collection JSON ID: e7d6d683-f049-4c68-8712-0f2c8513bda8.]]>
        <![CDATA[Collection name: Content Resource.]]>
        <![CDATA[Request name: Auto-Save / Create Second Auto-Save.]]>
        <![CDATA[Test description: Second Auto-Save was issued correctly.]]>
        <![CDATA[Error message: Unexpected token '<' at 1:1
<!doctype html><html lang="en"><head><title>HTTP Status 405 – Method Not Allowe
^.]]>
        <![CDATA[Stacktrace: JSONError: Unexpected token '<' at 1:1
<!doctype html><html lang="en"><head><title>HTTP Status 405 – Method Not Allowe
^
   at Object.eval sandbox-script.js:2:31).]]>
      </failure>
    </testcase>
  </testsuite>
  <testsuite name="Auto-Save / Create Third Auto-Save" id="0207ee6c-dd2d-4fa8-a0a8-b280d818255a" timestamp="2023-07-10T21:11:03.051Z" tests="2" failures="2" errors="0" time="3.020">
    <testcase name="Third Auto-Save HTTP Status must be successful" time="3.020" classname="ContentResource">
      <failure type="AssertionFailure" message="expected response to have status code 200 but got 405">
        <![CDATA[Failed 1 times.]]>
        <![CDATA[Collection JSON ID: e7d6d683-f049-4c68-8712-0f2c8513bda8.]]>
        <![CDATA[Collection name: Content Resource.]]>
        <![CDATA[Request name: Auto-Save / Create Third Auto-Save.]]>
        <![CDATA[Test description: Third Auto-Save HTTP Status must be successful.]]>
        <![CDATA[Error message: expected response to have status code 200 but got 405.]]>
        <![CDATA[Stacktrace: AssertionError: expected response to have status code 200 but got 405
   at Object.eval sandbox-script.js:1:32).]]>
      </failure>
    </testcase>
    <testcase name="Third Auto-Save was issued correctly" time="3.020" classname="ContentResource">
      <failure type="AssertionFailure" message="Unexpected token '&lt;' at 1:1&#xA;&lt;!doctype html>&lt;html lang=&quot;en&quot;>&lt;head>&lt;title>HTTP Status 405 – Method Not Allowe&#xA;^">
        <![CDATA[Failed 1 times.]]>
        <![CDATA[Collection JSON ID: e7d6d683-f049-4c68-8712-0f2c8513bda8.]]>
        <![CDATA[Collection name: Content Resource.]]>
        <![CDATA[Request name: Auto-Save / Create Third Auto-Save.]]>
        <![CDATA[Test description: Third Auto-Save was issued correctly.]]>
        <![CDATA[Error message: Unexpected token '<' at 1:1
<!doctype html><html lang="en"><head><title>HTTP Status 405 – Method Not Allowe
^.]]>
        <![CDATA[Stacktrace: JSONError: Unexpected token '<' at 1:1
<!doctype html><html lang="en"><head><title>HTTP Status 405 – Method Not Allowe
^
   at Object.eval sandbox-script.js:2:32).]]>
      </failure>
    </testcase>
  </testsuite>
  <testsuite name="Auto-Save / Get All Test Content Versions" id="de19a9a9-074a-4274-9b5a-12d6c02dbe1c" timestamp="2023-07-10T21:11:03.051Z" tests="3" failures="2" errors="0" time="3.031">
    <testcase name="Version retrieval HTTP Status must be successful" time="3.031" classname="ContentResource"/>
    <testcase name="There must be only 2 Content versions" time="3.031" classname="ContentResource">
      <failure type="AssertionFailure" message="There cannot be less or more than 2 versions for the test Content: expected 1 to deeply equal 2">
        <![CDATA[Failed 1 times.]]>
        <![CDATA[Collection JSON ID: e7d6d683-f049-4c68-8712-0f2c8513bda8.]]>
        <![CDATA[Collection name: Content Resource.]]>
        <![CDATA[Request name: Auto-Save / Get All Test Content Versions.]]>
        <![CDATA[Test description: There must be only 2 Content versions.]]>
        <![CDATA[Error message: There cannot be less or more than 2 versions for the test Content: expected 1 to deeply equal 2.]]>
        <![CDATA[Stacktrace: AssertionError: There cannot be less or more than 2 versions for the test Content: expected 1 to deeply equal 2
   at Object.eval sandbox-script.js:2:33).]]>
      </failure>
    </testcase>
    <testcase name="Checking expected title values" time="3.031" classname="ContentResource">
      <failure type="AssertionFailure" message="Title for the third change is not correct.: expected 'My Test Title' to deeply equal 'My Third Updated Test Title'">
        <![CDATA[Failed 1 times.]]>
        <![CDATA[Collection JSON ID: e7d6d683-f049-4c68-8712-0f2c8513bda8.]]>
        <![CDATA[Collection name: Content Resource.]]>
        <![CDATA[Request name: Auto-Save / Get All Test Content Versions.]]>
        <![CDATA[Test description: Checking expected title values.]]>
        <![CDATA[Error message: Title for the third change is not correct.: expected 'My Test Title' to deeply equal 'My Third Updated Test Title'.]]>
        <![CDATA[Stacktrace: AssertionError: Title for the third change is not correct.: expected 'My Test Title' to deeply equal 'My Third Updated Test Title'
   at Object.eval sandbox-script.js:3:33).]]>
      </failure>
    </testcase>
  </testsuite>
  <testsuite name="invalidateSession" id="8b11ee0d-2d8b-41e1-b981-d38342980fcc" timestamp="2023-07-10T21:11:03.051Z" tests="1" failures="0" errors="0" time="3.539">
    <testcase name="Status code is 200" time="3.539" classname="ContentResource"/>
  </testsuite>
  <testsuite name="Save Multiple Generic Contentlets" id="011567c8-77a3-48cb-ba57-04771a991df9" timestamp="2023-07-10T21:11:03.051Z" tests="2" failures="0" errors="0" time="16.331">
    <testcase name="No errors" time="16.331" classname="ContentResource"/>
    <testcase name="Information Saved Correctly" time="16.331" classname="ContentResource"/>
  </testsuite>
  <testsuite name="invalidateSessionAgain" id="e181b4f9-b53f-4e2d-9e91-5d1fc2203e86" timestamp="2023-07-10T21:11:03.051Z" tests="1" failures="0" errors="0" time="3.494">
    <testcase name="Status code is 200" time="3.494" classname="ContentResource"/>
  </testsuite>
  <testsuite name="Anonymous Request" id="17f10601-aafb-4c0a-9c50-f654fb78cd2c" timestamp="2023-07-10T21:11:03.051Z" tests="2" failures="0" errors="0" time="0.146">
    <testcase name="Status code should be 200" time="0.146" classname="ContentResource"/>
    <testcase name="Checking the results " time="0.146" classname="ContentResource"/>
  </testsuite>
  <testsuite name="Admin Request" id="e47430c3-555a-4e03-96b6-03529bc1cfbb" timestamp="2023-07-10T21:11:03.051Z" tests="2" failures="0" errors="0" time="4.592">
    <testcase name="Status code should be 200" time="4.592" classname="ContentResource"/>
    <testcase name="Checking the results " time="4.592" classname="ContentResource"/>
  </testsuite>
  <testsuite name="Admin Request + Invalid User" id="13f54d3c-3329-4aa6-9790-71baf955d3ed" timestamp="2023-07-10T21:11:03.051Z" tests="1" failures="0" errors="0" time="3.024">
    <testcase name="Status code should be 400" time="3.024" classname="ContentResource"/>
  </testsuite>
  <testsuite name="Admin Request Just Query Param_Success" id="6387694a-8261-4393-9cc1-027d07492150" timestamp="2023-07-10T21:11:03.051Z" tests="2" failures="0" errors="0" time="3.079">
    <testcase name="Status code should be 200" time="3.079" classname="ContentResource"/>
    <testcase name="Should contains a content" time="3.079" classname="ContentResource"/>
  </testsuite>
  <testsuite name="XML is not allowed on Save" id="3cc94ac4-42e9-4d43-b583-195ae8f70def" timestamp="2023-07-10T21:11:03.051Z" tests="1" failures="0" errors="0" time="3.021">
    <testcase name="Status code should be 400" time="3.021" classname="ContentResource"/>
  </testsuite>
  <testsuite name="XML is not allowed on Publish" id="fe0e77fc-8c6b-4702-8ce1-97ba27612b45" timestamp="2023-07-10T21:11:03.051Z" tests="1" failures="0" errors="0" time="3.035">
    <testcase name="Status code should be 400" time="3.035" classname="ContentResource"/>
  </testsuite>
  <testsuite name="Request a Host" id="5bea3013-84d6-425c-aeef-a8bbf5c0561c" timestamp="2023-07-10T21:11:03.051Z" tests="2" failures="0" errors="0" time="3.043">
    <testcase name="Status code should be 200" time="3.043" classname="ContentResource"/>
    <testcase name="Id check" time="3.043" classname="ContentResource"/>
  </testsuite>
</testsuites>