<?xml version="1.0" encoding="UTF-8"?>
<testsuites name="Experiments Resource" tests="123" time="559.225">
  <testsuite name="Preconditions / pre_ImportBundleWithPage" id="4c36da27-7337-4fae-aa0a-4d1fc7aec7cc" timestamp="2023-07-14T19:52:02.361Z" tests="1" failures="0" errors="0" time="15.226">
    <testcase name="Bundle uploaded sucessfully" time="15.226" classname="ExperimentsResource"/>
  </testsuite>
  <testsuite name="Preconditions / pre_PublishPage" id="fe202ab4-af18-4aab-ab03-c5bb572267d4" timestamp="2023-07-14T19:52:02.361Z" tests="2" failures="0" errors="0" time="9.340">
    <testcase name="Status code is 200 " time="9.340" classname="ExperimentsResource"/>
    <testcase name="Valid response" time="9.340" classname="ExperimentsResource"/>
  </testsuite>
  <testsuite name="Preconditions / pre_ImportBundleWithSecondPage" id="18b5e054-1324-4382-b53c-4178f601762e" timestamp="2023-07-14T19:52:02.361Z" tests="1" failures="1" errors="0" time="3.869">
    <testcase name="Bundle uploaded sucessfully" time="3.869" classname="ExperimentsResource">
      <failure type="AssertionFailure" message="expected 'RECEIVED_BUNDLE' to deeply equal 'SUCCESS'">
        <![CDATA[Failed 1 times.]]>
        <![CDATA[Collection JSON ID: 3e400a2a-25b3-403e-b03c-e23b9a4121ba.]]>
        <![CDATA[Collection name: Experiments Resource.]]>
        <![CDATA[Request name: Preconditions / pre_ImportBundleWithSecondPage.]]>
        <![CDATA[Test description: Bundle uploaded sucessfully.]]>
        <![CDATA[Error message: expected 'RECEIVED_BUNDLE' to deeply equal 'SUCCESS'.]]>
        <![CDATA[Stacktrace: AssertionError: expected 'RECEIVED_BUNDLE' to deeply equal 'SUCCESS'
   at Object.eval sandbox-script.js:1:3).]]>
      </failure>
    </testcase>
  </testsuite>
  <testsuite name="Preconditions / pre_PublishSecondPage" id="b5ebed07-03c9-44e4-9767-805f4d3b4014" timestamp="2023-07-14T19:52:02.361Z" tests="2" failures="2" errors="0" time="3.029">
    <testcase name="Status code is 200 " time="3.029" classname="ExperimentsResource">
      <failure type="AssertionFailure" message="expected response to have status code 200 but got 404">
        <![CDATA[Failed 1 times.]]>
        <![CDATA[Collection JSON ID: 3e400a2a-25b3-403e-b03c-e23b9a4121ba.]]>
        <![CDATA[Collection name: Experiments Resource.]]>
        <![CDATA[Request name: Preconditions / pre_PublishSecondPage.]]>
        <![CDATA[Test description: Status code is 200 .]]>
        <![CDATA[Error message: expected response to have status code 200 but got 404.]]>
        <![CDATA[Stacktrace: AssertionError: expected response to have status code 200 but got 404
   at Object.eval sandbox-script.js:1:4).]]>
      </failure>
    </testcase>
    <testcase name="Valid response" time="3.029" classname="ExperimentsResource">
      <failure type="AssertionFailure" message="Cannot read properties of undefined (reading 'identifier')">
        <![CDATA[Failed 1 times.]]>
        <![CDATA[Collection JSON ID: 3e400a2a-25b3-403e-b03c-e23b9a4121ba.]]>
        <![CDATA[Collection name: Experiments Resource.]]>
        <![CDATA[Request name: Preconditions / pre_PublishSecondPage.]]>
        <![CDATA[Test description: Valid response.]]>
        <![CDATA[Error message: Cannot read properties of undefined (reading 'identifier').]]>
        <![CDATA[Stacktrace: TypeError: Cannot read properties of undefined (reading 'identifier')
   at Object.eval sandbox-script.js:2:4).]]>
      </failure>
    </testcase>
  </testsuite>
  <testsuite name="GET Experiment / pre_ImportBundleWithPage" id="20811272-9167-439f-8e7d-8d64fcf89bdc" timestamp="2023-07-14T19:52:02.361Z" tests="1" failures="0" errors="0" time="10.792">
    <testcase name="Bundle uploaded sucessfully" time="10.792" classname="ExperimentsResource"/>
  </testsuite>
  <testsuite name="GET Experiment / pre_PublishPage" id="af47c5b0-7ee3-4c6f-a345-9456760c2e2f" timestamp="2023-07-14T19:52:02.361Z" tests="2" failures="0" errors="0" time="9.373">
    <testcase name="Status code is 200 " time="9.373" classname="ExperimentsResource"/>
    <testcase name="Valid response" time="9.373" classname="ExperimentsResource"/>
  </testsuite>
  <testsuite name="GET Experiment / pre_createExperiment" id="1559f1ac-5ab8-4324-b3fa-e5399d55ea84" timestamp="2023-07-14T19:52:02.361Z" tests="1" failures="0" errors="0" time="3.123">
    <testcase name="Status code should be ok 200" time="3.123" classname="ExperimentsResource"/>
  </testsuite>
  <testsuite name="GET Experiment / pre_addVariantToExperiment_shouldSucceed" id="80dae35d-dc30-4905-9af8-57021ca2c9d4" timestamp="2023-07-14T19:52:02.361Z" tests="1" failures="0" errors="0" time="6.052">
    <testcase name="Variants with correct weight" time="6.052" classname="ExperimentsResource"/>
  </testsuite>
  <testsuite name="GET Experiment / pre_addSecondVariantToExperiment_shouldSucceed" id="79433d59-839f-407d-9d73-7468270ba278" timestamp="2023-07-14T19:52:02.361Z" tests="1" failures="0" errors="0" time="6.045">
    <testcase name="Variants with correct weight" time="6.045" classname="ExperimentsResource"/>
  </testsuite>
  <testsuite name="GET Experiment / updateExperimentStartAndEndDate_shoudSucceed" id="ca57c28c-a93d-4319-ab30-89bec979465f" timestamp="2023-07-14T19:52:02.361Z" tests="2" failures="0" errors="0" time="6.055">
    <testcase name="Status code should be ok 200" time="6.055" classname="ExperimentsResource"/>
    <testcase name="Experiment should have the expected values" time="6.055" classname="ExperimentsResource"/>
  </testsuite>
  <testsuite name="GET Experiment / getExperimentById_existingId_shouldSucceed" id="0d72c663-1b73-4f30-9989-636914111952" timestamp="2023-07-14T19:52:02.361Z" tests="2" failures="0" errors="0" time="3.034">
    <testcase name="Status code should be ok 200" time="3.034" classname="ExperimentsResource"/>
    <testcase name="Experiment returns expected data" time="3.034" classname="ExperimentsResource"/>
  </testsuite>
  <testsuite name="GET Experiment / getExperimentById_nonExistingId_Should404" id="5e978368-2bbe-4711-b6c2-ff59bc448887" timestamp="2023-07-14T19:52:02.361Z" tests="2" failures="0" errors="0" time="3.024">
    <testcase name="Status code should be ok 200" time="3.024" classname="ExperimentsResource"/>
    <testcase name="Proper error message" time="3.024" classname="ExperimentsResource"/>
  </testsuite>
  <testsuite name="Variants / pre_ImportBundleWithPage" id="8f3923a4-1dd9-4ae7-a47c-50ac6aad47dc" timestamp="2023-07-14T19:52:02.361Z" tests="1" failures="0" errors="0" time="14.001">
    <testcase name="Bundle uploaded sucessfully" time="14.001" classname="ExperimentsResource"/>
  </testsuite>
  <testsuite name="Variants / pre_createExperiment" id="9f7bce8e-9cc4-4320-85ac-0f917a06cc12" timestamp="2023-07-14T19:52:02.361Z" tests="1" failures="0" errors="0" time="3.070">
    <testcase name="Status code should be ok 200" time="3.070" classname="ExperimentsResource"/>
  </testsuite>
  <testsuite name="Variants / pre_addVariantToExperiment_shouldSucceed" id="d4ef05b5-dbf0-4363-abc2-5e5f2458cc70" timestamp="2023-07-14T19:52:02.361Z" tests="1" failures="0" errors="0" time="6.044">
    <testcase name="Variants with correct weight" time="6.044" classname="ExperimentsResource"/>
  </testsuite>
  <testsuite name="Variants / editVariantDescription_shouldSucceed" id="17a170ef-bbe4-4f57-bdc8-e8c03432b58b" timestamp="2023-07-14T19:52:02.361Z" tests="1" failures="0" errors="0" time="6.038">
    <testcase name="Variants with correct weight" time="6.038" classname="ExperimentsResource"/>
  </testsuite>
  <testsuite name="Variants / editVariantDescription_OriginalVariant_shouldFail" id="ce1afff7-5e07-4e88-ad77-e3dd60847a7b" timestamp="2023-07-14T19:52:02.361Z" tests="1" failures="0" errors="0" time="3.033">
    <testcase name="Cannot update Original Variant" time="3.033" classname="ExperimentsResource"/>
  </testsuite>
  <testsuite name="Variants / pre_createExperiment" id="c0299b1a-a8bf-496b-a458-86140b583ffd" timestamp="2023-07-14T19:52:02.361Z" tests="1" failures="1" errors="1" time="3.026">
    <system-err><![CDATA[Iteration: 0

---
testScriptError: Cannot read properties of undefined (reading 'id')
---
]]></system-err>
    <testcase name="Status code should be ok 200" time="3.026" classname="ExperimentsResource">
      <failure type="AssertionFailure" message="expected response to have status code 200 but got 500">
        <![CDATA[Failed 1 times.]]>
        <![CDATA[Collection JSON ID: 3e400a2a-25b3-403e-b03c-e23b9a4121ba.]]>
        <![CDATA[Collection name: Experiments Resource.]]>
        <![CDATA[Request name: Variants / pre_createExperiment.]]>
        <![CDATA[Test description: Status code should be ok 200.]]>
        <![CDATA[Error message: expected response to have status code 200 but got 500.]]>
        <![CDATA[Stacktrace: AssertionError: expected response to have status code 200 but got 500
   at Object.eval sandbox-script.js:1:18).]]>
      </failure>
    </testcase>
  </testsuite>
  <testsuite name="Variants / addVariantToExperiment_shouldSucceed" id="0bf3162f-8f89-4034-88a2-aaa67157c727" timestamp="2023-07-14T19:52:02.361Z" tests="1" failures="1" errors="0" time="6.061">
    <testcase name="Variants with correct weight" time="6.061" classname="ExperimentsResource">
      <failure type="AssertionFailure" message="expected 4 to equal 2">
        <![CDATA[Failed 1 times.]]>
        <![CDATA[Collection JSON ID: 3e400a2a-25b3-403e-b03c-e23b9a4121ba.]]>
        <![CDATA[Collection name: Experiments Resource.]]>
        <![CDATA[Request name: Variants / addVariantToExperiment_shouldSucceed.]]>
        <![CDATA[Test description: Variants with correct weight.]]>
        <![CDATA[Error message: expected 4 to equal 2.]]>
        <![CDATA[Stacktrace: AssertionError: expected 4 to equal 2
   at Object.eval sandbox-script.js:1:19).]]>
      </failure>
    </testcase>
  </testsuite>
  <testsuite name="Variants / addSecondVariantToExperiment_shouldSucceed" id="0a8314ea-4bcc-4be4-8ff8-aefee1937a7e" timestamp="2023-07-14T19:52:02.361Z" tests="1" failures="1" errors="0" time="6.058">
    <testcase name="Variants with correct weight" time="6.058" classname="ExperimentsResource">
      <failure type="AssertionFailure" message="expected 5 to equal 3">
        <![CDATA[Failed 1 times.]]>
        <![CDATA[Collection JSON ID: 3e400a2a-25b3-403e-b03c-e23b9a4121ba.]]>
        <![CDATA[Collection name: Experiments Resource.]]>
        <![CDATA[Request name: Variants / addSecondVariantToExperiment_shouldSucceed.]]>
        <![CDATA[Test description: Variants with correct weight.]]>
        <![CDATA[Error message: expected 5 to equal 3.]]>
        <![CDATA[Stacktrace: AssertionError: expected 5 to equal 3
   at Object.eval sandbox-script.js:1:20).]]>
      </failure>
    </testcase>
  </testsuite>
  <testsuite name="Variants / deleteVariantOfExperiment_shouldSucceed" id="8cb1b169-a078-488a-860b-d64310dc15f6" timestamp="2023-07-14T19:52:02.361Z" tests="1" failures="1" errors="0" time="6.039">
    <testcase name="Started Experiment with expected values" time="6.039" classname="ExperimentsResource">
      <failure type="AssertionFailure" message="expected 4 to equal 2">
        <![CDATA[Failed 1 times.]]>
        <![CDATA[Collection JSON ID: 3e400a2a-25b3-403e-b03c-e23b9a4121ba.]]>
        <![CDATA[Collection name: Experiments Resource.]]>
        <![CDATA[Request name: Variants / deleteVariantOfExperiment_shouldSucceed.]]>
        <![CDATA[Test description: Started Experiment with expected values.]]>
        <![CDATA[Error message: expected 4 to equal 2.]]>
        <![CDATA[Stacktrace: AssertionError: expected 4 to equal 2
   at Object.eval sandbox-script.js:1:21).]]>
      </failure>
    </testcase>
  </testsuite>
  <testsuite name="Variants / updateExperimentTrafficProportion_shoudSucceed" id="81049402-7d1a-442b-9684-943c6291dbd8" timestamp="2023-07-14T19:52:02.361Z" tests="2" failures="0" errors="0" time="3.074">
    <testcase name="Status code should be ok 200" time="3.074" classname="ExperimentsResource"/>
    <testcase name="Variants with correct weight" time="3.074" classname="ExperimentsResource"/>
  </testsuite>
  <testsuite name="Variants / addVariantToExperiment_CustomPercentages_shouldSucceed" id="d48cced9-3a54-4e75-bc9a-120bc40db204" timestamp="2023-07-14T19:52:02.361Z" tests="1" failures="0" errors="0" time="6.067">
    <testcase name="Variants with correct weight" time="6.067" classname="ExperimentsResource"/>
  </testsuite>
  <testsuite name="Variants / deleteOriginalVariant_shouldFail" id="f83b3305-e382-4aa0-9451-57412908dd49" timestamp="2023-07-14T19:52:02.361Z" tests="1" failures="0" errors="0" time="3.025">
    <testcase name="Started Experiment with expected values" time="3.025" classname="ExperimentsResource"/>
  </testsuite>
  <testsuite name="POST Experiment / createExperiment_shoudSucceed" id="e6d1a5db-370a-4713-85bc-3a22348cac6a" timestamp="2023-07-14T19:52:02.361Z" tests="2" failures="0" errors="0" time="3.054">
    <testcase name="Status code should be ok 200" time="3.054" classname="ExperimentsResource"/>
    <testcase name="Experiment should have the expected values" time="3.054" classname="ExperimentsResource"/>
  </testsuite>
  <testsuite name="POST Experiment / createExperimentNoDescription_shoudSucceed" id="02937077-7220-4be9-b6d3-37e3c5aad01f" timestamp="2023-07-14T19:52:02.361Z" tests="2" failures="0" errors="0" time="3.035">
    <testcase name="Status code should be ok 200" time="3.035" classname="ExperimentsResource"/>
    <testcase name="Experiment should have the expected values" time="3.035" classname="ExperimentsResource"/>
  </testsuite>
  <testsuite name="PATCH Experiment / Update Name and Description / updateExperimentNameAndDesc_shoudSucceed" id="6ed28a0e-d30b-4873-a57d-6943a3b71160" timestamp="2023-07-14T19:52:02.361Z" tests="2" failures="0" errors="0" time="6.067">
    <testcase name="Status code should be ok 200" time="6.067" classname="ExperimentsResource"/>
    <testcase name="Experiment should have the expected values" time="6.067" classname="ExperimentsResource"/>
  </testsuite>
  <testsuite name="PATCH Experiment / Update Traffic Allocation / updateExperimentTrafficAllocation_shoudSucceed" id="61c6f237-8ba9-4842-9f02-509acb7dc194" timestamp="2023-07-14T19:52:02.361Z" tests="2" failures="0" errors="0" time="3.044">
    <testcase name="Status code should be ok 200" time="3.044" classname="ExperimentsResource"/>
    <testcase name="Experiment should have the expected values" time="3.044" classname="ExperimentsResource"/>
  </testsuite>
  <testsuite name="PATCH Experiment / Update Scheduling / updateExperimentStartAndEndDate_shoudSucceed" id="dc090db4-c3c6-4e32-8adf-eecaded25652" timestamp="2023-07-14T19:52:02.361Z" tests="2" failures="0" errors="0" time="3.031">
    <testcase name="Status code should be ok 200" time="3.031" classname="ExperimentsResource"/>
    <testcase name="Experiment should have the expected values" time="3.031" classname="ExperimentsResource"/>
  </testsuite>
  <testsuite name="PATCH Experiment / Update Scheduling / updateExperimentStartAndEndDate with timestamp" id="6684098e-9cef-4b25-a727-67f038b48707" timestamp="2023-07-14T19:52:02.361Z" tests="2" failures="0" errors="0" time="3.032">
    <testcase name="Status code should be ok 200" time="3.032" classname="ExperimentsResource"/>
    <testcase name="Experiment should have the expected values" time="3.032" classname="ExperimentsResource"/>
  </testsuite>
  <testsuite name="PATCH Experiment / Update Scheduling / updateScheduling_startDateInPast_shouldFail" id="7c955604-33be-4bfc-8515-61eccb80dff5" timestamp="2023-07-14T19:52:02.361Z" tests="1" failures="0" errors="0" time="3.037">
    <testcase name="Status code should be ok 400" time="3.037" classname="ExperimentsResource"/>
  </testsuite>
  <testsuite name="PATCH Experiment / Update Scheduling / updateScheduling_endDateInPast_shouldFail" id="6b84374e-609b-4ad6-adda-388b5c119b5e" timestamp="2023-07-14T19:52:02.361Z" tests="1" failures="0" errors="0" time="3.044">
    <testcase name="Status code should be ok 400" time="3.044" classname="ExperimentsResource"/>
  </testsuite>
  <testsuite name="PATCH Experiment / Update Scheduling / updateScheduling_endDateBeforeStartDate_shouldFail" id="bb6b46bb-a6fd-46ae-93ec-9d1fde5e8fe9" timestamp="2023-07-14T19:52:02.361Z" tests="1" failures="0" errors="0" time="3.035">
    <testcase name="Status code should be ok 400" time="3.035" classname="ExperimentsResource"/>
  </testsuite>
  <testsuite name="PATCH Experiment / Update Scheduling / updateScheduling_experimentDurationMoreThanMax_shouldFail" id="06d9d3ff-11bb-489f-a696-f9db5fb7c2bd" timestamp="2023-07-14T19:52:02.361Z" tests="1" failures="0" errors="0" time="3.056">
    <testcase name="Status code should be ok 400" time="3.056" classname="ExperimentsResource"/>
  </testsuite>
  <testsuite name="PATCH Experiment / Update Scheduling / updateScheduling_nullDates_shouldSucceed" id="a036f9d3-b894-4fb9-827c-47b6e79cb945" timestamp="2023-07-14T19:52:02.361Z" tests="1" failures="0" errors="0" time="3.033">
    <testcase name="Status code should be ok 200" time="3.033" classname="ExperimentsResource"/>
  </testsuite>
  <testsuite name="PATCH Experiment / Update Scheduling / updateExperiment_validStartDate_nullEndDate_shouldSucceed" id="300b9d76-a157-4160-b7a7-63b285ae64c5" timestamp="2023-07-14T19:52:02.361Z" tests="2" failures="0" errors="0" time="3.034">
    <testcase name="Status code should be ok 200" time="3.034" classname="ExperimentsResource"/>
    <testcase name="Experiment should have the expected values" time="3.034" classname="ExperimentsResource"/>
  </testsuite>
  <testsuite name="PATCH Experiment / Update Scheduling / updateExperiment_nullStartDate_validEndDate_shouldSucceed" id="fb09e6b4-b727-4b73-858b-ce9040201c14" timestamp="2023-07-14T19:52:02.361Z" tests="2" failures="0" errors="0" time="3.033">
    <testcase name="Status code should be ok 200" time="3.033" classname="ExperimentsResource"/>
    <testcase name="Experiment should have the expected values" time="3.033" classname="ExperimentsResource"/>
  </testsuite>
  <testsuite name="PATCH Experiment / Update LookbackWindow / updateExperimentLookbackWindow_shoudSucceed" id="17880f6f-8d88-43f9-8812-2aff30837a3a" timestamp="2023-07-14T19:52:02.361Z" tests="2" failures="0" errors="0" time="3.031">
    <testcase name="Status code should be ok 200" time="3.031" classname="ExperimentsResource"/>
    <testcase name="Experiment should have the expected values" time="3.031" classname="ExperimentsResource"/>
  </testsuite>
  <testsuite name="DELETE Experiment / createDraftExperiment_shoudSucceed" id="0a167be1-6a56-459c-b591-e03442841a7a" timestamp="2023-07-14T19:52:02.361Z" tests="2" failures="0" errors="0" time="3.053">
    <testcase name="Status code should be ok 200" time="3.053" classname="ExperimentsResource"/>
    <testcase name="Experiment should have the expected values" time="3.053" classname="ExperimentsResource"/>
  </testsuite>
  <testsuite name="DELETE Experiment / deleteExperiment_shouldSucceed" id="15615870-96ce-4392-b6bd-f7cd56d7bc4d" timestamp="2023-07-14T19:52:02.361Z" tests="1" failures="0" errors="0" time="3.034">
    <testcase name="Status code should be ok 200" time="3.034" classname="ExperimentsResource"/>
  </testsuite>
  <testsuite name="GET List of Experiments / listExperimentsByPageId_shouldSucceed" id="9adaa99e-c736-4469-b31c-11fc48ba8f61" timestamp="2023-07-14T19:52:02.361Z" tests="3" failures="0" errors="0" time="3.034">
    <testcase name="Status code should be ok 200" time="3.034" classname="ExperimentsResource"/>
    <testcase name="Lists of experiments should not be empty" time="3.034" classname="ExperimentsResource"/>
    <testcase name="All returned experiments should have the pageId in the filter" time="3.034" classname="ExperimentsResource"/>
  </testsuite>
  <testsuite name="GET List of Experiments / pre_createExperimentInSecondPage" id="1252ce5c-ca84-4c53-8638-9c515bdb1789" timestamp="2023-07-14T19:52:02.361Z" tests="1" failures="1" errors="1" time="3.016">
    <system-err><![CDATA[Iteration: 0

---
testScriptError: Cannot read properties of undefined (reading 'id')
---
]]></system-err>
    <testcase name="Status code should be ok 200" time="3.016" classname="ExperimentsResource">
      <failure type="AssertionFailure" message="expected response to have status code 200 but got 500">
        <![CDATA[Failed 1 times.]]>
        <![CDATA[Collection JSON ID: 3e400a2a-25b3-403e-b03c-e23b9a4121ba.]]>
        <![CDATA[Collection name: Experiments Resource.]]>
        <![CDATA[Request name: GET List of Experiments / pre_createExperimentInSecondPage.]]>
        <![CDATA[Test description: Status code should be ok 200.]]>
        <![CDATA[Error message: expected response to have status code 200 but got 500.]]>
        <![CDATA[Stacktrace: AssertionError: expected response to have status code 200 but got 500
   at Object.eval sandbox-script.js:1:42).]]>
      </failure>
    </testcase>
  </testsuite>
  <testsuite name="GET List of Experiments / listExperimentsNoFilter_shouldIncludeAll" id="8f5b11c5-74d9-4dcf-a584-b61abc52d3ee" timestamp="2023-07-14T19:52:02.361Z" tests="3" failures="1" errors="0" time="3.041">
    <testcase name="Status code should be ok 200" time="3.041" classname="ExperimentsResource"/>
    <testcase name="Lists of experiments should not be empty" time="3.041" classname="ExperimentsResource"/>
    <testcase name="The two experiments with different pageId are included" time="3.041" classname="ExperimentsResource">
      <failure type="AssertionFailure" message="expected false to be true">
        <![CDATA[Failed 1 times.]]>
        <![CDATA[Collection JSON ID: 3e400a2a-25b3-403e-b03c-e23b9a4121ba.]]>
        <![CDATA[Collection name: Experiments Resource.]]>
        <![CDATA[Request name: GET List of Experiments / listExperimentsNoFilter_shouldIncludeAll.]]>
        <![CDATA[Test description: The two experiments with different pageId are included.]]>
        <![CDATA[Error message: expected false to be true.]]>
        <![CDATA[Stacktrace: AssertionError: expected false to be true
   at Object.eval sandbox-script.js:3:43).]]>
      </failure>
    </testcase>
  </testsuite>
  <testsuite name="GET List of Experiments / listExperimentsFilterBySingleStatus_shouldSucceed" id="2fa9669f-47a1-4ee4-97f7-8d929a50801e" timestamp="2023-07-14T19:52:02.361Z" tests="3" failures="0" errors="0" time="3.020">
    <testcase name="Status code should be ok 200" time="3.020" classname="ExperimentsResource"/>
    <testcase name="Lists of experiments should not be empty" time="3.020" classname="ExperimentsResource"/>
    <testcase name="All returned experiments should have the status DRAFT" time="3.020" classname="ExperimentsResource"/>
  </testsuite>
  <testsuite name="GET List of Experiments / pre_createExperimentUniqueName" id="05b8c662-0d86-46aa-a848-b30035394051" timestamp="2023-07-14T19:52:02.361Z" tests="1" failures="1" errors="0" time="3.033">
    <testcase name="Status code should be ok 200" time="3.033" classname="ExperimentsResource">
      <failure type="AssertionFailure" message="expected response to have status code 200 but got 500">
        <![CDATA[Failed 1 times.]]>
        <![CDATA[Collection JSON ID: 3e400a2a-25b3-403e-b03c-e23b9a4121ba.]]>
        <![CDATA[Collection name: Experiments Resource.]]>
        <![CDATA[Request name: GET List of Experiments / pre_createExperimentUniqueName.]]>
        <![CDATA[Test description: Status code should be ok 200.]]>
        <![CDATA[Error message: expected response to have status code 200 but got 500.]]>
        <![CDATA[Stacktrace: AssertionError: expected response to have status code 200 but got 500
   at Object.eval sandbox-script.js:1:45).]]>
      </failure>
    </testcase>
  </testsuite>
  <testsuite name="GET List of Experiments / listExperimentsFilterByName_shouldSucceed" id="ef1a678a-926b-4a55-a817-a9638cc27f5e" timestamp="2023-07-14T19:52:02.361Z" tests="3" failures="0" errors="0" time="3.034">
    <testcase name="Status code should be ok 200" time="3.034" classname="ExperimentsResource"/>
    <testcase name="Lists of experiments should not be empty" time="3.034" classname="ExperimentsResource"/>
    <testcase name="Experiments with DRAFT and ENDED statuses returned" time="3.034" classname="ExperimentsResource"/>
  </testsuite>
  <testsuite name="GET List of Experiments / listExperimentsFilterByPartialName_shouldSucceed" id="a457d02b-bef7-4eff-95a6-8ebab9da8d48" timestamp="2023-07-14T19:52:02.361Z" tests="3" failures="0" errors="0" time="3.021">
    <testcase name="Status code should be ok 200" time="3.021" classname="ExperimentsResource"/>
    <testcase name="Lists of experiments should not be empty" time="3.021" classname="ExperimentsResource"/>
    <testcase name="Experiments with DRAFT and ENDED statuses returned" time="3.021" classname="ExperimentsResource"/>
  </testsuite>
  <testsuite name="Goal / setExperimentGoal_shoudSucceed" id="1edafd7e-45f2-468c-82df-3c06c899d718" timestamp="2023-07-14T19:52:02.361Z" tests="2" failures="0" errors="0" time="3.040">
    <testcase name="Status code should be ok 200" time="3.040" classname="ExperimentsResource"/>
    <testcase name="Experiment should have the expected values" time="3.040" classname="ExperimentsResource"/>
  </testsuite>
  <testsuite name="Goal / setExperimentGoal_InvalidCondition_ShouldFail" id="2918bc01-286d-41be-8793-21f2bf3edbb8" timestamp="2023-07-14T19:52:02.361Z" tests="2" failures="0" errors="0" time="3.023">
    <testcase name="Status code should be 400" time="3.023" classname="ExperimentsResource"/>
    <testcase name="Expected error message" time="3.023" classname="ExperimentsResource"/>
  </testsuite>
  <testsuite name="Goal / setExperimentGoal_MissingRequiredParameter_ShouldFail" id="c7ae78d5-f07f-487c-a771-33ae5710b7e6" timestamp="2023-07-14T19:52:02.361Z" tests="2" failures="0" errors="0" time="3.022">
    <testcase name="Status code should be 400" time="3.022" classname="ExperimentsResource"/>
    <testcase name="Expected error message" time="3.022" classname="ExperimentsResource"/>
  </testsuite>
  <testsuite name="Goal / setExperimentGoal_MissingAllRequiredParameter_ShouldFail" id="c93c36ca-cbcd-4005-8c64-6f9e4aae8195" timestamp="2023-07-14T19:52:02.361Z" tests="2" failures="0" errors="0" time="3.055">
    <testcase name="Status code should be 400" time="3.055" classname="ExperimentsResource"/>
    <testcase name="Expected error message" time="3.055" classname="ExperimentsResource"/>
  </testsuite>
  <testsuite name="Goal / removeExperimentGoal_shoudSucceed" id="3356855b-e86b-44b8-90ba-da15bc2ba820" timestamp="2023-07-14T19:52:02.361Z" tests="2" failures="0" errors="0" time="3.047">
    <testcase name="Status code should be ok 200" time="3.047" classname="ExperimentsResource"/>
    <testcase name="Experiment should have null goals" time="3.047" classname="ExperimentsResource"/>
  </testsuite>
  <testsuite name="Goal / setExperimentGoal_ProvideAtLeastOneRequiredParameter_ShouldSucceed" id="ac546996-43f8-4e72-aa52-a402daba4ad9" timestamp="2023-07-14T19:52:02.361Z" tests="2" failures="0" errors="0" time="3.032">
    <testcase name="Status code should be 200" time="3.032" classname="ExperimentsResource"/>
    <testcase name="Expected Goal with two Conditions created" time="3.032" classname="ExperimentsResource"/>
  </testsuite>
  <testsuite name="Start Experiment / StartExperimentNow_shouldSucceed / pre_ImportBundleWithPage" id="ada3a82a-4add-4dc6-925e-04eef5b16136" timestamp="2023-07-14T19:52:02.361Z" tests="1" failures="0" errors="0" time="13.763">
    <testcase name="Bundle uploaded sucessfully" time="13.763" classname="ExperimentsResource"/>
  </testsuite>
  <testsuite name="Start Experiment / StartExperimentNow_shouldSucceed / pre_createExperiment" id="9418e2be-3221-4ece-a00b-5329886f5539" timestamp="2023-07-14T19:52:02.361Z" tests="1" failures="0" errors="0" time="3.074">
    <testcase name="Status code should be ok 200" time="3.074" classname="ExperimentsResource"/>
  </testsuite>
  <testsuite name="Start Experiment / StartExperimentNow_shouldSucceed / pre_addVariantToExperiment" id="4929aba9-a337-4124-b006-ad2694d737d1" timestamp="2023-07-14T19:52:02.361Z" tests="1" failures="0" errors="0" time="6.053">
    <testcase name="Variants with correct weight" time="6.053" classname="ExperimentsResource"/>
  </testsuite>
  <testsuite name="Start Experiment / StartExperimentNow_shouldSucceed / pre_setExperimentGoal" id="95e0d970-7231-4196-a456-29b76825a03a" timestamp="2023-07-14T19:52:02.361Z" tests="2" failures="0" errors="0" time="6.060">
    <testcase name="Status code should be ok 200" time="6.060" classname="ExperimentsResource"/>
    <testcase name="Experiment should have the expected values" time="6.060" classname="ExperimentsResource"/>
  </testsuite>
  <testsuite name="Start Experiment / StartExperimentNow_shouldSucceed / startExperiment_shouldSucceed" id="7e69415c-2ad1-4227-a1fa-ffb1e2301ce4" timestamp="2023-07-14T19:52:02.361Z" tests="1" failures="0" errors="0" time="3.049">
    <testcase name="Started Experiment with expected values" time="3.049" classname="ExperimentsResource"/>
  </testsuite>
  <testsuite name="Start Experiment / AttemptToStartSecondExperimentNow_shouldFail / pre_createExperiment" id="e6e85df1-e746-448a-9a56-40b6cad2f867" timestamp="2023-07-14T19:52:02.361Z" tests="1" failures="0" errors="0" time="3.038">
    <testcase name="Status code should be ok 200" time="3.038" classname="ExperimentsResource"/>
  </testsuite>
  <testsuite name="Start Experiment / AttemptToStartSecondExperimentNow_shouldFail / pre_addVariantToExperiment" id="a46d1768-f76a-4ba0-a0d7-2d6612c5ce4d" timestamp="2023-07-14T19:52:02.361Z" tests="1" failures="0" errors="0" time="6.036">
    <testcase name="Variants with correct weight" time="6.036" classname="ExperimentsResource"/>
  </testsuite>
  <testsuite name="Start Experiment / AttemptToStartSecondExperimentNow_shouldFail / pre_setExperimentGoal" id="a38c2e3c-1579-4132-a493-ecb5240f93e2" timestamp="2023-07-14T19:52:02.361Z" tests="2" failures="0" errors="0" time="6.069">
    <testcase name="Status code should be ok 200" time="6.069" classname="ExperimentsResource"/>
    <testcase name="Experiment should have the expected values" time="6.069" classname="ExperimentsResource"/>
  </testsuite>
  <testsuite name="Start Experiment / AttemptToStartSecondExperimentNow_shouldFail / startExperiment_shouldFail" id="5a9164bb-801b-4b1b-a098-d87b56ec8fd8" timestamp="2023-07-14T19:52:02.361Z" tests="1" failures="0" errors="0" time="3.027">
    <testcase name="Started Experiment with expected values" time="3.027" classname="ExperimentsResource"/>
  </testsuite>
  <testsuite name="Start Experiment / AttemptToStartSecondExperimentNow_shouldFail / endFirstExperiment" id="02508197-4e82-4908-8b69-594298d0cb2a" timestamp="2023-07-14T19:52:02.361Z" tests="1" failures="0" errors="0" time="3.043">
    <testcase name="Ended Experiment with expected values" time="3.043" classname="ExperimentsResource"/>
  </testsuite>
  <testsuite name="Start Experiment / StartExperimentShouldPublishPage / pre_ImportBundleWithPage" id="45ff53e5-23d6-40a7-b8cc-ccb34844a482" timestamp="2023-07-14T19:52:02.361Z" tests="1" failures="0" errors="0" time="10.864">
    <testcase name="Bundle uploaded sucessfully" time="10.864" classname="ExperimentsResource"/>
  </testsuite>
  <testsuite name="Start Experiment / StartExperimentShouldPublishPage / pre_UnpublishPage" id="674c72f4-c2d2-410e-85a5-4f8ea59a4535" timestamp="2023-07-14T19:52:02.361Z" tests="2" failures="0" errors="0" time="9.229">
    <testcase name="No errors" time="9.229" classname="ExperimentsResource"/>
    <testcase name="Information Publish Correctly" time="9.229" classname="ExperimentsResource"/>
  </testsuite>
  <testsuite name="Start Experiment / StartExperimentShouldPublishPage / pre_createExperiment" id="1303086a-a1a1-45f7-b9a6-c9a1e4cf14c2" timestamp="2023-07-14T19:52:02.361Z" tests="1" failures="0" errors="0" time="3.059">
    <testcase name="Status code should be ok 200" time="3.059" classname="ExperimentsResource"/>
  </testsuite>
  <testsuite name="Start Experiment / StartExperimentShouldPublishPage / pre_addVariantToExperiment" id="5dfcf9b5-76c9-4ff0-8169-951d5c756df4" timestamp="2023-07-14T19:52:02.361Z" tests="1" failures="0" errors="0" time="6.068">
    <testcase name="Variants with correct weight" time="6.068" classname="ExperimentsResource"/>
  </testsuite>
  <testsuite name="Start Experiment / StartExperimentShouldPublishPage / pre_setExperimentGoal" id="521d726e-07de-4bac-b997-367252fcb26a" timestamp="2023-07-14T19:52:02.361Z" tests="2" failures="0" errors="0" time="6.059">
    <testcase name="Status code should be ok 200" time="6.059" classname="ExperimentsResource"/>
    <testcase name="Experiment should have the expected values" time="6.059" classname="ExperimentsResource"/>
  </testsuite>
  <testsuite name="Start Experiment / StartExperimentShouldPublishPage / startExperiment_shouldSucceed" id="d2ba4a47-f39c-4d90-984d-40fab755b0a3" timestamp="2023-07-14T19:52:02.361Z" tests="1" failures="0" errors="0" time="9.155">
    <testcase name="Started Experiment with expected values" time="9.155" classname="ExperimentsResource"/>
  </testsuite>
  <testsuite name="Start Experiment / StartExperimentShouldPublishPage / pageOfExperiment_shouldBeLive" id="ee031b86-9ea0-4995-9126-678b38d59fe2" timestamp="2023-07-14T19:52:02.361Z" tests="2" failures="0" errors="0" time="3.030">
    <testcase name="Status code should be 200" time="3.030" classname="ExperimentsResource"/>
    <testcase name="Live check" time="3.030" classname="ExperimentsResource"/>
  </testsuite>
  <testsuite name="Start Experiment / StartExperimentShouldPublishPage / post_endExperiment" id="c8b020de-695d-4a7d-afa2-41ca933ddb51" timestamp="2023-07-14T19:52:02.361Z" tests="1" failures="0" errors="0" time="3.046">
    <testcase name="Ended Experiment with expected values" time="3.046" classname="ExperimentsResource"/>
  </testsuite>
  <testsuite name="Start Experiment / pre_createExperiment_NoGoal_NoVariant" id="6ffa22da-c9bc-4b75-be71-c8d6b42a448b" timestamp="2023-07-14T19:52:02.361Z" tests="1" failures="1" errors="1" time="3.023">
    <system-err><![CDATA[Iteration: 0

---
testScriptError: Cannot read properties of undefined (reading 'id')
---
]]></system-err>
    <testcase name="Status code should be ok 200" time="3.023" classname="ExperimentsResource">
      <failure type="AssertionFailure" message="expected response to have status code 200 but got 500">
        <![CDATA[Failed 1 times.]]>
        <![CDATA[Collection JSON ID: 3e400a2a-25b3-403e-b03c-e23b9a4121ba.]]>
        <![CDATA[Collection name: Experiments Resource.]]>
        <![CDATA[Request name: Start Experiment / pre_createExperiment_NoGoal_NoVariant.]]>
        <![CDATA[Test description: Status code should be ok 200.]]>
        <![CDATA[Error message: expected response to have status code 200 but got 500.]]>
        <![CDATA[Stacktrace: AssertionError: expected response to have status code 200 but got 500
   at Object.eval sandbox-script.js:1:72).]]>
      </failure>
    </testcase>
  </testsuite>
  <testsuite name="Start Experiment / startExperiment_MissingVariants_shouldFail" id="99887984-dc78-4b1d-93c9-c3fdab6806ad" timestamp="2023-07-14T19:52:02.361Z" tests="0" failures="0" errors="1" time="0.042">
    <system-err><![CDATA[Iteration: 0

---
testScriptError: No data, empty input at 1:1

^
---
]]></system-err>
  </testsuite>
  <testsuite name="Start Experiment / pre_addVariantToExperiment" id="0d7bb116-a9cd-4646-87b7-74263a94cb46" timestamp="2023-07-14T19:52:02.361Z" tests="0" failures="0" errors="1" time="0.005">
    <system-err><![CDATA[Iteration: 0

---
testScriptError: No data, empty input at 1:1

^
---
]]></system-err>
  </testsuite>
  <testsuite name="Start Experiment / startExperiment_MissingGoal_shouldFail" id="fa260f19-0963-44f0-a1db-38c7c5eff3be" timestamp="2023-07-14T19:52:02.361Z" tests="0" failures="0" errors="1" time="0.006">
    <system-err><![CDATA[Iteration: 0

---
testScriptError: No data, empty input at 1:1

^
---
]]></system-err>
  </testsuite>
  <testsuite name="Start Experiment / pre_setExperimentGoal" id="8dc30ed9-7d1c-45e2-a597-f285b0aba871" timestamp="2023-07-14T19:52:02.361Z" tests="0" failures="0" errors="1" time="3.019">
    <system-err><![CDATA[Iteration: 0

---
testScriptError: Unexpected token '<' at 1:1
<!doctype html><html lang="en"><head><title>HTTP Status 405 â€“ Method Not Allowe
^
---
]]></system-err>
  </testsuite>
  <testsuite name="Start Experiment / startExperiment_shouldSucceed" id="a1125008-1992-421b-b960-c25f3530b067" timestamp="2023-07-14T19:52:02.361Z" tests="0" failures="0" errors="1" time="0.004">
    <system-err><![CDATA[Iteration: 0

---
testScriptError: No data, empty input at 1:1

^
---
]]></system-err>
  </testsuite>
  <testsuite name="Start Experiment / startAlreadyStarterExperiment_shouldFail" id="367f58ee-1713-4315-a5bc-12b33b6cc58a" timestamp="2023-07-14T19:52:02.361Z" tests="0" failures="0" errors="1" time="0.005">
    <system-err><![CDATA[Iteration: 0

---
testScriptError: No data, empty input at 1:1

^
---
]]></system-err>
  </testsuite>
  <testsuite name="End Experiment / endExperiment_shouldSucceed" id="24d0c157-2471-466a-bf60-d2a2035f6aeb" timestamp="2023-07-14T19:52:02.361Z" tests="0" failures="0" errors="1" time="0.006">
    <system-err><![CDATA[Iteration: 0

---
testScriptError: No data, empty input at 1:1

^
---
]]></system-err>
  </testsuite>
  <testsuite name="Targeting Conditions / pre_createExperiment" id="1aeef2a0-058b-4952-986f-cc4c579089bf" timestamp="2023-07-14T19:52:02.361Z" tests="1" failures="0" errors="0" time="3.042">
    <testcase name="Status code should be ok 200" time="3.042" classname="ExperimentsResource"/>
  </testsuite>
  <testsuite name="Targeting Conditions / addTargetingConditions_shouldSucceed" id="cc743d6c-6c0d-489e-b7f6-b73288037c0f" timestamp="2023-07-14T19:52:02.361Z" tests="2" failures="0" errors="0" time="6.101">
    <testcase name="Status code should be ok 200" time="6.101" classname="ExperimentsResource"/>
    <testcase name="Experiment should have the expected values" time="6.101" classname="ExperimentsResource"/>
  </testsuite>
  <testsuite name="Targeting Conditions / updateTargetingConditions_shouldSucceed" id="df05a122-fe47-435d-8826-0a2ae05d6027" timestamp="2023-07-14T19:52:02.361Z" tests="2" failures="0" errors="0" time="6.036">
    <testcase name="Status code should be ok 200" time="6.036" classname="ExperimentsResource"/>
    <testcase name="Experiment should have the expected values" time="6.036" classname="ExperimentsResource"/>
  </testsuite>
  <testsuite name="Targeting Conditions / deleteTargetingCondition_shouldSucceed" id="d377758c-da5e-4e8c-82a8-4e7d8480a715" timestamp="2023-07-14T19:52:02.361Z" tests="1" failures="0" errors="0" time="6.048">
    <testcase name="Started Experiment with expected values" time="6.048" classname="ExperimentsResource"/>
  </testsuite>
  <testsuite name="Promote Experiment Variant / pre_ImportBundleWithPage" id="13a23086-f929-4dcd-b1f7-4d9b07969c87" timestamp="2023-07-14T19:52:02.361Z" tests="1" failures="0" errors="0" time="13.712">
    <testcase name="Bundle uploaded sucessfully" time="13.712" classname="ExperimentsResource"/>
  </testsuite>
  <testsuite name="Promote Experiment Variant / pre_createExperiment" id="b34e57fb-57b0-45ab-91b2-4a8cf1078054" timestamp="2023-07-14T19:52:02.361Z" tests="1" failures="0" errors="0" time="3.083">
    <testcase name="Status code should be ok 200" time="3.083" classname="ExperimentsResource"/>
  </testsuite>
  <testsuite name="Promote Experiment Variant / pre_addVariantToExperiment_shouldSucceed" id="5b60c678-4e0b-4575-94aa-aaf777260104" timestamp="2023-07-14T19:52:02.361Z" tests="1" failures="0" errors="0" time="6.029">
    <testcase name="Variants with correct weight" time="6.029" classname="ExperimentsResource"/>
  </testsuite>
  <testsuite name="Promote Experiment Variant / pre_setExperimentGoal" id="55edac47-bed0-4e2d-acd6-0ce8f3a305b7" timestamp="2023-07-14T19:52:02.361Z" tests="2" failures="0" errors="0" time="6.044">
    <testcase name="Status code should be ok 200" time="6.044" classname="ExperimentsResource"/>
    <testcase name="Experiment should have the expected values" time="6.044" classname="ExperimentsResource"/>
  </testsuite>
  <testsuite name="Promote Experiment Variant / startExperiment_shouldSucceed" id="0317402f-0d55-42ae-ac20-3b98571c63ef" timestamp="2023-07-14T19:52:02.361Z" tests="1" failures="0" errors="0" time="3.049">
    <testcase name="Started Experiment with expected values" time="3.049" classname="ExperimentsResource"/>
  </testsuite>
  <testsuite name="Promote Experiment Variant / promoteVariant_shouldSucceed" id="03d2f8fe-8f54-471c-b7f5-cf2530952b9b" timestamp="2023-07-14T19:52:02.361Z" tests="1" failures="0" errors="0" time="3.054">
    <testcase name="Variants with correct weight" time="3.054" classname="ExperimentsResource"/>
  </testsuite>
  <testsuite name="Promote Experiment Variant / getExperimentOfPromotedVariant_shouldBeEnded" id="34c7cb97-7546-4027-a727-ff4f496d797e" timestamp="2023-07-14T19:52:02.361Z" tests="2" failures="0" errors="0" time="3.015">
    <testcase name="Status code should be ok 200" time="3.015" classname="ExperimentsResource"/>
    <testcase name="Experiment returns expected data" time="3.015" classname="ExperimentsResource"/>
  </testsuite>
  <testsuite name="Schedule Experiments / ScheduleExperimentForJanuary2053_shouldSucceed / pre_ImportBundleWithPage" id="a7c76490-aaec-4b8e-84b1-552f81614890" timestamp="2023-07-14T19:52:02.361Z" tests="1" failures="0" errors="0" time="10.579">
    <testcase name="Bundle uploaded sucessfully" time="10.579" classname="ExperimentsResource"/>
  </testsuite>
  <testsuite name="Schedule Experiments / ScheduleExperimentForJanuary2053_shouldSucceed / pre_createExperiment" id="d23f6854-b619-4e30-8174-f3745970b0b0" timestamp="2023-07-14T19:52:02.361Z" tests="1" failures="0" errors="0" time="3.049">
    <testcase name="Status code should be ok 200" time="3.049" classname="ExperimentsResource"/>
  </testsuite>
  <testsuite name="Schedule Experiments / ScheduleExperimentForJanuary2053_shouldSucceed / pre_addVariantToExperiment" id="75a7f2f8-1a76-4cfe-9b8c-874cf98c04c6" timestamp="2023-07-14T19:52:02.361Z" tests="1" failures="0" errors="0" time="6.039">
    <testcase name="Variants with correct weight" time="6.039" classname="ExperimentsResource"/>
  </testsuite>
  <testsuite name="Schedule Experiments / ScheduleExperimentForJanuary2053_shouldSucceed / pre_setExperimentGoal" id="f2d3b9f8-8d54-4ab1-8eaf-89eeb4da28bb" timestamp="2023-07-14T19:52:02.361Z" tests="2" failures="0" errors="0" time="6.052">
    <testcase name="Status code should be ok 200" time="6.052" classname="ExperimentsResource"/>
    <testcase name="Experiment should have the expected values" time="6.052" classname="ExperimentsResource"/>
  </testsuite>
  <testsuite name="Schedule Experiments / ScheduleExperimentForJanuary2053_shouldSucceed / updateExperimentStartAndEndDate" id="e1022d82-822a-429b-836f-6dd38cb6cb7a" timestamp="2023-07-14T19:52:02.361Z" tests="2" failures="0" errors="0" time="3.050">
    <testcase name="Status code should be ok 200" time="3.050" classname="ExperimentsResource"/>
    <testcase name="Experiment should have the expected values" time="3.050" classname="ExperimentsResource"/>
  </testsuite>
  <testsuite name="Schedule Experiments / ScheduleExperimentForJanuary2053_shouldSucceed / scheduleExperimentForJanuary2053" id="23d1c6de-3e55-480f-99cd-97c8c118135f" timestamp="2023-07-14T19:52:02.361Z" tests="1" failures="0" errors="0" time="3.066">
    <testcase name="Started Experiment with expected values" time="3.066" classname="ExperimentsResource"/>
  </testsuite>
  <testsuite name="Schedule Experiments / ScheduleExperimentForFebruary2053_shouldSucceed / pre_createSecondExperiment" id="f2454298-7787-4577-acae-2be0fe7a72dc" timestamp="2023-07-14T19:52:02.361Z" tests="1" failures="0" errors="0" time="3.043">
    <testcase name="Status code should be ok 200" time="3.043" classname="ExperimentsResource"/>
  </testsuite>
  <testsuite name="Schedule Experiments / ScheduleExperimentForFebruary2053_shouldSucceed / pre_addVariantToSecondExperiment" id="4195ad7c-f83d-4462-a35c-9cde55d0a6dc" timestamp="2023-07-14T19:52:02.361Z" tests="1" failures="0" errors="0" time="6.047">
    <testcase name="Variants with correct weight" time="6.047" classname="ExperimentsResource"/>
  </testsuite>
  <testsuite name="Schedule Experiments / ScheduleExperimentForFebruary2053_shouldSucceed / pre_setSecondExperimentGoal" id="b85d0768-0db0-4d78-a286-afd2c05e977b" timestamp="2023-07-14T19:52:02.361Z" tests="2" failures="0" errors="0" time="6.055">
    <testcase name="Status code should be ok 200" time="6.055" classname="ExperimentsResource"/>
    <testcase name="Experiment should have the expected values" time="6.055" classname="ExperimentsResource"/>
  </testsuite>
  <testsuite name="Schedule Experiments / ScheduleExperimentForFebruary2053_shouldSucceed / updateSecondExperimentStartAndEndDate" id="06026d25-e913-4f12-9469-afa48ac05fc2" timestamp="2023-07-14T19:52:02.361Z" tests="2" failures="0" errors="0" time="3.034">
    <testcase name="Status code should be ok 200" time="3.034" classname="ExperimentsResource"/>
    <testcase name="Experiment should have the expected values" time="3.034" classname="ExperimentsResource"/>
  </testsuite>
  <testsuite name="Schedule Experiments / ScheduleExperimentForFebruary2053_shouldSucceed / scheduleExperimentForFebruary2053" id="863200f2-7cc5-46e0-bc1c-5b74e2af8543" timestamp="2023-07-14T19:52:02.361Z" tests="1" failures="0" errors="0" time="3.035">
    <testcase name="Started Experiment with expected values" time="3.035" classname="ExperimentsResource"/>
  </testsuite>
  <testsuite name="Schedule Experiments / ScheduleExperimentForApril2053_shouldSucceed / pre_createExperiment" id="7caca10d-7d69-47b1-aa54-67fe676ad95a" timestamp="2023-07-14T19:52:02.361Z" tests="1" failures="0" errors="0" time="3.033">
    <testcase name="Status code should be ok 200" time="3.033" classname="ExperimentsResource"/>
  </testsuite>
  <testsuite name="Schedule Experiments / ScheduleExperimentForApril2053_shouldSucceed / pre_addVariantToExperiment" id="cfdbad85-89ae-4025-8237-85d1a709dcc5" timestamp="2023-07-14T19:52:02.361Z" tests="1" failures="0" errors="0" time="6.036">
    <testcase name="Variants with correct weight" time="6.036" classname="ExperimentsResource"/>
  </testsuite>
  <testsuite name="Schedule Experiments / ScheduleExperimentForApril2053_shouldSucceed / pre_setExperimentGoal" id="39091c0b-00d5-4db3-b2af-98c5890178b3" timestamp="2023-07-14T19:52:02.361Z" tests="2" failures="0" errors="0" time="6.057">
    <testcase name="Status code should be ok 200" time="6.057" classname="ExperimentsResource"/>
    <testcase name="Experiment should have the expected values" time="6.057" classname="ExperimentsResource"/>
  </testsuite>
  <testsuite name="Schedule Experiments / ScheduleExperimentForApril2053_shouldSucceed / updateExperimentStartAndEndDate" id="21b5c393-77a8-489f-b88f-25ee65897a7a" timestamp="2023-07-14T19:52:02.361Z" tests="2" failures="0" errors="0" time="3.034">
    <testcase name="Status code should be ok 200" time="3.034" classname="ExperimentsResource"/>
    <testcase name="Experiment should have the expected values" time="3.034" classname="ExperimentsResource"/>
  </testsuite>
  <testsuite name="Schedule Experiments / ScheduleExperimentForApril2053_shouldSucceed / scheduleExperimentForApril2053" id="2fb843df-bd35-4ecf-9b11-d605631c0653" timestamp="2023-07-14T19:52:02.361Z" tests="1" failures="0" errors="0" time="3.046">
    <testcase name="Started Experiment with expected values" time="3.046" classname="ExperimentsResource"/>
  </testsuite>
  <testsuite name="Schedule Experiments / ScheduleExperimentForMarch2053_shouldSucceed / pre_createExperiment" id="34eded4b-6100-4688-946d-6c1789fdd290" timestamp="2023-07-14T19:52:02.361Z" tests="1" failures="0" errors="0" time="3.037">
    <testcase name="Status code should be ok 200" time="3.037" classname="ExperimentsResource"/>
  </testsuite>
  <testsuite name="Schedule Experiments / ScheduleExperimentForMarch2053_shouldSucceed / pre_addVariantToExperiment" id="aa16b5cb-95ca-41dd-9696-d551f0fe5c3b" timestamp="2023-07-14T19:52:02.361Z" tests="1" failures="0" errors="0" time="6.034">
    <testcase name="Variants with correct weight" time="6.034" classname="ExperimentsResource"/>
  </testsuite>
  <testsuite name="Schedule Experiments / ScheduleExperimentForMarch2053_shouldSucceed / pre_setExperimentGoal" id="298629ec-7f77-461c-8a47-715f31b7f693" timestamp="2023-07-14T19:52:02.361Z" tests="2" failures="0" errors="0" time="6.040">
    <testcase name="Status code should be ok 200" time="6.040" classname="ExperimentsResource"/>
    <testcase name="Experiment should have the expected values" time="6.040" classname="ExperimentsResource"/>
  </testsuite>
  <testsuite name="Schedule Experiments / ScheduleExperimentForMarch2053_shouldSucceed / updateExperimentStartAndEndDate" id="8bca3db7-3f88-442e-bd0d-c77f97656593" timestamp="2023-07-14T19:52:02.361Z" tests="2" failures="0" errors="0" time="3.054">
    <testcase name="Status code should be ok 200" time="3.054" classname="ExperimentsResource"/>
    <testcase name="Experiment should have the expected values" time="3.054" classname="ExperimentsResource"/>
  </testsuite>
  <testsuite name="Schedule Experiments / ScheduleExperimentForMarch2053_shouldSucceed / scheduleExperimentForMarch2053" id="58fe2232-4ce3-45f6-ad78-b36f7d352b6f" timestamp="2023-07-14T19:52:02.361Z" tests="1" failures="0" errors="0" time="3.055">
    <testcase name="Started Experiment with expected values" time="3.055" classname="ExperimentsResource"/>
  </testsuite>
  <testsuite name="Schedule Experiments / ScheduleExperimentForMiddleOfMarch_shouldFail / pre_createExperiment" id="e1996f37-d33b-45d9-b62f-1f29cafac75f" timestamp="2023-07-14T19:52:02.361Z" tests="1" failures="0" errors="0" time="3.056">
    <testcase name="Status code should be ok 200" time="3.056" classname="ExperimentsResource"/>
  </testsuite>
  <testsuite name="Schedule Experiments / ScheduleExperimentForMiddleOfMarch_shouldFail / pre_addVariantToExperiment" id="428eaacf-6548-4989-9490-258d0f9f8ded" timestamp="2023-07-14T19:52:02.361Z" tests="1" failures="0" errors="0" time="6.035">
    <testcase name="Variants with correct weight" time="6.035" classname="ExperimentsResource"/>
  </testsuite>
  <testsuite name="Schedule Experiments / ScheduleExperimentForMiddleOfMarch_shouldFail / pre_setExperimentGoal" id="ae7fa964-1c0d-412c-b762-1fe471545900" timestamp="2023-07-14T19:52:02.361Z" tests="2" failures="0" errors="0" time="6.041">
    <testcase name="Status code should be ok 200" time="6.041" classname="ExperimentsResource"/>
    <testcase name="Experiment should have the expected values" time="6.041" classname="ExperimentsResource"/>
  </testsuite>
  <testsuite name="Schedule Experiments / ScheduleExperimentForMiddleOfMarch_shouldFail / updateExperimentStartAndEndDate" id="22130c79-4e0c-40e5-a33c-1b1914458237" timestamp="2023-07-14T19:52:02.361Z" tests="2" failures="0" errors="0" time="3.029">
    <testcase name="Status code should be ok 200" time="3.029" classname="ExperimentsResource"/>
    <testcase name="Experiment should have the expected values" time="3.029" classname="ExperimentsResource"/>
  </testsuite>
  <testsuite name="Schedule Experiments / ScheduleExperimentForMiddleOfMarch_shouldFail / scheduleExperimentForMiddleOfJaunary2053" id="68599ecc-43e7-4894-86bf-1822de10fed0" timestamp="2023-07-14T19:52:02.361Z" tests="1" failures="0" errors="0" time="3.029">
    <testcase name="Experiment should conflict with existing" time="3.029" classname="ExperimentsResource"/>
  </testsuite>
  <testsuite name="Cancel Experiment / cancelScheduledExperiment_shouldSucceed / pre_ImportBundleWithPage" id="e929ede6-69d6-4161-8c06-5dc8d0c23d5f" timestamp="2023-07-14T19:52:02.361Z" tests="1" failures="0" errors="0" time="13.637">
    <testcase name="Bundle uploaded sucessfully" time="13.637" classname="ExperimentsResource"/>
  </testsuite>
  <testsuite name="Cancel Experiment / cancelScheduledExperiment_shouldSucceed / pre_createExperiment" id="a2eac097-3815-47cb-9113-0cb9e2e1c14f" timestamp="2023-07-14T19:52:02.361Z" tests="1" failures="0" errors="0" time="3.074">
    <testcase name="Status code should be ok 200" time="3.074" classname="ExperimentsResource"/>
  </testsuite>
  <testsuite name="Cancel Experiment / cancelScheduledExperiment_shouldSucceed / pre_addVariantToExperiment" id="aa66d9c1-a68c-4591-a919-a39b891cc725" timestamp="2023-07-14T19:52:02.361Z" tests="1" failures="0" errors="0" time="6.042">
    <testcase name="Variants with correct weight" time="6.042" classname="ExperimentsResource"/>
  </testsuite>
  <testsuite name="Cancel Experiment / cancelScheduledExperiment_shouldSucceed / pre_setExperimentGoal" id="1b89d7ab-289f-45dc-b04e-bb677d9621f8" timestamp="2023-07-14T19:52:02.361Z" tests="2" failures="0" errors="0" time="6.039">
    <testcase name="Status code should be ok 200" time="6.039" classname="ExperimentsResource"/>
    <testcase name="Experiment should have the expected values" time="6.039" classname="ExperimentsResource"/>
  </testsuite>
  <testsuite name="Cancel Experiment / cancelScheduledExperiment_shouldSucceed / updateExperimentStartAndEndDate" id="3c45421c-42cd-4b27-a315-236c972501b8" timestamp="2023-07-14T19:52:02.361Z" tests="2" failures="0" errors="0" time="3.049">
    <testcase name="Status code should be ok 200" time="3.049" classname="ExperimentsResource"/>
    <testcase name="Experiment should have the expected values" time="3.049" classname="ExperimentsResource"/>
  </testsuite>
  <testsuite name="Cancel Experiment / cancelScheduledExperiment_shouldSucceed / scheduleExperimentForJanuary2053" id="8bb38619-a1a5-43e3-a58b-600b1a6848bb" timestamp="2023-07-14T19:52:02.361Z" tests="1" failures="0" errors="0" time="3.059">
    <testcase name="Started Experiment with expected values" time="3.059" classname="ExperimentsResource"/>
  </testsuite>
  <testsuite name="Cancel Experiment / cancelScheduledExperiment_shouldSucceed / cancelScheduledExperiment_shouldSucceed" id="1ba8c12e-8019-47ca-b012-fddb6d213a7d" timestamp="2023-07-14T19:52:02.361Z" tests="1" failures="0" errors="0" time="3.046">
    <testcase name="Ended Experiment with expected values" time="3.046" classname="ExperimentsResource"/>
  </testsuite>
</testsuites>