<?xml version="1.0" encoding="UTF-8"?>
<testsuites name="NavResource" tests="15" time="124.633">
  <testsuite name="loadJson / invalidateSession" id="afa345a1-c646-41fd-bd47-c37d35cb2b46" timestamp="2023-07-12T19:35:47.213Z" tests="1" failures="0" errors="0" time="0.052">
    <testcase name="Status code is 200" time="0.052" classname="NavResource"/>
  </testsuite>
  <testsuite name="loadJson / UserAuthentification" id="fbb06378-28ef-46b8-91ed-f99ca5b579bc" timestamp="2023-07-12T19:35:47.213Z" tests="2" failures="0" errors="0" time="0.012">
    <testcase name="Status code is 401, Need credentials" time="0.012" classname="NavResource"/>
    <testcase name="Response body matches" time="0.012" classname="NavResource"/>
  </testsuite>
  <testsuite name="loadJson / pre_ImportBundleWithContext" id="b009b91f-8089-4536-a7c4-1458d51d0e7c" timestamp="2023-07-12T19:35:47.213Z" tests="1" failures="0" errors="0" time="83.807">
    <testcase name="Bundle uploaded sucessfully" time="83.807" classname="NavResource"/>
  </testsuite>
  <testsuite name="loadJson / Switch Host" id="94010d13-b399-4cbe-acb1-8dc28b024914" timestamp="2023-07-12T19:35:47.213Z" tests="0" failures="0" errors="0" time="3.035"/>
  <testsuite name="loadJson / SuccessRequest" id="04b9f970-53b8-461c-b087-61199c84d70c" timestamp="2023-07-12T19:35:47.213Z" tests="3" failures="0" errors="0" time="3.098">
    <testcase name="Status code is 200" time="3.098" classname="NavResource"/>
    <testcase name="Include child page" time="3.098" classname="NavResource"/>
    <testcase name="Inlude child page" time="3.098" classname="NavResource"/>
  </testsuite>
  <testsuite name="loadJson / InvalidURL" id="b8936897-efc3-4d2c-b721-c94ec6605cf3" timestamp="2023-07-12T19:35:47.213Z" tests="2" failures="0" errors="0" time="3.033">
    <testcase name="Status code is 404" time="3.033" classname="NavResource"/>
    <testcase name="URL not found" time="3.033" classname="NavResource"/>
  </testsuite>
  <testsuite name="loadJson / InvalidDepthParamether" id="9dd0d380-3a20-4936-acde-4edc30db4d7e" timestamp="2023-07-12T19:35:47.213Z" tests="2" failures="0" errors="0" time="3.014">
    <testcase name="Status code is 400" time="3.014" classname="NavResource"/>
    <testcase name="URL not found" time="3.014" classname="NavResource"/>
  </testsuite>
  <testsuite name="loadJson / InvalidLanguageId" id="3ee270a6-c4a9-44ba-82ac-335615e9a138" timestamp="2023-07-12T19:35:47.213Z" tests="2" failures="0" errors="0" time="3.027">
    <testcase name="Status code is 400" time="3.027" classname="NavResource"/>
    <testcase name="Valid message" time="3.027" classname="NavResource"/>
  </testsuite>
  <testsuite name="loadJson / SuccessRequestWithLanguageId" id="9f019a62-1c03-4b9f-9220-8abad8dca1b4" timestamp="2023-07-12T19:35:47.213Z" tests="3" failures="0" errors="0" time="3.017">
    <testcase name="Status code is 200" time="3.017" classname="NavResource"/>
    <testcase name="Include child page" time="3.017" classname="NavResource"/>
    <testcase name="Inlude child page" time="3.017" classname="NavResource"/>
  </testsuite>
  <testsuite name="unpublished-items / pre_ImportBundleWithPages" id="e47a5bc6-ed23-451a-a3a0-fb40f4dcc467" timestamp="2023-07-12T19:35:47.213Z" tests="1" failures="1" errors="0" time="7.419">
    <testcase name="Bundle uploaded sucessfully" time="7.419" classname="NavResource">
      <failure type="AssertionFailure" message="expected 'RECEIVED_BUNDLE' to deeply equal 'SUCCESS'">
        <![CDATA[Failed 1 times.]]>
        <![CDATA[Collection JSON ID: 40e13762-acd0-47d1-9d6c-b49bd84f6d1e.]]>
        <![CDATA[Collection name: NavResource.]]>
        <![CDATA[Request name: unpublished-items / pre_ImportBundleWithPages.]]>
        <![CDATA[Test description: Bundle uploaded sucessfully.]]>
        <![CDATA[Error message: expected 'RECEIVED_BUNDLE' to deeply equal 'SUCCESS'.]]>
        <![CDATA[Stacktrace: AssertionError: expected 'RECEIVED_BUNDLE' to deeply equal 'SUCCESS'
   at Object.eval sandbox-script.js:1:10).]]>
      </failure>
    </testcase>
  </testsuite>
  <testsuite name="unpublished-items / Switch site to 'demo'" id="546cf2e0-98ed-4d5c-8607-fdd37d057244" timestamp="2023-07-12T19:35:47.213Z" tests="2" failures="0" errors="0" time="3.023">
    <testcase name="Status code is 200 " time="3.023" classname="NavResource"/>
    <testcase name="Valid response" time="3.023" classname="NavResource"/>
  </testsuite>
  <testsuite name="unpublished-items / Request Nav - Unpublished test page" id="80824ea1-760e-4b76-9af4-f918573363e7" timestamp="2023-07-12T19:35:47.213Z" tests="2" failures="2" errors="0" time="3.031">
    <testcase name="Status code is 200" time="3.031" classname="NavResource">
      <failure type="AssertionFailure" message="expected response to have status code 200 but got 404">
        <![CDATA[Failed 1 times.]]>
        <![CDATA[Collection JSON ID: 40e13762-acd0-47d1-9d6c-b49bd84f6d1e.]]>
        <![CDATA[Collection name: NavResource.]]>
        <![CDATA[Request name: unpublished-items / Request Nav - Unpublished test page.]]>
        <![CDATA[Test description: Status code is 200.]]>
        <![CDATA[Error message: expected response to have status code 200 but got 404.]]>
        <![CDATA[Stacktrace: AssertionError: expected response to have status code 200 but got 404
   at Object.eval sandbox-script.js:1:12).]]>
      </failure>
    </testcase>
    <testcase name="Does not Include child page" time="3.031" classname="NavResource">
      <failure type="AssertionFailure" message="Cannot read properties of undefined (reading 'title')">
        <![CDATA[Failed 1 times.]]>
        <![CDATA[Collection JSON ID: 40e13762-acd0-47d1-9d6c-b49bd84f6d1e.]]>
        <![CDATA[Collection name: NavResource.]]>
        <![CDATA[Request name: unpublished-items / Request Nav - Unpublished test page.]]>
        <![CDATA[Test description: Does not Include child page.]]>
        <![CDATA[Error message: Cannot read properties of undefined (reading 'title').]]>
        <![CDATA[Stacktrace: TypeError: Cannot read properties of undefined (reading 'title')
   at Object.eval sandbox-script.js:2:12).]]>
      </failure>
    </testcase>
  </testsuite>
  <testsuite name="unpublished-items / Publish page" id="2488bff2-987b-4874-88d1-75ad3e32081f" timestamp="2023-07-12T19:35:47.213Z" tests="0" failures="0" errors="0" time="3.028"/>
  <testsuite name="unpublished-items / Request Nav - Published test page" id="9488837c-be3a-427e-bbd8-70b64a1c95cf" timestamp="2023-07-12T19:35:47.213Z" tests="2" failures="2" errors="0" time="3.022">
    <testcase name="Status code is 200" time="3.022" classname="NavResource">
      <failure type="AssertionFailure" message="expected response to have status code 200 but got 404">
        <![CDATA[Failed 1 times.]]>
        <![CDATA[Collection JSON ID: 40e13762-acd0-47d1-9d6c-b49bd84f6d1e.]]>
        <![CDATA[Collection name: NavResource.]]>
        <![CDATA[Request name: unpublished-items / Request Nav - Published test page.]]>
        <![CDATA[Test description: Status code is 200.]]>
        <![CDATA[Error message: expected response to have status code 200 but got 404.]]>
        <![CDATA[Stacktrace: AssertionError: expected response to have status code 200 but got 404
   at Object.eval sandbox-script.js:1:14).]]>
      </failure>
    </testcase>
    <testcase name="Does not Include child page" time="3.022" classname="NavResource">
      <failure type="AssertionFailure" message="Cannot read properties of undefined (reading 'title')">
        <![CDATA[Failed 1 times.]]>
        <![CDATA[Collection JSON ID: 40e13762-acd0-47d1-9d6c-b49bd84f6d1e.]]>
        <![CDATA[Collection name: NavResource.]]>
        <![CDATA[Request name: unpublished-items / Request Nav - Published test page.]]>
        <![CDATA[Test description: Does not Include child page.]]>
        <![CDATA[Error message: Cannot read properties of undefined (reading 'title').]]>
        <![CDATA[Stacktrace: TypeError: Cannot read properties of undefined (reading 'title')
   at Object.eval sandbox-script.js:2:14).]]>
      </failure>
    </testcase>
  </testsuite>
  <testsuite name="unpublished-items / Switch site to 'default'" id="d12b5cfa-c9b1-4997-80a1-8d6ae8a7a683" timestamp="2023-07-12T19:35:47.213Z" tests="2" failures="0" errors="0" time="3.015">
    <testcase name="Status code is 200 " time="3.015" classname="NavResource"/>
    <testcase name="Valid response" time="3.015" classname="NavResource"/>
  </testsuite>
</testsuites>