<?xml version="1.0" encoding="UTF-8"?>
<testsuites name="Page API - [api/v1/page]" tests="83" time="605.322">
  <testsuite name="CreateTestContext / Delete Image ContentType" id="f942b6d6-ca03-4bd3-b086-f29de90b281d" timestamp="2023-07-21T17:37:09.136Z" tests="1" failures="0" errors="0" time="16.383">
    <testcase name="Status code should be ok 200" time="16.383" classname="PageApiApiV1Page"/>
  </testsuite>
  <testsuite name="CreateTestContext / Delete Video ContentType" id="85bb8b02-015e-495b-ae2f-df3faa20585f" timestamp="2023-07-21T17:37:09.136Z" tests="1" failures="0" errors="0" time="6.376">
    <testcase name="Status code should be ok 200" time="6.376" classname="PageApiApiV1Page"/>
  </testsuite>
  <testsuite name="CreateTestContext / pre_ImportBundleWithContext" id="201baf0a-085e-42de-a21c-b67d4b153c36" timestamp="2023-07-21T17:37:09.136Z" tests="1" failures="0" errors="0" time="135.255">
    <testcase name="Bundle uploaded sucessfully" time="135.255" classname="PageApiApiV1Page"/>
  </testsuite>
  <testsuite name="JSON [api/v1/page/json] / invalidateSession" id="9ffc1e84-23b5-4314-9515-3b048d1326c1" timestamp="2023-07-21T17:37:09.136Z" tests="1" failures="0" errors="0" time="3.604">
    <testcase name="Status code is 200" time="3.604" classname="PageApiApiV1Page"/>
  </testsuite>
  <testsuite name="JSON [api/v1/page/json] / GivenInvalidUser_ShouldReturn401" id="3eeff624-121e-4415-a6e7-c9252276fa88" timestamp="2023-07-21T17:37:09.136Z" tests="2" failures="0" errors="0" time="0.050">
    <testcase name="Status code is 401, Need credentials" time="0.050" classname="PageApiApiV1Page"/>
    <testcase name="Response body matches" time="0.050" classname="PageApiApiV1Page"/>
  </testsuite>
  <testsuite name="JSON [api/v1/page/json] / Switch site to 'demo.dotcms.com'" id="46568012-2dae-4999-b728-98532e75ba38" timestamp="2023-07-21T17:37:09.136Z" tests="2" failures="0" errors="0" time="3.822">
    <testcase name="Status code is 200 " time="3.822" classname="PageApiApiV1Page"/>
    <testcase name="Valid response" time="3.822" classname="PageApiApiV1Page"/>
  </testsuite>
  <testsuite name="JSON [api/v1/page/json] / GivenValidPageURL_ShouldReturnPageInfo" id="4d53f491-9f4b-4cfc-b5e4-f993cada5ed3" timestamp="2023-07-21T17:37:09.136Z" tests="5" failures="0" errors="0" time="4.420">
    <testcase name="Status code is 200" time="4.420" classname="PageApiApiV1Page"/>
    <testcase name="Include template" time="4.420" classname="PageApiApiV1Page"/>
    <testcase name="Inlude layout" time="4.420" classname="PageApiApiV1Page"/>
    <testcase name="Include Containers" time="4.420" classname="PageApiApiV1Page"/>
    <testcase name="'page' element includes all properties" time="4.420" classname="PageApiApiV1Page"/>
  </testsuite>
  <testsuite name="JSON [api/v1/page/json] / invalidateSession" id="60bb4d7a-60d2-4ae8-b6fe-2e0ca0814786" timestamp="2023-07-21T17:37:09.136Z" tests="1" failures="0" errors="0" time="3.415">
    <testcase name="Status code is 200" time="3.415" classname="PageApiApiV1Page"/>
  </testsuite>
  <testsuite name="JSON [api/v1/page/json] / GivenInvalidPageURL_ShouldReturn404" id="b57fe447-a3b2-4d11-88b9-7453d606ecee" timestamp="2023-07-21T17:37:09.136Z" tests="2" failures="0" errors="0" time="3.854">
    <testcase name="Status code is 404" time="3.854" classname="PageApiApiV1Page"/>
    <testcase name="Valid response" time="3.854" classname="PageApiApiV1Page"/>
  </testsuite>
  <testsuite name="JSON [api/v1/page/json] / GivenURLMappedPage_ShouldReturnPageInfo" id="a0ac1f63-23eb-4c43-8796-2eaf4f77588b" timestamp="2023-07-21T17:37:09.136Z" tests="8" failures="0" errors="0" time="3.143">
    <testcase name="No errors" time="3.143" classname="PageApiApiV1Page"/>
    <testcase name="Status code is 200" time="3.143" classname="PageApiApiV1Page"/>
    <testcase name="Has Rows and Columns" time="3.143" classname="PageApiApiV1Page"/>
    <testcase name="Number of Contents" time="3.143" classname="PageApiApiV1Page"/>
    <testcase name="Page checks" time="3.143" classname="PageApiApiV1Page"/>
    <testcase name="Site checks" time="3.143" classname="PageApiApiV1Page"/>
    <testcase name="Template checks" time="3.143" classname="PageApiApiV1Page"/>
    <testcase name="Contentlets checks" time="3.143" classname="PageApiApiV1Page"/>
  </testsuite>
  <testsuite name="Render [api/v1/page/render] / invalidateSession" id="33b11ab0-4525-42d8-a5cb-89ee98ec6e2b" timestamp="2023-07-21T17:37:09.136Z" tests="1" failures="0" errors="0" time="3.517">
    <testcase name="Status code is 200" time="3.517" classname="PageApiApiV1Page"/>
  </testsuite>
  <testsuite name="Render [api/v1/page/render] / GivenInvalidUser_ShouldReturn401" id="c1ee4380-8657-45d4-bba0-e54e5403cdc8" timestamp="2023-07-21T17:37:09.136Z" tests="2" failures="0" errors="0" time="0.014">
    <testcase name="Status code is 401, Need credentials" time="0.014" classname="PageApiApiV1Page"/>
    <testcase name="Response body matches" time="0.014" classname="PageApiApiV1Page"/>
  </testsuite>
  <testsuite name="Render [api/v1/page/render] / Switch site to 'demo.dotcms.com' Copy" id="a9c7cb17-e263-4da2-88f2-75670adedb6b" timestamp="2023-07-21T17:37:09.136Z" tests="2" failures="0" errors="0" time="3.764">
    <testcase name="Status code is 200 " time="3.764" classname="PageApiApiV1Page"/>
    <testcase name="Valid response" time="3.764" classname="PageApiApiV1Page"/>
  </testsuite>
  <testsuite name="Render [api/v1/page/render] / GivenValidPageURL_ShouldReturnPageInfoAndRenderHTML" id="d7ea275d-b6fa-4060-b164-f75921d3b6b5" timestamp="2023-07-21T17:37:09.136Z" tests="4" failures="4" errors="0" time="3.583">
    <testcase name="Status code is 200" time="3.583" classname="PageApiApiV1Page">
      <failure type="AssertionFailure" message="expected response to have status code 200 but got 404">
        <![CDATA[Failed 1 times.]]>
        <![CDATA[Collection JSON ID: f9c4aa35-f88c-45c1-ad05-78295a74b66f.]]>
        <![CDATA[Collection name: Page API - [api/v1/page].]]>
        <![CDATA[Request name: Render [api/v1/page/render] / GivenValidPageURL_ShouldReturnPageInfoAndRenderHTML.]]>
        <![CDATA[Test description: Status code is 200.]]>
        <![CDATA[Error message: expected response to have status code 200 but got 404.]]>
        <![CDATA[Stacktrace: AssertionError: expected response to have status code 200 but got 404
   at Object.eval sandbox-script.js:1:14).]]>
      </failure>
    </testcase>
    <testcase name="Response body contains" time="3.583" classname="PageApiApiV1Page">
      <failure type="AssertionFailure" message="expected '{&quot;message&quot;:&quot;Cannot parse velocity file : /$dotTheme.templatePath&quot;}' to include 'rendered'">
        <![CDATA[Failed 2 times.]]>
        <![CDATA[Collection JSON ID: f9c4aa35-f88c-45c1-ad05-78295a74b66f.]]>
        <![CDATA[Collection name: Page API - [api/v1/page].]]>
        <![CDATA[Request name: Render [api/v1/page/render] / GivenValidPageURL_ShouldReturnPageInfoAndRenderHTML.]]>
        <![CDATA[Test description: Response body contains.]]>
        <![CDATA[Error message: expected '{"message":"Cannot parse velocity file : /$dotTheme.templatePath"}' to include 'rendered'.]]>
        <![CDATA[Stacktrace: AssertionError: expected '{"message":"Cannot parse velocity file : /$dotTheme.templatePath"}' to include 'rendered'
   at Object.eval sandbox-script.js:2:14).]]>
      </failure>
    </testcase>
    <testcase name="'page' element includes all properties" time="3.583" classname="PageApiApiV1Page">
      <failure type="AssertionFailure" message="Cannot read properties of undefined (reading 'page')">
        <![CDATA[Failed 1 times.]]>
        <![CDATA[Collection JSON ID: f9c4aa35-f88c-45c1-ad05-78295a74b66f.]]>
        <![CDATA[Collection name: Page API - [api/v1/page].]]>
        <![CDATA[Request name: Render [api/v1/page/render] / GivenValidPageURL_ShouldReturnPageInfoAndRenderHTML.]]>
        <![CDATA[Test description: 'page' element includes all properties.]]>
        <![CDATA[Error message: Cannot read properties of undefined (reading 'page').]]>
        <![CDATA[Stacktrace: TypeError: Cannot read properties of undefined (reading 'page')
   at Object.eval sandbox-script.js:4:14).]]>
      </failure>
    </testcase>
  </testsuite>
  <testsuite name="Render [api/v1/page/render] / GivenInvalidPageURL_ShouldReturn404" id="35d80245-54eb-489c-9c87-34a2753878c5" timestamp="2023-07-21T17:37:09.136Z" tests="2" failures="0" errors="0" time="3.026">
    <testcase name="Status code is 404" time="3.026" classname="PageApiApiV1Page"/>
    <testcase name="Response body contains" time="3.026" classname="PageApiApiV1Page"/>
  </testsuite>
  <testsuite name="Render [api/v1/page/render] / Reset workflow for contentlet" id="09593edb-ab24-44bc-8d59-348dcbfb41a3" timestamp="2023-07-21T17:37:09.136Z" tests="2" failures="0" errors="0" time="9.668">
    <testcase name="Status code is 200 " time="9.668" classname="PageApiApiV1Page"/>
    <testcase name="Correct identifier" time="9.668" classname="PageApiApiV1Page"/>
  </testsuite>
  <testsuite name="Render [api/v1/page/render] / Publish archived content Copy" id="640c4871-ff84-4184-aa76-59890b08ddb6" timestamp="2023-07-21T17:37:09.136Z" tests="2" failures="0" errors="0" time="9.634">
    <testcase name="Status code is 200 " time="9.634" classname="PageApiApiV1Page"/>
    <testcase name="Correct identifier" time="9.634" classname="PageApiApiV1Page"/>
  </testsuite>
  <testsuite name="Render [api/v1/page/render] / GivenURLMappedPage_ShouldReturnPageInfo" id="4b9c1886-8f80-475b-b6c5-a05436afcbbf" timestamp="2023-07-21T17:37:09.136Z" tests="8" failures="8" errors="0" time="4.127">
    <testcase name="No errors" time="4.127" classname="PageApiApiV1Page">
      <failure type="AssertionFailure" message="Cannot read properties of undefined (reading 'length')">
        <![CDATA[Failed 1 times.]]>
        <![CDATA[Collection JSON ID: f9c4aa35-f88c-45c1-ad05-78295a74b66f.]]>
        <![CDATA[Collection name: Page API - [api/v1/page].]]>
        <![CDATA[Request name: Render [api/v1/page/render] / GivenURLMappedPage_ShouldReturnPageInfo.]]>
        <![CDATA[Test description: No errors.]]>
        <![CDATA[Error message: Cannot read properties of undefined (reading 'length').]]>
        <![CDATA[Stacktrace: TypeError: Cannot read properties of undefined (reading 'length')
   at Object.eval sandbox-script.js:1:18).]]>
      </failure>
    </testcase>
    <testcase name="Status code is 200" time="4.127" classname="PageApiApiV1Page">
      <failure type="AssertionFailure" message="expected response to have status code 200 but got 404">
        <![CDATA[Failed 1 times.]]>
        <![CDATA[Collection JSON ID: f9c4aa35-f88c-45c1-ad05-78295a74b66f.]]>
        <![CDATA[Collection name: Page API - [api/v1/page].]]>
        <![CDATA[Request name: Render [api/v1/page/render] / GivenURLMappedPage_ShouldReturnPageInfo.]]>
        <![CDATA[Test description: Status code is 200.]]>
        <![CDATA[Error message: expected response to have status code 200 but got 404.]]>
        <![CDATA[Stacktrace: AssertionError: expected response to have status code 200 but got 404
   at Object.eval sandbox-script.js:2:18).]]>
      </failure>
    </testcase>
    <testcase name="Has Rows and Columns" time="4.127" classname="PageApiApiV1Page">
      <failure type="AssertionFailure" message="Cannot read properties of undefined (reading 'layout')">
        <![CDATA[Failed 1 times.]]>
        <![CDATA[Collection JSON ID: f9c4aa35-f88c-45c1-ad05-78295a74b66f.]]>
        <![CDATA[Collection name: Page API - [api/v1/page].]]>
        <![CDATA[Request name: Render [api/v1/page/render] / GivenURLMappedPage_ShouldReturnPageInfo.]]>
        <![CDATA[Test description: Has Rows and Columns.]]>
        <![CDATA[Error message: Cannot read properties of undefined (reading 'layout').]]>
        <![CDATA[Stacktrace: TypeError: Cannot read properties of undefined (reading 'layout')
   at Object.eval sandbox-script.js:3:18).]]>
      </failure>
    </testcase>
    <testcase name="Number of Contents" time="4.127" classname="PageApiApiV1Page">
      <failure type="AssertionFailure" message="Cannot read properties of undefined (reading 'numberContents')">
        <![CDATA[Failed 1 times.]]>
        <![CDATA[Collection JSON ID: f9c4aa35-f88c-45c1-ad05-78295a74b66f.]]>
        <![CDATA[Collection name: Page API - [api/v1/page].]]>
        <![CDATA[Request name: Render [api/v1/page/render] / GivenURLMappedPage_ShouldReturnPageInfo.]]>
        <![CDATA[Test description: Number of Contents.]]>
        <![CDATA[Error message: Cannot read properties of undefined (reading 'numberContents').]]>
        <![CDATA[Stacktrace: TypeError: Cannot read properties of undefined (reading 'numberContents')
   at Object.eval sandbox-script.js:4:18).]]>
      </failure>
    </testcase>
    <testcase name="Page checks" time="4.127" classname="PageApiApiV1Page">
      <failure type="AssertionFailure" message="Cannot read properties of undefined (reading 'page')">
        <![CDATA[Failed 1 times.]]>
        <![CDATA[Collection JSON ID: f9c4aa35-f88c-45c1-ad05-78295a74b66f.]]>
        <![CDATA[Collection name: Page API - [api/v1/page].]]>
        <![CDATA[Request name: Render [api/v1/page/render] / GivenURLMappedPage_ShouldReturnPageInfo.]]>
        <![CDATA[Test description: Page checks.]]>
        <![CDATA[Error message: Cannot read properties of undefined (reading 'page').]]>
        <![CDATA[Stacktrace: TypeError: Cannot read properties of undefined (reading 'page')
   at Object.eval sandbox-script.js:5:18).]]>
      </failure>
    </testcase>
    <testcase name="Site checks" time="4.127" classname="PageApiApiV1Page">
      <failure type="AssertionFailure" message="Cannot read properties of undefined (reading 'site')">
        <![CDATA[Failed 1 times.]]>
        <![CDATA[Collection JSON ID: f9c4aa35-f88c-45c1-ad05-78295a74b66f.]]>
        <![CDATA[Collection name: Page API - [api/v1/page].]]>
        <![CDATA[Request name: Render [api/v1/page/render] / GivenURLMappedPage_ShouldReturnPageInfo.]]>
        <![CDATA[Test description: Site checks.]]>
        <![CDATA[Error message: Cannot read properties of undefined (reading 'site').]]>
        <![CDATA[Stacktrace: TypeError: Cannot read properties of undefined (reading 'site')
   at Object.eval sandbox-script.js:6:18).]]>
      </failure>
    </testcase>
    <testcase name="Template checks" time="4.127" classname="PageApiApiV1Page">
      <failure type="AssertionFailure" message="Cannot read properties of undefined (reading 'template')">
        <![CDATA[Failed 1 times.]]>
        <![CDATA[Collection JSON ID: f9c4aa35-f88c-45c1-ad05-78295a74b66f.]]>
        <![CDATA[Collection name: Page API - [api/v1/page].]]>
        <![CDATA[Request name: Render [api/v1/page/render] / GivenURLMappedPage_ShouldReturnPageInfo.]]>
        <![CDATA[Test description: Template checks.]]>
        <![CDATA[Error message: Cannot read properties of undefined (reading 'template').]]>
        <![CDATA[Stacktrace: TypeError: Cannot read properties of undefined (reading 'template')
   at Object.eval sandbox-script.js:7:18).]]>
      </failure>
    </testcase>
    <testcase name="Url Content Map checks" time="4.127" classname="PageApiApiV1Page">
      <failure type="AssertionFailure" message="Cannot read properties of undefined (reading 'urlContentMap')">
        <![CDATA[Failed 1 times.]]>
        <![CDATA[Collection JSON ID: f9c4aa35-f88c-45c1-ad05-78295a74b66f.]]>
        <![CDATA[Collection name: Page API - [api/v1/page].]]>
        <![CDATA[Request name: Render [api/v1/page/render] / GivenURLMappedPage_ShouldReturnPageInfo.]]>
        <![CDATA[Test description: Url Content Map checks.]]>
        <![CDATA[Error message: Cannot read properties of undefined (reading 'urlContentMap').]]>
        <![CDATA[Stacktrace: TypeError: Cannot read properties of undefined (reading 'urlContentMap')
   at Object.eval sandbox-script.js:8:18).]]>
      </failure>
    </testcase>
  </testsuite>
  <testsuite name="Layout [/api/v1/page/{page-id}/layout] / invalidateSession" id="e5483f67-fa91-49d9-a6be-b2b5f509ed93" timestamp="2023-07-21T17:37:09.136Z" tests="1" failures="0" errors="0" time="3.428">
    <testcase name="Status code is 200" time="3.428" classname="PageApiApiV1Page"/>
  </testsuite>
  <testsuite name="Layout [/api/v1/page/{page-id}/layout] / GivenInvalidUser_ShouldReturn401" id="d1811a37-b328-4afc-934d-0810f8bcc0bd" timestamp="2023-07-21T17:37:09.136Z" tests="2" failures="0" errors="0" time="0.033">
    <testcase name="Status code is 401, Need credentials" time="0.033" classname="PageApiApiV1Page"/>
    <testcase name="Response body matches" time="0.033" classname="PageApiApiV1Page"/>
  </testsuite>
  <testsuite name="Layout [/api/v1/page/{page-id}/layout] / GivenValidLayout_ShouldSaveLayout" id="806b0a2d-823b-4ee5-ba8d-6267dacc830b" timestamp="2023-07-21T17:37:09.136Z" tests="3" failures="3" errors="1" time="7.697">
    <system-err><![CDATA[Iteration: 0

---
testScriptError: Cannot read properties of undefined (reading 'layout')
---
]]></system-err>
    <testcase name="Response code is 200" time="7.697" classname="PageApiApiV1Page">
      <failure type="AssertionFailure" message="expected response to have status code 200 but got 404">
        <![CDATA[Failed 1 times.]]>
        <![CDATA[Collection JSON ID: f9c4aa35-f88c-45c1-ad05-78295a74b66f.]]>
        <![CDATA[Collection name: Page API - [api/v1/page].]]>
        <![CDATA[Request name: Layout [/api/v1/page/{page-id}/layout] / GivenValidLayout_ShouldSaveLayout.]]>
        <![CDATA[Test description: Response code is 200.]]>
        <![CDATA[Error message: expected response to have status code 200 but got 404.]]>
        <![CDATA[Stacktrace: AssertionError: expected response to have status code 200 but got 404
   at Object.eval sandbox-script.js:1:21).]]>
      </failure>
    </testcase>
    <testcase name="Response body contains 'rendered'" time="7.697" classname="PageApiApiV1Page">
      <failure type="AssertionFailure" message="expected '{&quot;message&quot;:&quot;Cannot parse velocity file : /$dotTheme.templatePath&quot;}' to include 'rendered'">
        <![CDATA[Failed 1 times.]]>
        <![CDATA[Collection JSON ID: f9c4aa35-f88c-45c1-ad05-78295a74b66f.]]>
        <![CDATA[Collection name: Page API - [api/v1/page].]]>
        <![CDATA[Request name: Layout [/api/v1/page/{page-id}/layout] / GivenValidLayout_ShouldSaveLayout.]]>
        <![CDATA[Test description: Response body contains 'rendered'.]]>
        <![CDATA[Error message: expected '{"message":"Cannot parse velocity file : /$dotTheme.templatePath"}' to include 'rendered'.]]>
        <![CDATA[Stacktrace: AssertionError: expected '{"message":"Cannot parse velocity file : /$dotTheme.templatePath"}' to include 'rendered'
   at Object.eval sandbox-script.js:2:21).]]>
      </failure>
    </testcase>
    <testcase name="'Containers' section contains expected containers" time="7.697" classname="PageApiApiV1Page">
      <failure type="AssertionFailure" message="Cannot read properties of undefined (reading 'containers')">
        <![CDATA[Failed 1 times.]]>
        <![CDATA[Collection JSON ID: f9c4aa35-f88c-45c1-ad05-78295a74b66f.]]>
        <![CDATA[Collection name: Page API - [api/v1/page].]]>
        <![CDATA[Request name: Layout [/api/v1/page/{page-id}/layout] / GivenValidLayout_ShouldSaveLayout.]]>
        <![CDATA[Test description: 'Containers' section contains expected containers.]]>
        <![CDATA[Error message: Cannot read properties of undefined (reading 'containers').]]>
        <![CDATA[Stacktrace: TypeError: Cannot read properties of undefined (reading 'containers')
   at Object.eval sandbox-script.js:3:21).]]>
      </failure>
    </testcase>
  </testsuite>
  <testsuite name="Layout [/api/v1/page/{page-id}/layout] / GivenInvalidPageId_ShouldReturn404" id="da3a747c-fe11-4f6f-89f2-4a0113c75e78" timestamp="2023-07-21T17:37:09.136Z" tests="2" failures="0" errors="0" time="3.039">
    <testcase name="Status code is 404" time="3.039" classname="PageApiApiV1Page"/>
    <testcase name="Response body contains" time="3.039" classname="PageApiApiV1Page"/>
  </testsuite>
  <testsuite name="Layout [/api/v1/page/{page-id}/layout] / RequestWihoutParameters" id="d1148acb-73bf-4893-8dc6-f4c2ba72ca38" timestamp="2023-07-21T17:37:09.136Z" tests="2" failures="0" errors="0" time="3.036">
    <testcase name="Status code is 400" time="3.036" classname="PageApiApiV1Page"/>
    <testcase name="Response body contains" time="3.036" classname="PageApiApiV1Page"/>
  </testsuite>
  <testsuite name="Layout [/api/v1/page/{page-id}/layout] / BadRequest" id="678914ab-162f-4e1d-86b2-ddd18c454a87" timestamp="2023-07-21T17:37:09.136Z" tests="2" failures="0" errors="0" time="3.045">
    <testcase name="Status code is 400" time="3.045" classname="PageApiApiV1Page"/>
    <testcase name="Response body contains" time="3.045" classname="PageApiApiV1Page"/>
  </testsuite>
  <testsuite name="Add Content [/api/v1/page/{page-id}/content] / Test_RespectOrder / ImportBundle" id="243bfbef-cc5e-4e89-87fc-af37b92b7a4b" timestamp="2023-07-21T17:37:09.136Z" tests="1" failures="0" errors="0" time="15.563">
    <testcase name="Bundle uploaded sucessfully" time="15.563" classname="PageApiApiV1Page"/>
  </testsuite>
  <testsuite name="Add Content [/api/v1/page/{page-id}/content] / Test_RespectOrder / Get Page To Check Order" id="a82d64f7-3687-4da3-b375-5ca3644b7498" timestamp="2023-07-21T17:37:09.136Z" tests="2" failures="2" errors="0" time="3.173">
    <testcase name="Status code is 200" time="3.173" classname="PageApiApiV1Page">
      <failure type="AssertionFailure" message="expected response to have status code 200 but got 404">
        <![CDATA[Failed 1 times.]]>
        <![CDATA[Collection JSON ID: f9c4aa35-f88c-45c1-ad05-78295a74b66f.]]>
        <![CDATA[Collection name: Page API - [api/v1/page].]]>
        <![CDATA[Request name: Add Content [/api/v1/page/{page-id}/content] / Test_RespectOrder / Get Page To Check Order.]]>
        <![CDATA[Test description: Status code is 200.]]>
        <![CDATA[Error message: expected response to have status code 200 but got 404.]]>
        <![CDATA[Stacktrace: AssertionError: expected response to have status code 200 but got 404
   at Object.eval sandbox-script.js:1:26).]]>
      </failure>
    </testcase>
    <testcase name="Response reorder check" time="3.173" classname="PageApiApiV1Page">
      <failure type="AssertionFailure" message="expected '{&quot;message&quot;:&quot;Cannot parse velocity file : /$dotTheme.templatePath&quot;}' to include '&lt;h2>testOrder2&lt;/h2>&lt;h2>testOrder1&lt;/h2>'">
        <![CDATA[Failed 1 times.]]>
        <![CDATA[Collection JSON ID: f9c4aa35-f88c-45c1-ad05-78295a74b66f.]]>
        <![CDATA[Collection name: Page API - [api/v1/page].]]>
        <![CDATA[Request name: Add Content [/api/v1/page/{page-id}/content] / Test_RespectOrder / Get Page To Check Order.]]>
        <![CDATA[Test description: Response reorder check.]]>
        <![CDATA[Error message: expected '{"message":"Cannot parse velocity file : /$dotTheme.templatePath"}' to include '<h2>testOrder2</h2><h2>testOrder1</h2>'.]]>
        <![CDATA[Stacktrace: AssertionError: expected '{"message":"Cannot parse velocity file : /$dotTheme.templatePath"}' to include '<h2>testOrder2</h2><h2>testOrder1</h2>'
   at Object.eval sandbox-script.js:2:26).]]>
      </failure>
    </testcase>
  </testsuite>
  <testsuite name="Add Content [/api/v1/page/{page-id}/content] / Test_RespectOrder / ReorderContents" id="735e7c7c-586d-47b0-b0f8-adfb40ce952e" timestamp="2023-07-21T17:37:09.136Z" tests="2" failures="0" errors="0" time="6.189">
    <testcase name="Status code is 200" time="6.189" classname="PageApiApiV1Page"/>
    <testcase name="Response body contains" time="6.189" classname="PageApiApiV1Page"/>
  </testsuite>
  <testsuite name="Add Content [/api/v1/page/{page-id}/content] / Test_RespectOrder / Get Page To Check Reorder" id="9a8f2143-0e6c-4169-a356-30ef421baea6" timestamp="2023-07-21T17:37:09.136Z" tests="2" failures="2" errors="0" time="3.054">
    <testcase name="Status code is 200" time="3.054" classname="PageApiApiV1Page">
      <failure type="AssertionFailure" message="expected response to have status code 200 but got 404">
        <![CDATA[Failed 1 times.]]>
        <![CDATA[Collection JSON ID: f9c4aa35-f88c-45c1-ad05-78295a74b66f.]]>
        <![CDATA[Collection name: Page API - [api/v1/page].]]>
        <![CDATA[Request name: Add Content [/api/v1/page/{page-id}/content] / Test_RespectOrder / Get Page To Check Reorder.]]>
        <![CDATA[Test description: Status code is 200.]]>
        <![CDATA[Error message: expected response to have status code 200 but got 404.]]>
        <![CDATA[Stacktrace: AssertionError: expected response to have status code 200 but got 404
   at Object.eval sandbox-script.js:1:28).]]>
      </failure>
    </testcase>
    <testcase name="Response reorder check" time="3.054" classname="PageApiApiV1Page">
      <failure type="AssertionFailure" message="expected '{&quot;message&quot;:&quot;Cannot parse velocity file : /$dotTheme.templatePath&quot;}' to include '&lt;h2>testOrder1&lt;/h2>&lt;h2>testOrder2&lt;/h2>'">
        <![CDATA[Failed 1 times.]]>
        <![CDATA[Collection JSON ID: f9c4aa35-f88c-45c1-ad05-78295a74b66f.]]>
        <![CDATA[Collection name: Page API - [api/v1/page].]]>
        <![CDATA[Request name: Add Content [/api/v1/page/{page-id}/content] / Test_RespectOrder / Get Page To Check Reorder.]]>
        <![CDATA[Test description: Response reorder check.]]>
        <![CDATA[Error message: expected '{"message":"Cannot parse velocity file : /$dotTheme.templatePath"}' to include '<h2>testOrder1</h2><h2>testOrder2</h2>'.]]>
        <![CDATA[Stacktrace: AssertionError: expected '{"message":"Cannot parse velocity file : /$dotTheme.templatePath"}' to include '<h2>testOrder1</h2><h2>testOrder2</h2>'
   at Object.eval sandbox-script.js:2:28).]]>
      </failure>
    </testcase>
  </testsuite>
  <testsuite name="Add Content [/api/v1/page/{page-id}/content] / invalidateSession" id="6655a1d5-2bc7-4790-b1a7-ec5985f725bc" timestamp="2023-07-21T17:37:09.136Z" tests="1" failures="0" errors="0" time="3.407">
    <testcase name="Status code is 200" time="3.407" classname="PageApiApiV1Page"/>
  </testsuite>
  <testsuite name="Add Content [/api/v1/page/{page-id}/content] / UserAuthenticationValidation" id="b2d43dbe-b2ed-4ed2-9516-0d13dc9756d8" timestamp="2023-07-21T17:37:09.136Z" tests="2" failures="0" errors="0" time="0.014">
    <testcase name="Status code is 401, Need credentials" time="0.014" classname="PageApiApiV1Page"/>
    <testcase name="Response body matches" time="0.014" classname="PageApiApiV1Page"/>
  </testsuite>
  <testsuite name="Add Content [/api/v1/page/{page-id}/content] / SuccessRequest" id="ce31b3b5-60a1-4a7f-86eb-30a387f33543" timestamp="2023-07-21T17:37:09.136Z" tests="2" failures="0" errors="0" time="6.880">
    <testcase name="Status code is 200" time="6.880" classname="PageApiApiV1Page"/>
    <testcase name="Response body contains" time="6.880" classname="PageApiApiV1Page"/>
  </testsuite>
  <testsuite name="Add Content [/api/v1/page/{page-id}/content] / Save Contentlets Not Valid BadRequest 400" id="493fbdff-7141-4490-b496-dc0b4a98c3de" timestamp="2023-07-21T17:37:09.136Z" tests="1" failures="0" errors="0" time="3.062">
    <testcase name="Status code is 400" time="3.062" classname="PageApiApiV1Page"/>
  </testsuite>
  <testsuite name="Add Content [/api/v1/page/{page-id}/content] / InvalidPageId" id="7f15e993-3334-4285-902c-414b2a845766" timestamp="2023-07-21T17:37:09.136Z" tests="2" failures="0" errors="0" time="3.053">
    <testcase name="Status code is 404" time="3.053" classname="PageApiApiV1Page"/>
    <testcase name="Response body contains" time="3.053" classname="PageApiApiV1Page"/>
  </testsuite>
  <testsuite name="Add Content [/api/v1/page/{page-id}/content] / RequestWihoutParameters" id="bb7eac3e-4f10-41de-a1e8-1bf40fc62cdb" timestamp="2023-07-21T17:37:09.136Z" tests="2" failures="0" errors="0" time="3.031">
    <testcase name="Status code is 400" time="3.031" classname="PageApiApiV1Page"/>
    <testcase name="Layout is required" time="3.031" classname="PageApiApiV1Page"/>
  </testsuite>
  <testsuite name="Add Content [/api/v1/page/{page-id}/content] / BadRequest" id="0c6fc77d-8328-4bc3-9d9b-c41a0183dd07" timestamp="2023-07-21T17:37:09.136Z" tests="2" failures="0" errors="0" time="3.022">
    <testcase name="Status code is 400" time="3.022" classname="PageApiApiV1Page"/>
    <testcase name="Response body contains" time="3.022" classname="PageApiApiV1Page"/>
  </testsuite>
  <testsuite name="Add Content [/api/v1/page/{page-id}/content] / Save Content Upsert Duplicated Containers Body" id="793a1744-6e05-4439-87e2-336a9357209c" timestamp="2023-07-21T17:37:09.136Z" tests="2" failures="0" errors="0" time="6.058">
    <testcase name="Status code is 200" time="6.058" classname="PageApiApiV1Page"/>
    <testcase name="Response body contains" time="6.058" classname="PageApiApiV1Page"/>
  </testsuite>
  <testsuite name="Render HTML [/api/v1/page/renderHTML] / invalidateSession" id="b580536c-3911-4cff-acd9-bb6ec0216b0e" timestamp="2023-07-21T17:37:09.136Z" tests="1" failures="0" errors="0" time="3.438">
    <testcase name="Status code is 200" time="3.438" classname="PageApiApiV1Page"/>
  </testsuite>
  <testsuite name="Render HTML [/api/v1/page/renderHTML] / UserAuthenticationValidation" id="8111afdf-22ee-4b33-973f-4b8b9583685f" timestamp="2023-07-21T17:37:09.136Z" tests="2" failures="0" errors="0" time="0.012">
    <testcase name="Status code is 401, Need credentials" time="0.012" classname="PageApiApiV1Page"/>
    <testcase name="Invalid User" time="0.012" classname="PageApiApiV1Page"/>
  </testsuite>
  <testsuite name="Render HTML [/api/v1/page/renderHTML] / pre_ImportBundleWithDemoHost" id="33299c51-d5b2-419b-af95-d24b3fbea911" timestamp="2023-07-21T17:37:09.136Z" tests="1" failures="0" errors="0" time="11.627">
    <testcase name="Bundle uploaded sucessfully" time="11.627" classname="PageApiApiV1Page"/>
  </testsuite>
  <testsuite name="Render HTML [/api/v1/page/renderHTML] / SuccessRequest" id="829d035f-6ae6-4fce-a700-add9be40242a" timestamp="2023-07-21T17:37:09.136Z" tests="2" failures="2" errors="0" time="3.230">
    <testcase name="Status code is 200" time="3.230" classname="PageApiApiV1Page">
      <failure type="AssertionFailure" message="expected response to have status code 200 but got 404">
        <![CDATA[Failed 1 times.]]>
        <![CDATA[Collection JSON ID: f9c4aa35-f88c-45c1-ad05-78295a74b66f.]]>
        <![CDATA[Collection name: Page API - [api/v1/page].]]>
        <![CDATA[Request name: Render HTML [/api/v1/page/renderHTML] / SuccessRequest.]]>
        <![CDATA[Test description: Status code is 200.]]>
        <![CDATA[Error message: expected response to have status code 200 but got 404.]]>
        <![CDATA[Stacktrace: AssertionError: expected response to have status code 200 but got 404
   at Object.eval sandbox-script.js:1:40).]]>
      </failure>
    </testcase>
    <testcase name="renders expected HTML only" time="3.230" classname="PageApiApiV1Page">
      <failure type="AssertionFailure" message="expected false to be true">
        <![CDATA[Failed 1 times.]]>
        <![CDATA[Collection JSON ID: f9c4aa35-f88c-45c1-ad05-78295a74b66f.]]>
        <![CDATA[Collection name: Page API - [api/v1/page].]]>
        <![CDATA[Request name: Render HTML [/api/v1/page/renderHTML] / SuccessRequest.]]>
        <![CDATA[Test description: renders expected HTML only.]]>
        <![CDATA[Error message: expected false to be true.]]>
        <![CDATA[Stacktrace: AssertionError: expected false to be true
   at Object.eval sandbox-script.js:2:40).]]>
      </failure>
    </testcase>
  </testsuite>
  <testsuite name="Render HTML [/api/v1/page/renderHTML] / InvalidPageURL" id="70abd175-c77a-4fa0-9022-faca725e3291" timestamp="2023-07-21T17:37:09.136Z" tests="2" failures="0" errors="0" time="3.070">
    <testcase name="Status code is 404" time="3.070" classname="PageApiApiV1Page"/>
    <testcase name="Valid response" time="3.070" classname="PageApiApiV1Page"/>
  </testsuite>
  <testsuite name="Whats Changed / pre_ImportBundle" id="4bad8ec9-3177-4c09-8066-0f5cf52250db" timestamp="2023-07-21T17:37:09.136Z" tests="1" failures="0" errors="0" time="15.158">
    <testcase name="Bundle uploaded sucessfully" time="15.158" classname="PageApiApiV1Page"/>
  </testsuite>
  <testsuite name="Whats Changed / Check Whats Changed Endpoint" id="20f4274a-5ec3-46ed-adc7-1da89cd41815" timestamp="2023-07-21T17:37:09.136Z" tests="2" failures="2" errors="0" time="3.140">
    <testcase name="Status code is 200" time="3.140" classname="PageApiApiV1Page">
      <failure type="AssertionFailure" message="expected response to have status code 200 but got 404">
        <![CDATA[Failed 1 times.]]>
        <![CDATA[Collection JSON ID: f9c4aa35-f88c-45c1-ad05-78295a74b66f.]]>
        <![CDATA[Collection name: Page API - [api/v1/page].]]>
        <![CDATA[Request name: Whats Changed / Check Whats Changed Endpoint.]]>
        <![CDATA[Test description: Status code is 200.]]>
        <![CDATA[Error message: expected response to have status code 200 but got 404.]]>
        <![CDATA[Stacktrace: AssertionError: expected response to have status code 200 but got 404
   at Object.eval sandbox-script.js:1:43).]]>
      </failure>
    </testcase>
    <testcase name="There are diff between live and working page" time="3.140" classname="PageApiApiV1Page">
      <failure type="AssertionFailure" message="Cannot read properties of undefined (reading 'diff')">
        <![CDATA[Failed 1 times.]]>
        <![CDATA[Collection JSON ID: f9c4aa35-f88c-45c1-ad05-78295a74b66f.]]>
        <![CDATA[Collection name: Page API - [api/v1/page].]]>
        <![CDATA[Request name: Whats Changed / Check Whats Changed Endpoint.]]>
        <![CDATA[Test description: There are diff between live and working page.]]>
        <![CDATA[Error message: Cannot read properties of undefined (reading 'diff').]]>
        <![CDATA[Stacktrace: TypeError: Cannot read properties of undefined (reading 'diff')
   at Object.eval sandbox-script.js:2:43).]]>
      </failure>
    </testcase>
  </testsuite>
  <testsuite name="TestHostVariables / Create new Site For Test Host Variables" id="65df11a7-7b0c-4eda-892b-ce9dfe1637b0" timestamp="2023-07-21T17:37:09.136Z" tests="2" failures="0" errors="0" time="9.776">
    <testcase name="Status code should be 200" time="9.776" classname="PageApiApiV1Page"/>
    <testcase name="Host check" time="9.776" classname="PageApiApiV1Page"/>
  </testsuite>
  <testsuite name="TestHostVariables / Publish Site" id="4a897a17-c960-4e6d-9da0-df34dacd9bb3" timestamp="2023-07-21T17:37:09.136Z" tests="0" failures="0" errors="0" time="9.202"/>
  <testsuite name="TestHostVariables / Add Site Variable" id="537a1ddc-bae1-438a-b85e-74e6fe0c7e9a" timestamp="2023-07-21T17:37:09.136Z" tests="2" failures="0" errors="0" time="6.107">
    <testcase name="Status code should be 200" time="6.107" classname="PageApiApiV1Page"/>
    <testcase name="Host check" time="6.107" classname="PageApiApiV1Page"/>
  </testsuite>
  <testsuite name="TestHostVariables / CreateNewContainer Test Host Variables" id="c242abf8-cd38-41a1-9e4d-b38cd82b18d1" timestamp="2023-07-21T17:37:09.136Z" tests="2" failures="0" errors="0" time="6.437">
    <testcase name="No errors" time="6.437" classname="PageApiApiV1Page"/>
    <testcase name="Information Saved Correctly" time="6.437" classname="PageApiApiV1Page"/>
  </testsuite>
  <testsuite name="TestHostVariables / SavePublishNewTemplateTestHostVariables" id="be89b574-89e5-4855-9a2c-6c056d488bee" timestamp="2023-07-21T17:37:09.136Z" tests="3" failures="0" errors="0" time="6.124">
    <testcase name="Status code should be ok 200" time="6.124" classname="PageApiApiV1Page"/>
    <testcase name="live check" time="6.124" classname="PageApiApiV1Page"/>
    <testcase name="Title check" time="6.124" classname="PageApiApiV1Page"/>
  </testsuite>
  <testsuite name="TestHostVariables / Create Page using the template" id="b104530a-4f35-4a96-89b7-3cde8ddda42b" timestamp="2023-07-21T17:37:09.136Z" tests="2" failures="0" errors="0" time="9.513">
    <testcase name="Status code is 200 " time="9.513" classname="PageApiApiV1Page"/>
    <testcase name="Path check" time="9.513" classname="PageApiApiV1Page"/>
  </testsuite>
  <testsuite name="TestHostVariables / Test the host variables" id="4581604f-9317-4316-b4fb-81b40c0a2fbe" timestamp="2023-07-21T17:37:09.136Z" tests="2" failures="0" errors="0" time="3.132">
    <testcase name="Status code is 200 " time="3.132" classname="PageApiApiV1Page"/>
    <testcase name="Path check" time="3.132" classname="PageApiApiV1Page"/>
  </testsuite>
  <testsuite name="In-Place Content Copy / Create Test Page" id="026b7c64-57fc-473c-8501-2db82775de14" timestamp="2023-07-21T17:37:09.136Z" tests="2" failures="0" errors="0" time="12.242">
    <testcase name="HTTP Status code must be 200" time="12.242" classname="PageApiApiV1Page"/>
    <testcase name="Test Page created successfully" time="12.242" classname="PageApiApiV1Page"/>
  </testsuite>
  <testsuite name="In-Place Content Copy / Create Test Rich Text Contentlet" id="0ce2a997-ea5e-44d0-84c2-5bcd895ab30f" timestamp="2023-07-21T17:37:09.136Z" tests="2" failures="0" errors="0" time="12.019">
    <testcase name="HTTP Status code must be 200" time="12.019" classname="PageApiApiV1Page"/>
    <testcase name="Test Rich Text created successfully" time="12.019" classname="PageApiApiV1Page"/>
  </testsuite>
  <testsuite name="In-Place Content Copy / Add Test Content To Test Page" id="1edbfa1b-af04-4004-b2f9-c837035e3d52" timestamp="2023-07-21T17:37:09.136Z" tests="2" failures="0" errors="0" time="6.045">
    <testcase name="HTTP Status code must be 200" time="6.045" classname="PageApiApiV1Page"/>
    <testcase name="Test Content added to Test Page successfuly" time="6.045" classname="PageApiApiV1Page"/>
  </testsuite>
  <testsuite name="In-Place Content Copy / Check That Multi-Tree Data Is Correct" id="45b8252e-f058-4f2b-9b70-8585f23082ce" timestamp="2023-07-21T17:37:09.136Z" tests="2" failures="0" errors="0" time="3.039">
    <testcase name="HTTP Status code must be 200" time="3.039" classname="PageApiApiV1Page"/>
    <testcase name="Retrieving Multi-Tree data for test Contentlet" time="3.039" classname="PageApiApiV1Page"/>
  </testsuite>
  <testsuite name="In-Place Content Copy / In-Place Copy Of Test Contentlet" id="247cd053-991a-4a08-99cd-7217f4d4fd1a" timestamp="2023-07-21T17:37:09.136Z" tests="1" failures="0" errors="0" time="12.296">
    <testcase name="HTTP Status code must be 200" time="12.296" classname="PageApiApiV1Page"/>
  </testsuite>
  <testsuite name="In-Place Content Copy / Check Multitree Data After In-Place Copy" id="a3f16876-023c-48fb-b865-42618a762263" timestamp="2023-07-21T17:37:09.136Z" tests="2" failures="0" errors="0" time="3.027">
    <testcase name="HTTP Status code must be 200" time="3.027" classname="PageApiApiV1Page"/>
    <testcase name="Checking that duplicate Contentlet has replaced the existing one" time="3.027" classname="PageApiApiV1Page"/>
  </testsuite>
  <testsuite name="In-Place Content Copy / Copy Non-Existing Contentlet" id="9e1dc535-6451-4ced-8a60-c2bf7c4e33e3" timestamp="2023-07-21T17:37:09.136Z" tests="2" failures="0" errors="0" time="3.035">
    <testcase name="HTTP Status code must be 404" time="3.035" classname="PageApiApiV1Page"/>
    <testcase name="Checking that the error message is present" time="3.035" classname="PageApiApiV1Page"/>
  </testsuite>
  <testsuite name="In-Place Content Copy / Copy Contentlet to Non-Existing Container" id="f8a1533a-a2d1-466e-aedd-cf62c29b718d" timestamp="2023-07-21T17:37:09.136Z" tests="2" failures="0" errors="0" time="3.094">
    <testcase name="HTTP Status code must be 404" time="3.094" classname="PageApiApiV1Page"/>
    <testcase name="Checking that the error message is present" time="3.094" classname="PageApiApiV1Page"/>
  </testsuite>
  <testsuite name="In-Place Content Copy / Deep-Clone Test Page" id="fb8901f9-cd1e-4e02-bd04-5831b1430e84" timestamp="2023-07-21T17:37:09.136Z" tests="1" failures="0" errors="0" time="12.670">
    <testcase name="HTTP Status code must be 200" time="12.670" classname="PageApiApiV1Page"/>
  </testsuite>
  <testsuite name="In-Place Content Copy / Check Multi-Tree Data For Deep-Copied Page" id="71f28d8d-8d43-4ed2-8459-51d36bdb1586" timestamp="2023-07-21T17:37:09.136Z" tests="2" failures="0" errors="0" time="3.025">
    <testcase name="HTTP Status code must be 200" time="3.025" classname="PageApiApiV1Page"/>
    <testcase name="Checking Multi-Tree data Deep-Copied Page" time="3.025" classname="PageApiApiV1Page"/>
  </testsuite>
  <testsuite name="Number of Content References in Pages / Get Default Site" id="a82e1ec9-c026-4932-a5f9-2e5173f6cf24" timestamp="2023-07-21T17:37:09.136Z" tests="2" failures="0" errors="0" time="3.026">
    <testcase name="HTTP Status must be successfull" time="3.026" classname="PageApiApiV1Page"/>
    <testcase name="Getting 'default' Site ID" time="3.026" classname="PageApiApiV1Page"/>
  </testsuite>
  <testsuite name="Number of Content References in Pages / Create First Test Page" id="8eac503c-c4da-4034-914b-cec8cfe848bd" timestamp="2023-07-21T17:37:09.136Z" tests="2" failures="0" errors="0" time="12.208">
    <testcase name="First Test HTML Page was created successfully" time="12.208" classname="PageApiApiV1Page"/>
    <testcase name="No page creation errors are present" time="12.208" classname="PageApiApiV1Page"/>
  </testsuite>
  <testsuite name="Number of Content References in Pages / Create Test Rich Text Contentlet" id="dd7722a0-f49c-4bb7-9aff-f14f9cd28830" timestamp="2023-07-21T17:37:09.136Z" tests="2" failures="0" errors="0" time="12.045">
    <testcase name="Test Content was created successfully" time="12.045" classname="PageApiApiV1Page"/>
    <testcase name="No contentlet creation errors are present" time="12.045" classname="PageApiApiV1Page"/>
  </testsuite>
  <testsuite name="Number of Content References in Pages / Add Test Contentlet To First Page" id="0d15cdd3-22be-46ce-9b60-9a17a4d8fd44" timestamp="2023-07-21T17:37:09.136Z" tests="2" failures="0" errors="0" time="6.044">
    <testcase name="Test Content was added to First Page successfully" time="6.044" classname="PageApiApiV1Page"/>
    <testcase name="No contentlet addition errors are present" time="6.044" classname="PageApiApiV1Page"/>
  </testsuite>
  <testsuite name="Number of Content References in Pages / Check Property in First Page" id="12c0d106-1b11-4058-ae7a-2b76a9bf1774" timestamp="2023-07-21T17:37:09.136Z" tests="3" failures="3" errors="0" time="3.143">
    <testcase name="HTTP Status Response is successfully" time="3.143" classname="PageApiApiV1Page">
      <failure type="AssertionFailure" message="expected response to have status code 200 but got 404">
        <![CDATA[Failed 1 times.]]>
        <![CDATA[Collection JSON ID: f9c4aa35-f88c-45c1-ad05-78295a74b66f.]]>
        <![CDATA[Collection name: Page API - [api/v1/page].]]>
        <![CDATA[Request name: Number of Content References in Pages / Check Property in First Page.]]>
        <![CDATA[Test description: HTTP Status Response is successfully.]]>
        <![CDATA[Error message: expected response to have status code 200 but got 404.]]>
        <![CDATA[Stacktrace: AssertionError: expected response to have status code 200 but got 404
   at Object.eval sandbox-script.js:1:65).]]>
      </failure>
    </testcase>
    <testcase name="Only one Contentlet must be present" time="3.143" classname="PageApiApiV1Page">
      <failure type="AssertionFailure" message="Cannot read properties of undefined (reading 'containers')">
        <![CDATA[Failed 1 times.]]>
        <![CDATA[Collection JSON ID: f9c4aa35-f88c-45c1-ad05-78295a74b66f.]]>
        <![CDATA[Collection name: Page API - [api/v1/page].]]>
        <![CDATA[Request name: Number of Content References in Pages / Check Property in First Page.]]>
        <![CDATA[Test description: Only one Contentlet must be present.]]>
        <![CDATA[Error message: Cannot read properties of undefined (reading 'containers').]]>
        <![CDATA[Stacktrace: TypeError: Cannot read properties of undefined (reading 'containers')
   at Object.eval sandbox-script.js:2:65).]]>
      </failure>
    </testcase>
    <testcase name="The rendered section should contain data attribute 'data-dot-on-number-of-pages' for the contentlet object" time="3.143" classname="PageApiApiV1Page">
      <failure type="AssertionFailure" message="Cannot read properties of undefined (reading 'containers')">
        <![CDATA[Failed 1 times.]]>
        <![CDATA[Collection JSON ID: f9c4aa35-f88c-45c1-ad05-78295a74b66f.]]>
        <![CDATA[Collection name: Page API - [api/v1/page].]]>
        <![CDATA[Request name: Number of Content References in Pages / Check Property in First Page.]]>
        <![CDATA[Test description: The rendered section should contain data attribute 'data-dot-on-number-of-pages' for the contentlet object.]]>
        <![CDATA[Error message: Cannot read properties of undefined (reading 'containers').]]>
        <![CDATA[Stacktrace: TypeError: Cannot read properties of undefined (reading 'containers')
   at Object.eval sandbox-script.js:3:65).]]>
      </failure>
    </testcase>
  </testsuite>
  <testsuite name="Number of Content References in Pages / Create Second Test Page" id="b6104331-2b7b-4a75-9c53-83e41364a080" timestamp="2023-07-21T17:37:09.136Z" tests="2" failures="0" errors="0" time="12.133">
    <testcase name="Second Test HTML Page was created successfully" time="12.133" classname="PageApiApiV1Page"/>
    <testcase name="No page creation errors are present" time="12.133" classname="PageApiApiV1Page"/>
  </testsuite>
  <testsuite name="Number of Content References in Pages / Add Test Contentlet To Second Page" id="2185784a-0042-4802-ab92-26b53133c7e1" timestamp="2023-07-21T17:37:09.136Z" tests="2" failures="0" errors="0" time="6.044">
    <testcase name="Test Content was added to First Page successfully" time="6.044" classname="PageApiApiV1Page"/>
    <testcase name="No contentlet addition errors are present" time="6.044" classname="PageApiApiV1Page"/>
  </testsuite>
  <testsuite name="Number of Content References in Pages / Check Property in Second Page" id="71a81936-e0e8-494d-ae43-60a3307dd619" timestamp="2023-07-21T17:37:09.136Z" tests="3" failures="3" errors="0" time="3.042">
    <testcase name="HTTP Status Response is successfully" time="3.042" classname="PageApiApiV1Page">
      <failure type="AssertionFailure" message="expected response to have status code 200 but got 404">
        <![CDATA[Failed 1 times.]]>
        <![CDATA[Collection JSON ID: f9c4aa35-f88c-45c1-ad05-78295a74b66f.]]>
        <![CDATA[Collection name: Page API - [api/v1/page].]]>
        <![CDATA[Request name: Number of Content References in Pages / Check Property in Second Page.]]>
        <![CDATA[Test description: HTTP Status Response is successfully.]]>
        <![CDATA[Error message: expected response to have status code 200 but got 404.]]>
        <![CDATA[Stacktrace: AssertionError: expected response to have status code 200 but got 404
   at Object.eval sandbox-script.js:1:68).]]>
      </failure>
    </testcase>
    <testcase name="Only one Contentlet must be present" time="3.042" classname="PageApiApiV1Page">
      <failure type="AssertionFailure" message="Cannot read properties of undefined (reading 'containers')">
        <![CDATA[Failed 1 times.]]>
        <![CDATA[Collection JSON ID: f9c4aa35-f88c-45c1-ad05-78295a74b66f.]]>
        <![CDATA[Collection name: Page API - [api/v1/page].]]>
        <![CDATA[Request name: Number of Content References in Pages / Check Property in Second Page.]]>
        <![CDATA[Test description: Only one Contentlet must be present.]]>
        <![CDATA[Error message: Cannot read properties of undefined (reading 'containers').]]>
        <![CDATA[Stacktrace: TypeError: Cannot read properties of undefined (reading 'containers')
   at Object.eval sandbox-script.js:2:68).]]>
      </failure>
    </testcase>
    <testcase name="The rendered section should contain data attribute 'data-dot-on-number-of-pages' for the contentlet object" time="3.042" classname="PageApiApiV1Page">
      <failure type="AssertionFailure" message="Cannot read properties of undefined (reading 'containers')">
        <![CDATA[Failed 1 times.]]>
        <![CDATA[Collection JSON ID: f9c4aa35-f88c-45c1-ad05-78295a74b66f.]]>
        <![CDATA[Collection name: Page API - [api/v1/page].]]>
        <![CDATA[Request name: Number of Content References in Pages / Check Property in Second Page.]]>
        <![CDATA[Test description: The rendered section should contain data attribute 'data-dot-on-number-of-pages' for the contentlet object.]]>
        <![CDATA[Error message: Cannot read properties of undefined (reading 'containers').]]>
        <![CDATA[Stacktrace: TypeError: Cannot read properties of undefined (reading 'containers')
   at Object.eval sandbox-script.js:3:68).]]>
      </failure>
    </testcase>
  </testsuite>
  <testsuite name="Get Page Types / Create new UrlMap Page" id="abdaab94-7196-456a-9979-9a2dd55db66b" timestamp="2023-07-21T17:37:09.136Z" tests="1" failures="0" errors="0" time="11.850">
    <testcase name="No errors" time="11.850" classname="PageApiApiV1Page"/>
  </testsuite>
  <testsuite name="Get Page Types / CreateNewTypeWithUrlMap" id="8d7d8261-1f2b-487c-849b-e1a09da5c84e" timestamp="2023-07-21T17:37:09.136Z" tests="0" failures="0" errors="0" time="9.262"/>
  <testsuite name="Get Page Types / Create New Page Type" id="210565e2-071a-4f40-a4b4-cfef286b7bd5" timestamp="2023-07-21T17:37:09.136Z" tests="0" failures="0" errors="0" time="9.844"/>
  <testsuite name="Get Page Types / Get Types" id="8291d683-eac0-4e77-b749-0627c7446496" timestamp="2023-07-21T17:37:09.136Z" tests="1" failures="0" errors="0" time="4.228">
    <testcase name="No errors" time="4.228" classname="PageApiApiV1Page"/>
  </testsuite>
  <testsuite name="Get Page Types / Get Types Filtered" id="e6b44392-7866-4e08-b013-7e6fc353c17e" timestamp="2023-07-21T17:37:09.136Z" tests="1" failures="0" errors="0" time="3.086">
    <testcase name="No errors" time="3.086" classname="PageApiApiV1Page"/>
  </testsuite>
  <testsuite name="Permissions / CallLogout" id="a5ef1b69-63bc-42cb-bb25-cc46e970473a" timestamp="2023-07-21T17:37:09.136Z" tests="0" failures="0" errors="0" time="3.885"/>
  <testsuite name="Permissions / Create Test Page Permission" id="a44d4abc-02c9-4e20-8637-b012c0247a1d" timestamp="2023-07-21T17:37:09.136Z" tests="2" failures="0" errors="0" time="12.211">
    <testcase name="HTTP Status code must be 200" time="12.211" classname="PageApiApiV1Page"/>
    <testcase name="Test Page created successfully" time="12.211" classname="PageApiApiV1Page"/>
  </testsuite>
  <testsuite name="Permissions / CheckPermission" id="85952451-7028-4f79-9a32-051149e45521" timestamp="2023-07-21T17:37:09.136Z" tests="2" failures="0" errors="0" time="3.136">
    <testcase name="HTTP Status code must be 200" time="3.136" classname="PageApiApiV1Page"/>
    <testcase name="Test Page created successfully" time="3.136" classname="PageApiApiV1Page"/>
  </testsuite>
  <testsuite name="GetAvailableActionsPerPage / CallLogout" id="2860efcb-60c0-4ee6-ab39-893bfb0cbb98" timestamp="2023-07-21T17:37:09.136Z" tests="0" failures="0" errors="0" time="3.485"/>
  <testsuite name="GetAvailableActionsPerPage / SwitchToDefaultSiteJustInCase" id="e7ab5486-b9fc-43b4-badf-bf8915859a1a" timestamp="2023-07-21T17:37:09.136Z" tests="0" failures="0" errors="0" time="3.761"/>
  <testsuite name="GetAvailableActionsPerPage / Create Test Page" id="992dbaf0-de44-417c-a708-9bcedc7522f1" timestamp="2023-07-21T17:37:09.136Z" tests="2" failures="0" errors="0" time="11.899">
    <testcase name="HTTP Status code must be 200" time="11.899" classname="PageApiApiV1Page"/>
    <testcase name="Test Page created successfully" time="11.899" classname="PageApiApiV1Page"/>
  </testsuite>
  <testsuite name="GetAvailableActionsPerPage / GetAvailableActions" id="d557e3d8-68f0-4dea-96c0-b070f132861f" timestamp="2023-07-21T17:37:09.136Z" tests="2" failures="2" errors="0" time="3.073">
    <testcase name="HTTP Status code must be 200" time="3.073" classname="PageApiApiV1Page">
      <failure type="AssertionFailure" message="expected response to have status code 200 but got 404">
        <![CDATA[Failed 1 times.]]>
        <![CDATA[Collection JSON ID: f9c4aa35-f88c-45c1-ad05-78295a74b66f.]]>
        <![CDATA[Collection name: Page API - [api/v1/page].]]>
        <![CDATA[Request name: GetAvailableActionsPerPage / GetAvailableActions.]]>
        <![CDATA[Test description: HTTP Status code must be 200.]]>
        <![CDATA[Error message: expected response to have status code 200 but got 404.]]>
        <![CDATA[Stacktrace: AssertionError: expected response to have status code 200 but got 404
   at Object.eval sandbox-script.js:1:80).]]>
      </failure>
    </testcase>
    <testcase name="Test Available actions successfully" time="3.073" classname="PageApiApiV1Page">
      <failure type="AssertionFailure" message="Cannot read properties of undefined (reading 'length')">
        <![CDATA[Failed 1 times.]]>
        <![CDATA[Collection JSON ID: f9c4aa35-f88c-45c1-ad05-78295a74b66f.]]>
        <![CDATA[Collection name: Page API - [api/v1/page].]]>
        <![CDATA[Request name: GetAvailableActionsPerPage / GetAvailableActions.]]>
        <![CDATA[Test description: Test Available actions successfully.]]>
        <![CDATA[Error message: Cannot read properties of undefined (reading 'length').]]>
        <![CDATA[Stacktrace: TypeError: Cannot read properties of undefined (reading 'length')
   at Object.eval sandbox-script.js:2:80).]]>
      </failure>
    </testcase>
  </testsuite>
  <testsuite name="Put Create Page With CacheTTL 100" id="0978118e-5f2c-475b-a29a-e9bbbe875453" timestamp="2023-07-21T17:37:09.136Z" tests="2" failures="0" errors="0" time="9.344">
    <testcase name="Status code should be 200" time="9.344" classname="PageApiApiV1Page"/>
    <testcase name="Identifier must contains path" time="9.344" classname="PageApiApiV1Page"/>
  </testsuite>
  <testsuite name="invalidateSession" id="e22807ba-020f-45b8-9be4-be3049049058" timestamp="2023-07-21T17:37:09.136Z" tests="1" failures="0" errors="0" time="3.467">
    <testcase name="Status code is 200" time="3.467" classname="PageApiApiV1Page"/>
  </testsuite>
  <testsuite name="Check Cache-Control" id="0f152d35-a3b4-4bd0-8116-21ecbf61d9ee" timestamp="2023-07-21T17:37:09.136Z" tests="1" failures="0" errors="0" time="0.209">
    <testcase name="Cache-Control is correct" time="0.209" classname="PageApiApiV1Page"/>
  </testsuite>
</testsuites>