<?xml version="1.0" encoding="UTF-8"?>
<testsuites name="Push Publish JWT Token Test" tests="13" time="11.929">
  <testsuite name="success_PP_with_admin_user / request_token" id="a013bd44-5f41-4552-bd11-c901465a6324" timestamp="2023-06-23T15:25:35.086Z" tests="1" failures="0" errors="0" time="3.926">
    <testcase name="Status code is 200" time="3.926" classname="PushPublishJwtTokenTest"/>
  </testsuite>
  <testsuite name="success_PP_with_admin_user / logout" id="fc092125-03f9-45f1-8941-e8206baaedfb" timestamp="2023-06-23T15:25:35.086Z" tests="1" failures="0" errors="0" time="0.016">
    <testcase name="Status code is 200" time="0.016" classname="PushPublishJwtTokenTest"/>
  </testsuite>
  <testsuite name="success_PP_with_admin_user / request_pp" id="7d2d4c1b-94b2-4950-a96f-6e584ff9d1a2" timestamp="2023-06-23T15:25:35.086Z" tests="1" failures="1" errors="0" time="0.016">
    <testcase name="Status code is 200" time="0.016" classname="PushPublishJwtTokenTest">
      <failure type="AssertionFailure" message="expected response to have status code 200 but got 401">
        <![CDATA[Failed 1 times.]]>
        <![CDATA[Collection JSON ID: 8b4691e6-7909-4c9c-9762-1c99a93c9768.]]>
        <![CDATA[Collection name: Push Publish JWT Token Test.]]>
        <![CDATA[Request name: success_PP_with_admin_user / request_pp.]]>
        <![CDATA[Test description: Status code is 200.]]>
        <![CDATA[Error message: expected response to have status code 200 but got 401.]]>
        <![CDATA[Stacktrace: AssertionError: expected response to have status code 200 but got 401
   at Object.eval sandbox-script.js:1:3).]]>
      </failure>
    </testcase>
  </testsuite>
  <testsuite name="success_PP_with_admin_user / checking_content_types_after_pp" id="8c56d10f-9bc1-4564-a334-618def480148" timestamp="2023-06-23T15:25:35.086Z" tests="1" failures="1" errors="0" time="0.247">
    <testcase name="Status code is 200" time="0.247" classname="PushPublishJwtTokenTest">
      <failure type="AssertionFailure" message="expected response to have status code 200 but got 404">
        <![CDATA[Failed 1 times.]]>
        <![CDATA[Collection JSON ID: 8b4691e6-7909-4c9c-9762-1c99a93c9768.]]>
        <![CDATA[Collection name: Push Publish JWT Token Test.]]>
        <![CDATA[Request name: success_PP_with_admin_user / checking_content_types_after_pp.]]>
        <![CDATA[Test description: Status code is 200.]]>
        <![CDATA[Error message: expected response to have status code 200 but got 404.]]>
        <![CDATA[Stacktrace: AssertionError: expected response to have status code 200 but got 404
   at Object.eval sandbox-script.js:1:4).]]>
      </failure>
    </testcase>
  </testsuite>
  <testsuite name="expired_token / request_token" id="c5f9b3ee-540d-436b-b9b2-336356f4f52f" timestamp="2023-06-23T15:25:35.086Z" tests="1" failures="0" errors="0" time="3.834">
    <testcase name="Status code is 200" time="3.834" classname="PushPublishJwtTokenTest"/>
  </testsuite>
  <testsuite name="expired_token / logout" id="ed2f434e-5b58-4438-b9ad-1d0a0e3e2cec" timestamp="2023-06-23T15:25:35.086Z" tests="1" failures="0" errors="0" time="0.008">
    <testcase name="Status code is 200" time="0.008" classname="PushPublishJwtTokenTest"/>
  </testsuite>
  <testsuite name="expired_token / request_pp" id="a2eb42fe-d28f-4204-b75b-0a0a7c6b72d4" timestamp="2023-06-23T15:25:35.086Z" tests="2" failures="0" errors="0" time="0.010">
    <testcase name="Status code is 401" time="0.010" classname="PushPublishJwtTokenTest"/>
    <testcase name="Check WWW-Authenticate header" time="0.010" classname="PushPublishJwtTokenTest"/>
  </testsuite>
  <testsuite name="fail_not_valid_token / request_pp" id="d204a0f3-ca78-40c1-afe0-1f9ea4f43fe3" timestamp="2023-06-23T15:25:35.086Z" tests="2" failures="0" errors="0" time="0.014">
    <testcase name="Status code is 401" time="0.014" classname="PushPublishJwtTokenTest"/>
    <testcase name="Check WWW-Authenticate header" time="0.014" classname="PushPublishJwtTokenTest"/>
  </testsuite>
  <testsuite name="fail_not_token_sent / request_pp" id="046be5f7-5ee5-4f98-9cea-96e663964fe6" timestamp="2023-06-23T15:25:35.086Z" tests="2" failures="0" errors="0" time="0.012">
    <testcase name="Status code is 200" time="0.012" classname="PushPublishJwtTokenTest"/>
    <testcase name="Check WWW-Authenticate header" time="0.012" classname="PushPublishJwtTokenTest"/>
  </testsuite>
  <testsuite name="fail_empty_body / request_token" id="aa4a2d49-45b0-459b-8c41-8f01a6b18f26" timestamp="2023-06-23T15:25:35.086Z" tests="1" failures="0" errors="0" time="3.816">
    <testcase name="Status code is 200" time="3.816" classname="PushPublishJwtTokenTest"/>
  </testsuite>
  <testsuite name="fail_empty_body / logout" id="e5f943c4-f5e2-47a5-b2be-539316b27f3d" timestamp="2023-06-23T15:25:35.086Z" tests="1" failures="0" errors="0" time="0.008">
    <testcase name="Status code is 200" time="0.008" classname="PushPublishJwtTokenTest"/>
  </testsuite>
  <testsuite name="fail_empty_body / request_pp" id="af1c057b-e028-40c1-a87a-266badb4e856" timestamp="2023-06-23T15:25:35.086Z" tests="1" failures="0" errors="0" time="0.011">
    <testcase name="Status code is 200" time="0.011" classname="PushPublishJwtTokenTest"/>
  </testsuite>
  <testsuite name="using_basic_authentication_instead_JWT_token / request_pp" id="cbac2ba2-9c90-407a-84a7-7b640665701e" timestamp="2023-06-23T15:25:35.086Z" tests="2" failures="0" errors="0" time="0.011">
    <testcase name="Status code is 200" time="0.011" classname="PushPublishJwtTokenTest"/>
    <testcase name="Check WWW-Authenticate header" time="0.011" classname="PushPublishJwtTokenTest"/>
  </testsuite>
</testsuites>