<?xml version="1.0" encoding="UTF-8"?>
<testsuites name="SystemTable" tests="10" time="31.097">
  <testsuite name="GetInvalidKey" id="2ed471eb-8b79-4d66-8c49-b30bd4986a6b" timestamp="2023-07-11T23:41:44.689Z" tests="1" failures="0" errors="0" time="3.888">
    <testcase name="400" time="3.888" classname="SystemTable"/>
  </testsuite>
  <testsuite name="Get404" id="456aef5c-4385-4b81-bf6f-31f200537e6e" timestamp="2023-07-11T23:41:44.689Z" tests="1" failures="0" errors="0" time="3.022">
    <testcase name="404" time="3.022" classname="SystemTable"/>
  </testsuite>
  <testsuite name="TryAddInvalidKey" id="5f1a1b89-35d4-4228-81c7-cff1a4bc2070" timestamp="2023-07-11T23:41:44.689Z" tests="1" failures="0" errors="0" time="3.019">
    <testcase name="400" time="3.019" classname="SystemTable"/>
  </testsuite>
  <testsuite name="SaveKey" id="9f30b48f-2827-4a63-9ea3-6d4e50683988" timestamp="2023-07-11T23:41:44.689Z" tests="1" failures="0" errors="0" time="3.019">
    <testcase name="400" time="3.019" classname="SystemTable"/>
  </testsuite>
  <testsuite name="SaveKeyDuplicate412" id="8a5db3c5-791d-4573-b8fa-066e66da86ba" timestamp="2023-07-11T23:41:44.689Z" tests="1" failures="1" errors="0" time="3.024">
    <testcase name="412" time="3.024" classname="SystemTable">
      <failure type="AssertionFailure" message="expected response to have status code 412 but got 400">
        <![CDATA[Failed 1 times.]]>
        <![CDATA[Collection JSON ID: 268d46df-9822-4de1-b0ff-c3d03e715902.]]>
        <![CDATA[Collection name: SystemTable.]]>
        <![CDATA[Request name: SaveKeyDuplicate412.]]>
        <![CDATA[Test description: 412.]]>
        <![CDATA[Error message: expected response to have status code 412 but got 400.]]>
        <![CDATA[Stacktrace: AssertionError: expected response to have status code 412 but got 400
   at Object.eval sandbox-script.js:1:5).]]>
      </failure>
    </testcase>
  </testsuite>
  <testsuite name="GetRecentAdded" id="2149929e-cf0d-4232-bac1-e95b6db5e573" timestamp="2023-07-11T23:41:44.689Z" tests="3" failures="3" errors="0" time="3.024">
    <testcase name="200" time="3.024" classname="SystemTable">
      <failure type="AssertionFailure" message="expected response to have status code 200 but got 404">
        <![CDATA[Failed 1 times.]]>
        <![CDATA[Collection JSON ID: 268d46df-9822-4de1-b0ff-c3d03e715902.]]>
        <![CDATA[Collection name: SystemTable.]]>
        <![CDATA[Request name: GetRecentAdded.]]>
        <![CDATA[Test description: 200.]]>
        <![CDATA[Error message: expected response to have status code 200 but got 404.]]>
        <![CDATA[Stacktrace: AssertionError: expected response to have status code 200 but got 404
   at Object.eval sandbox-script.js:1:6).]]>
      </failure>
    </testcase>
    <testcase name="No errors" time="3.024" classname="SystemTable">
      <failure type="AssertionFailure" message="Cannot read properties of undefined (reading 'length')">
        <![CDATA[Failed 1 times.]]>
        <![CDATA[Collection JSON ID: 268d46df-9822-4de1-b0ff-c3d03e715902.]]>
        <![CDATA[Collection name: SystemTable.]]>
        <![CDATA[Request name: GetRecentAdded.]]>
        <![CDATA[Test description: No errors.]]>
        <![CDATA[Error message: Cannot read properties of undefined (reading 'length').]]>
        <![CDATA[Stacktrace: TypeError: Cannot read properties of undefined (reading 'length')
   at Object.eval sandbox-script.js:2:6).]]>
      </failure>
    </testcase>
    <testcase name="Information Saved Correctly" time="3.024" classname="SystemTable">
      <failure type="AssertionFailure" message="expected undefined to deeply equal 'value1'">
        <![CDATA[Failed 1 times.]]>
        <![CDATA[Collection JSON ID: 268d46df-9822-4de1-b0ff-c3d03e715902.]]>
        <![CDATA[Collection name: SystemTable.]]>
        <![CDATA[Request name: GetRecentAdded.]]>
        <![CDATA[Test description: Information Saved Correctly.]]>
        <![CDATA[Error message: expected undefined to deeply equal 'value1'.]]>
        <![CDATA[Stacktrace: AssertionError: expected undefined to deeply equal 'value1'
   at Object.eval sandbox-script.js:3:6).]]>
      </failure>
    </testcase>
  </testsuite>
  <testsuite name="UpdateKey" id="55d24bbb-3ccc-4570-a861-bd89d7061d55" timestamp="2023-07-11T23:41:44.689Z" tests="1" failures="1" errors="0" time="3.021">
    <testcase name="200" time="3.021" classname="SystemTable">
      <failure type="AssertionFailure" message="expected response to have status code 200 but got 404">
        <![CDATA[Failed 1 times.]]>
        <![CDATA[Collection JSON ID: 268d46df-9822-4de1-b0ff-c3d03e715902.]]>
        <![CDATA[Collection name: SystemTable.]]>
        <![CDATA[Request name: UpdateKey.]]>
        <![CDATA[Test description: 200.]]>
        <![CDATA[Error message: expected response to have status code 200 but got 404.]]>
        <![CDATA[Stacktrace: AssertionError: expected response to have status code 200 but got 404
   at Object.eval sandbox-script.js:1:7).]]>
      </failure>
    </testcase>
  </testsuite>
  <testsuite name="GetRecentUpdated" id="da9de6b7-25cd-458d-9fab-2a648bbbf461" timestamp="2023-07-11T23:41:44.689Z" tests="3" failures="3" errors="0" time="3.021">
    <testcase name="200" time="3.021" classname="SystemTable">
      <failure type="AssertionFailure" message="expected response to have status code 200 but got 404">
        <![CDATA[Failed 1 times.]]>
        <![CDATA[Collection JSON ID: 268d46df-9822-4de1-b0ff-c3d03e715902.]]>
        <![CDATA[Collection name: SystemTable.]]>
        <![CDATA[Request name: GetRecentUpdated.]]>
        <![CDATA[Test description: 200.]]>
        <![CDATA[Error message: expected response to have status code 200 but got 404.]]>
        <![CDATA[Stacktrace: AssertionError: expected response to have status code 200 but got 404
   at Object.eval sandbox-script.js:1:8).]]>
      </failure>
    </testcase>
    <testcase name="No errors" time="3.021" classname="SystemTable">
      <failure type="AssertionFailure" message="Cannot read properties of undefined (reading 'length')">
        <![CDATA[Failed 1 times.]]>
        <![CDATA[Collection JSON ID: 268d46df-9822-4de1-b0ff-c3d03e715902.]]>
        <![CDATA[Collection name: SystemTable.]]>
        <![CDATA[Request name: GetRecentUpdated.]]>
        <![CDATA[Test description: No errors.]]>
        <![CDATA[Error message: Cannot read properties of undefined (reading 'length').]]>
        <![CDATA[Stacktrace: TypeError: Cannot read properties of undefined (reading 'length')
   at Object.eval sandbox-script.js:2:8).]]>
      </failure>
    </testcase>
    <testcase name="Information Saved Correctly" time="3.021" classname="SystemTable">
      <failure type="AssertionFailure" message="expected undefined to deeply equal 'value2'">
        <![CDATA[Failed 1 times.]]>
        <![CDATA[Collection JSON ID: 268d46df-9822-4de1-b0ff-c3d03e715902.]]>
        <![CDATA[Collection name: SystemTable.]]>
        <![CDATA[Request name: GetRecentUpdated.]]>
        <![CDATA[Test description: Information Saved Correctly.]]>
        <![CDATA[Error message: expected undefined to deeply equal 'value2'.]]>
        <![CDATA[Stacktrace: AssertionError: expected undefined to deeply equal 'value2'
   at Object.eval sandbox-script.js:3:8).]]>
      </failure>
    </testcase>
  </testsuite>
  <testsuite name="Delete" id="ff140fda-6bd1-41d8-bbe9-2174280ee08d" timestamp="2023-07-11T23:41:44.689Z" tests="1" failures="1" errors="0" time="3.028">
    <testcase name="200" time="3.028" classname="SystemTable">
      <failure type="AssertionFailure" message="expected response to have status code 200 but got 404">
        <![CDATA[Failed 1 times.]]>
        <![CDATA[Collection JSON ID: 268d46df-9822-4de1-b0ff-c3d03e715902.]]>
        <![CDATA[Collection name: SystemTable.]]>
        <![CDATA[Request name: Delete.]]>
        <![CDATA[Test description: 200.]]>
        <![CDATA[Error message: expected response to have status code 200 but got 404.]]>
        <![CDATA[Stacktrace: AssertionError: expected response to have status code 200 but got 404
   at Object.eval sandbox-script.js:1:9).]]>
      </failure>
    </testcase>
  </testsuite>
  <testsuite name="Get404RecentDeleted" id="c893f666-63d6-4d31-bfdc-07edde22ae74" timestamp="2023-07-11T23:41:44.689Z" tests="1" failures="0" errors="0" time="3.031">
    <testcase name="404" time="3.031" classname="SystemTable"/>
  </testsuite>
</testsuites>