<?xml version="1.0" encoding="UTF-8"?>
<testsuites name="Template Resource" tests="100" time="627.797">
  <testsuite name="Archive / Create New Template to Archive" id="10ec8c77-8c19-4be9-8c90-b213df766c2c" timestamp="2023-07-04T00:40:42.804Z" tests="3" failures="0" errors="0" time="23.641">
    <testcase name="body check" time="23.641" classname="TemplateResource"/>
    <testcase name="friendlyName check" time="23.641" classname="TemplateResource"/>
    <testcase name="Title check" time="23.641" classname="TemplateResource"/>
  </testsuite>
  <testsuite name="Archive / Archive Template Success" id="8845c461-d41c-4cbd-b7f7-ecdfa485901b" timestamp="2023-07-04T00:40:42.804Z" tests="3" failures="0" errors="0" time="6.098">
    <testcase name="Status code should be 200" time="6.098" classname="TemplateResource"/>
    <testcase name="Archive Template Check" time="6.098" classname="TemplateResource"/>
    <testcase name="Failed To Archive Template Check" time="6.098" classname="TemplateResource"/>
  </testsuite>
  <testsuite name="Archive / Get Template Archived True" id="192251d3-4817-414c-add6-efe349e8a8b1" timestamp="2023-07-04T00:40:42.804Z" tests="2" failures="0" errors="0" time="3.115">
    <testcase name="Status code should be 200" time="3.115" classname="TemplateResource"/>
    <testcase name="Deleted Check" time="3.115" classname="TemplateResource"/>
  </testsuite>
  <testsuite name="Archive / Re-Archive Template Success" id="c7e0bb37-8757-49bc-ab80-cdfc16402f25" timestamp="2023-07-04T00:40:42.804Z" tests="3" failures="0" errors="0" time="6.047">
    <testcase name="Status code should be 200" time="6.047" classname="TemplateResource"/>
    <testcase name="Archive Template Check" time="6.047" classname="TemplateResource"/>
    <testcase name="Failed To Archive Template Check" time="6.047" classname="TemplateResource"/>
  </testsuite>
  <testsuite name="Archive / Get Template Archived True" id="9574eda7-bb28-4cf4-acdb-720c6c359ec4" timestamp="2023-07-04T00:40:42.804Z" tests="2" failures="0" errors="0" time="3.032">
    <testcase name="Status code should be 200" time="3.032" classname="TemplateResource"/>
    <testcase name="Deleted Check" time="3.032" classname="TemplateResource"/>
  </testsuite>
  <testsuite name="Archive / Archive Template Failed To Archive Id Not Exist" id="0f2eb820-a60a-4959-b8dc-8c3e1390a2c1" timestamp="2023-07-04T00:40:42.804Z" tests="3" failures="0" errors="0" time="3.021">
    <testcase name="Status code should be 200" time="3.021" classname="TemplateResource"/>
    <testcase name="Archive Template Check" time="3.021" classname="TemplateResource"/>
    <testcase name="Failed To Archive Template Check" time="3.021" classname="TemplateResource"/>
  </testsuite>
  <testsuite name="Unarchive / Create New Template to Unarchive" id="8e93a097-b2e7-4a32-867a-3ceb8a3deaba" timestamp="2023-07-04T00:40:42.804Z" tests="3" failures="0" errors="0" time="6.050">
    <testcase name="body check" time="6.050" classname="TemplateResource"/>
    <testcase name="friendlyName check" time="6.050" classname="TemplateResource"/>
    <testcase name="Title check" time="6.050" classname="TemplateResource"/>
  </testsuite>
  <testsuite name="Unarchive / UnArchive Template Failed to Unarchive Template is not Archived" id="b5c1ac8b-bf97-45ec-b6cf-58ba75dad455" timestamp="2023-07-04T00:40:42.804Z" tests="3" failures="0" errors="0" time="3.082">
    <testcase name="Status code should be 200" time="3.082" classname="TemplateResource"/>
    <testcase name="Unarchive Template Check" time="3.082" classname="TemplateResource"/>
    <testcase name="Failed To Unarchive Template Check" time="3.082" classname="TemplateResource"/>
  </testsuite>
  <testsuite name="Unarchive / UnArchive Template Failed to Unarchive Id Not Exist" id="470eb9a1-0144-493d-9707-72d0a5146ff0" timestamp="2023-07-04T00:40:42.804Z" tests="3" failures="0" errors="0" time="3.024">
    <testcase name="Status code should be 200" time="3.024" classname="TemplateResource"/>
    <testcase name="Unarchive Template Check" time="3.024" classname="TemplateResource"/>
    <testcase name="Failed To Unarchive Template Check" time="3.024" classname="TemplateResource"/>
  </testsuite>
  <testsuite name="Unarchive / Archive Template Success" id="4ce5320d-9eb0-403a-9831-60a95741f582" timestamp="2023-07-04T00:40:42.804Z" tests="3" failures="0" errors="0" time="6.036">
    <testcase name="Status code should be 200" time="6.036" classname="TemplateResource"/>
    <testcase name="Archive Template Check" time="6.036" classname="TemplateResource"/>
    <testcase name="Failed To Archive Template Check" time="6.036" classname="TemplateResource"/>
  </testsuite>
  <testsuite name="Unarchive / Get Template Archived True" id="750367bd-c802-446e-93ff-a179df9f0de5" timestamp="2023-07-04T00:40:42.804Z" tests="2" failures="0" errors="0" time="3.028">
    <testcase name="Status code should be 200" time="3.028" classname="TemplateResource"/>
    <testcase name="Deleted Check" time="3.028" classname="TemplateResource"/>
  </testsuite>
  <testsuite name="Unarchive / UnArchive Template Success" id="b832e581-26a8-420c-8309-f032cadd2651" timestamp="2023-07-04T00:40:42.804Z" tests="3" failures="0" errors="0" time="6.044">
    <testcase name="Status code should be 200" time="6.044" classname="TemplateResource"/>
    <testcase name="Unarchive Template Check" time="6.044" classname="TemplateResource"/>
    <testcase name="Failed To Unarchive Template Check" time="6.044" classname="TemplateResource"/>
  </testsuite>
  <testsuite name="Unarchive / Get Template Archived False" id="f57cf155-5499-475e-8282-66976d0061d6" timestamp="2023-07-04T00:40:42.804Z" tests="2" failures="0" errors="0" time="3.042">
    <testcase name="Status code should be 200" time="3.042" classname="TemplateResource"/>
    <testcase name="Deleted Check" time="3.042" classname="TemplateResource"/>
  </testsuite>
  <testsuite name="Delete / Create New Template to Delete" id="3f4a16df-e5f0-4f76-905c-de7e952845f0" timestamp="2023-07-04T00:40:42.804Z" tests="3" failures="0" errors="0" time="6.054">
    <testcase name="body check" time="6.054" classname="TemplateResource"/>
    <testcase name="friendlyName check" time="6.054" classname="TemplateResource"/>
    <testcase name="Title check" time="6.054" classname="TemplateResource"/>
  </testsuite>
  <testsuite name="Delete / Delete Template Failed To Delete Template is not Archived" id="0535cb48-ac8e-44e5-be06-738ba427b555" timestamp="2023-07-04T00:40:42.804Z" tests="3" failures="0" errors="0" time="3.042">
    <testcase name="Status code should be 200" time="3.042" classname="TemplateResource"/>
    <testcase name="Delete Template Check" time="3.042" classname="TemplateResource"/>
    <testcase name="Failed To Delete Template Check" time="3.042" classname="TemplateResource"/>
  </testsuite>
  <testsuite name="Delete / Archive Template Success" id="294562ad-e8b1-4641-8077-f3e2ad4f3eae" timestamp="2023-07-04T00:40:42.804Z" tests="3" failures="0" errors="0" time="6.036">
    <testcase name="Status code should be 200" time="6.036" classname="TemplateResource"/>
    <testcase name="Archive Template Check" time="6.036" classname="TemplateResource"/>
    <testcase name="Failed To Archive Template Check" time="6.036" classname="TemplateResource"/>
  </testsuite>
  <testsuite name="Delete / Get Template Archived True" id="da3223d3-b303-4750-bc75-e6c7d3b0d44f" timestamp="2023-07-04T00:40:42.804Z" tests="2" failures="0" errors="0" time="3.028">
    <testcase name="Status code should be 200" time="3.028" classname="TemplateResource"/>
    <testcase name="Deleted Check" time="3.028" classname="TemplateResource"/>
  </testsuite>
  <testsuite name="Delete / Delete Template Success" id="736aacef-5e1a-48f7-980a-59a5755e135e" timestamp="2023-07-04T00:40:42.804Z" tests="3" failures="0" errors="0" time="6.183">
    <testcase name="Status code should be 200" time="6.183" classname="TemplateResource"/>
    <testcase name="Delete Template Check" time="6.183" classname="TemplateResource"/>
    <testcase name="Failed To Delete Template Check" time="6.183" classname="TemplateResource"/>
  </testsuite>
  <testsuite name="Delete / Delete Template Failed To Delete Template Id Not Exist" id="34fcb37a-a7a5-41d8-8d62-947d9d056c8c" timestamp="2023-07-04T00:40:42.804Z" tests="3" failures="0" errors="0" time="3.023">
    <testcase name="Status code should be 200" time="3.023" classname="TemplateResource"/>
    <testcase name="Delete Template Check" time="3.023" classname="TemplateResource"/>
    <testcase name="Failed To Delete Template Check" time="3.023" classname="TemplateResource"/>
  </testsuite>
  <testsuite name="Publish / Create New Template to Publish" id="c4176f12-ce82-4d1a-a0d4-b82aff65e132" timestamp="2023-07-04T00:40:42.804Z" tests="3" failures="0" errors="0" time="6.033">
    <testcase name="body check" time="6.033" classname="TemplateResource"/>
    <testcase name="friendlyName check" time="6.033" classname="TemplateResource"/>
    <testcase name="Title check" time="6.033" classname="TemplateResource"/>
  </testsuite>
  <testsuite name="Publish / Archive Template Success" id="eb81d6fe-86b4-4419-9b70-331ddd83a7c5" timestamp="2023-07-04T00:40:42.804Z" tests="3" failures="0" errors="0" time="6.038">
    <testcase name="Status code should be 200" time="6.038" classname="TemplateResource"/>
    <testcase name="Archive Template Check" time="6.038" classname="TemplateResource"/>
    <testcase name="Failed To Archive Template Check" time="6.038" classname="TemplateResource"/>
  </testsuite>
  <testsuite name="Publish / Get Template Archived True" id="3952e08c-b171-413c-ad31-ab2916ef1a78" timestamp="2023-07-04T00:40:42.804Z" tests="2" failures="0" errors="0" time="3.032">
    <testcase name="Status code should be 200" time="3.032" classname="TemplateResource"/>
    <testcase name="Deleted Check" time="3.032" classname="TemplateResource"/>
  </testsuite>
  <testsuite name="Publish / Publish Template Failed To Publish Template is Archived" id="33667484-6e1e-4e91-af25-e7316b7f1946" timestamp="2023-07-04T00:40:42.804Z" tests="3" failures="0" errors="0" time="3.021">
    <testcase name="Status code should be ok 200" time="3.021" classname="TemplateResource"/>
    <testcase name="Publish Template Check" time="3.021" classname="TemplateResource"/>
    <testcase name="Failed To Publish Template Check" time="3.021" classname="TemplateResource"/>
  </testsuite>
  <testsuite name="Publish / UnArchive Template Success" id="733edd7e-1f8a-4f97-8552-96a3a290fc5c" timestamp="2023-07-04T00:40:42.804Z" tests="3" failures="0" errors="0" time="6.033">
    <testcase name="Status code should be 200" time="6.033" classname="TemplateResource"/>
    <testcase name="Unarchive Template Check" time="6.033" classname="TemplateResource"/>
    <testcase name="Failed To Unarchive Template Check" time="6.033" classname="TemplateResource"/>
  </testsuite>
  <testsuite name="Publish / Get Template Archived False" id="84d5c325-4567-4675-94f8-887edddc8163" timestamp="2023-07-04T00:40:42.804Z" tests="2" failures="0" errors="0" time="3.032">
    <testcase name="Status code should be 200" time="3.032" classname="TemplateResource"/>
    <testcase name="Deleted Check" time="3.032" classname="TemplateResource"/>
  </testsuite>
  <testsuite name="Publish / Get Template hasLiveVersion False" id="92a53ee2-5658-4555-aa86-66f6dfa7da4e" timestamp="2023-07-04T00:40:42.804Z" tests="2" failures="0" errors="0" time="3.155">
    <testcase name="Status code should be 200" time="3.155" classname="TemplateResource"/>
    <testcase name="Has Live Version Check" time="3.155" classname="TemplateResource"/>
  </testsuite>
  <testsuite name="Publish / Publish Template Success" id="4e36eb71-74d7-4ce6-a1f1-a135ad4eacc5" timestamp="2023-07-04T00:40:42.804Z" tests="3" failures="0" errors="0" time="6.051">
    <testcase name="Status code should be ok 200" time="6.051" classname="TemplateResource"/>
    <testcase name="Publish Template Check" time="6.051" classname="TemplateResource"/>
    <testcase name="Failed To Publish Template Check" time="6.051" classname="TemplateResource"/>
  </testsuite>
  <testsuite name="Publish / Get Template hasLiveVersion True" id="597fdb04-a52b-4770-bd3f-e7f5956bcbe7" timestamp="2023-07-04T00:40:42.804Z" tests="2" failures="0" errors="0" time="3.038">
    <testcase name="Status code should be 200" time="3.038" classname="TemplateResource"/>
    <testcase name="Has Live Version Check" time="3.038" classname="TemplateResource"/>
  </testsuite>
  <testsuite name="Publish / Re-Publish Template Success" id="075306dd-7e09-4863-a4e2-e5da03db9015" timestamp="2023-07-04T00:40:42.804Z" tests="3" failures="0" errors="0" time="6.030">
    <testcase name="Status code should be ok 200" time="6.030" classname="TemplateResource"/>
    <testcase name="Publish Template Check" time="6.030" classname="TemplateResource"/>
    <testcase name="Failed To Publish Template Check" time="6.030" classname="TemplateResource"/>
  </testsuite>
  <testsuite name="Publish / Publish Template Failed To Publish Id Not Exist" id="21dfedf8-bc28-4bad-bada-53a1f2f63e5d" timestamp="2023-07-04T00:40:42.804Z" tests="3" failures="0" errors="0" time="3.019">
    <testcase name="Status code should be ok 200" time="3.019" classname="TemplateResource"/>
    <testcase name="Publish Template Check" time="3.019" classname="TemplateResource"/>
    <testcase name="Failed To Publish Template Check" time="3.019" classname="TemplateResource"/>
  </testsuite>
  <testsuite name="Unpublish / Create New Template to Unpublish" id="b3492fc6-4e7b-4092-81be-6918f7af1cec" timestamp="2023-07-04T00:40:42.804Z" tests="3" failures="0" errors="0" time="6.054">
    <testcase name="body check" time="6.054" classname="TemplateResource"/>
    <testcase name="friendlyName check" time="6.054" classname="TemplateResource"/>
    <testcase name="Title check" time="6.054" classname="TemplateResource"/>
  </testsuite>
  <testsuite name="Unpublish / Archive Template Success" id="a7eb517f-b772-45a9-8db4-1e4aa670907d" timestamp="2023-07-04T00:40:42.804Z" tests="3" failures="0" errors="0" time="6.036">
    <testcase name="Status code should be 200" time="6.036" classname="TemplateResource"/>
    <testcase name="Archive Template Check" time="6.036" classname="TemplateResource"/>
    <testcase name="Failed To Archive Template Check" time="6.036" classname="TemplateResource"/>
  </testsuite>
  <testsuite name="Unpublish / Get Template Archived True" id="6295deb5-b1b8-4133-ab76-6ab61aad8dfc" timestamp="2023-07-04T00:40:42.804Z" tests="2" failures="0" errors="0" time="3.031">
    <testcase name="Status code should be 200" time="3.031" classname="TemplateResource"/>
    <testcase name="Deleted Check" time="3.031" classname="TemplateResource"/>
  </testsuite>
  <testsuite name="Unpublish / Unpublish Template Failed To Unpublish is Archived" id="4634b52a-b71f-42b9-96b8-dd197be52ca9" timestamp="2023-07-04T00:40:42.804Z" tests="3" failures="0" errors="0" time="3.029">
    <testcase name="Status code should be ok 200" time="3.029" classname="TemplateResource"/>
    <testcase name="Unpublish Template Check" time="3.029" classname="TemplateResource"/>
    <testcase name="Failed To Unpublish Template Check" time="3.029" classname="TemplateResource"/>
  </testsuite>
  <testsuite name="Unpublish / UnArchive Template Success" id="597f98d5-5bfb-483f-8dab-018c7a7e0592" timestamp="2023-07-04T00:40:42.804Z" tests="3" failures="0" errors="0" time="6.025">
    <testcase name="Status code should be 200" time="6.025" classname="TemplateResource"/>
    <testcase name="Unarchive Template Check" time="6.025" classname="TemplateResource"/>
    <testcase name="Failed To Unarchive Template Check" time="6.025" classname="TemplateResource"/>
  </testsuite>
  <testsuite name="Unpublish / Get Template Archived False" id="5662a2ae-265f-4815-a564-b00aeffd5c02" timestamp="2023-07-04T00:40:42.804Z" tests="2" failures="0" errors="0" time="3.028">
    <testcase name="Status code should be 200" time="3.028" classname="TemplateResource"/>
    <testcase name="Deleted Check" time="3.028" classname="TemplateResource"/>
  </testsuite>
  <testsuite name="Unpublish / Publish Template Success" id="0065cacc-de42-4314-8e93-32370ef054a7" timestamp="2023-07-04T00:40:42.804Z" tests="3" failures="0" errors="0" time="6.041">
    <testcase name="Status code should be ok 200" time="6.041" classname="TemplateResource"/>
    <testcase name="Publish Template Check" time="6.041" classname="TemplateResource"/>
    <testcase name="Failed To Publish Template Check" time="6.041" classname="TemplateResource"/>
  </testsuite>
  <testsuite name="Unpublish / Get Template hasLiveVersion True" id="a1942344-22da-42c7-a8f0-dfb52838f37e" timestamp="2023-07-04T00:40:42.804Z" tests="2" failures="0" errors="0" time="3.041">
    <testcase name="Status code should be 200" time="3.041" classname="TemplateResource"/>
    <testcase name="Has Live Version Check" time="3.041" classname="TemplateResource"/>
  </testsuite>
  <testsuite name="Unpublish / Unpublish Template Success" id="4ef91d33-9be8-44f8-8bf2-65f4dbdce49f" timestamp="2023-07-04T00:40:42.804Z" tests="3" failures="0" errors="0" time="6.041">
    <testcase name="Status code should be ok 200" time="6.041" classname="TemplateResource"/>
    <testcase name="Unpublish Template Check" time="6.041" classname="TemplateResource"/>
    <testcase name="Failed To Unpublish Template Check" time="6.041" classname="TemplateResource"/>
  </testsuite>
  <testsuite name="Unpublish / Get Template hasLiveVersion False" id="497ade9f-daa8-45e5-b367-fdfacae99aa7" timestamp="2023-07-04T00:40:42.804Z" tests="2" failures="0" errors="0" time="3.037">
    <testcase name="Status code should be 200" time="3.037" classname="TemplateResource"/>
    <testcase name="Has Live Version Check" time="3.037" classname="TemplateResource"/>
  </testsuite>
  <testsuite name="Unpublish / Re-Unpublish Template Success" id="299d161d-4511-408c-8d7d-3cf5739304ca" timestamp="2023-07-04T00:40:42.804Z" tests="3" failures="0" errors="0" time="6.047">
    <testcase name="Status code should be ok 200" time="6.047" classname="TemplateResource"/>
    <testcase name="Publish Template Check" time="6.047" classname="TemplateResource"/>
    <testcase name="Failed To Publish Template Check" time="6.047" classname="TemplateResource"/>
  </testsuite>
  <testsuite name="Unpublish / Unpublish Template Failed To Unpublish Id Not Exist" id="6acd8974-0622-42d6-9a69-0e741a063a66" timestamp="2023-07-04T00:40:42.804Z" tests="3" failures="0" errors="0" time="3.021">
    <testcase name="Status code should be ok 200" time="3.021" classname="TemplateResource"/>
    <testcase name="Publish Template Check" time="3.021" classname="TemplateResource"/>
    <testcase name="Failed To Publish Template Check" time="3.021" classname="TemplateResource"/>
  </testsuite>
  <testsuite name="Copy / Create New Template to Copy" id="4b77b5ac-4b8e-42d6-99c7-2d70453e35ef" timestamp="2023-07-04T00:40:42.804Z" tests="3" failures="0" errors="0" time="6.046">
    <testcase name="body check" time="6.046" classname="TemplateResource"/>
    <testcase name="friendlyName check" time="6.046" classname="TemplateResource"/>
    <testcase name="Title check" time="6.046" classname="TemplateResource"/>
  </testsuite>
  <testsuite name="Copy / Copy Template Success" id="273903d8-6316-421f-857b-f78c172d0250" timestamp="2023-07-04T00:40:42.804Z" tests="2" failures="0" errors="0" time="6.109">
    <testcase name="Status code should be ok 200" time="6.109" classname="TemplateResource"/>
    <testcase name="Title check" time="6.109" classname="TemplateResource"/>
  </testsuite>
  <testsuite name="Copy / Copy Template Failed To Copy Id Not Exist" id="d258ec79-9de8-43d8-b9af-2dd747fc0e34" timestamp="2023-07-04T00:40:42.804Z" tests="1" failures="0" errors="0" time="3.037">
    <testcase name="Status code should be ok 404" time="3.037" classname="TemplateResource"/>
  </testsuite>
  <testsuite name="Get Live / Create New Template to Get Live" id="4a7f4933-18e6-4ba1-8162-e637e13db6e7" timestamp="2023-07-04T00:40:42.804Z" tests="3" failures="0" errors="0" time="6.046">
    <testcase name="body check" time="6.046" classname="TemplateResource"/>
    <testcase name="friendlyName check" time="6.046" classname="TemplateResource"/>
    <testcase name="Title check" time="6.046" classname="TemplateResource"/>
  </testsuite>
  <testsuite name="Get Live / Get Template Live Version NotFound Live Version" id="5ebb9937-d93f-4522-915d-9676b03bed34" timestamp="2023-07-04T00:40:42.804Z" tests="1" failures="0" errors="0" time="3.026">
    <testcase name="Status code should be ok 404" time="3.026" classname="TemplateResource"/>
  </testsuite>
  <testsuite name="Get Live / Publish Template Success" id="96d060bf-b874-4c97-9a7c-c9636e55d778" timestamp="2023-07-04T00:40:42.804Z" tests="3" failures="0" errors="0" time="6.037">
    <testcase name="Status code should be ok 200" time="6.037" classname="TemplateResource"/>
    <testcase name="Publish Template Check" time="6.037" classname="TemplateResource"/>
    <testcase name="Failed To Publish Template Check" time="6.037" classname="TemplateResource"/>
  </testsuite>
  <testsuite name="Get Live / Get Template Live Version Success" id="2d97a7b8-0ea5-4233-ad6e-56311843ef7f" timestamp="2023-07-04T00:40:42.804Z" tests="1" failures="0" errors="0" time="3.024">
    <testcase name="Status code should be ok 200" time="3.024" classname="TemplateResource"/>
  </testsuite>
  <testsuite name="Get Working / Create New Template to Get Working" id="1c58109b-1a39-4cfc-b598-283aacee95d6" timestamp="2023-07-04T00:40:42.804Z" tests="3" failures="0" errors="0" time="6.032">
    <testcase name="body check" time="6.032" classname="TemplateResource"/>
    <testcase name="friendlyName check" time="6.032" classname="TemplateResource"/>
    <testcase name="Title check" time="6.032" classname="TemplateResource"/>
  </testsuite>
  <testsuite name="Get Working / Get Template Working Version Success" id="86b10293-f74f-4a59-8212-72af8c7ecb1e" timestamp="2023-07-04T00:40:42.804Z" tests="1" failures="0" errors="0" time="3.024">
    <testcase name="Status code should be ok 200" time="3.024" classname="TemplateResource"/>
  </testsuite>
  <testsuite name="Get Working / Get Template Working Version Id Not Exist" id="90c63b08-e1aa-412f-ad37-e1ec78f210a5" timestamp="2023-07-04T00:40:42.804Z" tests="1" failures="0" errors="0" time="3.022">
    <testcase name="Status code should be ok 404" time="3.022" classname="TemplateResource"/>
  </testsuite>
  <testsuite name="Get Templates / Get Templates Filter By Title System" id="3fb85016-83ae-49cb-a1a8-b044d40352c4" timestamp="2023-07-04T00:40:42.804Z" tests="2" failures="0" errors="0" time="3.045">
    <testcase name="Status code should be 200" time="3.045" classname="TemplateResource"/>
    <testcase name="Identifier must contains path" time="3.045" classname="TemplateResource"/>
  </testsuite>
  <testsuite name="Get Templates / Create New Template to Get TemplateA" id="3a6115a3-9e7b-432d-ba5e-160bc6d21303" timestamp="2023-07-04T00:40:42.804Z" tests="3" failures="0" errors="0" time="6.040">
    <testcase name="body check" time="6.040" classname="TemplateResource"/>
    <testcase name="friendlyName check" time="6.040" classname="TemplateResource"/>
    <testcase name="Title check" time="6.040" classname="TemplateResource"/>
  </testsuite>
  <testsuite name="Get Templates / Create New Template to Get TemplateB" id="e31107f9-8ada-4589-819a-b5b706617b48" timestamp="2023-07-04T00:40:42.804Z" tests="3" failures="0" errors="0" time="6.042">
    <testcase name="body check" time="6.042" classname="TemplateResource"/>
    <testcase name="friendlyName check" time="6.042" classname="TemplateResource"/>
    <testcase name="Title check" time="6.042" classname="TemplateResource"/>
  </testsuite>
  <testsuite name="Get Templates / Create New Template to Get TemplateC" id="26cc872f-8956-4aea-88fa-95a80b8d178e" timestamp="2023-07-04T00:40:42.804Z" tests="3" failures="0" errors="0" time="6.037">
    <testcase name="body check" time="6.037" classname="TemplateResource"/>
    <testcase name="friendlyName check" time="6.037" classname="TemplateResource"/>
    <testcase name="Title check" time="6.037" classname="TemplateResource"/>
  </testsuite>
  <testsuite name="Get Templates / Get Templates All Success" id="851f6f85-169c-4478-a310-baa994161579" timestamp="2023-07-04T00:40:42.804Z" tests="2" failures="0" errors="0" time="3.038">
    <testcase name="Status code should be 200" time="3.038" classname="TemplateResource"/>
    <testcase name="Size must be greaterThan 2 templates, since 3 templates were created but could " time="3.038" classname="TemplateResource"/>
  </testsuite>
  <testsuite name="Get Templates / Get Templates Using Pagination Success" id="d8a87c9b-7b94-4ce7-8ca4-3daecfd36fb8" timestamp="2023-07-04T00:40:42.804Z" tests="2" failures="0" errors="0" time="3.027">
    <testcase name="Status code should be 200" time="3.027" classname="TemplateResource"/>
    <testcase name="Check total results" time="3.027" classname="TemplateResource"/>
  </testsuite>
  <testsuite name="Get Templates / Get Templates Filter By Identifier Success" id="99a455ac-fd8a-4d28-93d6-8cef84616396" timestamp="2023-07-04T00:40:42.804Z" tests="5" failures="0" errors="0" time="3.030">
    <testcase name="Status code should be 200" time="3.030" classname="TemplateResource"/>
    <testcase name="body check" time="3.030" classname="TemplateResource"/>
    <testcase name="friendlyName check" time="3.030" classname="TemplateResource"/>
    <testcase name="Title check" time="3.030" classname="TemplateResource"/>
    <testcase name="Size must be 2" time="3.030" classname="TemplateResource"/>
  </testsuite>
  <testsuite name="Get Templates / Get Templates Filter By Inode Success" id="1e27914b-eafa-4da7-99c0-a02052bc8fb7" timestamp="2023-07-04T00:40:42.804Z" tests="5" failures="0" errors="0" time="3.026">
    <testcase name="Status code should be 200" time="3.026" classname="TemplateResource"/>
    <testcase name="body check" time="3.026" classname="TemplateResource"/>
    <testcase name="friendlyName check" time="3.026" classname="TemplateResource"/>
    <testcase name="Title check" time="3.026" classname="TemplateResource"/>
    <testcase name="Size must be 2" time="3.026" classname="TemplateResource"/>
  </testsuite>
  <testsuite name="Get Templates / Get Templates Filter By String Pattern does not comply with any template" id="36f49d18-097e-4cf6-9a81-a0abe52f19b1" timestamp="2023-07-04T00:40:42.804Z" tests="2" failures="0" errors="0" time="3.036">
    <testcase name="Status code should be 200" time="3.036" classname="TemplateResource"/>
    <testcase name="Size must be 1" time="3.036" classname="TemplateResource"/>
  </testsuite>
  <testsuite name="Get Templates / Get Templates PER_PAGE=1 Success" id="f1f05369-c9ed-4468-ad39-571bbed30d31" timestamp="2023-07-04T00:40:42.804Z" tests="2" failures="0" errors="0" time="3.036">
    <testcase name="Status code should be 200" time="3.036" classname="TemplateResource"/>
    <testcase name="Size must be 2" time="3.036" classname="TemplateResource"/>
  </testsuite>
  <testsuite name="Get Templates / Archive Template Success" id="a0dac887-86be-4503-8fa6-7deab68fec41" timestamp="2023-07-04T00:40:42.804Z" tests="3" failures="0" errors="0" time="6.036">
    <testcase name="Status code should be 200" time="6.036" classname="TemplateResource"/>
    <testcase name="Archive Template Check" time="6.036" classname="TemplateResource"/>
    <testcase name="Failed To Archive Template Check" time="6.036" classname="TemplateResource"/>
  </testsuite>
  <testsuite name="Get Templates / Get Templates Filter By Title" id="933afeb7-32cf-4233-9295-1f370b795e42" timestamp="2023-07-04T00:40:42.804Z" tests="2" failures="0" errors="0" time="3.030">
    <testcase name="Status code should be 200" time="3.030" classname="TemplateResource"/>
    <testcase name="Size must be 2, since 3 templates were created with GETTEMPLATE title but one was archived" time="3.030" classname="TemplateResource"/>
  </testsuite>
  <testsuite name="Get Templates / Get Templates Filter By Title and Archive=True" id="db68e670-bb40-4ba1-9858-0cf4d83ea182" timestamp="2023-07-04T00:40:42.804Z" tests="2" failures="0" errors="0" time="3.024">
    <testcase name="Status code should be 200" time="3.024" classname="TemplateResource"/>
    <testcase name="Size must be at least 3" time="3.024" classname="TemplateResource"/>
  </testsuite>
  <testsuite name="SaveDraft / Create New Template Success" id="050fd1a4-b343-416a-bb7f-98488a0a3d45" timestamp="2023-07-04T00:40:42.804Z" tests="4" failures="0" errors="0" time="6.038">
    <testcase name="Status code should be ok 200" time="6.038" classname="TemplateResource"/>
    <testcase name="body check" time="6.038" classname="TemplateResource"/>
    <testcase name="friendlyName check" time="6.038" classname="TemplateResource"/>
    <testcase name="Title check" time="6.038" classname="TemplateResource"/>
  </testsuite>
  <testsuite name="SaveDraft / SaveDraft" id="54d35053-ef9b-45f8-a2d1-bf3a631e116c" timestamp="2023-07-04T00:40:42.804Z" tests="3" failures="0" errors="0" time="6.059">
    <testcase name="Status code should be ok 200" time="6.059" classname="TemplateResource"/>
    <testcase name="body check" time="6.059" classname="TemplateResource"/>
    <testcase name="inode does not change check" time="6.059" classname="TemplateResource"/>
  </testsuite>
  <testsuite name="SaveDraft / Create New Template with Empty Theme" id="085f3044-fc1d-4cd8-823e-32d6a7f5d4bf" timestamp="2023-07-04T00:40:42.804Z" tests="2" failures="1" errors="0" time="6.047">
    <testcase name="HTTP Status must be 200" time="6.047" classname="TemplateResource"/>
    <testcase name="The new Template must be assigned the System Theme by default" time="6.047" classname="TemplateResource">
      <failure type="AssertionFailure" message="The theme for the test Template must be SYSTEM_THEME: expected '' to deeply equal 'SYSTEM_THEME'">
        <![CDATA[Failed 1 times.]]>
        <![CDATA[Collection JSON ID: 873a1015-3bbc-4cc8-94e9-1527a13f5bff.]]>
        <![CDATA[Collection name: Template Resource.]]>
        <![CDATA[Request name: SaveDraft / Create New Template with Empty Theme.]]>
        <![CDATA[Test description: The new Template must be assigned the System Theme by default.]]>
        <![CDATA[Error message: The theme for the test Template must be SYSTEM_THEME: expected '' to deeply equal 'SYSTEM_THEME'.]]>
        <![CDATA[Stacktrace: AssertionError: The theme for the test Template must be SYSTEM_THEME: expected '' to deeply equal 'SYSTEM_THEME'
   at Object.eval sandbox-script.js:2:68).]]>
      </failure>
    </testcase>
  </testsuite>
  <testsuite name="SaveAndPublish / SavePublishNewTemplate" id="3784d15f-51f3-4e29-be03-ba172ede5c01" timestamp="2023-07-04T00:40:42.804Z" tests="5" failures="0" errors="0" time="6.047">
    <testcase name="Status code should be ok 200" time="6.047" classname="TemplateResource"/>
    <testcase name="live check" time="6.047" classname="TemplateResource"/>
    <testcase name="body check" time="6.047" classname="TemplateResource"/>
    <testcase name="friendlyName check" time="6.047" classname="TemplateResource"/>
    <testcase name="Title check" time="6.047" classname="TemplateResource"/>
  </testsuite>
  <testsuite name="SaveAndPublish / SavePublishTemplate" id="c4b41d14-4b1a-4746-974e-3337b648a200" timestamp="2023-07-04T00:40:42.804Z" tests="5" failures="0" errors="0" time="6.057">
    <testcase name="Status code should be ok 200" time="6.057" classname="TemplateResource"/>
    <testcase name="live check" time="6.057" classname="TemplateResource"/>
    <testcase name="body check" time="6.057" classname="TemplateResource"/>
    <testcase name="friendlyName check" time="6.057" classname="TemplateResource"/>
    <testcase name="Title check" time="6.057" classname="TemplateResource"/>
  </testsuite>
  <testsuite name="SystemTemplate / GetAllIncludingSystemTemplate" id="4f762153-5343-40f6-a2fa-6538bd0029a9" timestamp="2023-07-04T00:40:42.804Z" tests="2" failures="0" errors="0" time="3.035">
    <testcase name="Status code should be ok 200" time="3.035" classname="TemplateResource"/>
    <testcase name="body check" time="3.035" classname="TemplateResource"/>
  </testsuite>
  <testsuite name="SystemTemplate / GetSystemTemplateLive" id="fae929ee-5c93-469e-80f2-4d6a1d154505" timestamp="2023-07-04T00:40:42.804Z" tests="2" failures="0" errors="0" time="3.026">
    <testcase name="Status code should be ok 200" time="3.026" classname="TemplateResource"/>
    <testcase name="body check" time="3.026" classname="TemplateResource"/>
  </testsuite>
  <testsuite name="SystemTemplate / GetSystemTemplateWorking" id="4c80237f-6a5c-4998-88f3-37f59a8168c3" timestamp="2023-07-04T00:40:42.804Z" tests="2" failures="0" errors="0" time="3.024">
    <testcase name="Status code should be ok 200" time="3.024" classname="TemplateResource"/>
    <testcase name="body check" time="3.024" classname="TemplateResource"/>
  </testsuite>
  <testsuite name="SystemTemplate / SaveSystemTemplate" id="4542b809-50cc-4432-8a53-57eef1a017d1" timestamp="2023-07-04T00:40:42.804Z" tests="1" failures="0" errors="0" time="3.036">
    <testcase name="Status code should be ok 400" time="3.036" classname="TemplateResource"/>
  </testsuite>
  <testsuite name="SystemTemplate / SaveSystemTemplateDraft" id="eb6d4422-1a4f-4559-84af-d0ff81c68941" timestamp="2023-07-04T00:40:42.804Z" tests="1" failures="0" errors="0" time="3.034">
    <testcase name="Status code should be ok 400" time="3.034" classname="TemplateResource"/>
  </testsuite>
  <testsuite name="SystemTemplate / SavePublishSystemTemplate" id="9870f030-9cc5-45e5-b73b-314af18a9cd4" timestamp="2023-07-04T00:40:42.804Z" tests="1" failures="0" errors="0" time="3.021">
    <testcase name="Status code should be ok 400" time="3.021" classname="TemplateResource"/>
  </testsuite>
  <testsuite name="SystemTemplate / PublishSystemTemplate" id="eb11fcf5-8e6c-4167-b4b3-47831b2aaed8" timestamp="2023-07-04T00:40:42.804Z" tests="2" failures="0" errors="0" time="3.024">
    <testcase name="Status code should be ok 200" time="3.024" classname="TemplateResource"/>
    <testcase name="body check" time="3.024" classname="TemplateResource"/>
  </testsuite>
  <testsuite name="SystemTemplate / UnpublishSystemTemplate" id="9a5173ac-610d-43b1-85e9-54720b236198" timestamp="2023-07-04T00:40:42.804Z" tests="2" failures="0" errors="0" time="3.017">
    <testcase name="Status code should be ok 200" time="3.017" classname="TemplateResource"/>
    <testcase name="body check" time="3.017" classname="TemplateResource"/>
  </testsuite>
  <testsuite name="SystemTemplate / CopySystemTemplate" id="ba2eab39-fb76-4174-8e4d-908abe9b09cc" timestamp="2023-07-04T00:40:42.804Z" tests="1" failures="0" errors="0" time="3.022">
    <testcase name="Status code should be ok 400" time="3.022" classname="TemplateResource"/>
  </testsuite>
  <testsuite name="SystemTemplate / ArchiveSystemTemplate" id="86bfc50a-59c4-4055-872c-8bb28bc507eb" timestamp="2023-07-04T00:40:42.804Z" tests="2" failures="0" errors="0" time="3.022">
    <testcase name="Status code should be ok 200" time="3.022" classname="TemplateResource"/>
    <testcase name="body check" time="3.022" classname="TemplateResource"/>
  </testsuite>
  <testsuite name="SystemTemplate / UnArchiveSystemTemplate" id="4c65aea0-d5bf-4345-ac86-a6233c92cbeb" timestamp="2023-07-04T00:40:42.804Z" tests="2" failures="0" errors="0" time="3.016">
    <testcase name="Status code should be ok 200" time="3.016" classname="TemplateResource"/>
    <testcase name="body check" time="3.016" classname="TemplateResource"/>
  </testsuite>
  <testsuite name="SystemTemplate / DeleteSystemTemplate" id="e4296fbe-d714-495f-b7ff-72aad7050a81" timestamp="2023-07-04T00:40:42.804Z" tests="2" failures="0" errors="0" time="3.016">
    <testcase name="Status code should be ok 200" time="3.016" classname="TemplateResource"/>
    <testcase name="body check" time="3.016" classname="TemplateResource"/>
  </testsuite>
  <testsuite name="Not anonymous layout / Create New Template" id="082cc34f-81f0-45f0-9e30-c8499ac84fda" timestamp="2023-07-04T00:40:42.804Z" tests="1" failures="0" errors="0" time="6.070">
    <testcase name="Status code should be 200" time="6.070" classname="TemplateResource"/>
  </testsuite>
  <testsuite name="Not anonymous layout / PUT Create Page Using NOT anonymous Template" id="699c39a0-eff2-4658-b71b-ef5fd4bd9ba0" timestamp="2023-07-04T00:40:42.804Z" tests="1" failures="0" errors="0" time="9.754">
    <testcase name="Status code should be 200" time="9.754" classname="TemplateResource"/>
  </testsuite>
  <testsuite name="Not anonymous layout / Change the Layout" id="415639f8-1131-42f5-a0ad-9dca3f5f33fa" timestamp="2023-07-04T00:40:42.804Z" tests="1" failures="0" errors="0" time="7.659">
    <testcase name="Status code should be 200" time="7.659" classname="TemplateResource"/>
  </testsuite>
  <testsuite name="Not anonymous layout / Check Template" id="08bd4e68-59c1-4866-97cb-32f18696146e" timestamp="2023-07-04T00:40:42.804Z" tests="2" failures="0" errors="0" time="3.041">
    <testcase name="Status code should be 200" time="3.041" classname="TemplateResource"/>
    <testcase name="Template must called 'Test NOT anonymous_layout'" time="3.041" classname="TemplateResource"/>
  </testsuite>
  <testsuite name="Create New Template Theme Not Send BadRequest" id="04831f11-9281-4cea-929f-eb94fa3c5617" timestamp="2023-07-04T00:40:42.804Z" tests="1" failures="0" errors="0" time="6.029">
    <testcase name="Status code should be 200" time="6.029" classname="TemplateResource"/>
  </testsuite>
  <testsuite name="Create New Template Theme Id Does Not Belong to Folder NotFound" id="aac7e4ff-d3b8-4e1d-b35b-a90d09f27f2b" timestamp="2023-07-04T00:40:42.804Z" tests="1" failures="0" errors="0" time="6.052">
    <testcase name="Status code should be 200" time="6.052" classname="TemplateResource"/>
  </testsuite>
  <testsuite name="Create New Template Title Not Send BadRequest" id="b8712d44-4194-4671-a685-9e5314844e4d" timestamp="2023-07-04T00:40:42.804Z" tests="1" failures="0" errors="0" time="3.024">
    <testcase name="Status code should be ok 400" time="3.024" classname="TemplateResource"/>
  </testsuite>
  <testsuite name="Create New Template Success" id="bdadb024-71e2-429b-873d-982be377382e" timestamp="2023-07-04T00:40:42.804Z" tests="4" failures="0" errors="0" time="6.040">
    <testcase name="Status code should be ok 200" time="6.040" classname="TemplateResource"/>
    <testcase name="body check" time="6.040" classname="TemplateResource"/>
    <testcase name="friendlyName check" time="6.040" classname="TemplateResource"/>
    <testcase name="Title check" time="6.040" classname="TemplateResource"/>
  </testsuite>
  <testsuite name="Edit Template Success" id="53d1e229-fe94-4226-8e70-12053b1bad42" timestamp="2023-07-04T00:40:42.804Z" tests="5" failures="0" errors="0" time="6.027">
    <testcase name="Status code should be ok 200" time="6.027" classname="TemplateResource"/>
    <testcase name="body check" time="6.027" classname="TemplateResource"/>
    <testcase name="friendlyName check" time="6.027" classname="TemplateResource"/>
    <testcase name="Title check" time="6.027" classname="TemplateResource"/>
    <testcase name="Identifier check" time="6.027" classname="TemplateResource"/>
  </testsuite>
  <testsuite name="Edit Template Id Not Exist BadRequest" id="0fa3d566-fd7c-4764-ade9-4b8524d89725" timestamp="2023-07-04T00:40:42.804Z" tests="1" failures="0" errors="0" time="3.019">
    <testcase name="Status code should be ok 404" time="3.019" classname="TemplateResource"/>
  </testsuite>
  <testsuite name="Delete Image ContentType" id="5dfcf3e0-c534-46ab-9408-48e22839f5f2" timestamp="2023-07-04T00:40:42.804Z" tests="1" failures="0" errors="0" time="6.348">
    <testcase name="Status code should be ok 200" time="6.348" classname="TemplateResource"/>
  </testsuite>
  <testsuite name="Delete Video ContentType" id="5d7dda9f-8081-44a4-95ec-cc942e68d8b6" timestamp="2023-07-04T00:40:42.804Z" tests="1" failures="0" errors="0" time="6.216">
    <testcase name="Status code should be ok 200" time="6.216" classname="TemplateResource"/>
  </testsuite>
  <testsuite name="pre_ImportBundleWithThemes Copy" id="65f0ccbc-0c39-4f1a-9fa6-ea0100c548e9" timestamp="2023-07-04T00:40:42.804Z" tests="1" failures="0" errors="0" time="154.897">
    <testcase name="Bundle uploaded sucessfully" time="154.897" classname="TemplateResource"/>
  </testsuite>
  <testsuite name="Create New Template Success Design Template" id="87e7527e-4667-4fe1-a98f-c7abc95cf211" timestamp="2023-07-04T00:40:42.804Z" tests="3" failures="0" errors="0" time="7.182">
    <testcase name="Status code should be ok 200" time="7.182" classname="TemplateResource"/>
    <testcase name="UUIDs Check" time="7.182" classname="TemplateResource"/>
    <testcase name="Title check" time="7.182" classname="TemplateResource"/>
  </testsuite>
  <testsuite name="Create New Template Success Using System Theme" id="b7dbecaa-7d66-4f11-9c3e-982c63c521a7" timestamp="2023-07-04T00:40:42.804Z" tests="4" failures="0" errors="0" time="6.049">
    <testcase name="Status code should be ok 200" time="6.049" classname="TemplateResource"/>
    <testcase name="UUIDs Check" time="6.049" classname="TemplateResource"/>
    <testcase name="Title check" time="6.049" classname="TemplateResource"/>
    <testcase name="Theme check" time="6.049" classname="TemplateResource"/>
  </testsuite>
  <testsuite name="Create New Template Success Using System Theme And System Container" id="6a4316c0-15bc-4ed4-87ed-0240ab25c0d3" timestamp="2023-07-04T00:40:42.804Z" tests="4" failures="0" errors="0" time="6.128">
    <testcase name="Status code should be ok 200" time="6.128" classname="TemplateResource"/>
    <testcase name="UUIDs Check" time="6.128" classname="TemplateResource"/>
    <testcase name="Title check" time="6.128" classname="TemplateResource"/>
    <testcase name="Theme check" time="6.128" classname="TemplateResource"/>
  </testsuite>
  <testsuite name="Create New Template Success Design Template With SideBar" id="9f012504-fccd-467a-9408-18870f2b120d" timestamp="2023-07-04T00:40:42.804Z" tests="3" failures="0" errors="0" time="6.063">
    <testcase name="Status code should be ok 200" time="6.063" classname="TemplateResource"/>
    <testcase name="UUIDs Check" time="6.063" classname="TemplateResource"/>
    <testcase name="Title check" time="6.063" classname="TemplateResource"/>
  </testsuite>
  <testsuite name="PUT Create Page Using Template as a File" id="88284c89-b0bb-4043-91f7-f9c1afe40589" timestamp="2023-07-04T00:40:42.804Z" tests="2" failures="0" errors="0" time="9.269">
    <testcase name="Status code should be 200" time="9.269" classname="TemplateResource"/>
    <testcase name="Template must contains path" time="9.269" classname="TemplateResource"/>
  </testsuite>
</testsuites>