<?xml version="1.0" encoding="UTF-8"?>
<testsuites name="VelocitySecrets" tests="3" time="9.967">
  <testsuite name="Add Config to System Host" id="7db66886-e053-418c-8677-885392723f32" timestamp="2023-07-21T18:49:53.534Z" tests="1" failures="0" errors="0" time="3.902">
    <testcase name="Status code should be 200" time="3.902" classname="VelocitySecrets"/>
  </testsuite>
  <testsuite name="Add Config to Default Host" id="55c05720-b2fd-42cb-af30-f9010d382483" timestamp="2023-07-21T18:49:53.534Z" tests="1" failures="0" errors="0" time="3.050">
    <testcase name="Status code should be 200" time="3.050" classname="VelocitySecrets"/>
  </testsuite>
  <testsuite name="Test Velocity Secrets" id="8aa8b2b5-49a9-47c9-b0e2-5c65a9a2e8dc" timestamp="2023-07-21T18:49:53.534Z" tests="6" failures="3" errors="0" time="3.015">
    <testcase name="Status code should be 200" time="3.015" classname="VelocitySecrets"/>
    <testcase name="Test systemDefault to be systemdefault" time="3.015" classname="VelocitySecrets">
      <failure type="AssertionFailure" message="expected null to equal 'systemdefault'">
        <![CDATA[Failed 1 times.]]>
        <![CDATA[Collection JSON ID: c55a23bc-a33b-42ab-a63b-083e43af4572.]]>
        <![CDATA[Collection name: VelocitySecrets.]]>
        <![CDATA[Request name: Test Velocity Secrets.]]>
        <![CDATA[Test description: Test systemDefault to be systemdefault.]]>
        <![CDATA[Error message: expected null to equal 'systemdefault'.]]>
        <![CDATA[Stacktrace: AssertionError: expected null to equal 'systemdefault'
   at Object.eval sandbox-script.js:2:3).]]>
      </failure>
    </testcase>
    <testcase name="Test systemUnknown to be null" time="3.015" classname="VelocitySecrets"/>
    <testcase name="Test systemSecretKey1 to be value1" time="3.015" classname="VelocitySecrets">
      <failure type="AssertionFailure" message="expected null to equal 'value2'">
        <![CDATA[Failed 1 times.]]>
        <![CDATA[Collection JSON ID: c55a23bc-a33b-42ab-a63b-083e43af4572.]]>
        <![CDATA[Collection name: VelocitySecrets.]]>
        <![CDATA[Request name: Test Velocity Secrets.]]>
        <![CDATA[Test description: Test systemSecretKey1 to be value1.]]>
        <![CDATA[Error message: expected null to equal 'value2'.]]>
        <![CDATA[Stacktrace: AssertionError: expected null to equal 'value2'
   at Object.eval sandbox-script.js:5:3).]]>
      </failure>
    </testcase>
    <testcase name="Test systemSecretKey2 to be value2" time="3.015" classname="VelocitySecrets">
      <failure type="AssertionFailure" message="expected null to equal 'value2'">
        <![CDATA[Failed 1 times.]]>
        <![CDATA[Collection JSON ID: c55a23bc-a33b-42ab-a63b-083e43af4572.]]>
        <![CDATA[Collection name: VelocitySecrets.]]>
        <![CDATA[Request name: Test Velocity Secrets.]]>
        <![CDATA[Test description: Test systemSecretKey2 to be value2.]]>
        <![CDATA[Error message: expected null to equal 'value2'.]]>
        <![CDATA[Stacktrace: AssertionError: expected null to equal 'value2'
   at Object.eval sandbox-script.js:6:3).]]>
      </failure>
    </testcase>
  </testsuite>
</testsuites>