<!DOCTYPE html>
<html>
<head>
<meta http-equiv="Content-Type" content="text/html; charset=utf-8"/>
<meta http-equiv="x-ua-compatible" content="IE=edge"/>
<title>Test results - Class com.dotcms.experiments.business.ExperimentAPIImpIntegrationTest</title>
<link href="../css/base-style.css" rel="stylesheet" type="text/css"/>
<link href="../css/style.css" rel="stylesheet" type="text/css"/>
<script src="../js/report.js" type="text/javascript"></script>
</head>
<body>
<div id="content">
<h1>Class com.dotcms.experiments.business.ExperimentAPIImpIntegrationTest</h1>
<div class="breadcrumbs">
<a href="../index.html">all</a> &gt; 
<a href="../packages/com.dotcms.experiments.business.html">com.dotcms.experiments.business</a> &gt; ExperimentAPIImpIntegrationTest</div>
<div id="summary">
<table>
<tr>
<td>
<div class="summaryGroup">
<table>
<tr>
<td>
<div class="infoBox" id="tests">
<div class="counter">47</div>
<p>tests</p>
</div>
</td>
<td>
<div class="infoBox" id="failures">
<div class="counter">16</div>
<p>failures</p>
</div>
</td>
<td>
<div class="infoBox" id="ignored">
<div class="counter">0</div>
<p>ignored</p>
</div>
</td>
<td>
<div class="infoBox" id="duration">
<div class="counter">1m29.99s</div>
<p>duration</p>
</div>
</td>
</tr>
</table>
</div>
</td>
<td>
<div class="infoBox failures" id="successRate">
<div class="percent">65%</div>
<p>successful</p>
</div>
</td>
</tr>
</table>
</div>
<div id="tabs">
<ul class="tabLinks">
<li>
<a href="#tab0">Failed tests</a>
</li>
<li>
<a href="#tab1">Tests</a>
</li>
</ul>
<div id="tab0" class="tab">
<h2>Failed tests</h2>
<div class="test">
<a name="getEvents"></a>
<h3 class="failures">getEvents</h3>
<span class="code">
<pre>java.lang.IllegalArgumentException: Experiment must be running
	at com.dotcms.util.DotPreconditions.isTrue(DotPreconditions.java:1209)
	at com.dotcms.experiments.business.result.ExperimentResultsQueryFactory.createRootQuery(ExperimentResultsQueryFactory.java:78)
	at com.dotcms.experiments.business.result.ExperimentResultsQueryFactory.create(ExperimentResultsQueryFactory.java:109)
	at com.dotcms.experiments.business.ExperimentsAPIImpl.getEvents(ExperimentsAPIImpl.java:988)
	at com.dotcms.experiments.business.ExperimentAPIImpIntegrationTest.getEvents(ExperimentAPIImpIntegrationTest.java:579)
	at java.base/jdk.internal.reflect.NativeMethodAccessorImpl.invoke0(Native Method)
	at java.base/jdk.internal.reflect.NativeMethodAccessorImpl.invoke(NativeMethodAccessorImpl.java:62)
	at java.base/jdk.internal.reflect.DelegatingMethodAccessorImpl.invoke(DelegatingMethodAccessorImpl.java:43)
	at java.base/java.lang.reflect.Method.invoke(Method.java:566)
	at org.junit.runners.model.FrameworkMethod$1.runReflectiveCall(FrameworkMethod.java:59)
	at org.junit.internal.runners.model.ReflectiveCallable.run(ReflectiveCallable.java:12)
	at org.junit.runners.model.FrameworkMethod.invokeExplosively(FrameworkMethod.java:56)
	at org.junit.internal.runners.statements.InvokeMethod.evaluate(InvokeMethod.java:17)
	at org.junit.internal.runners.statements.RunBefores.evaluate(RunBefores.java:26)
	at org.junit.internal.runners.statements.RunAfters.evaluate(RunAfters.java:27)
	at org.junit.rules.TestWatcher$1.evaluate(TestWatcher.java:61)
	at org.junit.runners.ParentRunner$3.evaluate(ParentRunner.java:306)
	at org.junit.rules.TestWatcher$1.evaluate(TestWatcher.java:61)
	at org.junit.rules.RunRules.evaluate(RunRules.java:20)
	at org.junit.runners.ParentRunner.runLeaf(ParentRunner.java:366)
	at com.dotcms.junit.CustomDataProviderRunner.runChild(CustomDataProviderRunner.java:41)
	at com.dotcms.junit.CustomDataProviderRunner.runChild(CustomDataProviderRunner.java:26)
	at org.junit.runners.ParentRunner$4.run(ParentRunner.java:331)
	at org.junit.runners.ParentRunner$1.schedule(ParentRunner.java:79)
	at org.junit.runners.ParentRunner.runChildren(ParentRunner.java:329)
	at org.junit.runners.ParentRunner.access$100(ParentRunner.java:66)
	at org.junit.runners.ParentRunner$2.evaluate(ParentRunner.java:293)
	at org.junit.internal.runners.statements.RunBefores.evaluate(RunBefores.java:26)
	at org.junit.runners.ParentRunner$3.evaluate(ParentRunner.java:306)
	at org.junit.runners.ParentRunner.run(ParentRunner.java:413)
	at com.dotcms.junit.MainBaseSuite$DotRunner.run(MainBaseSuite.java:71)
	at org.junit.runners.Suite.runChild(Suite.java:128)
	at org.junit.runners.Suite.runChild(Suite.java:27)
	at org.junit.runners.ParentRunner$4.run(ParentRunner.java:331)
	at org.junit.runners.ParentRunner$1.schedule(ParentRunner.java:79)
	at org.junit.runners.ParentRunner.runChildren(ParentRunner.java:329)
	at org.junit.runners.ParentRunner.access$100(ParentRunner.java:66)
	at org.junit.runners.ParentRunner$2.evaluate(ParentRunner.java:293)
	at org.junit.runners.ParentRunner$3.evaluate(ParentRunner.java:306)
	at org.junit.runners.ParentRunner.run(ParentRunner.java:413)
	at org.gradle.api.internal.tasks.testing.junit.JUnitTestClassExecutor.runTestClass(JUnitTestClassExecutor.java:110)
	at org.gradle.api.internal.tasks.testing.junit.JUnitTestClassExecutor.execute(JUnitTestClassExecutor.java:58)
	at org.gradle.api.internal.tasks.testing.junit.JUnitTestClassExecutor.execute(JUnitTestClassExecutor.java:38)
	at org.gradle.api.internal.tasks.testing.junit.AbstractJUnitTestClassProcessor.processTestClass(AbstractJUnitTestClassProcessor.java:62)
	at org.gradle.api.internal.tasks.testing.SuiteTestClassProcessor.processTestClass(SuiteTestClassProcessor.java:51)
	at java.base/jdk.internal.reflect.NativeMethodAccessorImpl.invoke0(Native Method)
	at java.base/jdk.internal.reflect.NativeMethodAccessorImpl.invoke(NativeMethodAccessorImpl.java:62)
	at java.base/jdk.internal.reflect.DelegatingMethodAccessorImpl.invoke(DelegatingMethodAccessorImpl.java:43)
	at java.base/java.lang.reflect.Method.invoke(Method.java:566)
	at org.gradle.internal.dispatch.ReflectionDispatch.dispatch(ReflectionDispatch.java:36)
	at org.gradle.internal.dispatch.ReflectionDispatch.dispatch(ReflectionDispatch.java:24)
	at org.gradle.internal.dispatch.ContextClassLoaderDispatch.dispatch(ContextClassLoaderDispatch.java:33)
	at org.gradle.internal.dispatch.ProxyDispatchAdapter$DispatchingInvocationHandler.invoke(ProxyDispatchAdapter.java:94)
	at com.sun.proxy.$Proxy5.processTestClass(Unknown Source)
	at org.gradle.api.internal.tasks.testing.worker.TestWorker$2.run(TestWorker.java:176)
	at org.gradle.api.internal.tasks.testing.worker.TestWorker.executeAndMaintainThreadName(TestWorker.java:129)
	at org.gradle.api.internal.tasks.testing.worker.TestWorker.execute(TestWorker.java:100)
	at org.gradle.api.internal.tasks.testing.worker.TestWorker.execute(TestWorker.java:60)
	at org.gradle.process.internal.worker.child.ActionExecutionWorker.execute(ActionExecutionWorker.java:56)
	at org.gradle.process.internal.worker.child.SystemApplicationClassLoaderWorker.call(SystemApplicationClassLoaderWorker.java:133)
	at org.gradle.process.internal.worker.child.SystemApplicationClassLoaderWorker.call(SystemApplicationClassLoaderWorker.java:71)
	at worker.org.gradle.process.internal.worker.GradleWorkerMain.run(GradleWorkerMain.java:69)
	at worker.org.gradle.process.internal.worker.GradleWorkerMain.main(GradleWorkerMain.java:74)
</pre>
</span>
</div>
<div class="test">
<a name="getSplitTrafficInsideExperimentResults"></a>
<h3 class="failures">getSplitTrafficInsideExperimentResults</h3>
<span class="code">
<pre>com.dotmarketing.business.DotStateException: Only RUNNING experiments can be ended
	at java.base@11.0.19/jdk.internal.reflect.NativeConstructorAccessorImpl.newInstance0(Native Method)
	at java.base@11.0.19/jdk.internal.reflect.NativeConstructorAccessorImpl.newInstance(NativeConstructorAccessorImpl.java:62)
	at java.base@11.0.19/jdk.internal.reflect.DelegatingConstructorAccessorImpl.newInstance(DelegatingConstructorAccessorImpl.java:45)
	at java.base@11.0.19/java.lang.reflect.Constructor.newInstance(Constructor.java:490)
	at app//com.dotcms.util.ReflectionUtils.newInstance(ReflectionUtils.java:105)
	at app//com.dotcms.util.DotPreconditions.isTrue(DotPreconditions.java:1241)
	at app//com.dotcms.experiments.business.ExperimentsAPIImpl.end(ExperimentsAPIImpl.java:652)
	at app//com.dotcms.datagen.ExperimentDataGen.end(ExperimentDataGen.java:171)
	at app//com.dotcms.experiments.business.ExperimentAPIImpIntegrationTest.getSplitTrafficInsideExperimentResults(ExperimentAPIImpIntegrationTest.java:720)
	at java.base@11.0.19/jdk.internal.reflect.NativeMethodAccessorImpl.invoke0(Native Method)
	at java.base@11.0.19/jdk.internal.reflect.NativeMethodAccessorImpl.invoke(NativeMethodAccessorImpl.java:62)
	at java.base@11.0.19/jdk.internal.reflect.DelegatingMethodAccessorImpl.invoke(DelegatingMethodAccessorImpl.java:43)
	at java.base@11.0.19/java.lang.reflect.Method.invoke(Method.java:566)
	at app//org.junit.runners.model.FrameworkMethod$1.runReflectiveCall(FrameworkMethod.java:59)
	at app//org.junit.internal.runners.model.ReflectiveCallable.run(ReflectiveCallable.java:12)
	at app//org.junit.runners.model.FrameworkMethod.invokeExplosively(FrameworkMethod.java:56)
	at app//org.junit.internal.runners.statements.InvokeMethod.evaluate(InvokeMethod.java:17)
	at app//org.junit.internal.runners.statements.RunBefores.evaluate(RunBefores.java:26)
	at app//org.junit.internal.runners.statements.RunAfters.evaluate(RunAfters.java:27)
	at app//org.junit.rules.TestWatcher$1.evaluate(TestWatcher.java:61)
	at app//org.junit.runners.ParentRunner$3.evaluate(ParentRunner.java:306)
	at app//org.junit.rules.TestWatcher$1.evaluate(TestWatcher.java:61)
	at app//org.junit.rules.RunRules.evaluate(RunRules.java:20)
	at app//org.junit.runners.ParentRunner.runLeaf(ParentRunner.java:366)
	at app//com.dotcms.junit.CustomDataProviderRunner.runChild(CustomDataProviderRunner.java:41)
	at app//com.dotcms.junit.CustomDataProviderRunner.runChild(CustomDataProviderRunner.java:26)
	at app//org.junit.runners.ParentRunner$4.run(ParentRunner.java:331)
	at app//org.junit.runners.ParentRunner$1.schedule(ParentRunner.java:79)
	at app//org.junit.runners.ParentRunner.runChildren(ParentRunner.java:329)
	at app//org.junit.runners.ParentRunner.access$100(ParentRunner.java:66)
	at app//org.junit.runners.ParentRunner$2.evaluate(ParentRunner.java:293)
	at app//org.junit.internal.runners.statements.RunBefores.evaluate(RunBefores.java:26)
	at app//org.junit.runners.ParentRunner$3.evaluate(ParentRunner.java:306)
	at app//org.junit.runners.ParentRunner.run(ParentRunner.java:413)
	at app//com.dotcms.junit.MainBaseSuite$DotRunner.run(MainBaseSuite.java:71)
	at app//org.junit.runners.Suite.runChild(Suite.java:128)
	at app//org.junit.runners.Suite.runChild(Suite.java:27)
	at app//org.junit.runners.ParentRunner$4.run(ParentRunner.java:331)
	at app//org.junit.runners.ParentRunner$1.schedule(ParentRunner.java:79)
	at app//org.junit.runners.ParentRunner.runChildren(ParentRunner.java:329)
	at app//org.junit.runners.ParentRunner.access$100(ParentRunner.java:66)
	at app//org.junit.runners.ParentRunner$2.evaluate(ParentRunner.java:293)
	at app//org.junit.runners.ParentRunner$3.evaluate(ParentRunner.java:306)
	at app//org.junit.runners.ParentRunner.run(ParentRunner.java:413)
	at org.gradle.api.internal.tasks.testing.junit.JUnitTestClassExecutor.runTestClass(JUnitTestClassExecutor.java:110)
	at org.gradle.api.internal.tasks.testing.junit.JUnitTestClassExecutor.execute(JUnitTestClassExecutor.java:58)
	at org.gradle.api.internal.tasks.testing.junit.JUnitTestClassExecutor.execute(JUnitTestClassExecutor.java:38)
	at org.gradle.api.internal.tasks.testing.junit.AbstractJUnitTestClassProcessor.processTestClass(AbstractJUnitTestClassProcessor.java:62)
	at org.gradle.api.internal.tasks.testing.SuiteTestClassProcessor.processTestClass(SuiteTestClassProcessor.java:51)
	at java.base@11.0.19/jdk.internal.reflect.NativeMethodAccessorImpl.invoke0(Native Method)
	at java.base@11.0.19/jdk.internal.reflect.NativeMethodAccessorImpl.invoke(NativeMethodAccessorImpl.java:62)
	at java.base@11.0.19/jdk.internal.reflect.DelegatingMethodAccessorImpl.invoke(DelegatingMethodAccessorImpl.java:43)
	at java.base@11.0.19/java.lang.reflect.Method.invoke(Method.java:566)
	at org.gradle.internal.dispatch.ReflectionDispatch.dispatch(ReflectionDispatch.java:36)
	at org.gradle.internal.dispatch.ReflectionDispatch.dispatch(ReflectionDispatch.java:24)
	at org.gradle.internal.dispatch.ContextClassLoaderDispatch.dispatch(ContextClassLoaderDispatch.java:33)
	at org.gradle.internal.dispatch.ProxyDispatchAdapter$DispatchingInvocationHandler.invoke(ProxyDispatchAdapter.java:94)
	at com.sun.proxy.$Proxy5.processTestClass(Unknown Source)
	at org.gradle.api.internal.tasks.testing.worker.TestWorker$2.run(TestWorker.java:176)
	at org.gradle.api.internal.tasks.testing.worker.TestWorker.executeAndMaintainThreadName(TestWorker.java:129)
	at org.gradle.api.internal.tasks.testing.worker.TestWorker.execute(TestWorker.java:100)
	at org.gradle.api.internal.tasks.testing.worker.TestWorker.execute(TestWorker.java:60)
	at org.gradle.process.internal.worker.child.ActionExecutionWorker.execute(ActionExecutionWorker.java:56)
	at org.gradle.process.internal.worker.child.SystemApplicationClassLoaderWorker.call(SystemApplicationClassLoaderWorker.java:133)
	at org.gradle.process.internal.worker.child.SystemApplicationClassLoaderWorker.call(SystemApplicationClassLoaderWorker.java:71)
	at app//worker.org.gradle.process.internal.worker.GradleWorkerMain.run(GradleWorkerMain.java:69)
	at app//worker.org.gradle.process.internal.worker.GradleWorkerMain.main(GradleWorkerMain.java:74)
</pre>
</span>
</div>
<div class="test">
<a name="multiDaysEvent"></a>
<h3 class="failures">multiDaysEvent</h3>
<span class="code">
<pre>java.lang.AssertionError: New Request:Cube JS Query is not right, 
Expected: {&quot;filters&quot;:[{&quot;values&quot;:[&quot;pageview&quot;],&quot;member&quot;:&quot;Events.eventType&quot;,&quot;operator&quot;:&quot;equals&quot;},{&quot;values&quot;:[&quot;efd611b3-51d0-4dcb-b8f1-4aa2f987e4a6&quot;],&quot;member&quot;:&quot;Events.experiment&quot;,&quot;operator&quot;:&quot;equals&quot;}],&quot;dimensions&quot;:[&quot;Events.referer&quot;,&quot;Events.experiment&quot;,&quot;Events.variant&quot;,&quot;Events.utcTime&quot;,&quot;Events.url&quot;,&quot;Events.lookBackWindow&quot;,&quot;Events.eventType&quot;,&quot;Events.runningId&quot;],&quot;order&quot;:{&quot;Events.lookBackWindow&quot;:&quot;asc&quot;,&quot;Events.utcTime&quot;:&quot;asc&quot;}} 
Current {&quot;filters&quot;:[{&quot;values&quot;:[&quot;pageview&quot;],&quot;member&quot;:&quot;Events.eventType&quot;,&quot;operator&quot;:&quot;equals&quot;},{&quot;values&quot;:[&quot;efd611b3-51d0-4dcb-b8f1-4aa2f987e4a6&quot;],&quot;member&quot;:&quot;Events.experiment&quot;,&quot;operator&quot;:&quot;equals&quot;},{&quot;values&quot;:[&quot;cdee87a6-9454-4800-9459-39eb23178d18&quot;],&quot;member&quot;:&quot;Events.runningId&quot;,&quot;operator&quot;:&quot;equals&quot;}],&quot;dimensions&quot;:[&quot;Events.referer&quot;,&quot;Events.experiment&quot;,&quot;Events.variant&quot;,&quot;Events.utcTime&quot;,&quot;Events.url&quot;,&quot;Events.lookBackWindow&quot;,&quot;Events.eventType&quot;,&quot;Events.runningId&quot;],&quot;order&quot;:{&quot;Events.lookBackWindow&quot;:&quot;asc&quot;,&quot;Events.utcTime&quot;:&quot;asc&quot;}}
Cube JS Query is not right, 
Expected: {&quot;measures&quot;: [&quot;Events.count&quot;],&quot;dimensions&quot;: [&quot;Events.variant&quot;],  &quot;filters&quot;: [    {      &quot;member&quot;: &quot;Events.eventType&quot;,      &quot;operator&quot;: &quot;equals&quot;,      &quot;values&quot;: [        &quot;pageview&quot;      ]    },    {      &quot;member&quot;: &quot;Events.variant&quot;,      &quot;operator&quot;: &quot;equals&quot;,      &quot;values&quot;: [&quot;DEFAULT&quot;,&quot;dotexperiment-efd611b351-variant-1&quot;]    },    {      &quot;member&quot;: &quot;Events.experiment&quot;,      &quot;operator&quot;: &quot;equals&quot;,      &quot;values&quot;: [&quot;efd611b3-51d0-4dcb-b8f1-4aa2f987e4a6&quot;]    }  ]} 
Current {&quot;filters&quot;:[{&quot;values&quot;:[&quot;pageview&quot;],&quot;member&quot;:&quot;Events.eventType&quot;,&quot;operator&quot;:&quot;equals&quot;},{&quot;values&quot;:[&quot;efd611b3-51d0-4dcb-b8f1-4aa2f987e4a6&quot;],&quot;member&quot;:&quot;Events.experiment&quot;,&quot;operator&quot;:&quot;equals&quot;},{&quot;values&quot;:[&quot;cdee87a6-9454-4800-9459-39eb23178d18&quot;],&quot;member&quot;:&quot;Events.runningId&quot;,&quot;operator&quot;:&quot;equals&quot;}],&quot;dimensions&quot;:[&quot;Events.referer&quot;,&quot;Events.experiment&quot;,&quot;Events.variant&quot;,&quot;Events.utcTime&quot;,&quot;Events.url&quot;,&quot;Events.lookBackWindow&quot;,&quot;Events.eventType&quot;,&quot;Events.runningId&quot;],&quot;order&quot;:{&quot;Events.lookBackWindow&quot;:&quot;asc&quot;,&quot;Events.utcTime&quot;:&quot;asc&quot;}}
Cube JS Query is not right, 
Expected: {&quot;filters&quot;:[{&quot;values&quot;:[&quot;pageview&quot;],&quot;member&quot;:&quot;Events.eventType&quot;,&quot;operator&quot;:&quot;equals&quot;},{&quot;values&quot;:[&quot;efd611b3-51d0-4dcb-b8f1-4aa2f987e4a6&quot;],&quot;member&quot;:&quot;Events.experiment&quot;,&quot;operator&quot;:&quot;equals&quot;},{&quot;values&quot;:[&quot;cdee87a6-9454-4800-9459-39eb23178d18&quot;],&quot;member&quot;:&quot;Events.runningId&quot;,&quot;operator&quot;:&quot;equals&quot;}],&quot;measures&quot;:[&quot;Events.count&quot;],&quot;order&quot;:{&quot;Events.lookBackWindow&quot;:&quot;asc&quot;,&quot;Events.utcTime&quot;:&quot;asc&quot;}} 
Current {&quot;filters&quot;:[{&quot;values&quot;:[&quot;pageview&quot;],&quot;member&quot;:&quot;Events.eventType&quot;,&quot;operator&quot;:&quot;equals&quot;},{&quot;values&quot;:[&quot;efd611b3-51d0-4dcb-b8f1-4aa2f987e4a6&quot;],&quot;member&quot;:&quot;Events.experiment&quot;,&quot;operator&quot;:&quot;equals&quot;},{&quot;values&quot;:[&quot;cdee87a6-9454-4800-9459-39eb23178d18&quot;],&quot;member&quot;:&quot;Events.runningId&quot;,&quot;operator&quot;:&quot;equals&quot;}],&quot;dimensions&quot;:[&quot;Events.referer&quot;,&quot;Events.experiment&quot;,&quot;Events.variant&quot;,&quot;Events.utcTime&quot;,&quot;Events.url&quot;,&quot;Events.lookBackWindow&quot;,&quot;Events.eventType&quot;,&quot;Events.runningId&quot;],&quot;order&quot;:{&quot;Events.lookBackWindow&quot;:&quot;asc&quot;,&quot;Events.utcTime&quot;:&quot;asc&quot;}}
	at com.dotcms.http.server.mock.MockHttpServer.validate(MockHttpServer.java:168)
	at com.dotcms.experiments.business.ExperimentAPIImpIntegrationTest.multiDaysEvent(ExperimentAPIImpIntegrationTest.java:1236)
	at java.base/jdk.internal.reflect.NativeMethodAccessorImpl.invoke0(Native Method)
	at java.base/jdk.internal.reflect.NativeMethodAccessorImpl.invoke(NativeMethodAccessorImpl.java:62)
	at java.base/jdk.internal.reflect.DelegatingMethodAccessorImpl.invoke(DelegatingMethodAccessorImpl.java:43)
	at java.base/java.lang.reflect.Method.invoke(Method.java:566)
	at org.junit.runners.model.FrameworkMethod$1.runReflectiveCall(FrameworkMethod.java:59)
	at org.junit.internal.runners.model.ReflectiveCallable.run(ReflectiveCallable.java:12)
	at org.junit.runners.model.FrameworkMethod.invokeExplosively(FrameworkMethod.java:56)
	at org.junit.internal.runners.statements.InvokeMethod.evaluate(InvokeMethod.java:17)
	at org.junit.internal.runners.statements.RunBefores.evaluate(RunBefores.java:26)
	at org.junit.internal.runners.statements.RunAfters.evaluate(RunAfters.java:27)
	at org.junit.rules.TestWatcher$1.evaluate(TestWatcher.java:61)
	at org.junit.runners.ParentRunner$3.evaluate(ParentRunner.java:306)
	at org.junit.rules.TestWatcher$1.evaluate(TestWatcher.java:61)
	at org.junit.rules.RunRules.evaluate(RunRules.java:20)
	at org.junit.runners.ParentRunner.runLeaf(ParentRunner.java:366)
	at com.dotcms.junit.CustomDataProviderRunner.runChild(CustomDataProviderRunner.java:41)
	at com.dotcms.junit.CustomDataProviderRunner.runChild(CustomDataProviderRunner.java:26)
	at org.junit.runners.ParentRunner$4.run(ParentRunner.java:331)
	at org.junit.runners.ParentRunner$1.schedule(ParentRunner.java:79)
	at org.junit.runners.ParentRunner.runChildren(ParentRunner.java:329)
	at org.junit.runners.ParentRunner.access$100(ParentRunner.java:66)
	at org.junit.runners.ParentRunner$2.evaluate(ParentRunner.java:293)
	at org.junit.internal.runners.statements.RunBefores.evaluate(RunBefores.java:26)
	at org.junit.runners.ParentRunner$3.evaluate(ParentRunner.java:306)
	at org.junit.runners.ParentRunner.run(ParentRunner.java:413)
	at com.dotcms.junit.MainBaseSuite$DotRunner.run(MainBaseSuite.java:71)
	at org.junit.runners.Suite.runChild(Suite.java:128)
	at org.junit.runners.Suite.runChild(Suite.java:27)
	at org.junit.runners.ParentRunner$4.run(ParentRunner.java:331)
	at org.junit.runners.ParentRunner$1.schedule(ParentRunner.java:79)
	at org.junit.runners.ParentRunner.runChildren(ParentRunner.java:329)
	at org.junit.runners.ParentRunner.access$100(ParentRunner.java:66)
	at org.junit.runners.ParentRunner$2.evaluate(ParentRunner.java:293)
	at org.junit.runners.ParentRunner$3.evaluate(ParentRunner.java:306)
	at org.junit.runners.ParentRunner.run(ParentRunner.java:413)
	at org.gradle.api.internal.tasks.testing.junit.JUnitTestClassExecutor.runTestClass(JUnitTestClassExecutor.java:110)
	at org.gradle.api.internal.tasks.testing.junit.JUnitTestClassExecutor.execute(JUnitTestClassExecutor.java:58)
	at org.gradle.api.internal.tasks.testing.junit.JUnitTestClassExecutor.execute(JUnitTestClassExecutor.java:38)
	at org.gradle.api.internal.tasks.testing.junit.AbstractJUnitTestClassProcessor.processTestClass(AbstractJUnitTestClassProcessor.java:62)
	at org.gradle.api.internal.tasks.testing.SuiteTestClassProcessor.processTestClass(SuiteTestClassProcessor.java:51)
	at java.base/jdk.internal.reflect.NativeMethodAccessorImpl.invoke0(Native Method)
	at java.base/jdk.internal.reflect.NativeMethodAccessorImpl.invoke(NativeMethodAccessorImpl.java:62)
	at java.base/jdk.internal.reflect.DelegatingMethodAccessorImpl.invoke(DelegatingMethodAccessorImpl.java:43)
	at java.base/java.lang.reflect.Method.invoke(Method.java:566)
	at org.gradle.internal.dispatch.ReflectionDispatch.dispatch(ReflectionDispatch.java:36)
	at org.gradle.internal.dispatch.ReflectionDispatch.dispatch(ReflectionDispatch.java:24)
	at org.gradle.internal.dispatch.ContextClassLoaderDispatch.dispatch(ContextClassLoaderDispatch.java:33)
	at org.gradle.internal.dispatch.ProxyDispatchAdapter$DispatchingInvocationHandler.invoke(ProxyDispatchAdapter.java:94)
	at com.sun.proxy.$Proxy5.processTestClass(Unknown Source)
	at org.gradle.api.internal.tasks.testing.worker.TestWorker$2.run(TestWorker.java:176)
	at org.gradle.api.internal.tasks.testing.worker.TestWorker.executeAndMaintainThreadName(TestWorker.java:129)
	at org.gradle.api.internal.tasks.testing.worker.TestWorker.execute(TestWorker.java:100)
	at org.gradle.api.internal.tasks.testing.worker.TestWorker.execute(TestWorker.java:60)
	at org.gradle.process.internal.worker.child.ActionExecutionWorker.execute(ActionExecutionWorker.java:56)
	at org.gradle.process.internal.worker.child.SystemApplicationClassLoaderWorker.call(SystemApplicationClassLoaderWorker.java:133)
	at org.gradle.process.internal.worker.child.SystemApplicationClassLoaderWorker.call(SystemApplicationClassLoaderWorker.java:71)
	at worker.org.gradle.process.internal.worker.GradleWorkerMain.run(GradleWorkerMain.java:69)
	at worker.org.gradle.process.internal.worker.GradleWorkerMain.main(GradleWorkerMain.java:74)
</pre>
</span>
</div>
<div class="test">
<a name="pageNotReachButExperimentPageWasView"></a>
<h3 class="failures">pageNotReachButExperimentPageWasView</h3>
<span class="code">
<pre>java.lang.AssertionError: New Request:Cube JS Query is not right, 
Expected: {&quot;filters&quot;:[{&quot;values&quot;:[&quot;pageview&quot;],&quot;member&quot;:&quot;Events.eventType&quot;,&quot;operator&quot;:&quot;equals&quot;},{&quot;values&quot;:[&quot;7a28cba4-33cf-4f6b-8d0d-4141abd98020&quot;],&quot;member&quot;:&quot;Events.experiment&quot;,&quot;operator&quot;:&quot;equals&quot;}],&quot;dimensions&quot;:[&quot;Events.referer&quot;,&quot;Events.experiment&quot;,&quot;Events.variant&quot;,&quot;Events.utcTime&quot;,&quot;Events.url&quot;,&quot;Events.lookBackWindow&quot;,&quot;Events.eventType&quot;,&quot;Events.runningId&quot;],&quot;order&quot;:{&quot;Events.lookBackWindow&quot;:&quot;asc&quot;,&quot;Events.utcTime&quot;:&quot;asc&quot;}} 
Current {&quot;filters&quot;:[{&quot;values&quot;:[&quot;pageview&quot;],&quot;member&quot;:&quot;Events.eventType&quot;,&quot;operator&quot;:&quot;equals&quot;},{&quot;values&quot;:[&quot;7a28cba4-33cf-4f6b-8d0d-4141abd98020&quot;],&quot;member&quot;:&quot;Events.experiment&quot;,&quot;operator&quot;:&quot;equals&quot;},{&quot;values&quot;:[&quot;9e52d181-6c86-4b2e-915a-fa50c13a1742&quot;],&quot;member&quot;:&quot;Events.runningId&quot;,&quot;operator&quot;:&quot;equals&quot;}],&quot;dimensions&quot;:[&quot;Events.referer&quot;,&quot;Events.experiment&quot;,&quot;Events.variant&quot;,&quot;Events.utcTime&quot;,&quot;Events.url&quot;,&quot;Events.lookBackWindow&quot;,&quot;Events.eventType&quot;,&quot;Events.runningId&quot;],&quot;order&quot;:{&quot;Events.lookBackWindow&quot;:&quot;asc&quot;,&quot;Events.utcTime&quot;:&quot;asc&quot;}}
Cube JS Query is not right, 
Expected: {&quot;measures&quot;: [&quot;Events.count&quot;],&quot;dimensions&quot;: [&quot;Events.variant&quot;],  &quot;filters&quot;: [    {      &quot;member&quot;: &quot;Events.eventType&quot;,      &quot;operator&quot;: &quot;equals&quot;,      &quot;values&quot;: [        &quot;pageview&quot;      ]    },    {      &quot;member&quot;: &quot;Events.variant&quot;,      &quot;operator&quot;: &quot;equals&quot;,      &quot;values&quot;: [&quot;DEFAULT&quot;,&quot;dotexperiment-7a28cba433-variant-1&quot;]    },    {      &quot;member&quot;: &quot;Events.experiment&quot;,      &quot;operator&quot;: &quot;equals&quot;,      &quot;values&quot;: [&quot;7a28cba4-33cf-4f6b-8d0d-4141abd98020&quot;]    }  ]} 
Current {&quot;filters&quot;:[{&quot;values&quot;:[&quot;pageview&quot;],&quot;member&quot;:&quot;Events.eventType&quot;,&quot;operator&quot;:&quot;equals&quot;},{&quot;values&quot;:[&quot;7a28cba4-33cf-4f6b-8d0d-4141abd98020&quot;],&quot;member&quot;:&quot;Events.experiment&quot;,&quot;operator&quot;:&quot;equals&quot;},{&quot;values&quot;:[&quot;9e52d181-6c86-4b2e-915a-fa50c13a1742&quot;],&quot;member&quot;:&quot;Events.runningId&quot;,&quot;operator&quot;:&quot;equals&quot;}],&quot;dimensions&quot;:[&quot;Events.referer&quot;,&quot;Events.experiment&quot;,&quot;Events.variant&quot;,&quot;Events.utcTime&quot;,&quot;Events.url&quot;,&quot;Events.lookBackWindow&quot;,&quot;Events.eventType&quot;,&quot;Events.runningId&quot;],&quot;order&quot;:{&quot;Events.lookBackWindow&quot;:&quot;asc&quot;,&quot;Events.utcTime&quot;:&quot;asc&quot;}}
Cube JS Query is not right, 
Expected: {&quot;filters&quot;:[{&quot;values&quot;:[&quot;pageview&quot;],&quot;member&quot;:&quot;Events.eventType&quot;,&quot;operator&quot;:&quot;equals&quot;},{&quot;values&quot;:[&quot;7a28cba4-33cf-4f6b-8d0d-4141abd98020&quot;],&quot;member&quot;:&quot;Events.experiment&quot;,&quot;operator&quot;:&quot;equals&quot;},{&quot;values&quot;:[&quot;9e52d181-6c86-4b2e-915a-fa50c13a1742&quot;],&quot;member&quot;:&quot;Events.runningId&quot;,&quot;operator&quot;:&quot;equals&quot;}],&quot;measures&quot;:[&quot;Events.count&quot;],&quot;order&quot;:{&quot;Events.lookBackWindow&quot;:&quot;asc&quot;,&quot;Events.utcTime&quot;:&quot;asc&quot;}} 
Current {&quot;filters&quot;:[{&quot;values&quot;:[&quot;pageview&quot;],&quot;member&quot;:&quot;Events.eventType&quot;,&quot;operator&quot;:&quot;equals&quot;},{&quot;values&quot;:[&quot;7a28cba4-33cf-4f6b-8d0d-4141abd98020&quot;],&quot;member&quot;:&quot;Events.experiment&quot;,&quot;operator&quot;:&quot;equals&quot;},{&quot;values&quot;:[&quot;9e52d181-6c86-4b2e-915a-fa50c13a1742&quot;],&quot;member&quot;:&quot;Events.runningId&quot;,&quot;operator&quot;:&quot;equals&quot;}],&quot;dimensions&quot;:[&quot;Events.referer&quot;,&quot;Events.experiment&quot;,&quot;Events.variant&quot;,&quot;Events.utcTime&quot;,&quot;Events.url&quot;,&quot;Events.lookBackWindow&quot;,&quot;Events.eventType&quot;,&quot;Events.runningId&quot;],&quot;order&quot;:{&quot;Events.lookBackWindow&quot;:&quot;asc&quot;,&quot;Events.utcTime&quot;:&quot;asc&quot;}}
	at com.dotcms.http.server.mock.MockHttpServer.validate(MockHttpServer.java:168)
	at com.dotcms.experiments.business.ExperimentAPIImpIntegrationTest.pageNotReachButExperimentPageWasView(ExperimentAPIImpIntegrationTest.java:1462)
	at java.base/jdk.internal.reflect.NativeMethodAccessorImpl.invoke0(Native Method)
	at java.base/jdk.internal.reflect.NativeMethodAccessorImpl.invoke(NativeMethodAccessorImpl.java:62)
	at java.base/jdk.internal.reflect.DelegatingMethodAccessorImpl.invoke(DelegatingMethodAccessorImpl.java:43)
	at java.base/java.lang.reflect.Method.invoke(Method.java:566)
	at org.junit.runners.model.FrameworkMethod$1.runReflectiveCall(FrameworkMethod.java:59)
	at org.junit.internal.runners.model.ReflectiveCallable.run(ReflectiveCallable.java:12)
	at org.junit.runners.model.FrameworkMethod.invokeExplosively(FrameworkMethod.java:56)
	at org.junit.internal.runners.statements.InvokeMethod.evaluate(InvokeMethod.java:17)
	at org.junit.internal.runners.statements.RunBefores.evaluate(RunBefores.java:26)
	at org.junit.internal.runners.statements.RunAfters.evaluate(RunAfters.java:27)
	at org.junit.rules.TestWatcher$1.evaluate(TestWatcher.java:61)
	at org.junit.runners.ParentRunner$3.evaluate(ParentRunner.java:306)
	at org.junit.rules.TestWatcher$1.evaluate(TestWatcher.java:61)
	at org.junit.rules.RunRules.evaluate(RunRules.java:20)
	at org.junit.runners.ParentRunner.runLeaf(ParentRunner.java:366)
	at com.dotcms.junit.CustomDataProviderRunner.runChild(CustomDataProviderRunner.java:41)
	at com.dotcms.junit.CustomDataProviderRunner.runChild(CustomDataProviderRunner.java:26)
	at org.junit.runners.ParentRunner$4.run(ParentRunner.java:331)
	at org.junit.runners.ParentRunner$1.schedule(ParentRunner.java:79)
	at org.junit.runners.ParentRunner.runChildren(ParentRunner.java:329)
	at org.junit.runners.ParentRunner.access$100(ParentRunner.java:66)
	at org.junit.runners.ParentRunner$2.evaluate(ParentRunner.java:293)
	at org.junit.internal.runners.statements.RunBefores.evaluate(RunBefores.java:26)
	at org.junit.runners.ParentRunner$3.evaluate(ParentRunner.java:306)
	at org.junit.runners.ParentRunner.run(ParentRunner.java:413)
	at com.dotcms.junit.MainBaseSuite$DotRunner.run(MainBaseSuite.java:71)
	at org.junit.runners.Suite.runChild(Suite.java:128)
	at org.junit.runners.Suite.runChild(Suite.java:27)
	at org.junit.runners.ParentRunner$4.run(ParentRunner.java:331)
	at org.junit.runners.ParentRunner$1.schedule(ParentRunner.java:79)
	at org.junit.runners.ParentRunner.runChildren(ParentRunner.java:329)
	at org.junit.runners.ParentRunner.access$100(ParentRunner.java:66)
	at org.junit.runners.ParentRunner$2.evaluate(ParentRunner.java:293)
	at org.junit.runners.ParentRunner$3.evaluate(ParentRunner.java:306)
	at org.junit.runners.ParentRunner.run(ParentRunner.java:413)
	at org.gradle.api.internal.tasks.testing.junit.JUnitTestClassExecutor.runTestClass(JUnitTestClassExecutor.java:110)
	at org.gradle.api.internal.tasks.testing.junit.JUnitTestClassExecutor.execute(JUnitTestClassExecutor.java:58)
	at org.gradle.api.internal.tasks.testing.junit.JUnitTestClassExecutor.execute(JUnitTestClassExecutor.java:38)
	at org.gradle.api.internal.tasks.testing.junit.AbstractJUnitTestClassProcessor.processTestClass(AbstractJUnitTestClassProcessor.java:62)
	at org.gradle.api.internal.tasks.testing.SuiteTestClassProcessor.processTestClass(SuiteTestClassProcessor.java:51)
	at java.base/jdk.internal.reflect.NativeMethodAccessorImpl.invoke0(Native Method)
	at java.base/jdk.internal.reflect.NativeMethodAccessorImpl.invoke(NativeMethodAccessorImpl.java:62)
	at java.base/jdk.internal.reflect.DelegatingMethodAccessorImpl.invoke(DelegatingMethodAccessorImpl.java:43)
	at java.base/java.lang.reflect.Method.invoke(Method.java:566)
	at org.gradle.internal.dispatch.ReflectionDispatch.dispatch(ReflectionDispatch.java:36)
	at org.gradle.internal.dispatch.ReflectionDispatch.dispatch(ReflectionDispatch.java:24)
	at org.gradle.internal.dispatch.ContextClassLoaderDispatch.dispatch(ContextClassLoaderDispatch.java:33)
	at org.gradle.internal.dispatch.ProxyDispatchAdapter$DispatchingInvocationHandler.invoke(ProxyDispatchAdapter.java:94)
	at com.sun.proxy.$Proxy5.processTestClass(Unknown Source)
	at org.gradle.api.internal.tasks.testing.worker.TestWorker$2.run(TestWorker.java:176)
	at org.gradle.api.internal.tasks.testing.worker.TestWorker.executeAndMaintainThreadName(TestWorker.java:129)
	at org.gradle.api.internal.tasks.testing.worker.TestWorker.execute(TestWorker.java:100)
	at org.gradle.api.internal.tasks.testing.worker.TestWorker.execute(TestWorker.java:60)
	at org.gradle.process.internal.worker.child.ActionExecutionWorker.execute(ActionExecutionWorker.java:56)
	at org.gradle.process.internal.worker.child.SystemApplicationClassLoaderWorker.call(SystemApplicationClassLoaderWorker.java:133)
	at org.gradle.process.internal.worker.child.SystemApplicationClassLoaderWorker.call(SystemApplicationClassLoaderWorker.java:71)
	at worker.org.gradle.process.internal.worker.GradleWorkerMain.run(GradleWorkerMain.java:69)
	at worker.org.gradle.process.internal.worker.GradleWorkerMain.main(GradleWorkerMain.java:74)
</pre>
</span>
</div>
<div class="test">
<a name="pageReachAfterExperimentPageButNotDirectReferer"></a>
<h3 class="failures">pageReachAfterExperimentPageButNotDirectReferer</h3>
<span class="code">
<pre>java.lang.AssertionError: New Request:Cube JS Query is not right, 
Expected: {&quot;filters&quot;:[{&quot;values&quot;:[&quot;pageview&quot;],&quot;member&quot;:&quot;Events.eventType&quot;,&quot;operator&quot;:&quot;equals&quot;},{&quot;values&quot;:[&quot;56728e0f-e780-4be8-b69d-521c0bc444b8&quot;],&quot;member&quot;:&quot;Events.experiment&quot;,&quot;operator&quot;:&quot;equals&quot;}],&quot;dimensions&quot;:[&quot;Events.referer&quot;,&quot;Events.experiment&quot;,&quot;Events.variant&quot;,&quot;Events.utcTime&quot;,&quot;Events.url&quot;,&quot;Events.lookBackWindow&quot;,&quot;Events.eventType&quot;,&quot;Events.runningId&quot;],&quot;order&quot;:{&quot;Events.lookBackWindow&quot;:&quot;asc&quot;,&quot;Events.utcTime&quot;:&quot;asc&quot;}} 
Current {&quot;filters&quot;:[{&quot;values&quot;:[&quot;pageview&quot;],&quot;member&quot;:&quot;Events.eventType&quot;,&quot;operator&quot;:&quot;equals&quot;},{&quot;values&quot;:[&quot;56728e0f-e780-4be8-b69d-521c0bc444b8&quot;],&quot;member&quot;:&quot;Events.experiment&quot;,&quot;operator&quot;:&quot;equals&quot;},{&quot;values&quot;:[&quot;e1632db4-e0b1-4d60-85b9-f2ca7cb9dc5f&quot;],&quot;member&quot;:&quot;Events.runningId&quot;,&quot;operator&quot;:&quot;equals&quot;}],&quot;dimensions&quot;:[&quot;Events.referer&quot;,&quot;Events.experiment&quot;,&quot;Events.variant&quot;,&quot;Events.utcTime&quot;,&quot;Events.url&quot;,&quot;Events.lookBackWindow&quot;,&quot;Events.eventType&quot;,&quot;Events.runningId&quot;],&quot;order&quot;:{&quot;Events.lookBackWindow&quot;:&quot;asc&quot;,&quot;Events.utcTime&quot;:&quot;asc&quot;}}
Cube JS Query is not right, 
Expected: {&quot;measures&quot;: [&quot;Events.count&quot;],&quot;dimensions&quot;: [&quot;Events.variant&quot;],  &quot;filters&quot;: [    {      &quot;member&quot;: &quot;Events.eventType&quot;,      &quot;operator&quot;: &quot;equals&quot;,      &quot;values&quot;: [        &quot;pageview&quot;      ]    },    {      &quot;member&quot;: &quot;Events.variant&quot;,      &quot;operator&quot;: &quot;equals&quot;,      &quot;values&quot;: [&quot;DEFAULT&quot;,&quot;dotexperiment-56728e0fe7-variant-1&quot;]    },    {      &quot;member&quot;: &quot;Events.experiment&quot;,      &quot;operator&quot;: &quot;equals&quot;,      &quot;values&quot;: [&quot;56728e0f-e780-4be8-b69d-521c0bc444b8&quot;]    }  ]} 
Current {&quot;filters&quot;:[{&quot;values&quot;:[&quot;pageview&quot;],&quot;member&quot;:&quot;Events.eventType&quot;,&quot;operator&quot;:&quot;equals&quot;},{&quot;values&quot;:[&quot;56728e0f-e780-4be8-b69d-521c0bc444b8&quot;],&quot;member&quot;:&quot;Events.experiment&quot;,&quot;operator&quot;:&quot;equals&quot;},{&quot;values&quot;:[&quot;e1632db4-e0b1-4d60-85b9-f2ca7cb9dc5f&quot;],&quot;member&quot;:&quot;Events.runningId&quot;,&quot;operator&quot;:&quot;equals&quot;}],&quot;dimensions&quot;:[&quot;Events.referer&quot;,&quot;Events.experiment&quot;,&quot;Events.variant&quot;,&quot;Events.utcTime&quot;,&quot;Events.url&quot;,&quot;Events.lookBackWindow&quot;,&quot;Events.eventType&quot;,&quot;Events.runningId&quot;],&quot;order&quot;:{&quot;Events.lookBackWindow&quot;:&quot;asc&quot;,&quot;Events.utcTime&quot;:&quot;asc&quot;}}
Cube JS Query is not right, 
Expected: {&quot;filters&quot;:[{&quot;values&quot;:[&quot;pageview&quot;],&quot;member&quot;:&quot;Events.eventType&quot;,&quot;operator&quot;:&quot;equals&quot;},{&quot;values&quot;:[&quot;56728e0f-e780-4be8-b69d-521c0bc444b8&quot;],&quot;member&quot;:&quot;Events.experiment&quot;,&quot;operator&quot;:&quot;equals&quot;},{&quot;values&quot;:[&quot;e1632db4-e0b1-4d60-85b9-f2ca7cb9dc5f&quot;],&quot;member&quot;:&quot;Events.runningId&quot;,&quot;operator&quot;:&quot;equals&quot;}],&quot;measures&quot;:[&quot;Events.count&quot;],&quot;order&quot;:{&quot;Events.lookBackWindow&quot;:&quot;asc&quot;,&quot;Events.utcTime&quot;:&quot;asc&quot;}} 
Current {&quot;filters&quot;:[{&quot;values&quot;:[&quot;pageview&quot;],&quot;member&quot;:&quot;Events.eventType&quot;,&quot;operator&quot;:&quot;equals&quot;},{&quot;values&quot;:[&quot;56728e0f-e780-4be8-b69d-521c0bc444b8&quot;],&quot;member&quot;:&quot;Events.experiment&quot;,&quot;operator&quot;:&quot;equals&quot;},{&quot;values&quot;:[&quot;e1632db4-e0b1-4d60-85b9-f2ca7cb9dc5f&quot;],&quot;member&quot;:&quot;Events.runningId&quot;,&quot;operator&quot;:&quot;equals&quot;}],&quot;dimensions&quot;:[&quot;Events.referer&quot;,&quot;Events.experiment&quot;,&quot;Events.variant&quot;,&quot;Events.utcTime&quot;,&quot;Events.url&quot;,&quot;Events.lookBackWindow&quot;,&quot;Events.eventType&quot;,&quot;Events.runningId&quot;],&quot;order&quot;:{&quot;Events.lookBackWindow&quot;:&quot;asc&quot;,&quot;Events.utcTime&quot;:&quot;asc&quot;}}
	at com.dotcms.http.server.mock.MockHttpServer.validate(MockHttpServer.java:168)
	at com.dotcms.experiments.business.ExperimentAPIImpIntegrationTest.pageReachAfterExperimentPageButNotDirectReferer(ExperimentAPIImpIntegrationTest.java:1648)
	at java.base/jdk.internal.reflect.NativeMethodAccessorImpl.invoke0(Native Method)
	at java.base/jdk.internal.reflect.NativeMethodAccessorImpl.invoke(NativeMethodAccessorImpl.java:62)
	at java.base/jdk.internal.reflect.DelegatingMethodAccessorImpl.invoke(DelegatingMethodAccessorImpl.java:43)
	at java.base/java.lang.reflect.Method.invoke(Method.java:566)
	at org.junit.runners.model.FrameworkMethod$1.runReflectiveCall(FrameworkMethod.java:59)
	at org.junit.internal.runners.model.ReflectiveCallable.run(ReflectiveCallable.java:12)
	at org.junit.runners.model.FrameworkMethod.invokeExplosively(FrameworkMethod.java:56)
	at org.junit.internal.runners.statements.InvokeMethod.evaluate(InvokeMethod.java:17)
	at org.junit.internal.runners.statements.RunBefores.evaluate(RunBefores.java:26)
	at org.junit.internal.runners.statements.RunAfters.evaluate(RunAfters.java:27)
	at org.junit.rules.TestWatcher$1.evaluate(TestWatcher.java:61)
	at org.junit.runners.ParentRunner$3.evaluate(ParentRunner.java:306)
	at org.junit.rules.TestWatcher$1.evaluate(TestWatcher.java:61)
	at org.junit.rules.RunRules.evaluate(RunRules.java:20)
	at org.junit.runners.ParentRunner.runLeaf(ParentRunner.java:366)
	at com.dotcms.junit.CustomDataProviderRunner.runChild(CustomDataProviderRunner.java:41)
	at com.dotcms.junit.CustomDataProviderRunner.runChild(CustomDataProviderRunner.java:26)
	at org.junit.runners.ParentRunner$4.run(ParentRunner.java:331)
	at org.junit.runners.ParentRunner$1.schedule(ParentRunner.java:79)
	at org.junit.runners.ParentRunner.runChildren(ParentRunner.java:329)
	at org.junit.runners.ParentRunner.access$100(ParentRunner.java:66)
	at org.junit.runners.ParentRunner$2.evaluate(ParentRunner.java:293)
	at org.junit.internal.runners.statements.RunBefores.evaluate(RunBefores.java:26)
	at org.junit.runners.ParentRunner$3.evaluate(ParentRunner.java:306)
	at org.junit.runners.ParentRunner.run(ParentRunner.java:413)
	at com.dotcms.junit.MainBaseSuite$DotRunner.run(MainBaseSuite.java:71)
	at org.junit.runners.Suite.runChild(Suite.java:128)
	at org.junit.runners.Suite.runChild(Suite.java:27)
	at org.junit.runners.ParentRunner$4.run(ParentRunner.java:331)
	at org.junit.runners.ParentRunner$1.schedule(ParentRunner.java:79)
	at org.junit.runners.ParentRunner.runChildren(ParentRunner.java:329)
	at org.junit.runners.ParentRunner.access$100(ParentRunner.java:66)
	at org.junit.runners.ParentRunner$2.evaluate(ParentRunner.java:293)
	at org.junit.runners.ParentRunner$3.evaluate(ParentRunner.java:306)
	at org.junit.runners.ParentRunner.run(ParentRunner.java:413)
	at org.gradle.api.internal.tasks.testing.junit.JUnitTestClassExecutor.runTestClass(JUnitTestClassExecutor.java:110)
	at org.gradle.api.internal.tasks.testing.junit.JUnitTestClassExecutor.execute(JUnitTestClassExecutor.java:58)
	at org.gradle.api.internal.tasks.testing.junit.JUnitTestClassExecutor.execute(JUnitTestClassExecutor.java:38)
	at org.gradle.api.internal.tasks.testing.junit.AbstractJUnitTestClassProcessor.processTestClass(AbstractJUnitTestClassProcessor.java:62)
	at org.gradle.api.internal.tasks.testing.SuiteTestClassProcessor.processTestClass(SuiteTestClassProcessor.java:51)
	at java.base/jdk.internal.reflect.NativeMethodAccessorImpl.invoke0(Native Method)
	at java.base/jdk.internal.reflect.NativeMethodAccessorImpl.invoke(NativeMethodAccessorImpl.java:62)
	at java.base/jdk.internal.reflect.DelegatingMethodAccessorImpl.invoke(DelegatingMethodAccessorImpl.java:43)
	at java.base/java.lang.reflect.Method.invoke(Method.java:566)
	at org.gradle.internal.dispatch.ReflectionDispatch.dispatch(ReflectionDispatch.java:36)
	at org.gradle.internal.dispatch.ReflectionDispatch.dispatch(ReflectionDispatch.java:24)
	at org.gradle.internal.dispatch.ContextClassLoaderDispatch.dispatch(ContextClassLoaderDispatch.java:33)
	at org.gradle.internal.dispatch.ProxyDispatchAdapter$DispatchingInvocationHandler.invoke(ProxyDispatchAdapter.java:94)
	at com.sun.proxy.$Proxy5.processTestClass(Unknown Source)
	at org.gradle.api.internal.tasks.testing.worker.TestWorker$2.run(TestWorker.java:176)
	at org.gradle.api.internal.tasks.testing.worker.TestWorker.executeAndMaintainThreadName(TestWorker.java:129)
	at org.gradle.api.internal.tasks.testing.worker.TestWorker.execute(TestWorker.java:100)
	at org.gradle.api.internal.tasks.testing.worker.TestWorker.execute(TestWorker.java:60)
	at org.gradle.process.internal.worker.child.ActionExecutionWorker.execute(ActionExecutionWorker.java:56)
	at org.gradle.process.internal.worker.child.SystemApplicationClassLoaderWorker.call(SystemApplicationClassLoaderWorker.java:133)
	at org.gradle.process.internal.worker.child.SystemApplicationClassLoaderWorker.call(SystemApplicationClassLoaderWorker.java:71)
	at worker.org.gradle.process.internal.worker.GradleWorkerMain.run(GradleWorkerMain.java:69)
	at worker.org.gradle.process.internal.worker.GradleWorkerMain.main(GradleWorkerMain.java:74)
</pre>
</span>
</div>
<div class="test">
<a name="pageReachButExperimentPageWasNotView"></a>
<h3 class="failures">pageReachButExperimentPageWasNotView</h3>
<span class="code">
<pre>java.lang.AssertionError: New Request:Cube JS Query is not right, 
Expected: {&quot;filters&quot;:[{&quot;values&quot;:[&quot;pageview&quot;],&quot;member&quot;:&quot;Events.eventType&quot;,&quot;operator&quot;:&quot;equals&quot;},{&quot;values&quot;:[&quot;5e45aa4a-d049-4397-9f58-9c28e3f0be68&quot;],&quot;member&quot;:&quot;Events.experiment&quot;,&quot;operator&quot;:&quot;equals&quot;}],&quot;dimensions&quot;:[&quot;Events.referer&quot;,&quot;Events.experiment&quot;,&quot;Events.variant&quot;,&quot;Events.utcTime&quot;,&quot;Events.url&quot;,&quot;Events.lookBackWindow&quot;,&quot;Events.eventType&quot;,&quot;Events.runningId&quot;],&quot;order&quot;:{&quot;Events.lookBackWindow&quot;:&quot;asc&quot;,&quot;Events.utcTime&quot;:&quot;asc&quot;}} 
Current {&quot;filters&quot;:[{&quot;values&quot;:[&quot;pageview&quot;],&quot;member&quot;:&quot;Events.eventType&quot;,&quot;operator&quot;:&quot;equals&quot;},{&quot;values&quot;:[&quot;5e45aa4a-d049-4397-9f58-9c28e3f0be68&quot;],&quot;member&quot;:&quot;Events.experiment&quot;,&quot;operator&quot;:&quot;equals&quot;},{&quot;values&quot;:[&quot;87d386f3-7f1a-4bcf-91df-00de2233a18e&quot;],&quot;member&quot;:&quot;Events.runningId&quot;,&quot;operator&quot;:&quot;equals&quot;}],&quot;dimensions&quot;:[&quot;Events.referer&quot;,&quot;Events.experiment&quot;,&quot;Events.variant&quot;,&quot;Events.utcTime&quot;,&quot;Events.url&quot;,&quot;Events.lookBackWindow&quot;,&quot;Events.eventType&quot;,&quot;Events.runningId&quot;],&quot;order&quot;:{&quot;Events.lookBackWindow&quot;:&quot;asc&quot;,&quot;Events.utcTime&quot;:&quot;asc&quot;}}
Cube JS Query is not right, 
Expected: {&quot;measures&quot;: [&quot;Events.count&quot;],&quot;dimensions&quot;: [&quot;Events.variant&quot;],  &quot;filters&quot;: [    {      &quot;member&quot;: &quot;Events.eventType&quot;,      &quot;operator&quot;: &quot;equals&quot;,      &quot;values&quot;: [        &quot;pageview&quot;      ]    },    {      &quot;member&quot;: &quot;Events.variant&quot;,      &quot;operator&quot;: &quot;equals&quot;,      &quot;values&quot;: [&quot;DEFAULT&quot;,&quot;dotexperiment-5e45aa4ad0-variant-1&quot;]    },    {      &quot;member&quot;: &quot;Events.experiment&quot;,      &quot;operator&quot;: &quot;equals&quot;,      &quot;values&quot;: [&quot;5e45aa4a-d049-4397-9f58-9c28e3f0be68&quot;]    }  ]} 
Current {&quot;filters&quot;:[{&quot;values&quot;:[&quot;pageview&quot;],&quot;member&quot;:&quot;Events.eventType&quot;,&quot;operator&quot;:&quot;equals&quot;},{&quot;values&quot;:[&quot;5e45aa4a-d049-4397-9f58-9c28e3f0be68&quot;],&quot;member&quot;:&quot;Events.experiment&quot;,&quot;operator&quot;:&quot;equals&quot;},{&quot;values&quot;:[&quot;87d386f3-7f1a-4bcf-91df-00de2233a18e&quot;],&quot;member&quot;:&quot;Events.runningId&quot;,&quot;operator&quot;:&quot;equals&quot;}],&quot;dimensions&quot;:[&quot;Events.referer&quot;,&quot;Events.experiment&quot;,&quot;Events.variant&quot;,&quot;Events.utcTime&quot;,&quot;Events.url&quot;,&quot;Events.lookBackWindow&quot;,&quot;Events.eventType&quot;,&quot;Events.runningId&quot;],&quot;order&quot;:{&quot;Events.lookBackWindow&quot;:&quot;asc&quot;,&quot;Events.utcTime&quot;:&quot;asc&quot;}}
Cube JS Query is not right, 
Expected: {&quot;filters&quot;:[{&quot;values&quot;:[&quot;pageview&quot;],&quot;member&quot;:&quot;Events.eventType&quot;,&quot;operator&quot;:&quot;equals&quot;},{&quot;values&quot;:[&quot;5e45aa4a-d049-4397-9f58-9c28e3f0be68&quot;],&quot;member&quot;:&quot;Events.experiment&quot;,&quot;operator&quot;:&quot;equals&quot;},{&quot;values&quot;:[&quot;87d386f3-7f1a-4bcf-91df-00de2233a18e&quot;],&quot;member&quot;:&quot;Events.runningId&quot;,&quot;operator&quot;:&quot;equals&quot;}],&quot;measures&quot;:[&quot;Events.count&quot;],&quot;order&quot;:{&quot;Events.lookBackWindow&quot;:&quot;asc&quot;,&quot;Events.utcTime&quot;:&quot;asc&quot;}} 
Current {&quot;filters&quot;:[{&quot;values&quot;:[&quot;pageview&quot;],&quot;member&quot;:&quot;Events.eventType&quot;,&quot;operator&quot;:&quot;equals&quot;},{&quot;values&quot;:[&quot;5e45aa4a-d049-4397-9f58-9c28e3f0be68&quot;],&quot;member&quot;:&quot;Events.experiment&quot;,&quot;operator&quot;:&quot;equals&quot;},{&quot;values&quot;:[&quot;87d386f3-7f1a-4bcf-91df-00de2233a18e&quot;],&quot;member&quot;:&quot;Events.runningId&quot;,&quot;operator&quot;:&quot;equals&quot;}],&quot;dimensions&quot;:[&quot;Events.referer&quot;,&quot;Events.experiment&quot;,&quot;Events.variant&quot;,&quot;Events.utcTime&quot;,&quot;Events.url&quot;,&quot;Events.lookBackWindow&quot;,&quot;Events.eventType&quot;,&quot;Events.runningId&quot;],&quot;order&quot;:{&quot;Events.lookBackWindow&quot;:&quot;asc&quot;,&quot;Events.utcTime&quot;:&quot;asc&quot;}}
	at com.dotcms.http.server.mock.MockHttpServer.validate(MockHttpServer.java:168)
	at com.dotcms.experiments.business.ExperimentAPIImpIntegrationTest.pageReachButExperimentPageWasNotView(ExperimentAPIImpIntegrationTest.java:1555)
	at java.base/jdk.internal.reflect.NativeMethodAccessorImpl.invoke0(Native Method)
	at java.base/jdk.internal.reflect.NativeMethodAccessorImpl.invoke(NativeMethodAccessorImpl.java:62)
	at java.base/jdk.internal.reflect.DelegatingMethodAccessorImpl.invoke(DelegatingMethodAccessorImpl.java:43)
	at java.base/java.lang.reflect.Method.invoke(Method.java:566)
	at org.junit.runners.model.FrameworkMethod$1.runReflectiveCall(FrameworkMethod.java:59)
	at org.junit.internal.runners.model.ReflectiveCallable.run(ReflectiveCallable.java:12)
	at org.junit.runners.model.FrameworkMethod.invokeExplosively(FrameworkMethod.java:56)
	at org.junit.internal.runners.statements.InvokeMethod.evaluate(InvokeMethod.java:17)
	at org.junit.internal.runners.statements.RunBefores.evaluate(RunBefores.java:26)
	at org.junit.internal.runners.statements.RunAfters.evaluate(RunAfters.java:27)
	at org.junit.rules.TestWatcher$1.evaluate(TestWatcher.java:61)
	at org.junit.runners.ParentRunner$3.evaluate(ParentRunner.java:306)
	at org.junit.rules.TestWatcher$1.evaluate(TestWatcher.java:61)
	at org.junit.rules.RunRules.evaluate(RunRules.java:20)
	at org.junit.runners.ParentRunner.runLeaf(ParentRunner.java:366)
	at com.dotcms.junit.CustomDataProviderRunner.runChild(CustomDataProviderRunner.java:41)
	at com.dotcms.junit.CustomDataProviderRunner.runChild(CustomDataProviderRunner.java:26)
	at org.junit.runners.ParentRunner$4.run(ParentRunner.java:331)
	at org.junit.runners.ParentRunner$1.schedule(ParentRunner.java:79)
	at org.junit.runners.ParentRunner.runChildren(ParentRunner.java:329)
	at org.junit.runners.ParentRunner.access$100(ParentRunner.java:66)
	at org.junit.runners.ParentRunner$2.evaluate(ParentRunner.java:293)
	at org.junit.internal.runners.statements.RunBefores.evaluate(RunBefores.java:26)
	at org.junit.runners.ParentRunner$3.evaluate(ParentRunner.java:306)
	at org.junit.runners.ParentRunner.run(ParentRunner.java:413)
	at com.dotcms.junit.MainBaseSuite$DotRunner.run(MainBaseSuite.java:71)
	at org.junit.runners.Suite.runChild(Suite.java:128)
	at org.junit.runners.Suite.runChild(Suite.java:27)
	at org.junit.runners.ParentRunner$4.run(ParentRunner.java:331)
	at org.junit.runners.ParentRunner$1.schedule(ParentRunner.java:79)
	at org.junit.runners.ParentRunner.runChildren(ParentRunner.java:329)
	at org.junit.runners.ParentRunner.access$100(ParentRunner.java:66)
	at org.junit.runners.ParentRunner$2.evaluate(ParentRunner.java:293)
	at org.junit.runners.ParentRunner$3.evaluate(ParentRunner.java:306)
	at org.junit.runners.ParentRunner.run(ParentRunner.java:413)
	at org.gradle.api.internal.tasks.testing.junit.JUnitTestClassExecutor.runTestClass(JUnitTestClassExecutor.java:110)
	at org.gradle.api.internal.tasks.testing.junit.JUnitTestClassExecutor.execute(JUnitTestClassExecutor.java:58)
	at org.gradle.api.internal.tasks.testing.junit.JUnitTestClassExecutor.execute(JUnitTestClassExecutor.java:38)
	at org.gradle.api.internal.tasks.testing.junit.AbstractJUnitTestClassProcessor.processTestClass(AbstractJUnitTestClassProcessor.java:62)
	at org.gradle.api.internal.tasks.testing.SuiteTestClassProcessor.processTestClass(SuiteTestClassProcessor.java:51)
	at java.base/jdk.internal.reflect.NativeMethodAccessorImpl.invoke0(Native Method)
	at java.base/jdk.internal.reflect.NativeMethodAccessorImpl.invoke(NativeMethodAccessorImpl.java:62)
	at java.base/jdk.internal.reflect.DelegatingMethodAccessorImpl.invoke(DelegatingMethodAccessorImpl.java:43)
	at java.base/java.lang.reflect.Method.invoke(Method.java:566)
	at org.gradle.internal.dispatch.ReflectionDispatch.dispatch(ReflectionDispatch.java:36)
	at org.gradle.internal.dispatch.ReflectionDispatch.dispatch(ReflectionDispatch.java:24)
	at org.gradle.internal.dispatch.ContextClassLoaderDispatch.dispatch(ContextClassLoaderDispatch.java:33)
	at org.gradle.internal.dispatch.ProxyDispatchAdapter$DispatchingInvocationHandler.invoke(ProxyDispatchAdapter.java:94)
	at com.sun.proxy.$Proxy5.processTestClass(Unknown Source)
	at org.gradle.api.internal.tasks.testing.worker.TestWorker$2.run(TestWorker.java:176)
	at org.gradle.api.internal.tasks.testing.worker.TestWorker.executeAndMaintainThreadName(TestWorker.java:129)
	at org.gradle.api.internal.tasks.testing.worker.TestWorker.execute(TestWorker.java:100)
	at org.gradle.api.internal.tasks.testing.worker.TestWorker.execute(TestWorker.java:60)
	at org.gradle.process.internal.worker.child.ActionExecutionWorker.execute(ActionExecutionWorker.java:56)
	at org.gradle.process.internal.worker.child.SystemApplicationClassLoaderWorker.call(SystemApplicationClassLoaderWorker.java:133)
	at org.gradle.process.internal.worker.child.SystemApplicationClassLoaderWorker.call(SystemApplicationClassLoaderWorker.java:71)
	at worker.org.gradle.process.internal.worker.GradleWorkerMain.run(GradleWorkerMain.java:69)
	at worker.org.gradle.process.internal.worker.GradleWorkerMain.main(GradleWorkerMain.java:74)
</pre>
</span>
</div>
<div class="test">
<a name="pageReachDirectReferer"></a>
<h3 class="failures">pageReachDirectReferer</h3>
<span class="code">
<pre>java.lang.AssertionError: New Request:Cube JS Query is not right, 
Expected: {&quot;filters&quot;:[{&quot;values&quot;:[&quot;pageview&quot;],&quot;member&quot;:&quot;Events.eventType&quot;,&quot;operator&quot;:&quot;equals&quot;},{&quot;values&quot;:[&quot;7bdc1aee-4ae1-4300-8efb-53f9399756e9&quot;],&quot;member&quot;:&quot;Events.experiment&quot;,&quot;operator&quot;:&quot;equals&quot;}],&quot;dimensions&quot;:[&quot;Events.referer&quot;,&quot;Events.experiment&quot;,&quot;Events.variant&quot;,&quot;Events.utcTime&quot;,&quot;Events.url&quot;,&quot;Events.lookBackWindow&quot;,&quot;Events.eventType&quot;,&quot;Events.runningId&quot;],&quot;order&quot;:{&quot;Events.lookBackWindow&quot;:&quot;asc&quot;,&quot;Events.utcTime&quot;:&quot;asc&quot;}} 
Current {&quot;filters&quot;:[{&quot;values&quot;:[&quot;pageview&quot;],&quot;member&quot;:&quot;Events.eventType&quot;,&quot;operator&quot;:&quot;equals&quot;},{&quot;values&quot;:[&quot;7bdc1aee-4ae1-4300-8efb-53f9399756e9&quot;],&quot;member&quot;:&quot;Events.experiment&quot;,&quot;operator&quot;:&quot;equals&quot;},{&quot;values&quot;:[&quot;cdf0d468-f5a2-4cc5-b5ee-419d7838b790&quot;],&quot;member&quot;:&quot;Events.runningId&quot;,&quot;operator&quot;:&quot;equals&quot;}],&quot;dimensions&quot;:[&quot;Events.referer&quot;,&quot;Events.experiment&quot;,&quot;Events.variant&quot;,&quot;Events.utcTime&quot;,&quot;Events.url&quot;,&quot;Events.lookBackWindow&quot;,&quot;Events.eventType&quot;,&quot;Events.runningId&quot;],&quot;order&quot;:{&quot;Events.lookBackWindow&quot;:&quot;asc&quot;,&quot;Events.utcTime&quot;:&quot;asc&quot;}}
Cube JS Query is not right, 
Expected: {&quot;measures&quot;: [&quot;Events.count&quot;],&quot;dimensions&quot;: [&quot;Events.variant&quot;],  &quot;filters&quot;: [    {      &quot;member&quot;: &quot;Events.eventType&quot;,      &quot;operator&quot;: &quot;equals&quot;,      &quot;values&quot;: [        &quot;pageview&quot;      ]    },    {      &quot;member&quot;: &quot;Events.variant&quot;,      &quot;operator&quot;: &quot;equals&quot;,      &quot;values&quot;: [&quot;DEFAULT&quot;,&quot;dotexperiment-7bdc1aee4a-variant-1&quot;]    },    {      &quot;member&quot;: &quot;Events.experiment&quot;,      &quot;operator&quot;: &quot;equals&quot;,      &quot;values&quot;: [&quot;7bdc1aee-4ae1-4300-8efb-53f9399756e9&quot;]    }  ]} 
Current {&quot;filters&quot;:[{&quot;values&quot;:[&quot;pageview&quot;],&quot;member&quot;:&quot;Events.eventType&quot;,&quot;operator&quot;:&quot;equals&quot;},{&quot;values&quot;:[&quot;7bdc1aee-4ae1-4300-8efb-53f9399756e9&quot;],&quot;member&quot;:&quot;Events.experiment&quot;,&quot;operator&quot;:&quot;equals&quot;},{&quot;values&quot;:[&quot;cdf0d468-f5a2-4cc5-b5ee-419d7838b790&quot;],&quot;member&quot;:&quot;Events.runningId&quot;,&quot;operator&quot;:&quot;equals&quot;}],&quot;dimensions&quot;:[&quot;Events.referer&quot;,&quot;Events.experiment&quot;,&quot;Events.variant&quot;,&quot;Events.utcTime&quot;,&quot;Events.url&quot;,&quot;Events.lookBackWindow&quot;,&quot;Events.eventType&quot;,&quot;Events.runningId&quot;],&quot;order&quot;:{&quot;Events.lookBackWindow&quot;:&quot;asc&quot;,&quot;Events.utcTime&quot;:&quot;asc&quot;}}
Cube JS Query is not right, 
Expected: {&quot;filters&quot;:[{&quot;values&quot;:[&quot;pageview&quot;],&quot;member&quot;:&quot;Events.eventType&quot;,&quot;operator&quot;:&quot;equals&quot;},{&quot;values&quot;:[&quot;7bdc1aee-4ae1-4300-8efb-53f9399756e9&quot;],&quot;member&quot;:&quot;Events.experiment&quot;,&quot;operator&quot;:&quot;equals&quot;},{&quot;values&quot;:[&quot;cdf0d468-f5a2-4cc5-b5ee-419d7838b790&quot;],&quot;member&quot;:&quot;Events.runningId&quot;,&quot;operator&quot;:&quot;equals&quot;}],&quot;measures&quot;:[&quot;Events.count&quot;],&quot;order&quot;:{&quot;Events.lookBackWindow&quot;:&quot;asc&quot;,&quot;Events.utcTime&quot;:&quot;asc&quot;}} 
Current {&quot;filters&quot;:[{&quot;values&quot;:[&quot;pageview&quot;],&quot;member&quot;:&quot;Events.eventType&quot;,&quot;operator&quot;:&quot;equals&quot;},{&quot;values&quot;:[&quot;7bdc1aee-4ae1-4300-8efb-53f9399756e9&quot;],&quot;member&quot;:&quot;Events.experiment&quot;,&quot;operator&quot;:&quot;equals&quot;},{&quot;values&quot;:[&quot;cdf0d468-f5a2-4cc5-b5ee-419d7838b790&quot;],&quot;member&quot;:&quot;Events.runningId&quot;,&quot;operator&quot;:&quot;equals&quot;}],&quot;dimensions&quot;:[&quot;Events.referer&quot;,&quot;Events.experiment&quot;,&quot;Events.variant&quot;,&quot;Events.utcTime&quot;,&quot;Events.url&quot;,&quot;Events.lookBackWindow&quot;,&quot;Events.eventType&quot;,&quot;Events.runningId&quot;],&quot;order&quot;:{&quot;Events.lookBackWindow&quot;:&quot;asc&quot;,&quot;Events.utcTime&quot;:&quot;asc&quot;}}
	at com.dotcms.http.server.mock.MockHttpServer.validate(MockHttpServer.java:168)
	at com.dotcms.experiments.business.ExperimentAPIImpIntegrationTest.pageReachDirectReferer(ExperimentAPIImpIntegrationTest.java:789)
	at java.base/jdk.internal.reflect.NativeMethodAccessorImpl.invoke0(Native Method)
	at java.base/jdk.internal.reflect.NativeMethodAccessorImpl.invoke(NativeMethodAccessorImpl.java:62)
	at java.base/jdk.internal.reflect.DelegatingMethodAccessorImpl.invoke(DelegatingMethodAccessorImpl.java:43)
	at java.base/java.lang.reflect.Method.invoke(Method.java:566)
	at org.junit.runners.model.FrameworkMethod$1.runReflectiveCall(FrameworkMethod.java:59)
	at org.junit.internal.runners.model.ReflectiveCallable.run(ReflectiveCallable.java:12)
	at org.junit.runners.model.FrameworkMethod.invokeExplosively(FrameworkMethod.java:56)
	at org.junit.internal.runners.statements.InvokeMethod.evaluate(InvokeMethod.java:17)
	at org.junit.internal.runners.statements.RunBefores.evaluate(RunBefores.java:26)
	at org.junit.internal.runners.statements.RunAfters.evaluate(RunAfters.java:27)
	at org.junit.rules.TestWatcher$1.evaluate(TestWatcher.java:61)
	at org.junit.runners.ParentRunner$3.evaluate(ParentRunner.java:306)
	at org.junit.rules.TestWatcher$1.evaluate(TestWatcher.java:61)
	at org.junit.rules.RunRules.evaluate(RunRules.java:20)
	at org.junit.runners.ParentRunner.runLeaf(ParentRunner.java:366)
	at com.dotcms.junit.CustomDataProviderRunner.runChild(CustomDataProviderRunner.java:41)
	at com.dotcms.junit.CustomDataProviderRunner.runChild(CustomDataProviderRunner.java:26)
	at org.junit.runners.ParentRunner$4.run(ParentRunner.java:331)
	at org.junit.runners.ParentRunner$1.schedule(ParentRunner.java:79)
	at org.junit.runners.ParentRunner.runChildren(ParentRunner.java:329)
	at org.junit.runners.ParentRunner.access$100(ParentRunner.java:66)
	at org.junit.runners.ParentRunner$2.evaluate(ParentRunner.java:293)
	at org.junit.internal.runners.statements.RunBefores.evaluate(RunBefores.java:26)
	at org.junit.runners.ParentRunner$3.evaluate(ParentRunner.java:306)
	at org.junit.runners.ParentRunner.run(ParentRunner.java:413)
	at com.dotcms.junit.MainBaseSuite$DotRunner.run(MainBaseSuite.java:71)
	at org.junit.runners.Suite.runChild(Suite.java:128)
	at org.junit.runners.Suite.runChild(Suite.java:27)
	at org.junit.runners.ParentRunner$4.run(ParentRunner.java:331)
	at org.junit.runners.ParentRunner$1.schedule(ParentRunner.java:79)
	at org.junit.runners.ParentRunner.runChildren(ParentRunner.java:329)
	at org.junit.runners.ParentRunner.access$100(ParentRunner.java:66)
	at org.junit.runners.ParentRunner$2.evaluate(ParentRunner.java:293)
	at org.junit.runners.ParentRunner$3.evaluate(ParentRunner.java:306)
	at org.junit.runners.ParentRunner.run(ParentRunner.java:413)
	at org.gradle.api.internal.tasks.testing.junit.JUnitTestClassExecutor.runTestClass(JUnitTestClassExecutor.java:110)
	at org.gradle.api.internal.tasks.testing.junit.JUnitTestClassExecutor.execute(JUnitTestClassExecutor.java:58)
	at org.gradle.api.internal.tasks.testing.junit.JUnitTestClassExecutor.execute(JUnitTestClassExecutor.java:38)
	at org.gradle.api.internal.tasks.testing.junit.AbstractJUnitTestClassProcessor.processTestClass(AbstractJUnitTestClassProcessor.java:62)
	at org.gradle.api.internal.tasks.testing.SuiteTestClassProcessor.processTestClass(SuiteTestClassProcessor.java:51)
	at java.base/jdk.internal.reflect.NativeMethodAccessorImpl.invoke0(Native Method)
	at java.base/jdk.internal.reflect.NativeMethodAccessorImpl.invoke(NativeMethodAccessorImpl.java:62)
	at java.base/jdk.internal.reflect.DelegatingMethodAccessorImpl.invoke(DelegatingMethodAccessorImpl.java:43)
	at java.base/java.lang.reflect.Method.invoke(Method.java:566)
	at org.gradle.internal.dispatch.ReflectionDispatch.dispatch(ReflectionDispatch.java:36)
	at org.gradle.internal.dispatch.ReflectionDispatch.dispatch(ReflectionDispatch.java:24)
	at org.gradle.internal.dispatch.ContextClassLoaderDispatch.dispatch(ContextClassLoaderDispatch.java:33)
	at org.gradle.internal.dispatch.ProxyDispatchAdapter$DispatchingInvocationHandler.invoke(ProxyDispatchAdapter.java:94)
	at com.sun.proxy.$Proxy5.processTestClass(Unknown Source)
	at org.gradle.api.internal.tasks.testing.worker.TestWorker$2.run(TestWorker.java:176)
	at org.gradle.api.internal.tasks.testing.worker.TestWorker.executeAndMaintainThreadName(TestWorker.java:129)
	at org.gradle.api.internal.tasks.testing.worker.TestWorker.execute(TestWorker.java:100)
	at org.gradle.api.internal.tasks.testing.worker.TestWorker.execute(TestWorker.java:60)
	at org.gradle.process.internal.worker.child.ActionExecutionWorker.execute(ActionExecutionWorker.java:56)
	at org.gradle.process.internal.worker.child.SystemApplicationClassLoaderWorker.call(SystemApplicationClassLoaderWorker.java:133)
	at org.gradle.process.internal.worker.child.SystemApplicationClassLoaderWorker.call(SystemApplicationClassLoaderWorker.java:71)
	at worker.org.gradle.process.internal.worker.GradleWorkerMain.run(GradleWorkerMain.java:69)
	at worker.org.gradle.process.internal.worker.GradleWorkerMain.main(GradleWorkerMain.java:74)
</pre>
</span>
</div>
<div class="test">
<a name="pageReachDirectRefererMultiDays"></a>
<h3 class="failures">pageReachDirectRefererMultiDays</h3>
<span class="code">
<pre>java.lang.AssertionError: New Request:Cube JS Query is not right, 
Expected: {&quot;filters&quot;:[{&quot;values&quot;:[&quot;pageview&quot;],&quot;member&quot;:&quot;Events.eventType&quot;,&quot;operator&quot;:&quot;equals&quot;},{&quot;values&quot;:[&quot;19b65941-3c3d-4ad7-9871-4ab3b1277270&quot;],&quot;member&quot;:&quot;Events.experiment&quot;,&quot;operator&quot;:&quot;equals&quot;}],&quot;dimensions&quot;:[&quot;Events.referer&quot;,&quot;Events.experiment&quot;,&quot;Events.variant&quot;,&quot;Events.utcTime&quot;,&quot;Events.url&quot;,&quot;Events.lookBackWindow&quot;,&quot;Events.eventType&quot;,&quot;Events.runningId&quot;],&quot;order&quot;:{&quot;Events.lookBackWindow&quot;:&quot;asc&quot;,&quot;Events.utcTime&quot;:&quot;asc&quot;}} 
Current {&quot;filters&quot;:[{&quot;values&quot;:[&quot;pageview&quot;],&quot;member&quot;:&quot;Events.eventType&quot;,&quot;operator&quot;:&quot;equals&quot;},{&quot;values&quot;:[&quot;19b65941-3c3d-4ad7-9871-4ab3b1277270&quot;],&quot;member&quot;:&quot;Events.experiment&quot;,&quot;operator&quot;:&quot;equals&quot;},{&quot;values&quot;:[&quot;eb359b14-887b-4c19-b310-835d38b81eee&quot;],&quot;member&quot;:&quot;Events.runningId&quot;,&quot;operator&quot;:&quot;equals&quot;}],&quot;dimensions&quot;:[&quot;Events.referer&quot;,&quot;Events.experiment&quot;,&quot;Events.variant&quot;,&quot;Events.utcTime&quot;,&quot;Events.url&quot;,&quot;Events.lookBackWindow&quot;,&quot;Events.eventType&quot;,&quot;Events.runningId&quot;],&quot;order&quot;:{&quot;Events.lookBackWindow&quot;:&quot;asc&quot;,&quot;Events.utcTime&quot;:&quot;asc&quot;}}
Cube JS Query is not right, 
Expected: {&quot;measures&quot;: [&quot;Events.count&quot;],&quot;dimensions&quot;: [&quot;Events.variant&quot;],  &quot;filters&quot;: [    {      &quot;member&quot;: &quot;Events.eventType&quot;,      &quot;operator&quot;: &quot;equals&quot;,      &quot;values&quot;: [        &quot;pageview&quot;      ]    },    {      &quot;member&quot;: &quot;Events.variant&quot;,      &quot;operator&quot;: &quot;equals&quot;,      &quot;values&quot;: [&quot;DEFAULT&quot;,&quot;dotexperiment-19b659413c-variant-1&quot;]    },    {      &quot;member&quot;: &quot;Events.experiment&quot;,      &quot;operator&quot;: &quot;equals&quot;,      &quot;values&quot;: [&quot;19b65941-3c3d-4ad7-9871-4ab3b1277270&quot;]    }  ]} 
Current {&quot;filters&quot;:[{&quot;values&quot;:[&quot;pageview&quot;],&quot;member&quot;:&quot;Events.eventType&quot;,&quot;operator&quot;:&quot;equals&quot;},{&quot;values&quot;:[&quot;19b65941-3c3d-4ad7-9871-4ab3b1277270&quot;],&quot;member&quot;:&quot;Events.experiment&quot;,&quot;operator&quot;:&quot;equals&quot;},{&quot;values&quot;:[&quot;eb359b14-887b-4c19-b310-835d38b81eee&quot;],&quot;member&quot;:&quot;Events.runningId&quot;,&quot;operator&quot;:&quot;equals&quot;}],&quot;dimensions&quot;:[&quot;Events.referer&quot;,&quot;Events.experiment&quot;,&quot;Events.variant&quot;,&quot;Events.utcTime&quot;,&quot;Events.url&quot;,&quot;Events.lookBackWindow&quot;,&quot;Events.eventType&quot;,&quot;Events.runningId&quot;],&quot;order&quot;:{&quot;Events.lookBackWindow&quot;:&quot;asc&quot;,&quot;Events.utcTime&quot;:&quot;asc&quot;}}
Cube JS Query is not right, 
Expected: {&quot;filters&quot;:[{&quot;values&quot;:[&quot;pageview&quot;],&quot;member&quot;:&quot;Events.eventType&quot;,&quot;operator&quot;:&quot;equals&quot;},{&quot;values&quot;:[&quot;19b65941-3c3d-4ad7-9871-4ab3b1277270&quot;],&quot;member&quot;:&quot;Events.experiment&quot;,&quot;operator&quot;:&quot;equals&quot;},{&quot;values&quot;:[&quot;eb359b14-887b-4c19-b310-835d38b81eee&quot;],&quot;member&quot;:&quot;Events.runningId&quot;,&quot;operator&quot;:&quot;equals&quot;}],&quot;measures&quot;:[&quot;Events.count&quot;],&quot;order&quot;:{&quot;Events.lookBackWindow&quot;:&quot;asc&quot;,&quot;Events.utcTime&quot;:&quot;asc&quot;}} 
Current {&quot;filters&quot;:[{&quot;values&quot;:[&quot;pageview&quot;],&quot;member&quot;:&quot;Events.eventType&quot;,&quot;operator&quot;:&quot;equals&quot;},{&quot;values&quot;:[&quot;19b65941-3c3d-4ad7-9871-4ab3b1277270&quot;],&quot;member&quot;:&quot;Events.experiment&quot;,&quot;operator&quot;:&quot;equals&quot;},{&quot;values&quot;:[&quot;eb359b14-887b-4c19-b310-835d38b81eee&quot;],&quot;member&quot;:&quot;Events.runningId&quot;,&quot;operator&quot;:&quot;equals&quot;}],&quot;dimensions&quot;:[&quot;Events.referer&quot;,&quot;Events.experiment&quot;,&quot;Events.variant&quot;,&quot;Events.utcTime&quot;,&quot;Events.url&quot;,&quot;Events.lookBackWindow&quot;,&quot;Events.eventType&quot;,&quot;Events.runningId&quot;],&quot;order&quot;:{&quot;Events.lookBackWindow&quot;:&quot;asc&quot;,&quot;Events.utcTime&quot;:&quot;asc&quot;}}
	at com.dotcms.http.server.mock.MockHttpServer.validate(MockHttpServer.java:168)
	at com.dotcms.experiments.business.ExperimentAPIImpIntegrationTest.pageReachDirectRefererMultiDays(ExperimentAPIImpIntegrationTest.java:2265)
	at java.base/jdk.internal.reflect.NativeMethodAccessorImpl.invoke0(Native Method)
	at java.base/jdk.internal.reflect.NativeMethodAccessorImpl.invoke(NativeMethodAccessorImpl.java:62)
	at java.base/jdk.internal.reflect.DelegatingMethodAccessorImpl.invoke(DelegatingMethodAccessorImpl.java:43)
	at java.base/java.lang.reflect.Method.invoke(Method.java:566)
	at org.junit.runners.model.FrameworkMethod$1.runReflectiveCall(FrameworkMethod.java:59)
	at org.junit.internal.runners.model.ReflectiveCallable.run(ReflectiveCallable.java:12)
	at org.junit.runners.model.FrameworkMethod.invokeExplosively(FrameworkMethod.java:56)
	at org.junit.internal.runners.statements.InvokeMethod.evaluate(InvokeMethod.java:17)
	at org.junit.internal.runners.statements.RunBefores.evaluate(RunBefores.java:26)
	at org.junit.internal.runners.statements.RunAfters.evaluate(RunAfters.java:27)
	at org.junit.rules.TestWatcher$1.evaluate(TestWatcher.java:61)
	at org.junit.runners.ParentRunner$3.evaluate(ParentRunner.java:306)
	at org.junit.rules.TestWatcher$1.evaluate(TestWatcher.java:61)
	at org.junit.rules.RunRules.evaluate(RunRules.java:20)
	at org.junit.runners.ParentRunner.runLeaf(ParentRunner.java:366)
	at com.dotcms.junit.CustomDataProviderRunner.runChild(CustomDataProviderRunner.java:41)
	at com.dotcms.junit.CustomDataProviderRunner.runChild(CustomDataProviderRunner.java:26)
	at org.junit.runners.ParentRunner$4.run(ParentRunner.java:331)
	at org.junit.runners.ParentRunner$1.schedule(ParentRunner.java:79)
	at org.junit.runners.ParentRunner.runChildren(ParentRunner.java:329)
	at org.junit.runners.ParentRunner.access$100(ParentRunner.java:66)
	at org.junit.runners.ParentRunner$2.evaluate(ParentRunner.java:293)
	at org.junit.internal.runners.statements.RunBefores.evaluate(RunBefores.java:26)
	at org.junit.runners.ParentRunner$3.evaluate(ParentRunner.java:306)
	at org.junit.runners.ParentRunner.run(ParentRunner.java:413)
	at com.dotcms.junit.MainBaseSuite$DotRunner.run(MainBaseSuite.java:71)
	at org.junit.runners.Suite.runChild(Suite.java:128)
	at org.junit.runners.Suite.runChild(Suite.java:27)
	at org.junit.runners.ParentRunner$4.run(ParentRunner.java:331)
	at org.junit.runners.ParentRunner$1.schedule(ParentRunner.java:79)
	at org.junit.runners.ParentRunner.runChildren(ParentRunner.java:329)
	at org.junit.runners.ParentRunner.access$100(ParentRunner.java:66)
	at org.junit.runners.ParentRunner$2.evaluate(ParentRunner.java:293)
	at org.junit.runners.ParentRunner$3.evaluate(ParentRunner.java:306)
	at org.junit.runners.ParentRunner.run(ParentRunner.java:413)
	at org.gradle.api.internal.tasks.testing.junit.JUnitTestClassExecutor.runTestClass(JUnitTestClassExecutor.java:110)
	at org.gradle.api.internal.tasks.testing.junit.JUnitTestClassExecutor.execute(JUnitTestClassExecutor.java:58)
	at org.gradle.api.internal.tasks.testing.junit.JUnitTestClassExecutor.execute(JUnitTestClassExecutor.java:38)
	at org.gradle.api.internal.tasks.testing.junit.AbstractJUnitTestClassProcessor.processTestClass(AbstractJUnitTestClassProcessor.java:62)
	at org.gradle.api.internal.tasks.testing.SuiteTestClassProcessor.processTestClass(SuiteTestClassProcessor.java:51)
	at java.base/jdk.internal.reflect.NativeMethodAccessorImpl.invoke0(Native Method)
	at java.base/jdk.internal.reflect.NativeMethodAccessorImpl.invoke(NativeMethodAccessorImpl.java:62)
	at java.base/jdk.internal.reflect.DelegatingMethodAccessorImpl.invoke(DelegatingMethodAccessorImpl.java:43)
	at java.base/java.lang.reflect.Method.invoke(Method.java:566)
	at org.gradle.internal.dispatch.ReflectionDispatch.dispatch(ReflectionDispatch.java:36)
	at org.gradle.internal.dispatch.ReflectionDispatch.dispatch(ReflectionDispatch.java:24)
	at org.gradle.internal.dispatch.ContextClassLoaderDispatch.dispatch(ContextClassLoaderDispatch.java:33)
	at org.gradle.internal.dispatch.ProxyDispatchAdapter$DispatchingInvocationHandler.invoke(ProxyDispatchAdapter.java:94)
	at com.sun.proxy.$Proxy5.processTestClass(Unknown Source)
	at org.gradle.api.internal.tasks.testing.worker.TestWorker$2.run(TestWorker.java:176)
	at org.gradle.api.internal.tasks.testing.worker.TestWorker.executeAndMaintainThreadName(TestWorker.java:129)
	at org.gradle.api.internal.tasks.testing.worker.TestWorker.execute(TestWorker.java:100)
	at org.gradle.api.internal.tasks.testing.worker.TestWorker.execute(TestWorker.java:60)
	at org.gradle.process.internal.worker.child.ActionExecutionWorker.execute(ActionExecutionWorker.java:56)
	at org.gradle.process.internal.worker.child.SystemApplicationClassLoaderWorker.call(SystemApplicationClassLoaderWorker.java:133)
	at org.gradle.process.internal.worker.child.SystemApplicationClassLoaderWorker.call(SystemApplicationClassLoaderWorker.java:71)
	at worker.org.gradle.process.internal.worker.GradleWorkerMain.run(GradleWorkerMain.java:69)
	at worker.org.gradle.process.internal.worker.GradleWorkerMain.main(GradleWorkerMain.java:74)
</pre>
</span>
</div>
<div class="test">
<a name="pageReachNotDirectReferer"></a>
<h3 class="failures">pageReachNotDirectReferer</h3>
<span class="code">
<pre>java.lang.AssertionError: New Request:Cube JS Query is not right, 
Expected: {&quot;filters&quot;:[{&quot;values&quot;:[&quot;pageview&quot;],&quot;member&quot;:&quot;Events.eventType&quot;,&quot;operator&quot;:&quot;equals&quot;},{&quot;values&quot;:[&quot;ef6b8b94-f2c9-4331-9fd5-29837e9e3de2&quot;],&quot;member&quot;:&quot;Events.experiment&quot;,&quot;operator&quot;:&quot;equals&quot;}],&quot;dimensions&quot;:[&quot;Events.referer&quot;,&quot;Events.experiment&quot;,&quot;Events.variant&quot;,&quot;Events.utcTime&quot;,&quot;Events.url&quot;,&quot;Events.lookBackWindow&quot;,&quot;Events.eventType&quot;,&quot;Events.runningId&quot;],&quot;order&quot;:{&quot;Events.lookBackWindow&quot;:&quot;asc&quot;,&quot;Events.utcTime&quot;:&quot;asc&quot;}} 
Current {&quot;filters&quot;:[{&quot;values&quot;:[&quot;pageview&quot;],&quot;member&quot;:&quot;Events.eventType&quot;,&quot;operator&quot;:&quot;equals&quot;},{&quot;values&quot;:[&quot;ef6b8b94-f2c9-4331-9fd5-29837e9e3de2&quot;],&quot;member&quot;:&quot;Events.experiment&quot;,&quot;operator&quot;:&quot;equals&quot;},{&quot;values&quot;:[&quot;b7e7e6e6-30d0-4050-9a9d-0ce9401a524c&quot;],&quot;member&quot;:&quot;Events.runningId&quot;,&quot;operator&quot;:&quot;equals&quot;}],&quot;dimensions&quot;:[&quot;Events.referer&quot;,&quot;Events.experiment&quot;,&quot;Events.variant&quot;,&quot;Events.utcTime&quot;,&quot;Events.url&quot;,&quot;Events.lookBackWindow&quot;,&quot;Events.eventType&quot;,&quot;Events.runningId&quot;],&quot;order&quot;:{&quot;Events.lookBackWindow&quot;:&quot;asc&quot;,&quot;Events.utcTime&quot;:&quot;asc&quot;}}
Cube JS Query is not right, 
Expected: {&quot;measures&quot;: [&quot;Events.count&quot;],&quot;dimensions&quot;: [&quot;Events.variant&quot;],  &quot;filters&quot;: [    {      &quot;member&quot;: &quot;Events.eventType&quot;,      &quot;operator&quot;: &quot;equals&quot;,      &quot;values&quot;: [        &quot;pageview&quot;      ]    },    {      &quot;member&quot;: &quot;Events.variant&quot;,      &quot;operator&quot;: &quot;equals&quot;,      &quot;values&quot;: [&quot;DEFAULT&quot;,&quot;dotexperiment-ef6b8b94f2-variant-1&quot;]    },    {      &quot;member&quot;: &quot;Events.experiment&quot;,      &quot;operator&quot;: &quot;equals&quot;,      &quot;values&quot;: [&quot;ef6b8b94-f2c9-4331-9fd5-29837e9e3de2&quot;]    }  ]} 
Current {&quot;filters&quot;:[{&quot;values&quot;:[&quot;pageview&quot;],&quot;member&quot;:&quot;Events.eventType&quot;,&quot;operator&quot;:&quot;equals&quot;},{&quot;values&quot;:[&quot;ef6b8b94-f2c9-4331-9fd5-29837e9e3de2&quot;],&quot;member&quot;:&quot;Events.experiment&quot;,&quot;operator&quot;:&quot;equals&quot;},{&quot;values&quot;:[&quot;b7e7e6e6-30d0-4050-9a9d-0ce9401a524c&quot;],&quot;member&quot;:&quot;Events.runningId&quot;,&quot;operator&quot;:&quot;equals&quot;}],&quot;dimensions&quot;:[&quot;Events.referer&quot;,&quot;Events.experiment&quot;,&quot;Events.variant&quot;,&quot;Events.utcTime&quot;,&quot;Events.url&quot;,&quot;Events.lookBackWindow&quot;,&quot;Events.eventType&quot;,&quot;Events.runningId&quot;],&quot;order&quot;:{&quot;Events.lookBackWindow&quot;:&quot;asc&quot;,&quot;Events.utcTime&quot;:&quot;asc&quot;}}
Cube JS Query is not right, 
Expected: {&quot;filters&quot;:[{&quot;values&quot;:[&quot;pageview&quot;],&quot;member&quot;:&quot;Events.eventType&quot;,&quot;operator&quot;:&quot;equals&quot;},{&quot;values&quot;:[&quot;ef6b8b94-f2c9-4331-9fd5-29837e9e3de2&quot;],&quot;member&quot;:&quot;Events.experiment&quot;,&quot;operator&quot;:&quot;equals&quot;},{&quot;values&quot;:[&quot;b7e7e6e6-30d0-4050-9a9d-0ce9401a524c&quot;],&quot;member&quot;:&quot;Events.runningId&quot;,&quot;operator&quot;:&quot;equals&quot;}],&quot;measures&quot;:[&quot;Events.count&quot;],&quot;order&quot;:{&quot;Events.lookBackWindow&quot;:&quot;asc&quot;,&quot;Events.utcTime&quot;:&quot;asc&quot;}} 
Current {&quot;filters&quot;:[{&quot;values&quot;:[&quot;pageview&quot;],&quot;member&quot;:&quot;Events.eventType&quot;,&quot;operator&quot;:&quot;equals&quot;},{&quot;values&quot;:[&quot;ef6b8b94-f2c9-4331-9fd5-29837e9e3de2&quot;],&quot;member&quot;:&quot;Events.experiment&quot;,&quot;operator&quot;:&quot;equals&quot;},{&quot;values&quot;:[&quot;b7e7e6e6-30d0-4050-9a9d-0ce9401a524c&quot;],&quot;member&quot;:&quot;Events.runningId&quot;,&quot;operator&quot;:&quot;equals&quot;}],&quot;dimensions&quot;:[&quot;Events.referer&quot;,&quot;Events.experiment&quot;,&quot;Events.variant&quot;,&quot;Events.utcTime&quot;,&quot;Events.url&quot;,&quot;Events.lookBackWindow&quot;,&quot;Events.eventType&quot;,&quot;Events.runningId&quot;],&quot;order&quot;:{&quot;Events.lookBackWindow&quot;:&quot;asc&quot;,&quot;Events.utcTime&quot;:&quot;asc&quot;}}
	at com.dotcms.http.server.mock.MockHttpServer.validate(MockHttpServer.java:168)
	at com.dotcms.experiments.business.ExperimentAPIImpIntegrationTest.pageReachNotDirectReferer(ExperimentAPIImpIntegrationTest.java:1370)
	at java.base/jdk.internal.reflect.NativeMethodAccessorImpl.invoke0(Native Method)
	at java.base/jdk.internal.reflect.NativeMethodAccessorImpl.invoke(NativeMethodAccessorImpl.java:62)
	at java.base/jdk.internal.reflect.DelegatingMethodAccessorImpl.invoke(DelegatingMethodAccessorImpl.java:43)
	at java.base/java.lang.reflect.Method.invoke(Method.java:566)
	at org.junit.runners.model.FrameworkMethod$1.runReflectiveCall(FrameworkMethod.java:59)
	at org.junit.internal.runners.model.ReflectiveCallable.run(ReflectiveCallable.java:12)
	at org.junit.runners.model.FrameworkMethod.invokeExplosively(FrameworkMethod.java:56)
	at org.junit.internal.runners.statements.InvokeMethod.evaluate(InvokeMethod.java:17)
	at org.junit.internal.runners.statements.RunBefores.evaluate(RunBefores.java:26)
	at org.junit.internal.runners.statements.RunAfters.evaluate(RunAfters.java:27)
	at org.junit.rules.TestWatcher$1.evaluate(TestWatcher.java:61)
	at org.junit.runners.ParentRunner$3.evaluate(ParentRunner.java:306)
	at org.junit.rules.TestWatcher$1.evaluate(TestWatcher.java:61)
	at org.junit.rules.RunRules.evaluate(RunRules.java:20)
	at org.junit.runners.ParentRunner.runLeaf(ParentRunner.java:366)
	at com.dotcms.junit.CustomDataProviderRunner.runChild(CustomDataProviderRunner.java:41)
	at com.dotcms.junit.CustomDataProviderRunner.runChild(CustomDataProviderRunner.java:26)
	at org.junit.runners.ParentRunner$4.run(ParentRunner.java:331)
	at org.junit.runners.ParentRunner$1.schedule(ParentRunner.java:79)
	at org.junit.runners.ParentRunner.runChildren(ParentRunner.java:329)
	at org.junit.runners.ParentRunner.access$100(ParentRunner.java:66)
	at org.junit.runners.ParentRunner$2.evaluate(ParentRunner.java:293)
	at org.junit.internal.runners.statements.RunBefores.evaluate(RunBefores.java:26)
	at org.junit.runners.ParentRunner$3.evaluate(ParentRunner.java:306)
	at org.junit.runners.ParentRunner.run(ParentRunner.java:413)
	at com.dotcms.junit.MainBaseSuite$DotRunner.run(MainBaseSuite.java:71)
	at org.junit.runners.Suite.runChild(Suite.java:128)
	at org.junit.runners.Suite.runChild(Suite.java:27)
	at org.junit.runners.ParentRunner$4.run(ParentRunner.java:331)
	at org.junit.runners.ParentRunner$1.schedule(ParentRunner.java:79)
	at org.junit.runners.ParentRunner.runChildren(ParentRunner.java:329)
	at org.junit.runners.ParentRunner.access$100(ParentRunner.java:66)
	at org.junit.runners.ParentRunner$2.evaluate(ParentRunner.java:293)
	at org.junit.runners.ParentRunner$3.evaluate(ParentRunner.java:306)
	at org.junit.runners.ParentRunner.run(ParentRunner.java:413)
	at org.gradle.api.internal.tasks.testing.junit.JUnitTestClassExecutor.runTestClass(JUnitTestClassExecutor.java:110)
	at org.gradle.api.internal.tasks.testing.junit.JUnitTestClassExecutor.execute(JUnitTestClassExecutor.java:58)
	at org.gradle.api.internal.tasks.testing.junit.JUnitTestClassExecutor.execute(JUnitTestClassExecutor.java:38)
	at org.gradle.api.internal.tasks.testing.junit.AbstractJUnitTestClassProcessor.processTestClass(AbstractJUnitTestClassProcessor.java:62)
	at org.gradle.api.internal.tasks.testing.SuiteTestClassProcessor.processTestClass(SuiteTestClassProcessor.java:51)
	at java.base/jdk.internal.reflect.NativeMethodAccessorImpl.invoke0(Native Method)
	at java.base/jdk.internal.reflect.NativeMethodAccessorImpl.invoke(NativeMethodAccessorImpl.java:62)
	at java.base/jdk.internal.reflect.DelegatingMethodAccessorImpl.invoke(DelegatingMethodAccessorImpl.java:43)
	at java.base/java.lang.reflect.Method.invoke(Method.java:566)
	at org.gradle.internal.dispatch.ReflectionDispatch.dispatch(ReflectionDispatch.java:36)
	at org.gradle.internal.dispatch.ReflectionDispatch.dispatch(ReflectionDispatch.java:24)
	at org.gradle.internal.dispatch.ContextClassLoaderDispatch.dispatch(ContextClassLoaderDispatch.java:33)
	at org.gradle.internal.dispatch.ProxyDispatchAdapter$DispatchingInvocationHandler.invoke(ProxyDispatchAdapter.java:94)
	at com.sun.proxy.$Proxy5.processTestClass(Unknown Source)
	at org.gradle.api.internal.tasks.testing.worker.TestWorker$2.run(TestWorker.java:176)
	at org.gradle.api.internal.tasks.testing.worker.TestWorker.executeAndMaintainThreadName(TestWorker.java:129)
	at org.gradle.api.internal.tasks.testing.worker.TestWorker.execute(TestWorker.java:100)
	at org.gradle.api.internal.tasks.testing.worker.TestWorker.execute(TestWorker.java:60)
	at org.gradle.process.internal.worker.child.ActionExecutionWorker.execute(ActionExecutionWorker.java:56)
	at org.gradle.process.internal.worker.child.SystemApplicationClassLoaderWorker.call(SystemApplicationClassLoaderWorker.java:133)
	at org.gradle.process.internal.worker.child.SystemApplicationClassLoaderWorker.call(SystemApplicationClassLoaderWorker.java:71)
	at worker.org.gradle.process.internal.worker.GradleWorkerMain.run(GradleWorkerMain.java:69)
	at worker.org.gradle.process.internal.worker.GradleWorkerMain.main(GradleWorkerMain.java:74)
</pre>
</span>
</div>
<div class="test">
<a name="resultWithPagination"></a>
<h3 class="failures">resultWithPagination</h3>
<span class="code">
<pre>java.lang.RuntimeException: java.util.NoSuchElementException
	at com.dotcms.cube.PaginationCubeJSResultSet$CubeIterator.next(PaginationCubeJSResultSet.java:72)
	at com.dotcms.cube.PaginationCubeJSResultSet$CubeIterator.next(PaginationCubeJSResultSet.java:38)
	at com.dotcms.experiments.business.ExperimentsAPIImpl.getEvents(ExperimentsAPIImpl.java:996)
	at com.dotcms.experiments.business.ExperimentsAPIImpl.getResults(ExperimentsAPIImpl.java:942)
	at com.dotcms.experiments.business.ExperimentAPIImpIntegrationTest.resultWithPagination(ExperimentAPIImpIntegrationTest.java:920)
	at java.base/jdk.internal.reflect.NativeMethodAccessorImpl.invoke0(Native Method)
	at java.base/jdk.internal.reflect.NativeMethodAccessorImpl.invoke(NativeMethodAccessorImpl.java:62)
	at java.base/jdk.internal.reflect.DelegatingMethodAccessorImpl.invoke(DelegatingMethodAccessorImpl.java:43)
	at java.base/java.lang.reflect.Method.invoke(Method.java:566)
	at org.junit.runners.model.FrameworkMethod$1.runReflectiveCall(FrameworkMethod.java:59)
	at org.junit.internal.runners.model.ReflectiveCallable.run(ReflectiveCallable.java:12)
	at org.junit.runners.model.FrameworkMethod.invokeExplosively(FrameworkMethod.java:56)
	at org.junit.internal.runners.statements.InvokeMethod.evaluate(InvokeMethod.java:17)
	at org.junit.internal.runners.statements.RunBefores.evaluate(RunBefores.java:26)
	at org.junit.internal.runners.statements.RunAfters.evaluate(RunAfters.java:27)
	at org.junit.rules.TestWatcher$1.evaluate(TestWatcher.java:61)
	at org.junit.runners.ParentRunner$3.evaluate(ParentRunner.java:306)
	at org.junit.rules.TestWatcher$1.evaluate(TestWatcher.java:61)
	at org.junit.rules.RunRules.evaluate(RunRules.java:20)
	at org.junit.runners.ParentRunner.runLeaf(ParentRunner.java:366)
	at com.dotcms.junit.CustomDataProviderRunner.runChild(CustomDataProviderRunner.java:41)
	at com.dotcms.junit.CustomDataProviderRunner.runChild(CustomDataProviderRunner.java:26)
	at org.junit.runners.ParentRunner$4.run(ParentRunner.java:331)
	at org.junit.runners.ParentRunner$1.schedule(ParentRunner.java:79)
	at org.junit.runners.ParentRunner.runChildren(ParentRunner.java:329)
	at org.junit.runners.ParentRunner.access$100(ParentRunner.java:66)
	at org.junit.runners.ParentRunner$2.evaluate(ParentRunner.java:293)
	at org.junit.internal.runners.statements.RunBefores.evaluate(RunBefores.java:26)
	at org.junit.runners.ParentRunner$3.evaluate(ParentRunner.java:306)
	at org.junit.runners.ParentRunner.run(ParentRunner.java:413)
	at com.dotcms.junit.MainBaseSuite$DotRunner.run(MainBaseSuite.java:71)
	at org.junit.runners.Suite.runChild(Suite.java:128)
	at org.junit.runners.Suite.runChild(Suite.java:27)
	at org.junit.runners.ParentRunner$4.run(ParentRunner.java:331)
	at org.junit.runners.ParentRunner$1.schedule(ParentRunner.java:79)
	at org.junit.runners.ParentRunner.runChildren(ParentRunner.java:329)
	at org.junit.runners.ParentRunner.access$100(ParentRunner.java:66)
	at org.junit.runners.ParentRunner$2.evaluate(ParentRunner.java:293)
	at org.junit.runners.ParentRunner$3.evaluate(ParentRunner.java:306)
	at org.junit.runners.ParentRunner.run(ParentRunner.java:413)
	at org.gradle.api.internal.tasks.testing.junit.JUnitTestClassExecutor.runTestClass(JUnitTestClassExecutor.java:110)
	at org.gradle.api.internal.tasks.testing.junit.JUnitTestClassExecutor.execute(JUnitTestClassExecutor.java:58)
	at org.gradle.api.internal.tasks.testing.junit.JUnitTestClassExecutor.execute(JUnitTestClassExecutor.java:38)
	at org.gradle.api.internal.tasks.testing.junit.AbstractJUnitTestClassProcessor.processTestClass(AbstractJUnitTestClassProcessor.java:62)
	at org.gradle.api.internal.tasks.testing.SuiteTestClassProcessor.processTestClass(SuiteTestClassProcessor.java:51)
	at java.base/jdk.internal.reflect.NativeMethodAccessorImpl.invoke0(Native Method)
	at java.base/jdk.internal.reflect.NativeMethodAccessorImpl.invoke(NativeMethodAccessorImpl.java:62)
	at java.base/jdk.internal.reflect.DelegatingMethodAccessorImpl.invoke(DelegatingMethodAccessorImpl.java:43)
	at java.base/java.lang.reflect.Method.invoke(Method.java:566)
	at org.gradle.internal.dispatch.ReflectionDispatch.dispatch(ReflectionDispatch.java:36)
	at org.gradle.internal.dispatch.ReflectionDispatch.dispatch(ReflectionDispatch.java:24)
	at org.gradle.internal.dispatch.ContextClassLoaderDispatch.dispatch(ContextClassLoaderDispatch.java:33)
	at org.gradle.internal.dispatch.ProxyDispatchAdapter$DispatchingInvocationHandler.invoke(ProxyDispatchAdapter.java:94)
	at com.sun.proxy.$Proxy5.processTestClass(Unknown Source)
	at org.gradle.api.internal.tasks.testing.worker.TestWorker$2.run(TestWorker.java:176)
	at org.gradle.api.internal.tasks.testing.worker.TestWorker.executeAndMaintainThreadName(TestWorker.java:129)
	at org.gradle.api.internal.tasks.testing.worker.TestWorker.execute(TestWorker.java:100)
	at org.gradle.api.internal.tasks.testing.worker.TestWorker.execute(TestWorker.java:60)
	at org.gradle.process.internal.worker.child.ActionExecutionWorker.execute(ActionExecutionWorker.java:56)
	at org.gradle.process.internal.worker.child.SystemApplicationClassLoaderWorker.call(SystemApplicationClassLoaderWorker.java:133)
	at org.gradle.process.internal.worker.child.SystemApplicationClassLoaderWorker.call(SystemApplicationClassLoaderWorker.java:71)
	at worker.org.gradle.process.internal.worker.GradleWorkerMain.run(GradleWorkerMain.java:69)
	at worker.org.gradle.process.internal.worker.GradleWorkerMain.main(GradleWorkerMain.java:74)
Caused by: java.util.NoSuchElementException
	at java.base/java.util.ArrayList$Itr.next(ArrayList.java:1000)
	at com.dotcms.cube.PaginationCubeJSResultSet$CubeIterator.next(PaginationCubeJSResultSet.java:69)
	... 62 more
</pre>
</span>
</div>
<div class="test">
<a name="resultWithPaginationWhenTheLastPageIsNotComplte"></a>
<h3 class="failures">resultWithPaginationWhenTheLastPageIsNotComplte</h3>
<span class="code">
<pre>java.lang.RuntimeException: java.util.NoSuchElementException
	at com.dotcms.cube.PaginationCubeJSResultSet$CubeIterator.next(PaginationCubeJSResultSet.java:72)
	at com.dotcms.cube.PaginationCubeJSResultSet$CubeIterator.next(PaginationCubeJSResultSet.java:38)
	at com.dotcms.experiments.business.ExperimentsAPIImpl.getEvents(ExperimentsAPIImpl.java:996)
	at com.dotcms.experiments.business.ExperimentsAPIImpl.getResults(ExperimentsAPIImpl.java:942)
	at com.dotcms.experiments.business.ExperimentAPIImpIntegrationTest.resultWithPaginationWhenTheLastPageIsNotComplte(ExperimentAPIImpIntegrationTest.java:1054)
	at java.base/jdk.internal.reflect.NativeMethodAccessorImpl.invoke0(Native Method)
	at java.base/jdk.internal.reflect.NativeMethodAccessorImpl.invoke(NativeMethodAccessorImpl.java:62)
	at java.base/jdk.internal.reflect.DelegatingMethodAccessorImpl.invoke(DelegatingMethodAccessorImpl.java:43)
	at java.base/java.lang.reflect.Method.invoke(Method.java:566)
	at org.junit.runners.model.FrameworkMethod$1.runReflectiveCall(FrameworkMethod.java:59)
	at org.junit.internal.runners.model.ReflectiveCallable.run(ReflectiveCallable.java:12)
	at org.junit.runners.model.FrameworkMethod.invokeExplosively(FrameworkMethod.java:56)
	at org.junit.internal.runners.statements.InvokeMethod.evaluate(InvokeMethod.java:17)
	at org.junit.internal.runners.statements.RunBefores.evaluate(RunBefores.java:26)
	at org.junit.internal.runners.statements.RunAfters.evaluate(RunAfters.java:27)
	at org.junit.rules.TestWatcher$1.evaluate(TestWatcher.java:61)
	at org.junit.runners.ParentRunner$3.evaluate(ParentRunner.java:306)
	at org.junit.rules.TestWatcher$1.evaluate(TestWatcher.java:61)
	at org.junit.rules.RunRules.evaluate(RunRules.java:20)
	at org.junit.runners.ParentRunner.runLeaf(ParentRunner.java:366)
	at com.dotcms.junit.CustomDataProviderRunner.runChild(CustomDataProviderRunner.java:41)
	at com.dotcms.junit.CustomDataProviderRunner.runChild(CustomDataProviderRunner.java:26)
	at org.junit.runners.ParentRunner$4.run(ParentRunner.java:331)
	at org.junit.runners.ParentRunner$1.schedule(ParentRunner.java:79)
	at org.junit.runners.ParentRunner.runChildren(ParentRunner.java:329)
	at org.junit.runners.ParentRunner.access$100(ParentRunner.java:66)
	at org.junit.runners.ParentRunner$2.evaluate(ParentRunner.java:293)
	at org.junit.internal.runners.statements.RunBefores.evaluate(RunBefores.java:26)
	at org.junit.runners.ParentRunner$3.evaluate(ParentRunner.java:306)
	at org.junit.runners.ParentRunner.run(ParentRunner.java:413)
	at com.dotcms.junit.MainBaseSuite$DotRunner.run(MainBaseSuite.java:71)
	at org.junit.runners.Suite.runChild(Suite.java:128)
	at org.junit.runners.Suite.runChild(Suite.java:27)
	at org.junit.runners.ParentRunner$4.run(ParentRunner.java:331)
	at org.junit.runners.ParentRunner$1.schedule(ParentRunner.java:79)
	at org.junit.runners.ParentRunner.runChildren(ParentRunner.java:329)
	at org.junit.runners.ParentRunner.access$100(ParentRunner.java:66)
	at org.junit.runners.ParentRunner$2.evaluate(ParentRunner.java:293)
	at org.junit.runners.ParentRunner$3.evaluate(ParentRunner.java:306)
	at org.junit.runners.ParentRunner.run(ParentRunner.java:413)
	at org.gradle.api.internal.tasks.testing.junit.JUnitTestClassExecutor.runTestClass(JUnitTestClassExecutor.java:110)
	at org.gradle.api.internal.tasks.testing.junit.JUnitTestClassExecutor.execute(JUnitTestClassExecutor.java:58)
	at org.gradle.api.internal.tasks.testing.junit.JUnitTestClassExecutor.execute(JUnitTestClassExecutor.java:38)
	at org.gradle.api.internal.tasks.testing.junit.AbstractJUnitTestClassProcessor.processTestClass(AbstractJUnitTestClassProcessor.java:62)
	at org.gradle.api.internal.tasks.testing.SuiteTestClassProcessor.processTestClass(SuiteTestClassProcessor.java:51)
	at java.base/jdk.internal.reflect.NativeMethodAccessorImpl.invoke0(Native Method)
	at java.base/jdk.internal.reflect.NativeMethodAccessorImpl.invoke(NativeMethodAccessorImpl.java:62)
	at java.base/jdk.internal.reflect.DelegatingMethodAccessorImpl.invoke(DelegatingMethodAccessorImpl.java:43)
	at java.base/java.lang.reflect.Method.invoke(Method.java:566)
	at org.gradle.internal.dispatch.ReflectionDispatch.dispatch(ReflectionDispatch.java:36)
	at org.gradle.internal.dispatch.ReflectionDispatch.dispatch(ReflectionDispatch.java:24)
	at org.gradle.internal.dispatch.ContextClassLoaderDispatch.dispatch(ContextClassLoaderDispatch.java:33)
	at org.gradle.internal.dispatch.ProxyDispatchAdapter$DispatchingInvocationHandler.invoke(ProxyDispatchAdapter.java:94)
	at com.sun.proxy.$Proxy5.processTestClass(Unknown Source)
	at org.gradle.api.internal.tasks.testing.worker.TestWorker$2.run(TestWorker.java:176)
	at org.gradle.api.internal.tasks.testing.worker.TestWorker.executeAndMaintainThreadName(TestWorker.java:129)
	at org.gradle.api.internal.tasks.testing.worker.TestWorker.execute(TestWorker.java:100)
	at org.gradle.api.internal.tasks.testing.worker.TestWorker.execute(TestWorker.java:60)
	at org.gradle.process.internal.worker.child.ActionExecutionWorker.execute(ActionExecutionWorker.java:56)
	at org.gradle.process.internal.worker.child.SystemApplicationClassLoaderWorker.call(SystemApplicationClassLoaderWorker.java:133)
	at org.gradle.process.internal.worker.child.SystemApplicationClassLoaderWorker.call(SystemApplicationClassLoaderWorker.java:71)
	at worker.org.gradle.process.internal.worker.GradleWorkerMain.run(GradleWorkerMain.java:69)
	at worker.org.gradle.process.internal.worker.GradleWorkerMain.main(GradleWorkerMain.java:74)
Caused by: java.util.NoSuchElementException
	at java.base/java.util.ArrayList$Itr.next(ArrayList.java:1000)
	at com.dotcms.cube.PaginationCubeJSResultSet$CubeIterator.next(PaginationCubeJSResultSet.java:69)
	... 62 more
</pre>
</span>
</div>
<div class="test">
<a name="resultWithUrlMap"></a>
<h3 class="failures">resultWithUrlMap</h3>
<span class="code">
<pre>java.lang.AssertionError: New Request:Cube JS Query is not right, 
Expected: {&quot;filters&quot;:[{&quot;values&quot;:[&quot;pageview&quot;],&quot;member&quot;:&quot;Events.eventType&quot;,&quot;operator&quot;:&quot;equals&quot;},{&quot;values&quot;:[&quot;eb91800a-72e9-45f8-8198-85cb2a8b10f0&quot;],&quot;member&quot;:&quot;Events.experiment&quot;,&quot;operator&quot;:&quot;equals&quot;}],&quot;dimensions&quot;:[&quot;Events.referer&quot;,&quot;Events.experiment&quot;,&quot;Events.variant&quot;,&quot;Events.utcTime&quot;,&quot;Events.url&quot;,&quot;Events.lookBackWindow&quot;,&quot;Events.eventType&quot;,&quot;Events.runningId&quot;],&quot;order&quot;:{&quot;Events.lookBackWindow&quot;:&quot;asc&quot;,&quot;Events.utcTime&quot;:&quot;asc&quot;}} 
Current {&quot;filters&quot;:[{&quot;values&quot;:[&quot;pageview&quot;],&quot;member&quot;:&quot;Events.eventType&quot;,&quot;operator&quot;:&quot;equals&quot;},{&quot;values&quot;:[&quot;eb91800a-72e9-45f8-8198-85cb2a8b10f0&quot;],&quot;member&quot;:&quot;Events.experiment&quot;,&quot;operator&quot;:&quot;equals&quot;},{&quot;values&quot;:[&quot;bb1d027c-b6a9-461c-902d-5c77fc78b0b5&quot;],&quot;member&quot;:&quot;Events.runningId&quot;,&quot;operator&quot;:&quot;equals&quot;}],&quot;dimensions&quot;:[&quot;Events.referer&quot;,&quot;Events.experiment&quot;,&quot;Events.variant&quot;,&quot;Events.utcTime&quot;,&quot;Events.url&quot;,&quot;Events.lookBackWindow&quot;,&quot;Events.eventType&quot;,&quot;Events.runningId&quot;],&quot;order&quot;:{&quot;Events.lookBackWindow&quot;:&quot;asc&quot;,&quot;Events.utcTime&quot;:&quot;asc&quot;}}
Cube JS Query is not right, 
Expected: {&quot;measures&quot;: [&quot;Events.count&quot;],&quot;dimensions&quot;: [&quot;Events.variant&quot;],  &quot;filters&quot;: [    {      &quot;member&quot;: &quot;Events.eventType&quot;,      &quot;operator&quot;: &quot;equals&quot;,      &quot;values&quot;: [        &quot;pageview&quot;      ]    },    {      &quot;member&quot;: &quot;Events.variant&quot;,      &quot;operator&quot;: &quot;equals&quot;,      &quot;values&quot;: [&quot;DEFAULT&quot;,&quot;dotexperiment-eb91800a72-variant-1&quot;]    },    {      &quot;member&quot;: &quot;Events.experiment&quot;,      &quot;operator&quot;: &quot;equals&quot;,      &quot;values&quot;: [&quot;eb91800a-72e9-45f8-8198-85cb2a8b10f0&quot;]    }  ]} 
Current {&quot;filters&quot;:[{&quot;values&quot;:[&quot;pageview&quot;],&quot;member&quot;:&quot;Events.eventType&quot;,&quot;operator&quot;:&quot;equals&quot;},{&quot;values&quot;:[&quot;eb91800a-72e9-45f8-8198-85cb2a8b10f0&quot;],&quot;member&quot;:&quot;Events.experiment&quot;,&quot;operator&quot;:&quot;equals&quot;},{&quot;values&quot;:[&quot;bb1d027c-b6a9-461c-902d-5c77fc78b0b5&quot;],&quot;member&quot;:&quot;Events.runningId&quot;,&quot;operator&quot;:&quot;equals&quot;}],&quot;dimensions&quot;:[&quot;Events.referer&quot;,&quot;Events.experiment&quot;,&quot;Events.variant&quot;,&quot;Events.utcTime&quot;,&quot;Events.url&quot;,&quot;Events.lookBackWindow&quot;,&quot;Events.eventType&quot;,&quot;Events.runningId&quot;],&quot;order&quot;:{&quot;Events.lookBackWindow&quot;:&quot;asc&quot;,&quot;Events.utcTime&quot;:&quot;asc&quot;}}
Cube JS Query is not right, 
Expected: {&quot;filters&quot;:[{&quot;values&quot;:[&quot;pageview&quot;],&quot;member&quot;:&quot;Events.eventType&quot;,&quot;operator&quot;:&quot;equals&quot;},{&quot;values&quot;:[&quot;eb91800a-72e9-45f8-8198-85cb2a8b10f0&quot;],&quot;member&quot;:&quot;Events.experiment&quot;,&quot;operator&quot;:&quot;equals&quot;},{&quot;values&quot;:[&quot;bb1d027c-b6a9-461c-902d-5c77fc78b0b5&quot;],&quot;member&quot;:&quot;Events.runningId&quot;,&quot;operator&quot;:&quot;equals&quot;}],&quot;measures&quot;:[&quot;Events.count&quot;],&quot;order&quot;:{&quot;Events.lookBackWindow&quot;:&quot;asc&quot;,&quot;Events.utcTime&quot;:&quot;asc&quot;}} 
Current {&quot;filters&quot;:[{&quot;values&quot;:[&quot;pageview&quot;],&quot;member&quot;:&quot;Events.eventType&quot;,&quot;operator&quot;:&quot;equals&quot;},{&quot;values&quot;:[&quot;eb91800a-72e9-45f8-8198-85cb2a8b10f0&quot;],&quot;member&quot;:&quot;Events.experiment&quot;,&quot;operator&quot;:&quot;equals&quot;},{&quot;values&quot;:[&quot;bb1d027c-b6a9-461c-902d-5c77fc78b0b5&quot;],&quot;member&quot;:&quot;Events.runningId&quot;,&quot;operator&quot;:&quot;equals&quot;}],&quot;dimensions&quot;:[&quot;Events.referer&quot;,&quot;Events.experiment&quot;,&quot;Events.variant&quot;,&quot;Events.utcTime&quot;,&quot;Events.url&quot;,&quot;Events.lookBackWindow&quot;,&quot;Events.eventType&quot;,&quot;Events.runningId&quot;],&quot;order&quot;:{&quot;Events.lookBackWindow&quot;:&quot;asc&quot;,&quot;Events.utcTime&quot;:&quot;asc&quot;}}
	at com.dotcms.http.server.mock.MockHttpServer.validate(MockHttpServer.java:168)
	at com.dotcms.experiments.business.ExperimentAPIImpIntegrationTest.resultWithUrlMap(ExperimentAPIImpIntegrationTest.java:2919)
	at java.base/jdk.internal.reflect.NativeMethodAccessorImpl.invoke0(Native Method)
	at java.base/jdk.internal.reflect.NativeMethodAccessorImpl.invoke(NativeMethodAccessorImpl.java:62)
	at java.base/jdk.internal.reflect.DelegatingMethodAccessorImpl.invoke(DelegatingMethodAccessorImpl.java:43)
	at java.base/java.lang.reflect.Method.invoke(Method.java:566)
	at org.junit.runners.model.FrameworkMethod$1.runReflectiveCall(FrameworkMethod.java:59)
	at org.junit.internal.runners.model.ReflectiveCallable.run(ReflectiveCallable.java:12)
	at org.junit.runners.model.FrameworkMethod.invokeExplosively(FrameworkMethod.java:56)
	at org.junit.internal.runners.statements.InvokeMethod.evaluate(InvokeMethod.java:17)
	at org.junit.internal.runners.statements.RunBefores.evaluate(RunBefores.java:26)
	at org.junit.internal.runners.statements.RunAfters.evaluate(RunAfters.java:27)
	at org.junit.rules.TestWatcher$1.evaluate(TestWatcher.java:61)
	at org.junit.runners.ParentRunner$3.evaluate(ParentRunner.java:306)
	at org.junit.rules.TestWatcher$1.evaluate(TestWatcher.java:61)
	at org.junit.rules.RunRules.evaluate(RunRules.java:20)
	at org.junit.runners.ParentRunner.runLeaf(ParentRunner.java:366)
	at com.dotcms.junit.CustomDataProviderRunner.runChild(CustomDataProviderRunner.java:41)
	at com.dotcms.junit.CustomDataProviderRunner.runChild(CustomDataProviderRunner.java:26)
	at org.junit.runners.ParentRunner$4.run(ParentRunner.java:331)
	at org.junit.runners.ParentRunner$1.schedule(ParentRunner.java:79)
	at org.junit.runners.ParentRunner.runChildren(ParentRunner.java:329)
	at org.junit.runners.ParentRunner.access$100(ParentRunner.java:66)
	at org.junit.runners.ParentRunner$2.evaluate(ParentRunner.java:293)
	at org.junit.internal.runners.statements.RunBefores.evaluate(RunBefores.java:26)
	at org.junit.runners.ParentRunner$3.evaluate(ParentRunner.java:306)
	at org.junit.runners.ParentRunner.run(ParentRunner.java:413)
	at com.dotcms.junit.MainBaseSuite$DotRunner.run(MainBaseSuite.java:71)
	at org.junit.runners.Suite.runChild(Suite.java:128)
	at org.junit.runners.Suite.runChild(Suite.java:27)
	at org.junit.runners.ParentRunner$4.run(ParentRunner.java:331)
	at org.junit.runners.ParentRunner$1.schedule(ParentRunner.java:79)
	at org.junit.runners.ParentRunner.runChildren(ParentRunner.java:329)
	at org.junit.runners.ParentRunner.access$100(ParentRunner.java:66)
	at org.junit.runners.ParentRunner$2.evaluate(ParentRunner.java:293)
	at org.junit.runners.ParentRunner$3.evaluate(ParentRunner.java:306)
	at org.junit.runners.ParentRunner.run(ParentRunner.java:413)
	at org.gradle.api.internal.tasks.testing.junit.JUnitTestClassExecutor.runTestClass(JUnitTestClassExecutor.java:110)
	at org.gradle.api.internal.tasks.testing.junit.JUnitTestClassExecutor.execute(JUnitTestClassExecutor.java:58)
	at org.gradle.api.internal.tasks.testing.junit.JUnitTestClassExecutor.execute(JUnitTestClassExecutor.java:38)
	at org.gradle.api.internal.tasks.testing.junit.AbstractJUnitTestClassProcessor.processTestClass(AbstractJUnitTestClassProcessor.java:62)
	at org.gradle.api.internal.tasks.testing.SuiteTestClassProcessor.processTestClass(SuiteTestClassProcessor.java:51)
	at java.base/jdk.internal.reflect.NativeMethodAccessorImpl.invoke0(Native Method)
	at java.base/jdk.internal.reflect.NativeMethodAccessorImpl.invoke(NativeMethodAccessorImpl.java:62)
	at java.base/jdk.internal.reflect.DelegatingMethodAccessorImpl.invoke(DelegatingMethodAccessorImpl.java:43)
	at java.base/java.lang.reflect.Method.invoke(Method.java:566)
	at org.gradle.internal.dispatch.ReflectionDispatch.dispatch(ReflectionDispatch.java:36)
	at org.gradle.internal.dispatch.ReflectionDispatch.dispatch(ReflectionDispatch.java:24)
	at org.gradle.internal.dispatch.ContextClassLoaderDispatch.dispatch(ContextClassLoaderDispatch.java:33)
	at org.gradle.internal.dispatch.ProxyDispatchAdapter$DispatchingInvocationHandler.invoke(ProxyDispatchAdapter.java:94)
	at com.sun.proxy.$Proxy5.processTestClass(Unknown Source)
	at org.gradle.api.internal.tasks.testing.worker.TestWorker$2.run(TestWorker.java:176)
	at org.gradle.api.internal.tasks.testing.worker.TestWorker.executeAndMaintainThreadName(TestWorker.java:129)
	at org.gradle.api.internal.tasks.testing.worker.TestWorker.execute(TestWorker.java:100)
	at org.gradle.api.internal.tasks.testing.worker.TestWorker.execute(TestWorker.java:60)
	at org.gradle.process.internal.worker.child.ActionExecutionWorker.execute(ActionExecutionWorker.java:56)
	at org.gradle.process.internal.worker.child.SystemApplicationClassLoaderWorker.call(SystemApplicationClassLoaderWorker.java:133)
	at org.gradle.process.internal.worker.child.SystemApplicationClassLoaderWorker.call(SystemApplicationClassLoaderWorker.java:71)
	at worker.org.gradle.process.internal.worker.GradleWorkerMain.run(GradleWorkerMain.java:69)
	at worker.org.gradle.process.internal.worker.GradleWorkerMain.main(GradleWorkerMain.java:74)
</pre>
</span>
</div>
<div class="test">
<a name="test_calcBayesian_ABC"></a>
<h3 class="failures">test_calcBayesian_ABC</h3>
<span class="code">
<pre>junit.framework.AssertionFailedError: expected:&lt;180&gt; but was:&lt;0&gt;
	at junit.framework.Assert.fail(Assert.java:57)
	at junit.framework.Assert.failNotEquals(Assert.java:329)
	at junit.framework.Assert.assertEquals(Assert.java:78)
	at junit.framework.Assert.assertEquals(Assert.java:159)
	at junit.framework.Assert.assertEquals(Assert.java:166)
	at junit.framework.TestCase.assertEquals(TestCase.java:309)
	at com.dotcms.experiments.business.ExperimentAPIImpIntegrationTest.test_calcBayesian_ABC(ExperimentAPIImpIntegrationTest.java:3327)
	at java.base/jdk.internal.reflect.NativeMethodAccessorImpl.invoke0(Native Method)
	at java.base/jdk.internal.reflect.NativeMethodAccessorImpl.invoke(NativeMethodAccessorImpl.java:62)
	at java.base/jdk.internal.reflect.DelegatingMethodAccessorImpl.invoke(DelegatingMethodAccessorImpl.java:43)
	at java.base/java.lang.reflect.Method.invoke(Method.java:566)
	at org.junit.runners.model.FrameworkMethod$1.runReflectiveCall(FrameworkMethod.java:59)
	at org.junit.internal.runners.model.ReflectiveCallable.run(ReflectiveCallable.java:12)
	at org.junit.runners.model.FrameworkMethod.invokeExplosively(FrameworkMethod.java:56)
	at org.junit.internal.runners.statements.InvokeMethod.evaluate(InvokeMethod.java:17)
	at org.junit.internal.runners.statements.RunBefores.evaluate(RunBefores.java:26)
	at org.junit.internal.runners.statements.RunAfters.evaluate(RunAfters.java:27)
	at org.junit.rules.TestWatcher$1.evaluate(TestWatcher.java:61)
	at org.junit.runners.ParentRunner$3.evaluate(ParentRunner.java:306)
	at org.junit.rules.TestWatcher$1.evaluate(TestWatcher.java:61)
	at org.junit.rules.RunRules.evaluate(RunRules.java:20)
	at org.junit.runners.ParentRunner.runLeaf(ParentRunner.java:366)
	at com.dotcms.junit.CustomDataProviderRunner.runChild(CustomDataProviderRunner.java:41)
	at com.dotcms.junit.CustomDataProviderRunner.runChild(CustomDataProviderRunner.java:26)
	at org.junit.runners.ParentRunner$4.run(ParentRunner.java:331)
	at org.junit.runners.ParentRunner$1.schedule(ParentRunner.java:79)
	at org.junit.runners.ParentRunner.runChildren(ParentRunner.java:329)
	at org.junit.runners.ParentRunner.access$100(ParentRunner.java:66)
	at org.junit.runners.ParentRunner$2.evaluate(ParentRunner.java:293)
	at org.junit.internal.runners.statements.RunBefores.evaluate(RunBefores.java:26)
	at org.junit.runners.ParentRunner$3.evaluate(ParentRunner.java:306)
	at org.junit.runners.ParentRunner.run(ParentRunner.java:413)
	at com.dotcms.junit.MainBaseSuite$DotRunner.run(MainBaseSuite.java:71)
	at org.junit.runners.Suite.runChild(Suite.java:128)
	at org.junit.runners.Suite.runChild(Suite.java:27)
	at org.junit.runners.ParentRunner$4.run(ParentRunner.java:331)
	at org.junit.runners.ParentRunner$1.schedule(ParentRunner.java:79)
	at org.junit.runners.ParentRunner.runChildren(ParentRunner.java:329)
	at org.junit.runners.ParentRunner.access$100(ParentRunner.java:66)
	at org.junit.runners.ParentRunner$2.evaluate(ParentRunner.java:293)
	at org.junit.runners.ParentRunner$3.evaluate(ParentRunner.java:306)
	at org.junit.runners.ParentRunner.run(ParentRunner.java:413)
	at org.gradle.api.internal.tasks.testing.junit.JUnitTestClassExecutor.runTestClass(JUnitTestClassExecutor.java:110)
	at org.gradle.api.internal.tasks.testing.junit.JUnitTestClassExecutor.execute(JUnitTestClassExecutor.java:58)
	at org.gradle.api.internal.tasks.testing.junit.JUnitTestClassExecutor.execute(JUnitTestClassExecutor.java:38)
	at org.gradle.api.internal.tasks.testing.junit.AbstractJUnitTestClassProcessor.processTestClass(AbstractJUnitTestClassProcessor.java:62)
	at org.gradle.api.internal.tasks.testing.SuiteTestClassProcessor.processTestClass(SuiteTestClassProcessor.java:51)
	at java.base/jdk.internal.reflect.NativeMethodAccessorImpl.invoke0(Native Method)
	at java.base/jdk.internal.reflect.NativeMethodAccessorImpl.invoke(NativeMethodAccessorImpl.java:62)
	at java.base/jdk.internal.reflect.DelegatingMethodAccessorImpl.invoke(DelegatingMethodAccessorImpl.java:43)
	at java.base/java.lang.reflect.Method.invoke(Method.java:566)
	at org.gradle.internal.dispatch.ReflectionDispatch.dispatch(ReflectionDispatch.java:36)
	at org.gradle.internal.dispatch.ReflectionDispatch.dispatch(ReflectionDispatch.java:24)
	at org.gradle.internal.dispatch.ContextClassLoaderDispatch.dispatch(ContextClassLoaderDispatch.java:33)
	at org.gradle.internal.dispatch.ProxyDispatchAdapter$DispatchingInvocationHandler.invoke(ProxyDispatchAdapter.java:94)
	at com.sun.proxy.$Proxy5.processTestClass(Unknown Source)
	at org.gradle.api.internal.tasks.testing.worker.TestWorker$2.run(TestWorker.java:176)
	at org.gradle.api.internal.tasks.testing.worker.TestWorker.executeAndMaintainThreadName(TestWorker.java:129)
	at org.gradle.api.internal.tasks.testing.worker.TestWorker.execute(TestWorker.java:100)
	at org.gradle.api.internal.tasks.testing.worker.TestWorker.execute(TestWorker.java:60)
	at org.gradle.process.internal.worker.child.ActionExecutionWorker.execute(ActionExecutionWorker.java:56)
	at org.gradle.process.internal.worker.child.SystemApplicationClassLoaderWorker.call(SystemApplicationClassLoaderWorker.java:133)
	at org.gradle.process.internal.worker.child.SystemApplicationClassLoaderWorker.call(SystemApplicationClassLoaderWorker.java:71)
	at worker.org.gradle.process.internal.worker.GradleWorkerMain.run(GradleWorkerMain.java:69)
	at worker.org.gradle.process.internal.worker.GradleWorkerMain.main(GradleWorkerMain.java:74)
</pre>
</span>
</div>
<div class="test">
<a name="test_calcBayesian_AOverB"></a>
<h3 class="failures">test_calcBayesian_AOverB</h3>
<span class="code">
<pre>junit.framework.AssertionFailedError: expected:&lt;120&gt; but was:&lt;0&gt;
	at junit.framework.Assert.fail(Assert.java:57)
	at junit.framework.Assert.failNotEquals(Assert.java:329)
	at junit.framework.Assert.assertEquals(Assert.java:78)
	at junit.framework.Assert.assertEquals(Assert.java:159)
	at junit.framework.Assert.assertEquals(Assert.java:166)
	at junit.framework.TestCase.assertEquals(TestCase.java:309)
	at com.dotcms.experiments.business.ExperimentAPIImpIntegrationTest.test_calcBayesian_AOverB(ExperimentAPIImpIntegrationTest.java:3172)
	at java.base/jdk.internal.reflect.NativeMethodAccessorImpl.invoke0(Native Method)
	at java.base/jdk.internal.reflect.NativeMethodAccessorImpl.invoke(NativeMethodAccessorImpl.java:62)
	at java.base/jdk.internal.reflect.DelegatingMethodAccessorImpl.invoke(DelegatingMethodAccessorImpl.java:43)
	at java.base/java.lang.reflect.Method.invoke(Method.java:566)
	at org.junit.runners.model.FrameworkMethod$1.runReflectiveCall(FrameworkMethod.java:59)
	at org.junit.internal.runners.model.ReflectiveCallable.run(ReflectiveCallable.java:12)
	at org.junit.runners.model.FrameworkMethod.invokeExplosively(FrameworkMethod.java:56)
	at org.junit.internal.runners.statements.InvokeMethod.evaluate(InvokeMethod.java:17)
	at org.junit.internal.runners.statements.RunBefores.evaluate(RunBefores.java:26)
	at org.junit.internal.runners.statements.RunAfters.evaluate(RunAfters.java:27)
	at org.junit.rules.TestWatcher$1.evaluate(TestWatcher.java:61)
	at org.junit.runners.ParentRunner$3.evaluate(ParentRunner.java:306)
	at org.junit.rules.TestWatcher$1.evaluate(TestWatcher.java:61)
	at org.junit.rules.RunRules.evaluate(RunRules.java:20)
	at org.junit.runners.ParentRunner.runLeaf(ParentRunner.java:366)
	at com.dotcms.junit.CustomDataProviderRunner.runChild(CustomDataProviderRunner.java:41)
	at com.dotcms.junit.CustomDataProviderRunner.runChild(CustomDataProviderRunner.java:26)
	at org.junit.runners.ParentRunner$4.run(ParentRunner.java:331)
	at org.junit.runners.ParentRunner$1.schedule(ParentRunner.java:79)
	at org.junit.runners.ParentRunner.runChildren(ParentRunner.java:329)
	at org.junit.runners.ParentRunner.access$100(ParentRunner.java:66)
	at org.junit.runners.ParentRunner$2.evaluate(ParentRunner.java:293)
	at org.junit.internal.runners.statements.RunBefores.evaluate(RunBefores.java:26)
	at org.junit.runners.ParentRunner$3.evaluate(ParentRunner.java:306)
	at org.junit.runners.ParentRunner.run(ParentRunner.java:413)
	at com.dotcms.junit.MainBaseSuite$DotRunner.run(MainBaseSuite.java:71)
	at org.junit.runners.Suite.runChild(Suite.java:128)
	at org.junit.runners.Suite.runChild(Suite.java:27)
	at org.junit.runners.ParentRunner$4.run(ParentRunner.java:331)
	at org.junit.runners.ParentRunner$1.schedule(ParentRunner.java:79)
	at org.junit.runners.ParentRunner.runChildren(ParentRunner.java:329)
	at org.junit.runners.ParentRunner.access$100(ParentRunner.java:66)
	at org.junit.runners.ParentRunner$2.evaluate(ParentRunner.java:293)
	at org.junit.runners.ParentRunner$3.evaluate(ParentRunner.java:306)
	at org.junit.runners.ParentRunner.run(ParentRunner.java:413)
	at org.gradle.api.internal.tasks.testing.junit.JUnitTestClassExecutor.runTestClass(JUnitTestClassExecutor.java:110)
	at org.gradle.api.internal.tasks.testing.junit.JUnitTestClassExecutor.execute(JUnitTestClassExecutor.java:58)
	at org.gradle.api.internal.tasks.testing.junit.JUnitTestClassExecutor.execute(JUnitTestClassExecutor.java:38)
	at org.gradle.api.internal.tasks.testing.junit.AbstractJUnitTestClassProcessor.processTestClass(AbstractJUnitTestClassProcessor.java:62)
	at org.gradle.api.internal.tasks.testing.SuiteTestClassProcessor.processTestClass(SuiteTestClassProcessor.java:51)
	at java.base/jdk.internal.reflect.NativeMethodAccessorImpl.invoke0(Native Method)
	at java.base/jdk.internal.reflect.NativeMethodAccessorImpl.invoke(NativeMethodAccessorImpl.java:62)
	at java.base/jdk.internal.reflect.DelegatingMethodAccessorImpl.invoke(DelegatingMethodAccessorImpl.java:43)
	at java.base/java.lang.reflect.Method.invoke(Method.java:566)
	at org.gradle.internal.dispatch.ReflectionDispatch.dispatch(ReflectionDispatch.java:36)
	at org.gradle.internal.dispatch.ReflectionDispatch.dispatch(ReflectionDispatch.java:24)
	at org.gradle.internal.dispatch.ContextClassLoaderDispatch.dispatch(ContextClassLoaderDispatch.java:33)
	at org.gradle.internal.dispatch.ProxyDispatchAdapter$DispatchingInvocationHandler.invoke(ProxyDispatchAdapter.java:94)
	at com.sun.proxy.$Proxy5.processTestClass(Unknown Source)
	at org.gradle.api.internal.tasks.testing.worker.TestWorker$2.run(TestWorker.java:176)
	at org.gradle.api.internal.tasks.testing.worker.TestWorker.executeAndMaintainThreadName(TestWorker.java:129)
	at org.gradle.api.internal.tasks.testing.worker.TestWorker.execute(TestWorker.java:100)
	at org.gradle.api.internal.tasks.testing.worker.TestWorker.execute(TestWorker.java:60)
	at org.gradle.process.internal.worker.child.ActionExecutionWorker.execute(ActionExecutionWorker.java:56)
	at org.gradle.process.internal.worker.child.SystemApplicationClassLoaderWorker.call(SystemApplicationClassLoaderWorker.java:133)
	at org.gradle.process.internal.worker.child.SystemApplicationClassLoaderWorker.call(SystemApplicationClassLoaderWorker.java:71)
	at worker.org.gradle.process.internal.worker.GradleWorkerMain.run(GradleWorkerMain.java:69)
	at worker.org.gradle.process.internal.worker.GradleWorkerMain.main(GradleWorkerMain.java:74)
</pre>
</span>
</div>
<div class="test">
<a name="test_calcBayesian_AOverB_ended"></a>
<h3 class="failures">test_calcBayesian_AOverB_ended</h3>
<span class="code">
<pre>java.lang.IllegalArgumentException: Experiment must be running
	at com.dotcms.util.DotPreconditions.isTrue(DotPreconditions.java:1209)
	at com.dotcms.experiments.business.result.ExperimentResultsQueryFactory.createRootQuery(ExperimentResultsQueryFactory.java:78)
	at com.dotcms.experiments.business.result.ExperimentResultsQueryFactory.create(ExperimentResultsQueryFactory.java:109)
	at com.dotcms.experiments.business.ExperimentsAPIImpl.getEvents(ExperimentsAPIImpl.java:988)
	at com.dotcms.experiments.business.ExperimentsAPIImpl.getResults(ExperimentsAPIImpl.java:942)
	at com.dotcms.experiments.business.ExperimentAPIImpIntegrationTest.test_calcBayesian_AOverB_ended(ExperimentAPIImpIntegrationTest.java:3245)
	at java.base/jdk.internal.reflect.NativeMethodAccessorImpl.invoke0(Native Method)
	at java.base/jdk.internal.reflect.NativeMethodAccessorImpl.invoke(NativeMethodAccessorImpl.java:62)
	at java.base/jdk.internal.reflect.DelegatingMethodAccessorImpl.invoke(DelegatingMethodAccessorImpl.java:43)
	at java.base/java.lang.reflect.Method.invoke(Method.java:566)
	at org.junit.runners.model.FrameworkMethod$1.runReflectiveCall(FrameworkMethod.java:59)
	at org.junit.internal.runners.model.ReflectiveCallable.run(ReflectiveCallable.java:12)
	at org.junit.runners.model.FrameworkMethod.invokeExplosively(FrameworkMethod.java:56)
	at org.junit.internal.runners.statements.InvokeMethod.evaluate(InvokeMethod.java:17)
	at org.junit.internal.runners.statements.RunBefores.evaluate(RunBefores.java:26)
	at org.junit.internal.runners.statements.RunAfters.evaluate(RunAfters.java:27)
	at org.junit.rules.TestWatcher$1.evaluate(TestWatcher.java:61)
	at org.junit.runners.ParentRunner$3.evaluate(ParentRunner.java:306)
	at org.junit.rules.TestWatcher$1.evaluate(TestWatcher.java:61)
	at org.junit.rules.RunRules.evaluate(RunRules.java:20)
	at org.junit.runners.ParentRunner.runLeaf(ParentRunner.java:366)
	at com.dotcms.junit.CustomDataProviderRunner.runChild(CustomDataProviderRunner.java:41)
	at com.dotcms.junit.CustomDataProviderRunner.runChild(CustomDataProviderRunner.java:26)
	at org.junit.runners.ParentRunner$4.run(ParentRunner.java:331)
	at org.junit.runners.ParentRunner$1.schedule(ParentRunner.java:79)
	at org.junit.runners.ParentRunner.runChildren(ParentRunner.java:329)
	at org.junit.runners.ParentRunner.access$100(ParentRunner.java:66)
	at org.junit.runners.ParentRunner$2.evaluate(ParentRunner.java:293)
	at org.junit.internal.runners.statements.RunBefores.evaluate(RunBefores.java:26)
	at org.junit.runners.ParentRunner$3.evaluate(ParentRunner.java:306)
	at org.junit.runners.ParentRunner.run(ParentRunner.java:413)
	at com.dotcms.junit.MainBaseSuite$DotRunner.run(MainBaseSuite.java:71)
	at org.junit.runners.Suite.runChild(Suite.java:128)
	at org.junit.runners.Suite.runChild(Suite.java:27)
	at org.junit.runners.ParentRunner$4.run(ParentRunner.java:331)
	at org.junit.runners.ParentRunner$1.schedule(ParentRunner.java:79)
	at org.junit.runners.ParentRunner.runChildren(ParentRunner.java:329)
	at org.junit.runners.ParentRunner.access$100(ParentRunner.java:66)
	at org.junit.runners.ParentRunner$2.evaluate(ParentRunner.java:293)
	at org.junit.runners.ParentRunner$3.evaluate(ParentRunner.java:306)
	at org.junit.runners.ParentRunner.run(ParentRunner.java:413)
	at org.gradle.api.internal.tasks.testing.junit.JUnitTestClassExecutor.runTestClass(JUnitTestClassExecutor.java:110)
	at org.gradle.api.internal.tasks.testing.junit.JUnitTestClassExecutor.execute(JUnitTestClassExecutor.java:58)
	at org.gradle.api.internal.tasks.testing.junit.JUnitTestClassExecutor.execute(JUnitTestClassExecutor.java:38)
	at org.gradle.api.internal.tasks.testing.junit.AbstractJUnitTestClassProcessor.processTestClass(AbstractJUnitTestClassProcessor.java:62)
	at org.gradle.api.internal.tasks.testing.SuiteTestClassProcessor.processTestClass(SuiteTestClassProcessor.java:51)
	at java.base/jdk.internal.reflect.NativeMethodAccessorImpl.invoke0(Native Method)
	at java.base/jdk.internal.reflect.NativeMethodAccessorImpl.invoke(NativeMethodAccessorImpl.java:62)
	at java.base/jdk.internal.reflect.DelegatingMethodAccessorImpl.invoke(DelegatingMethodAccessorImpl.java:43)
	at java.base/java.lang.reflect.Method.invoke(Method.java:566)
	at org.gradle.internal.dispatch.ReflectionDispatch.dispatch(ReflectionDispatch.java:36)
	at org.gradle.internal.dispatch.ReflectionDispatch.dispatch(ReflectionDispatch.java:24)
	at org.gradle.internal.dispatch.ContextClassLoaderDispatch.dispatch(ContextClassLoaderDispatch.java:33)
	at org.gradle.internal.dispatch.ProxyDispatchAdapter$DispatchingInvocationHandler.invoke(ProxyDispatchAdapter.java:94)
	at com.sun.proxy.$Proxy5.processTestClass(Unknown Source)
	at org.gradle.api.internal.tasks.testing.worker.TestWorker$2.run(TestWorker.java:176)
	at org.gradle.api.internal.tasks.testing.worker.TestWorker.executeAndMaintainThreadName(TestWorker.java:129)
	at org.gradle.api.internal.tasks.testing.worker.TestWorker.execute(TestWorker.java:100)
	at org.gradle.api.internal.tasks.testing.worker.TestWorker.execute(TestWorker.java:60)
	at org.gradle.process.internal.worker.child.ActionExecutionWorker.execute(ActionExecutionWorker.java:56)
	at org.gradle.process.internal.worker.child.SystemApplicationClassLoaderWorker.call(SystemApplicationClassLoaderWorker.java:133)
	at org.gradle.process.internal.worker.child.SystemApplicationClassLoaderWorker.call(SystemApplicationClassLoaderWorker.java:71)
	at worker.org.gradle.process.internal.worker.GradleWorkerMain.run(GradleWorkerMain.java:69)
	at worker.org.gradle.process.internal.worker.GradleWorkerMain.main(GradleWorkerMain.java:74)
</pre>
</span>
</div>
<div class="test">
<a name="test_calcBayesian_BOverA"></a>
<h3 class="failures">test_calcBayesian_BOverA</h3>
<span class="code">
<pre>junit.framework.AssertionFailedError: expected:&lt;120&gt; but was:&lt;0&gt;
	at junit.framework.Assert.fail(Assert.java:57)
	at junit.framework.Assert.failNotEquals(Assert.java:329)
	at junit.framework.Assert.assertEquals(Assert.java:78)
	at junit.framework.Assert.assertEquals(Assert.java:159)
	at junit.framework.Assert.assertEquals(Assert.java:166)
	at junit.framework.TestCase.assertEquals(TestCase.java:309)
	at com.dotcms.experiments.business.ExperimentAPIImpIntegrationTest.test_calcBayesian_BOverA(ExperimentAPIImpIntegrationTest.java:3015)
	at java.base/jdk.internal.reflect.NativeMethodAccessorImpl.invoke0(Native Method)
	at java.base/jdk.internal.reflect.NativeMethodAccessorImpl.invoke(NativeMethodAccessorImpl.java:62)
	at java.base/jdk.internal.reflect.DelegatingMethodAccessorImpl.invoke(DelegatingMethodAccessorImpl.java:43)
	at java.base/java.lang.reflect.Method.invoke(Method.java:566)
	at org.junit.runners.model.FrameworkMethod$1.runReflectiveCall(FrameworkMethod.java:59)
	at org.junit.internal.runners.model.ReflectiveCallable.run(ReflectiveCallable.java:12)
	at org.junit.runners.model.FrameworkMethod.invokeExplosively(FrameworkMethod.java:56)
	at org.junit.internal.runners.statements.InvokeMethod.evaluate(InvokeMethod.java:17)
	at org.junit.internal.runners.statements.RunBefores.evaluate(RunBefores.java:26)
	at org.junit.internal.runners.statements.RunAfters.evaluate(RunAfters.java:27)
	at org.junit.rules.TestWatcher$1.evaluate(TestWatcher.java:61)
	at org.junit.runners.ParentRunner$3.evaluate(ParentRunner.java:306)
	at org.junit.rules.TestWatcher$1.evaluate(TestWatcher.java:61)
	at org.junit.rules.RunRules.evaluate(RunRules.java:20)
	at org.junit.runners.ParentRunner.runLeaf(ParentRunner.java:366)
	at com.dotcms.junit.CustomDataProviderRunner.runChild(CustomDataProviderRunner.java:41)
	at com.dotcms.junit.CustomDataProviderRunner.runChild(CustomDataProviderRunner.java:26)
	at org.junit.runners.ParentRunner$4.run(ParentRunner.java:331)
	at org.junit.runners.ParentRunner$1.schedule(ParentRunner.java:79)
	at org.junit.runners.ParentRunner.runChildren(ParentRunner.java:329)
	at org.junit.runners.ParentRunner.access$100(ParentRunner.java:66)
	at org.junit.runners.ParentRunner$2.evaluate(ParentRunner.java:293)
	at org.junit.internal.runners.statements.RunBefores.evaluate(RunBefores.java:26)
	at org.junit.runners.ParentRunner$3.evaluate(ParentRunner.java:306)
	at org.junit.runners.ParentRunner.run(ParentRunner.java:413)
	at com.dotcms.junit.MainBaseSuite$DotRunner.run(MainBaseSuite.java:71)
	at org.junit.runners.Suite.runChild(Suite.java:128)
	at org.junit.runners.Suite.runChild(Suite.java:27)
	at org.junit.runners.ParentRunner$4.run(ParentRunner.java:331)
	at org.junit.runners.ParentRunner$1.schedule(ParentRunner.java:79)
	at org.junit.runners.ParentRunner.runChildren(ParentRunner.java:329)
	at org.junit.runners.ParentRunner.access$100(ParentRunner.java:66)
	at org.junit.runners.ParentRunner$2.evaluate(ParentRunner.java:293)
	at org.junit.runners.ParentRunner$3.evaluate(ParentRunner.java:306)
	at org.junit.runners.ParentRunner.run(ParentRunner.java:413)
	at org.gradle.api.internal.tasks.testing.junit.JUnitTestClassExecutor.runTestClass(JUnitTestClassExecutor.java:110)
	at org.gradle.api.internal.tasks.testing.junit.JUnitTestClassExecutor.execute(JUnitTestClassExecutor.java:58)
	at org.gradle.api.internal.tasks.testing.junit.JUnitTestClassExecutor.execute(JUnitTestClassExecutor.java:38)
	at org.gradle.api.internal.tasks.testing.junit.AbstractJUnitTestClassProcessor.processTestClass(AbstractJUnitTestClassProcessor.java:62)
	at org.gradle.api.internal.tasks.testing.SuiteTestClassProcessor.processTestClass(SuiteTestClassProcessor.java:51)
	at java.base/jdk.internal.reflect.NativeMethodAccessorImpl.invoke0(Native Method)
	at java.base/jdk.internal.reflect.NativeMethodAccessorImpl.invoke(NativeMethodAccessorImpl.java:62)
	at java.base/jdk.internal.reflect.DelegatingMethodAccessorImpl.invoke(DelegatingMethodAccessorImpl.java:43)
	at java.base/java.lang.reflect.Method.invoke(Method.java:566)
	at org.gradle.internal.dispatch.ReflectionDispatch.dispatch(ReflectionDispatch.java:36)
	at org.gradle.internal.dispatch.ReflectionDispatch.dispatch(ReflectionDispatch.java:24)
	at org.gradle.internal.dispatch.ContextClassLoaderDispatch.dispatch(ContextClassLoaderDispatch.java:33)
	at org.gradle.internal.dispatch.ProxyDispatchAdapter$DispatchingInvocationHandler.invoke(ProxyDispatchAdapter.java:94)
	at com.sun.proxy.$Proxy5.processTestClass(Unknown Source)
	at org.gradle.api.internal.tasks.testing.worker.TestWorker$2.run(TestWorker.java:176)
	at org.gradle.api.internal.tasks.testing.worker.TestWorker.executeAndMaintainThreadName(TestWorker.java:129)
	at org.gradle.api.internal.tasks.testing.worker.TestWorker.execute(TestWorker.java:100)
	at org.gradle.api.internal.tasks.testing.worker.TestWorker.execute(TestWorker.java:60)
	at org.gradle.process.internal.worker.child.ActionExecutionWorker.execute(ActionExecutionWorker.java:56)
	at org.gradle.process.internal.worker.child.SystemApplicationClassLoaderWorker.call(SystemApplicationClassLoaderWorker.java:133)
	at org.gradle.process.internal.worker.child.SystemApplicationClassLoaderWorker.call(SystemApplicationClassLoaderWorker.java:71)
	at worker.org.gradle.process.internal.worker.GradleWorkerMain.run(GradleWorkerMain.java:69)
	at worker.org.gradle.process.internal.worker.GradleWorkerMain.main(GradleWorkerMain.java:74)
</pre>
</span>
</div>
</div>
<div id="tab1" class="tab">
<h2>Tests</h2>
<table>
<thead>
<tr>
<th>Test</th>
<th>Duration</th>
<th>Result</th>
</tr>
</thead>
<tr>
<td class="success">addUrlConditionToBounceRateCondition</td>
<td class="success">1.884s</td>
<td class="success">passed</td>
</tr>
<tr>
<td class="success">addUrlConditionToReachPageGoal</td>
<td class="success">1.766s</td>
<td class="success">passed</td>
</tr>
<tr>
<td class="success">bounceRate</td>
<td class="success">0.904s</td>
<td class="success">passed</td>
</tr>
<tr>
<td class="success">bounceRateWithIndex[0: /index]</td>
<td class="success">1.829s</td>
<td class="success">passed</td>
</tr>
<tr>
<td class="success">bounceRateWithIndex[1: /INDEX]</td>
<td class="success">2.167s</td>
<td class="success">passed</td>
</tr>
<tr>
<td class="success">bounceRateWithIndex[2: /IndEX]</td>
<td class="success">0.914s</td>
<td class="success">passed</td>
</tr>
<tr>
<td class="success">bounceRateWithIndex[3: &lt;empty string&gt;]</td>
<td class="success">1.042s</td>
<td class="success">passed</td>
</tr>
<tr>
<td class="success">bounceRateWithIndex[4: /]</td>
<td class="success">1.036s</td>
<td class="success">passed</td>
</tr>
<tr>
<td class="success">bounceRateWithIndex[5: /?variantName=dotexperiment-fcaef4575a-variant-1&amp;redirect=true]</td>
<td class="success">1.865s</td>
<td class="success">passed</td>
</tr>
<tr>
<td class="success">createRunningIdWhenExperimentIsTurnToRunning</td>
<td class="success">1.265s</td>
<td class="success">passed</td>
</tr>
<tr>
<td class="success">createRunningIdWithStartScheduled</td>
<td class="success">2.052s</td>
<td class="success">passed</td>
</tr>
<tr>
<td class="failures">getEvents</td>
<td class="failures">2.455s</td>
<td class="failures">failed</td>
</tr>
<tr>
<td class="success">getRunningExperiment</td>
<td class="success">5.701s</td>
<td class="success">passed</td>
</tr>
<tr>
<td class="failures">getSplitTrafficInsideExperimentResults</td>
<td class="failures">2.356s</td>
<td class="failures">failed</td>
</tr>
<tr>
<td class="failures">multiDaysEvent</td>
<td class="failures">2.501s</td>
<td class="failures">failed</td>
</tr>
<tr>
<td class="success">noBounceRateWithIndex[0: /index]</td>
<td class="success">1.112s</td>
<td class="success">passed</td>
</tr>
<tr>
<td class="success">noBounceRateWithIndex[1: /INDEX]</td>
<td class="success">1.680s</td>
<td class="success">passed</td>
</tr>
<tr>
<td class="success">noBounceRateWithIndex[2: /IndEX]</td>
<td class="success">1.264s</td>
<td class="success">passed</td>
</tr>
<tr>
<td class="success">noBounceRateWithIndex[3: &lt;empty string&gt;]</td>
<td class="success">0.792s</td>
<td class="success">passed</td>
</tr>
<tr>
<td class="success">noBounceRateWithIndex[4: /]</td>
<td class="success">1.312s</td>
<td class="success">passed</td>
</tr>
<tr>
<td class="success">noBounceRateWithIndex[5: /?variantName=dotexperiment-fcaef4575a-variant-1&amp;redirect=true]</td>
<td class="success">2.800s</td>
<td class="success">passed</td>
</tr>
<tr>
<td class="success">notBounceRate</td>
<td class="success">2.587s</td>
<td class="success">passed</td>
</tr>
<tr>
<td class="success">notBounceRateSession</td>
<td class="success">1.145s</td>
<td class="success">passed</td>
</tr>
<tr>
<td class="failures">pageNotReachButExperimentPageWasView</td>
<td class="failures">2.543s</td>
<td class="failures">failed</td>
</tr>
<tr>
<td class="failures">pageReachAfterExperimentPageButNotDirectReferer</td>
<td class="failures">3.012s</td>
<td class="failures">failed</td>
</tr>
<tr>
<td class="failures">pageReachButExperimentPageWasNotView</td>
<td class="failures">2.407s</td>
<td class="failures">failed</td>
</tr>
<tr>
<td class="failures">pageReachDirectReferer</td>
<td class="failures">1.125s</td>
<td class="failures">failed</td>
</tr>
<tr>
<td class="failures">pageReachDirectRefererMultiDays</td>
<td class="failures">2.125s</td>
<td class="failures">failed</td>
</tr>
<tr>
<td class="failures">pageReachNotDirectReferer</td>
<td class="failures">1.860s</td>
<td class="failures">failed</td>
</tr>
<tr>
<td class="success">renderUrlMapPageWithExperiment</td>
<td class="success">3.125s</td>
<td class="success">passed</td>
</tr>
<tr>
<td class="success">restartExperimentMustGenerateTwoRunningIds</td>
<td class="success">1.819s</td>
<td class="success">passed</td>
</tr>
<tr>
<td class="success">restartExperimentUsingTheStartScheduled</td>
<td class="success">1.353s</td>
<td class="success">passed</td>
</tr>
<tr>
<td class="failures">resultWithPagination</td>
<td class="failures">1.871s</td>
<td class="failures">failed</td>
</tr>
<tr>
<td class="failures">resultWithPaginationWhenTheLastPageIsNotComplte</td>
<td class="failures">1.685s</td>
<td class="failures">failed</td>
</tr>
<tr>
<td class="failures">resultWithUrlMap</td>
<td class="failures">1.773s</td>
<td class="failures">failed</td>
</tr>
<tr>
<td class="success">testADeleteOriginalVariant_shouldFail</td>
<td class="success">1.564s</td>
<td class="success">passed</td>
</tr>
<tr>
<td class="success">testAddMoreThanOneOriginalVariant_shouldFail</td>
<td class="success">2.082s</td>
<td class="success">passed</td>
</tr>
<tr>
<td class="success">testSaveExperiment_shouldNotValidateSchedule</td>
<td class="success">1.367s</td>
<td class="success">passed</td>
</tr>
<tr>
<td class="success">testStartExperiment_shouldPublishContent</td>
<td class="success">2.970s</td>
<td class="success">passed</td>
</tr>
<tr>
<td class="failures">test_calcBayesian_ABC</td>
<td class="failures">2.762s</td>
<td class="failures">failed</td>
</tr>
<tr>
<td class="failures">test_calcBayesian_AOverB</td>
<td class="failures">1.496s</td>
<td class="failures">failed</td>
</tr>
<tr>
<td class="failures">test_calcBayesian_AOverB_ended</td>
<td class="failures">2.709s</td>
<td class="failures">failed</td>
</tr>
<tr>
<td class="failures">test_calcBayesian_BOverA</td>
<td class="failures">2.262s</td>
<td class="failures">failed</td>
</tr>
<tr>
<td class="success">test_calcBayesian_BOverA_BounceRate</td>
<td class="success">1.117s</td>
<td class="success">passed</td>
</tr>
<tr>
<td class="success">test_getResults_missingAnalyticsApp</td>
<td class="success">1.513s</td>
<td class="success">passed</td>
</tr>
<tr>
<td class="success">tryToGetResultFromExperimentNotSaved</td>
<td class="success">1.530s</td>
<td class="success">passed</td>
</tr>
<tr>
<td class="success">tryToGetResultFromExperimentNotStarted</td>
<td class="success">1.490s</td>
<td class="success">passed</td>
</tr>
</table>
</div>
</div>
<div id="footer">
<p>
<div>
<label class="hidden" id="label-for-line-wrapping-toggle" for="line-wrapping-toggle">Wrap lines
<input id="line-wrapping-toggle" type="checkbox" autocomplete="off"/>
</label>
</div>Generated by 
<a href="http://www.gradle.org">Gradle 7.3.3</a> at Jul 5, 2023, 5:47:18 PM</p>
</div>
</div>
</body>
</html>
