<!DOCTYPE html>
<html>
<head>
<meta http-equiv="Content-Type" content="text/html; charset=utf-8"/>
<meta http-equiv="x-ua-compatible" content="IE=edge"/>
<title>Test results - Class com.dotcms.rendering.velocity.viewtools.content.util.ContentUtilsTest</title>
<link href="../css/base-style.css" rel="stylesheet" type="text/css"/>
<link href="../css/style.css" rel="stylesheet" type="text/css"/>
<script src="../js/report.js" type="text/javascript"></script>
</head>
<body>
<div id="content">
<h1>Class com.dotcms.rendering.velocity.viewtools.content.util.ContentUtilsTest</h1>
<div class="breadcrumbs">
<a href="../index.html">all</a> &gt; 
<a href="../packages/com.dotcms.rendering.velocity.viewtools.content.util.html">com.dotcms.rendering.velocity.viewtools.content.util</a> &gt; ContentUtilsTest</div>
<div id="summary">
<table>
<tr>
<td>
<div class="summaryGroup">
<table>
<tr>
<td>
<div class="infoBox" id="tests">
<div class="counter">90</div>
<p>tests</p>
</div>
</td>
<td>
<div class="infoBox" id="failures">
<div class="counter">1</div>
<p>failures</p>
</div>
</td>
<td>
<div class="infoBox" id="ignored">
<div class="counter">0</div>
<p>ignored</p>
</div>
</td>
<td>
<div class="infoBox" id="duration">
<div class="counter">6m43.88s</div>
<p>duration</p>
</div>
</td>
</tr>
</table>
</div>
</td>
<td>
<div class="infoBox failures" id="successRate">
<div class="percent">98%</div>
<p>successful</p>
</div>
</td>
</tr>
</table>
</div>
<div id="tabs">
<ul class="tabLinks">
<li>
<a href="#tab0">Failed tests</a>
</li>
<li>
<a href="#tab1">Tests</a>
</li>
</ul>
<div id="tab0" class="tab">
<h2>Failed tests</h2>
<div class="test">
<a name="testPullRelated[1: com.dotcms.rendering.velocity.viewtools.content.util.ContentUtilsTest$TestCase@4958b85d]"></a>
<h3 class="failures">testPullRelated[1: com.dotcms.rendering.velocity.viewtools.content.util.ContentUtilsTest$TestCase@4958b85d]</h3>
<span class="code">
<pre>com.dotmarketing.exception.DotDataException: Based on configured schedule, the given trigger will never fire.
	at app//com.dotcms.business.bytebuddy.WrapInTransactionAdvice.throwException(WrapInTransactionAdvice.java:108)
	at app//com.dotcms.business.bytebuddy.WrapInTransactionAdvice.exit(WrapInTransactionAdvice.java:66)
	at app//com.dotcms.contenttype.business.ContentTypeAPIImpl.triggerAsyncDelete(ContentTypeAPIImpl.java:273)
	at app//com.dotcms.contenttype.business.ContentTypeAPIImpl.delete(ContentTypeAPIImpl.java:141)
	at app//com.dotcms.rendering.velocity.viewtools.content.util.ContentUtilsTest.testPullRelated(ContentUtilsTest.java:395)
	at java.base@11.0.19/jdk.internal.reflect.NativeMethodAccessorImpl.invoke0(Native Method)
	at java.base@11.0.19/jdk.internal.reflect.NativeMethodAccessorImpl.invoke(NativeMethodAccessorImpl.java:62)
	at java.base@11.0.19/jdk.internal.reflect.DelegatingMethodAccessorImpl.invoke(DelegatingMethodAccessorImpl.java:43)
	at java.base@11.0.19/java.lang.reflect.Method.invoke(Method.java:566)
	at app//org.junit.runners.model.FrameworkMethod$1.runReflectiveCall(FrameworkMethod.java:59)
	at app//org.junit.internal.runners.model.ReflectiveCallable.run(ReflectiveCallable.java:12)
	at app//org.junit.runners.model.FrameworkMethod.invokeExplosively(FrameworkMethod.java:56)
	at app//com.tngtech.java.junit.dataprovider.DataProviderFrameworkMethod.invokeExplosively(DataProviderFrameworkMethod.java:119)
	at app//org.junit.internal.runners.statements.InvokeMethod.evaluate(InvokeMethod.java:17)
	at app//org.junit.runners.ParentRunner$3.evaluate(ParentRunner.java:306)
	at app//org.junit.rules.TestWatcher$1.evaluate(TestWatcher.java:61)
	at app//org.junit.rules.RunRules.evaluate(RunRules.java:20)
	at app//org.junit.runners.ParentRunner.runLeaf(ParentRunner.java:366)
	at app//com.dotcms.junit.CustomDataProviderRunner.runChild(CustomDataProviderRunner.java:41)
	at app//com.dotcms.junit.CustomDataProviderRunner.runChild(CustomDataProviderRunner.java:26)
	at app//org.junit.runners.ParentRunner$4.run(ParentRunner.java:331)
	at app//org.junit.runners.ParentRunner$1.schedule(ParentRunner.java:79)
	at app//org.junit.runners.ParentRunner.runChildren(ParentRunner.java:329)
	at app//org.junit.runners.ParentRunner.access$100(ParentRunner.java:66)
	at app//org.junit.runners.ParentRunner$2.evaluate(ParentRunner.java:293)
	at app//org.junit.internal.runners.statements.RunBefores.evaluate(RunBefores.java:26)
	at app//org.junit.runners.ParentRunner$3.evaluate(ParentRunner.java:306)
	at app//org.junit.runners.ParentRunner.run(ParentRunner.java:413)
	at app//com.dotcms.junit.MainBaseSuite$DotRunner.run(MainBaseSuite.java:71)
	at app//org.junit.runners.Suite.runChild(Suite.java:128)
	at app//org.junit.runners.Suite.runChild(Suite.java:27)
	at app//org.junit.runners.ParentRunner$4.run(ParentRunner.java:331)
	at app//org.junit.runners.ParentRunner$1.schedule(ParentRunner.java:79)
	at app//org.junit.runners.ParentRunner.runChildren(ParentRunner.java:329)
	at app//org.junit.runners.ParentRunner.access$100(ParentRunner.java:66)
	at app//org.junit.runners.ParentRunner$2.evaluate(ParentRunner.java:293)
	at app//org.junit.runners.ParentRunner$3.evaluate(ParentRunner.java:306)
	at app//org.junit.runners.ParentRunner.run(ParentRunner.java:413)
	at org.gradle.api.internal.tasks.testing.junit.JUnitTestClassExecutor.runTestClass(JUnitTestClassExecutor.java:110)
	at org.gradle.api.internal.tasks.testing.junit.JUnitTestClassExecutor.execute(JUnitTestClassExecutor.java:58)
	at org.gradle.api.internal.tasks.testing.junit.JUnitTestClassExecutor.execute(JUnitTestClassExecutor.java:38)
	at org.gradle.api.internal.tasks.testing.junit.AbstractJUnitTestClassProcessor.processTestClass(AbstractJUnitTestClassProcessor.java:62)
	at org.gradle.api.internal.tasks.testing.SuiteTestClassProcessor.processTestClass(SuiteTestClassProcessor.java:51)
	at java.base@11.0.19/jdk.internal.reflect.NativeMethodAccessorImpl.invoke0(Native Method)
	at java.base@11.0.19/jdk.internal.reflect.NativeMethodAccessorImpl.invoke(NativeMethodAccessorImpl.java:62)
	at java.base@11.0.19/jdk.internal.reflect.DelegatingMethodAccessorImpl.invoke(DelegatingMethodAccessorImpl.java:43)
	at java.base@11.0.19/java.lang.reflect.Method.invoke(Method.java:566)
	at org.gradle.internal.dispatch.ReflectionDispatch.dispatch(ReflectionDispatch.java:36)
	at org.gradle.internal.dispatch.ReflectionDispatch.dispatch(ReflectionDispatch.java:24)
	at org.gradle.internal.dispatch.ContextClassLoaderDispatch.dispatch(ContextClassLoaderDispatch.java:33)
	at org.gradle.internal.dispatch.ProxyDispatchAdapter$DispatchingInvocationHandler.invoke(ProxyDispatchAdapter.java:94)
	at com.sun.proxy.$Proxy5.processTestClass(Unknown Source)
	at org.gradle.api.internal.tasks.testing.worker.TestWorker$2.run(TestWorker.java:176)
	at org.gradle.api.internal.tasks.testing.worker.TestWorker.executeAndMaintainThreadName(TestWorker.java:129)
	at org.gradle.api.internal.tasks.testing.worker.TestWorker.execute(TestWorker.java:100)
	at org.gradle.api.internal.tasks.testing.worker.TestWorker.execute(TestWorker.java:60)
	at org.gradle.process.internal.worker.child.ActionExecutionWorker.execute(ActionExecutionWorker.java:56)
	at org.gradle.process.internal.worker.child.SystemApplicationClassLoaderWorker.call(SystemApplicationClassLoaderWorker.java:133)
	at org.gradle.process.internal.worker.child.SystemApplicationClassLoaderWorker.call(SystemApplicationClassLoaderWorker.java:71)
	at app//worker.org.gradle.process.internal.worker.GradleWorkerMain.run(GradleWorkerMain.java:69)
	at app//worker.org.gradle.process.internal.worker.GradleWorkerMain.main(GradleWorkerMain.java:74)
Caused by: org.quartz.SchedulerException: Based on configured schedule, the given trigger will never fire.
	at app//org.quartz.core.QuartzScheduler.rescheduleJob(QuartzScheduler.java:1011)
	at app//org.quartz.impl.StdScheduler.rescheduleJob(StdScheduler.java:302)
	at app//com.dotmarketing.quartz.QuartzUtils.scheduleTask(QuartzUtils.java:490)
	at app//com.dotmarketing.quartz.DotStatefulJob.enqueueTrigger(DotStatefulJob.java:171)
	at app//com.dotmarketing.quartz.job.CleanUpFieldReferencesJob.lambda$triggerCleanUpJob$0(CleanUpFieldReferencesJob.java:114)
	at app//com.rainerhahnekamp.sneakythrow.Sneaky.lambda$sneaked$7(Sneaky.java:207)
	at app//com.dotmarketing.db.DotRunnableThread.internalRunner(DotRunnableThread.java:99)
	at app//com.dotmarketing.db.LocalTransaction.wrap(LocalTransaction.java:165)
	at app//com.dotmarketing.db.DotRunnableThread.run(DotRunnableThread.java:53)
	at app//com.dotmarketing.db.HibernateUtil.finalizeCommitListeners(HibernateUtil.java:1165)
	at app//com.dotmarketing.db.HibernateUtil.commitTransaction(HibernateUtil.java:1257)
	at app//com.dotmarketing.db.LocalTransaction.wrap(LocalTransaction.java:169)
	at app//com.dotmarketing.db.DotRunnableThread.run(DotRunnableThread.java:53)
	at app//com.dotmarketing.db.HibernateUtil.finalizeCommitListeners(HibernateUtil.java:1165)
	at app//com.dotmarketing.db.HibernateUtil.commitTransaction(HibernateUtil.java:1257)
	at app//com.dotmarketing.db.LocalTransaction.wrap(LocalTransaction.java:169)
	at app//com.dotmarketing.db.DotRunnableThread.run(DotRunnableThread.java:53)
	at app//com.dotmarketing.db.HibernateUtil.finalizeCommitListeners(HibernateUtil.java:1165)
	at app//com.dotmarketing.db.HibernateUtil.commitTransaction(HibernateUtil.java:1257)
	at app//com.dotcms.business.bytebuddy.WrapInTransactionAdvice.exit(WrapInTransactionAdvice.java:63)
	... 59 more
</pre>
</span>
</div>
</div>
<div id="tab1" class="tab">
<h2>Tests</h2>
<table>
<thead>
<tr>
<th>Test</th>
<th>Duration</th>
<th>Result</th>
</tr>
</thead>
<tr>
<td class="success">testPullLiveRelatedWhenLatestVersionIsWorking</td>
<td class="success">4.071s</td>
<td class="success">passed</td>
</tr>
<tr>
<td class="success">testPullRelatedFieldShouldRespectDefaultOrder</td>
<td class="success">1.520s</td>
<td class="success">passed</td>
</tr>
<tr>
<td class="success">testPullRelatedField_withOffsetGreaterThanLimit</td>
<td class="success">2.261s</td>
<td class="success">passed</td>
</tr>
<tr>
<td class="success">testPullRelatedForLegacyRelationship[0: com.dotcms.rendering.velocity.viewtools.content.util.ContentUtilsTest$LegacyTestCase@180cf012]</td>
<td class="success">4.299s</td>
<td class="success">passed</td>
</tr>
<tr>
<td class="success">testPullRelatedForLegacyRelationship[1: com.dotcms.rendering.velocity.viewtools.content.util.ContentUtilsTest$LegacyTestCase@71f66019]</td>
<td class="success">3.133s</td>
<td class="success">passed</td>
</tr>
<tr>
<td class="success">testPullRelated[0: com.dotcms.rendering.velocity.viewtools.content.util.ContentUtilsTest$TestCase@8f66b1d]</td>
<td class="success">4.556s</td>
<td class="success">passed</td>
</tr>
<tr>
<td class="success">testPullRelated[10: com.dotcms.rendering.velocity.viewtools.content.util.ContentUtilsTest$TestCase@68407493]</td>
<td class="success">3.192s</td>
<td class="success">passed</td>
</tr>
<tr>
<td class="success">testPullRelated[11: com.dotcms.rendering.velocity.viewtools.content.util.ContentUtilsTest$TestCase@75a8214d]</td>
<td class="success">4.251s</td>
<td class="success">passed</td>
</tr>
<tr>
<td class="success">testPullRelated[12: com.dotcms.rendering.velocity.viewtools.content.util.ContentUtilsTest$TestCase@51fed318]</td>
<td class="success">3.797s</td>
<td class="success">passed</td>
</tr>
<tr>
<td class="success">testPullRelated[13: com.dotcms.rendering.velocity.viewtools.content.util.ContentUtilsTest$TestCase@1b12cb3f]</td>
<td class="success">3.227s</td>
<td class="success">passed</td>
</tr>
<tr>
<td class="success">testPullRelated[14: com.dotcms.rendering.velocity.viewtools.content.util.ContentUtilsTest$TestCase@701dd022]</td>
<td class="success">4.081s</td>
<td class="success">passed</td>
</tr>
<tr>
<td class="success">testPullRelated[15: com.dotcms.rendering.velocity.viewtools.content.util.ContentUtilsTest$TestCase@440b3525]</td>
<td class="success">4.117s</td>
<td class="success">passed</td>
</tr>
<tr>
<td class="success">testPullRelated[16: com.dotcms.rendering.velocity.viewtools.content.util.ContentUtilsTest$TestCase@634a58af]</td>
<td class="success">2.967s</td>
<td class="success">passed</td>
</tr>
<tr>
<td class="success">testPullRelated[17: com.dotcms.rendering.velocity.viewtools.content.util.ContentUtilsTest$TestCase@6e0c3cca]</td>
<td class="success">3.089s</td>
<td class="success">passed</td>
</tr>
<tr>
<td class="success">testPullRelated[18: com.dotcms.rendering.velocity.viewtools.content.util.ContentUtilsTest$TestCase@700e7de9]</td>
<td class="success">3.065s</td>
<td class="success">passed</td>
</tr>
<tr>
<td class="success">testPullRelated[19: com.dotcms.rendering.velocity.viewtools.content.util.ContentUtilsTest$TestCase@6d31ccd0]</td>
<td class="success">3.026s</td>
<td class="success">passed</td>
</tr>
<tr>
<td class="failures">testPullRelated[1: com.dotcms.rendering.velocity.viewtools.content.util.ContentUtilsTest$TestCase@4958b85d]</td>
<td class="failures">3.223s</td>
<td class="failures">failed</td>
</tr>
<tr>
<td class="success">testPullRelated[20: com.dotcms.rendering.velocity.viewtools.content.util.ContentUtilsTest$TestCase@5c0f7ef9]</td>
<td class="success">4.214s</td>
<td class="success">passed</td>
</tr>
<tr>
<td class="success">testPullRelated[21: com.dotcms.rendering.velocity.viewtools.content.util.ContentUtilsTest$TestCase@536af3de]</td>
<td class="success">3.825s</td>
<td class="success">passed</td>
</tr>
<tr>
<td class="success">testPullRelated[22: com.dotcms.rendering.velocity.viewtools.content.util.ContentUtilsTest$TestCase@50883d6f]</td>
<td class="success">4.350s</td>
<td class="success">passed</td>
</tr>
<tr>
<td class="success">testPullRelated[23: com.dotcms.rendering.velocity.viewtools.content.util.ContentUtilsTest$TestCase@33bc3ce2]</td>
<td class="success">3.764s</td>
<td class="success">passed</td>
</tr>
<tr>
<td class="success">testPullRelated[24: com.dotcms.rendering.velocity.viewtools.content.util.ContentUtilsTest$TestCase@146364da]</td>
<td class="success">4.175s</td>
<td class="success">passed</td>
</tr>
<tr>
<td class="success">testPullRelated[25: com.dotcms.rendering.velocity.viewtools.content.util.ContentUtilsTest$TestCase@1013818b]</td>
<td class="success">3.877s</td>
<td class="success">passed</td>
</tr>
<tr>
<td class="success">testPullRelated[26: com.dotcms.rendering.velocity.viewtools.content.util.ContentUtilsTest$TestCase@1e1a5a3]</td>
<td class="success">4.407s</td>
<td class="success">passed</td>
</tr>
<tr>
<td class="success">testPullRelated[27: com.dotcms.rendering.velocity.viewtools.content.util.ContentUtilsTest$TestCase@53e8c251]</td>
<td class="success">3.715s</td>
<td class="success">passed</td>
</tr>
<tr>
<td class="success">testPullRelated[28: com.dotcms.rendering.velocity.viewtools.content.util.ContentUtilsTest$TestCase@5c222942]</td>
<td class="success">4.123s</td>
<td class="success">passed</td>
</tr>
<tr>
<td class="success">testPullRelated[29: com.dotcms.rendering.velocity.viewtools.content.util.ContentUtilsTest$TestCase@50b1e494]</td>
<td class="success">3.947s</td>
<td class="success">passed</td>
</tr>
<tr>
<td class="success">testPullRelated[2: com.dotcms.rendering.velocity.viewtools.content.util.ContentUtilsTest$TestCase@5028144f]</td>
<td class="success">3.983s</td>
<td class="success">passed</td>
</tr>
<tr>
<td class="success">testPullRelated[30: com.dotcms.rendering.velocity.viewtools.content.util.ContentUtilsTest$TestCase@5cf18f9c]</td>
<td class="success">3.343s</td>
<td class="success">passed</td>
</tr>
<tr>
<td class="success">testPullRelated[31: com.dotcms.rendering.velocity.viewtools.content.util.ContentUtilsTest$TestCase@499e3419]</td>
<td class="success">3.947s</td>
<td class="success">passed</td>
</tr>
<tr>
<td class="success">testPullRelated[32: com.dotcms.rendering.velocity.viewtools.content.util.ContentUtilsTest$TestCase@4bb7c51]</td>
<td class="success">4.007s</td>
<td class="success">passed</td>
</tr>
<tr>
<td class="success">testPullRelated[33: com.dotcms.rendering.velocity.viewtools.content.util.ContentUtilsTest$TestCase@5b71bd16]</td>
<td class="success">4.035s</td>
<td class="success">passed</td>
</tr>
<tr>
<td class="success">testPullRelated[34: com.dotcms.rendering.velocity.viewtools.content.util.ContentUtilsTest$TestCase@b2c448b]</td>
<td class="success">4.038s</td>
<td class="success">passed</td>
</tr>
<tr>
<td class="success">testPullRelated[35: com.dotcms.rendering.velocity.viewtools.content.util.ContentUtilsTest$TestCase@332a870b]</td>
<td class="success">4.136s</td>
<td class="success">passed</td>
</tr>
<tr>
<td class="success">testPullRelated[36: com.dotcms.rendering.velocity.viewtools.content.util.ContentUtilsTest$TestCase@6c2c2ccb]</td>
<td class="success">6.211s</td>
<td class="success">passed</td>
</tr>
<tr>
<td class="success">testPullRelated[37: com.dotcms.rendering.velocity.viewtools.content.util.ContentUtilsTest$TestCase@3ae3b555]</td>
<td class="success">5.830s</td>
<td class="success">passed</td>
</tr>
<tr>
<td class="success">testPullRelated[38: com.dotcms.rendering.velocity.viewtools.content.util.ContentUtilsTest$TestCase@5382a69e]</td>
<td class="success">6.594s</td>
<td class="success">passed</td>
</tr>
<tr>
<td class="success">testPullRelated[39: com.dotcms.rendering.velocity.viewtools.content.util.ContentUtilsTest$TestCase@34f7613a]</td>
<td class="success">4.811s</td>
<td class="success">passed</td>
</tr>
<tr>
<td class="success">testPullRelated[3: com.dotcms.rendering.velocity.viewtools.content.util.ContentUtilsTest$TestCase@1ae9a201]</td>
<td class="success">4.069s</td>
<td class="success">passed</td>
</tr>
<tr>
<td class="success">testPullRelated[40: com.dotcms.rendering.velocity.viewtools.content.util.ContentUtilsTest$TestCase@39b0591b]</td>
<td class="success">6.185s</td>
<td class="success">passed</td>
</tr>
<tr>
<td class="success">testPullRelated[41: com.dotcms.rendering.velocity.viewtools.content.util.ContentUtilsTest$TestCase@1ede0a65]</td>
<td class="success">6.142s</td>
<td class="success">passed</td>
</tr>
<tr>
<td class="success">testPullRelated[42: com.dotcms.rendering.velocity.viewtools.content.util.ContentUtilsTest$TestCase@582ee976]</td>
<td class="success">6.330s</td>
<td class="success">passed</td>
</tr>
<tr>
<td class="success">testPullRelated[43: com.dotcms.rendering.velocity.viewtools.content.util.ContentUtilsTest$TestCase@575fadf8]</td>
<td class="success">6.044s</td>
<td class="success">passed</td>
</tr>
<tr>
<td class="success">testPullRelated[44: com.dotcms.rendering.velocity.viewtools.content.util.ContentUtilsTest$TestCase@6c9c4e89]</td>
<td class="success">6.047s</td>
<td class="success">passed</td>
</tr>
<tr>
<td class="success">testPullRelated[45: com.dotcms.rendering.velocity.viewtools.content.util.ContentUtilsTest$TestCase@2ffec5d]</td>
<td class="success">4.752s</td>
<td class="success">passed</td>
</tr>
<tr>
<td class="success">testPullRelated[46: com.dotcms.rendering.velocity.viewtools.content.util.ContentUtilsTest$TestCase@2db5c02d]</td>
<td class="success">6.339s</td>
<td class="success">passed</td>
</tr>
<tr>
<td class="success">testPullRelated[47: com.dotcms.rendering.velocity.viewtools.content.util.ContentUtilsTest$TestCase@7af880e]</td>
<td class="success">5.267s</td>
<td class="success">passed</td>
</tr>
<tr>
<td class="success">testPullRelated[48: com.dotcms.rendering.velocity.viewtools.content.util.ContentUtilsTest$TestCase@9c97674]</td>
<td class="success">5.766s</td>
<td class="success">passed</td>
</tr>
<tr>
<td class="success">testPullRelated[49: com.dotcms.rendering.velocity.viewtools.content.util.ContentUtilsTest$TestCase@7429ee14]</td>
<td class="success">6.005s</td>
<td class="success">passed</td>
</tr>
<tr>
<td class="success">testPullRelated[4: com.dotcms.rendering.velocity.viewtools.content.util.ContentUtilsTest$TestCase@21fc9cc2]</td>
<td class="success">3.876s</td>
<td class="success">passed</td>
</tr>
<tr>
<td class="success">testPullRelated[50: com.dotcms.rendering.velocity.viewtools.content.util.ContentUtilsTest$TestCase@779efc14]</td>
<td class="success">5.501s</td>
<td class="success">passed</td>
</tr>
<tr>
<td class="success">testPullRelated[51: com.dotcms.rendering.velocity.viewtools.content.util.ContentUtilsTest$TestCase@c8ae511]</td>
<td class="success">5.860s</td>
<td class="success">passed</td>
</tr>
<tr>
<td class="success">testPullRelated[52: com.dotcms.rendering.velocity.viewtools.content.util.ContentUtilsTest$TestCase@4eb25822]</td>
<td class="success">6.309s</td>
<td class="success">passed</td>
</tr>
<tr>
<td class="success">testPullRelated[53: com.dotcms.rendering.velocity.viewtools.content.util.ContentUtilsTest$TestCase@75d056ae]</td>
<td class="success">6.122s</td>
<td class="success">passed</td>
</tr>
<tr>
<td class="success">testPullRelated[54: com.dotcms.rendering.velocity.viewtools.content.util.ContentUtilsTest$TestCase@752e6a5c]</td>
<td class="success">6.313s</td>
<td class="success">passed</td>
</tr>
<tr>
<td class="success">testPullRelated[55: com.dotcms.rendering.velocity.viewtools.content.util.ContentUtilsTest$TestCase@2e57ab85]</td>
<td class="success">5.926s</td>
<td class="success">passed</td>
</tr>
<tr>
<td class="success">testPullRelated[56: com.dotcms.rendering.velocity.viewtools.content.util.ContentUtilsTest$TestCase@72788525]</td>
<td class="success">6.222s</td>
<td class="success">passed</td>
</tr>
<tr>
<td class="success">testPullRelated[57: com.dotcms.rendering.velocity.viewtools.content.util.ContentUtilsTest$TestCase@56ad8e2]</td>
<td class="success">5.812s</td>
<td class="success">passed</td>
</tr>
<tr>
<td class="success">testPullRelated[58: com.dotcms.rendering.velocity.viewtools.content.util.ContentUtilsTest$TestCase@3103e99]</td>
<td class="success">6.171s</td>
<td class="success">passed</td>
</tr>
<tr>
<td class="success">testPullRelated[59: com.dotcms.rendering.velocity.viewtools.content.util.ContentUtilsTest$TestCase@1008a6fd]</td>
<td class="success">6.219s</td>
<td class="success">passed</td>
</tr>
<tr>
<td class="success">testPullRelated[5: com.dotcms.rendering.velocity.viewtools.content.util.ContentUtilsTest$TestCase@2d6a52f0]</td>
<td class="success">4.036s</td>
<td class="success">passed</td>
</tr>
<tr>
<td class="success">testPullRelated[60: com.dotcms.rendering.velocity.viewtools.content.util.ContentUtilsTest$TestCase@266f4874]</td>
<td class="success">5.994s</td>
<td class="success">passed</td>
</tr>
<tr>
<td class="success">testPullRelated[61: com.dotcms.rendering.velocity.viewtools.content.util.ContentUtilsTest$TestCase@75113993]</td>
<td class="success">6.064s</td>
<td class="success">passed</td>
</tr>
<tr>
<td class="success">testPullRelated[62: com.dotcms.rendering.velocity.viewtools.content.util.ContentUtilsTest$TestCase@77f7255e]</td>
<td class="success">6.242s</td>
<td class="success">passed</td>
</tr>
<tr>
<td class="success">testPullRelated[63: com.dotcms.rendering.velocity.viewtools.content.util.ContentUtilsTest$TestCase@221d5a13]</td>
<td class="success">5.072s</td>
<td class="success">passed</td>
</tr>
<tr>
<td class="success">testPullRelated[64: com.dotcms.rendering.velocity.viewtools.content.util.ContentUtilsTest$TestCase@7eed8acc]</td>
<td class="success">6.133s</td>
<td class="success">passed</td>
</tr>
<tr>
<td class="success">testPullRelated[65: com.dotcms.rendering.velocity.viewtools.content.util.ContentUtilsTest$TestCase@2ccf923]</td>
<td class="success">5.916s</td>
<td class="success">passed</td>
</tr>
<tr>
<td class="success">testPullRelated[66: com.dotcms.rendering.velocity.viewtools.content.util.ContentUtilsTest$TestCase@4cdfe1f1]</td>
<td class="success">6.441s</td>
<td class="success">passed</td>
</tr>
<tr>
<td class="success">testPullRelated[67: com.dotcms.rendering.velocity.viewtools.content.util.ContentUtilsTest$TestCase@45ae7bb]</td>
<td class="success">4.889s</td>
<td class="success">passed</td>
</tr>
<tr>
<td class="success">testPullRelated[68: com.dotcms.rendering.velocity.viewtools.content.util.ContentUtilsTest$TestCase@16f3b616]</td>
<td class="success">5.067s</td>
<td class="success">passed</td>
</tr>
<tr>
<td class="success">testPullRelated[69: com.dotcms.rendering.velocity.viewtools.content.util.ContentUtilsTest$TestCase@7313500a]</td>
<td class="success">6.092s</td>
<td class="success">passed</td>
</tr>
<tr>
<td class="success">testPullRelated[6: com.dotcms.rendering.velocity.viewtools.content.util.ContentUtilsTest$TestCase@3df0b17e]</td>
<td class="success">4.115s</td>
<td class="success">passed</td>
</tr>
<tr>
<td class="success">testPullRelated[70: com.dotcms.rendering.velocity.viewtools.content.util.ContentUtilsTest$TestCase@4070f7f0]</td>
<td class="success">6.325s</td>
<td class="success">passed</td>
</tr>
<tr>
<td class="success">testPullRelated[71: com.dotcms.rendering.velocity.viewtools.content.util.ContentUtilsTest$TestCase@13c4a77a]</td>
<td class="success">6.037s</td>
<td class="success">passed</td>
</tr>
<tr>
<td class="success">testPullRelated[7: com.dotcms.rendering.velocity.viewtools.content.util.ContentUtilsTest$TestCase@6adee56b]</td>
<td class="success">4.274s</td>
<td class="success">passed</td>
</tr>
<tr>
<td class="success">testPullRelated[8: com.dotcms.rendering.velocity.viewtools.content.util.ContentUtilsTest$TestCase@2f016e7e]</td>
<td class="success">3.772s</td>
<td class="success">passed</td>
</tr>
<tr>
<td class="success">testPullRelated[9: com.dotcms.rendering.velocity.viewtools.content.util.ContentUtilsTest$TestCase@508344bc]</td>
<td class="success">3.838s</td>
<td class="success">passed</td>
</tr>
<tr>
<td class="success">testSortPullRelated[0: com.dotcms.rendering.velocity.viewtools.content.util.ContentUtilsTest$SortTestCase@36fed6a0]</td>
<td class="success">2.737s</td>
<td class="success">passed</td>
</tr>
<tr>
<td class="success">testSortPullRelated[1: com.dotcms.rendering.velocity.viewtools.content.util.ContentUtilsTest$SortTestCase@b74872]</td>
<td class="success">2.292s</td>
<td class="success">passed</td>
</tr>
<tr>
<td class="success">testSortPullRelated[2: com.dotcms.rendering.velocity.viewtools.content.util.ContentUtilsTest$SortTestCase@7f44a416]</td>
<td class="success">2.102s</td>
<td class="success">passed</td>
</tr>
<tr>
<td class="success">testSortPullRelated[3: com.dotcms.rendering.velocity.viewtools.content.util.ContentUtilsTest$SortTestCase@3d70f54f]</td>
<td class="success">3.104s</td>
<td class="success">passed</td>
</tr>
<tr>
<td class="success">testSortPullRelated[4: com.dotcms.rendering.velocity.viewtools.content.util.ContentUtilsTest$SortTestCase@7d7b7f97]</td>
<td class="success">3.116s</td>
<td class="success">passed</td>
</tr>
<tr>
<td class="success">testSortPullRelated[5: com.dotcms.rendering.velocity.viewtools.content.util.ContentUtilsTest$SortTestCase@47354c92]</td>
<td class="success">3.105s</td>
<td class="success">passed</td>
</tr>
<tr>
<td class="success">test_add_relationships_on_parent_children_related_contents</td>
<td class="success">1.625s</td>
<td class="success">passed</td>
</tr>
<tr>
<td class="success">test_find_multilingual_contentlet_getContentletSuccessfully</td>
<td class="success">1.479s</td>
<td class="success">passed</td>
</tr>
<tr>
<td class="success">whenPublishAndExpireDatesAreInTheFutureAndTimeMachineIsAfterBoth</td>
<td class="success">3.468s</td>
<td class="success">passed</td>
</tr>
<tr>
<td class="success">whenTheTimeMachineDateAndPublishDateAreTomorrowShouldReturnOneContent</td>
<td class="success">3.376s</td>
<td class="success">passed</td>
</tr>
<tr>
<td class="success">whenTheTimeMachineDateIsAfterTomorrowAndExpireDateIsInFutureShouldReturnContent</td>
<td class="success">3.619s</td>
<td class="success">passed</td>
</tr>
<tr>
<td class="success">whenTheTimeMachineDateIsAfterTomorrowAndExpireDateIsTomorrowShouldNotReturnContent</td>
<td class="success">3.629s</td>
<td class="success">passed</td>
</tr>
<tr>
<td class="success">whenTheTimeMachineDateIsNullAndPublishDateInFutureShouldNotReturnAnything</td>
<td class="success">3.435s</td>
<td class="success">passed</td>
</tr>
</table>
</div>
</div>
<div id="footer">
<p>
<div>
<label class="hidden" id="label-for-line-wrapping-toggle" for="line-wrapping-toggle">Wrap lines
<input id="line-wrapping-toggle" type="checkbox" autocomplete="off"/>
</label>
</div>Generated by 
<a href="http://www.gradle.org">Gradle 7.3.3</a> at Aug 7, 2023, 9:06:06 AM</p>
</div>
</div>
</body>
</html>
