<!DOCTYPE html>
<html>
<head>
<meta http-equiv="Content-Type" content="text/html; charset=utf-8"/>
<meta http-equiv="x-ua-compatible" content="IE=edge"/>
<title>Test results - Class com.dotmarketing.portlets.contentlet.business.ContentletCheckInTest</title>
<link href="../css/base-style.css" rel="stylesheet" type="text/css"/>
<link href="../css/style.css" rel="stylesheet" type="text/css"/>
<script src="../js/report.js" type="text/javascript"></script>
</head>
<body>
<div id="content">
<h1>Class com.dotmarketing.portlets.contentlet.business.ContentletCheckInTest</h1>
<div class="breadcrumbs">
<a href="../index.html">all</a> &gt; 
<a href="../packages/com.dotmarketing.portlets.contentlet.business.html">com.dotmarketing.portlets.contentlet.business</a> &gt; ContentletCheckInTest</div>
<div id="summary">
<table>
<tr>
<td>
<div class="summaryGroup">
<table>
<tr>
<td>
<div class="infoBox" id="tests">
<div class="counter">11</div>
<p>tests</p>
</div>
</td>
<td>
<div class="infoBox" id="failures">
<div class="counter">1</div>
<p>failures</p>
</div>
</td>
<td>
<div class="infoBox" id="ignored">
<div class="counter">0</div>
<p>ignored</p>
</div>
</td>
<td>
<div class="infoBox" id="duration">
<div class="counter">17.884s</div>
<p>duration</p>
</div>
</td>
</tr>
</table>
</div>
</td>
<td>
<div class="infoBox failures" id="successRate">
<div class="percent">90%</div>
<p>successful</p>
</div>
</td>
</tr>
</table>
</div>
<div id="tabs">
<ul class="tabLinks">
<li>
<a href="#tab0">Failed tests</a>
</li>
<li>
<a href="#tab1">Tests</a>
</li>
</ul>
<div id="tab0" class="tab">
<h2>Failed tests</h2>
<div class="test">
<a name="test_checkinContentlet_relationshipOneToOneCardinality_fails_whenRelatedParentBelongsToAnotherRelationship"></a>
<h3 class="failures">test_checkinContentlet_relationshipOneToOneCardinality_fails_whenRelatedParentBelongsToAnotherRelationship</h3>
<span class="code">
<pre>java.lang.Exception: Unexpected exception, expected&lt;com.dotmarketing.portlets.contentlet.business.DotContentletValidationException&gt; but was&lt;com.dotmarketing.exception.DotDataException&gt;
	at org.junit.internal.runners.statements.ExpectException.evaluate(ExpectException.java:30)
	at org.junit.internal.runners.statements.RunBefores.evaluate(RunBefores.java:26)
	at org.junit.internal.runners.statements.RunAfters.evaluate(RunAfters.java:27)
	at org.junit.rules.ExternalResource$1.evaluate(ExternalResource.java:54)
	at org.junit.rules.TestWatcher$1.evaluate(TestWatcher.java:61)
	at org.junit.runners.ParentRunner$3.evaluate(ParentRunner.java:306)
	at org.junit.rules.TestWatcher$1.evaluate(TestWatcher.java:61)
	at org.junit.rules.RunRules.evaluate(RunRules.java:20)
	at org.junit.runners.ParentRunner.runLeaf(ParentRunner.java:366)
	at com.dotcms.junit.CustomDataProviderRunner.runChild(CustomDataProviderRunner.java:41)
	at com.dotcms.junit.CustomDataProviderRunner.runChild(CustomDataProviderRunner.java:26)
	at org.junit.runners.ParentRunner$4.run(ParentRunner.java:331)
	at org.junit.runners.ParentRunner$1.schedule(ParentRunner.java:79)
	at org.junit.runners.ParentRunner.runChildren(ParentRunner.java:329)
	at org.junit.runners.ParentRunner.access$100(ParentRunner.java:66)
	at org.junit.runners.ParentRunner$2.evaluate(ParentRunner.java:293)
	at org.junit.internal.runners.statements.RunBefores.evaluate(RunBefores.java:26)
	at org.junit.internal.runners.statements.RunAfters.evaluate(RunAfters.java:27)
	at org.junit.runners.ParentRunner$3.evaluate(ParentRunner.java:306)
	at org.junit.runners.ParentRunner.run(ParentRunner.java:413)
	at com.dotcms.junit.MainBaseSuite$DotRunner.run(MainBaseSuite.java:71)
	at org.junit.runners.Suite.runChild(Suite.java:128)
	at org.junit.runners.Suite.runChild(Suite.java:27)
	at org.junit.runners.ParentRunner$4.run(ParentRunner.java:331)
	at org.junit.runners.ParentRunner$1.schedule(ParentRunner.java:79)
	at org.junit.runners.ParentRunner.runChildren(ParentRunner.java:329)
	at org.junit.runners.ParentRunner.access$100(ParentRunner.java:66)
	at org.junit.runners.ParentRunner$2.evaluate(ParentRunner.java:293)
	at org.junit.runners.ParentRunner$3.evaluate(ParentRunner.java:306)
	at org.junit.runners.ParentRunner.run(ParentRunner.java:413)
	at org.gradle.api.internal.tasks.testing.junit.JUnitTestClassExecutor.runTestClass(JUnitTestClassExecutor.java:110)
	at org.gradle.api.internal.tasks.testing.junit.JUnitTestClassExecutor.execute(JUnitTestClassExecutor.java:58)
	at org.gradle.api.internal.tasks.testing.junit.JUnitTestClassExecutor.execute(JUnitTestClassExecutor.java:38)
	at org.gradle.api.internal.tasks.testing.junit.AbstractJUnitTestClassProcessor.processTestClass(AbstractJUnitTestClassProcessor.java:62)
	at org.gradle.api.internal.tasks.testing.SuiteTestClassProcessor.processTestClass(SuiteTestClassProcessor.java:51)
	at java.base/jdk.internal.reflect.NativeMethodAccessorImpl.invoke0(Native Method)
	at java.base/jdk.internal.reflect.NativeMethodAccessorImpl.invoke(NativeMethodAccessorImpl.java:62)
	at java.base/jdk.internal.reflect.DelegatingMethodAccessorImpl.invoke(DelegatingMethodAccessorImpl.java:43)
	at java.base/java.lang.reflect.Method.invoke(Method.java:566)
	at org.gradle.internal.dispatch.ReflectionDispatch.dispatch(ReflectionDispatch.java:36)
	at org.gradle.internal.dispatch.ReflectionDispatch.dispatch(ReflectionDispatch.java:24)
	at org.gradle.internal.dispatch.ContextClassLoaderDispatch.dispatch(ContextClassLoaderDispatch.java:33)
	at org.gradle.internal.dispatch.ProxyDispatchAdapter$DispatchingInvocationHandler.invoke(ProxyDispatchAdapter.java:94)
	at com.sun.proxy.$Proxy5.processTestClass(Unknown Source)
	at org.gradle.api.internal.tasks.testing.worker.TestWorker$2.run(TestWorker.java:176)
	at org.gradle.api.internal.tasks.testing.worker.TestWorker.executeAndMaintainThreadName(TestWorker.java:129)
	at org.gradle.api.internal.tasks.testing.worker.TestWorker.execute(TestWorker.java:100)
	at org.gradle.api.internal.tasks.testing.worker.TestWorker.execute(TestWorker.java:60)
	at org.gradle.process.internal.worker.child.ActionExecutionWorker.execute(ActionExecutionWorker.java:56)
	at org.gradle.process.internal.worker.child.SystemApplicationClassLoaderWorker.call(SystemApplicationClassLoaderWorker.java:133)
	at org.gradle.process.internal.worker.child.SystemApplicationClassLoaderWorker.call(SystemApplicationClassLoaderWorker.java:71)
	at worker.org.gradle.process.internal.worker.GradleWorkerMain.run(GradleWorkerMain.java:69)
	at worker.org.gradle.process.internal.worker.GradleWorkerMain.main(GradleWorkerMain.java:74)
Caused by: com.dotmarketing.exception.DotDataException: Based on configured schedule, the given trigger will never fire.
	at app//com.dotcms.business.bytebuddy.WrapInTransactionAdvice.throwException(WrapInTransactionAdvice.java:108)
	at app//com.dotcms.business.bytebuddy.WrapInTransactionAdvice.exit(WrapInTransactionAdvice.java:66)
	at app//com.dotcms.contenttype.business.ContentTypeAPIImpl.triggerAsyncDelete(ContentTypeAPIImpl.java:273)
	at app//com.dotcms.contenttype.business.ContentTypeAPIImpl.delete(ContentTypeAPIImpl.java:141)
	at app//com.dotmarketing.portlets.contentlet.business.ContentletCheckInTest.test_checkinContentlet_relationshipOneToOneCardinality_fails_whenRelatedParentBelongsToAnotherRelationship(ContentletCheckInTest.java:425)
	at java.base@11.0.19/jdk.internal.reflect.NativeMethodAccessorImpl.invoke0(Native Method)
	at java.base@11.0.19/jdk.internal.reflect.NativeMethodAccessorImpl.invoke(NativeMethodAccessorImpl.java:62)
	at java.base@11.0.19/jdk.internal.reflect.DelegatingMethodAccessorImpl.invoke(DelegatingMethodAccessorImpl.java:43)
	at java.base@11.0.19/java.lang.reflect.Method.invoke(Method.java:566)
	at app//org.junit.runners.model.FrameworkMethod$1.runReflectiveCall(FrameworkMethod.java:59)
	at app//org.junit.internal.runners.model.ReflectiveCallable.run(ReflectiveCallable.java:12)
	at app//org.junit.runners.model.FrameworkMethod.invokeExplosively(FrameworkMethod.java:56)
	at app//org.junit.internal.runners.statements.InvokeMethod.evaluate(InvokeMethod.java:17)
	at app//org.junit.internal.runners.statements.ExpectException.evaluate(ExpectException.java:19)
	... 52 more
Caused by: org.quartz.SchedulerException: Based on configured schedule, the given trigger will never fire.
	at app//org.quartz.core.QuartzScheduler.rescheduleJob(QuartzScheduler.java:1011)
	at app//org.quartz.impl.StdScheduler.rescheduleJob(StdScheduler.java:302)
	at app//com.dotmarketing.quartz.QuartzUtils.scheduleTask(QuartzUtils.java:490)
	at app//com.dotmarketing.quartz.DotStatefulJob.enqueueTrigger(DotStatefulJob.java:171)
	at app//com.dotmarketing.quartz.job.CleanUpFieldReferencesJob.lambda$triggerCleanUpJob$0(CleanUpFieldReferencesJob.java:114)
	at app//com.rainerhahnekamp.sneakythrow.Sneaky.lambda$sneaked$7(Sneaky.java:207)
	at app//com.dotmarketing.db.DotRunnableThread.internalRunner(DotRunnableThread.java:99)
	at app//com.dotmarketing.db.LocalTransaction.wrap(LocalTransaction.java:165)
	at app//com.dotmarketing.db.DotRunnableThread.run(DotRunnableThread.java:53)
	at app//com.dotmarketing.db.HibernateUtil.finalizeCommitListeners(HibernateUtil.java:1165)
	at app//com.dotmarketing.db.HibernateUtil.commitTransaction(HibernateUtil.java:1257)
	at app//com.dotmarketing.db.LocalTransaction.wrap(LocalTransaction.java:169)
	at app//com.dotmarketing.db.DotRunnableThread.run(DotRunnableThread.java:53)
	at app//com.dotmarketing.db.HibernateUtil.finalizeCommitListeners(HibernateUtil.java:1165)
	at app//com.dotmarketing.db.HibernateUtil.commitTransaction(HibernateUtil.java:1257)
	at app//com.dotmarketing.db.LocalTransaction.wrap(LocalTransaction.java:169)
	at app//com.dotmarketing.db.DotRunnableThread.run(DotRunnableThread.java:53)
	at app//com.dotmarketing.db.HibernateUtil.finalizeCommitListeners(HibernateUtil.java:1165)
	at app//com.dotmarketing.db.HibernateUtil.commitTransaction(HibernateUtil.java:1257)
	at app//com.dotcms.business.bytebuddy.WrapInTransactionAdvice.exit(WrapInTransactionAdvice.java:63)
	... 64 more
</pre>
</span>
</div>
</div>
<div id="tab1" class="tab">
<h2>Tests</h2>
<table>
<thead>
<tr>
<th>Test</th>
<th>Duration</th>
<th>Result</th>
</tr>
</thead>
<tr>
<td class="success">checkinInvalidFileContent</td>
<td class="success">1.602s</td>
<td class="success">passed</td>
</tr>
<tr>
<td class="success">checkin_content_anonymously</td>
<td class="success">0.085s</td>
<td class="success">passed</td>
</tr>
<tr>
<td class="success">publish_content_anonymously</td>
<td class="success">1.247s</td>
<td class="success">passed</td>
</tr>
<tr>
<td class="success">test_checkinContentlet_RelationshipManyToManyCardinality_Success</td>
<td class="success">1.144s</td>
<td class="success">passed</td>
</tr>
<tr>
<td class="success">test_checkinContentlet_RelationshipOneToManyCardinality_Success</td>
<td class="success">1.785s</td>
<td class="success">passed</td>
</tr>
<tr>
<td class="success">test_checkinContentlet_RelationshipOneToManyCardinality_throwsDotContentletValidationException</td>
<td class="success">2.554s</td>
<td class="success">passed</td>
</tr>
<tr>
<td class="success">test_checkinContentlet_RelationshipOneToOneCardinality_Success</td>
<td class="success">1.735s</td>
<td class="success">passed</td>
</tr>
<tr>
<td class="success">test_checkinContentlet_RelationshipToItself_throwsDotContentletValidationException</td>
<td class="success">2.070s</td>
<td class="success">passed</td>
</tr>
<tr>
<td class="success">test_checkinContentlet_relationshipOneToOneCardinality_fails_whenRelatedChildBelongsToAnotherRelationship</td>
<td class="success">2.071s</td>
<td class="success">passed</td>
</tr>
<tr>
<td class="failures">test_checkinContentlet_relationshipOneToOneCardinality_fails_whenRelatedParentBelongsToAnotherRelationship</td>
<td class="failures">1.696s</td>
<td class="failures">failed</td>
</tr>
<tr>
<td class="success">test_checkinContentlet_relationshipOneToOneCardinality_fails_whenRelatingMoreThanOneContentlet</td>
<td class="success">1.895s</td>
<td class="success">passed</td>
</tr>
</table>
</div>
</div>
<div id="footer">
<p>
<div>
<label class="hidden" id="label-for-line-wrapping-toggle" for="line-wrapping-toggle">Wrap lines
<input id="line-wrapping-toggle" type="checkbox" autocomplete="off"/>
</label>
</div>Generated by 
<a href="http://www.gradle.org">Gradle 7.3.3</a> at Jun 30, 2023, 11:39:55 PM</p>
</div>
</div>
</body>
</html>
