<!DOCTYPE html>
<html>
<head>
<meta http-equiv="Content-Type" content="text/html; charset=utf-8"/>
<meta http-equiv="x-ua-compatible" content="IE=edge"/>
<title>Test results - Class com.dotcms.rest.api.v1.template.TemplateResourceTest</title>
<link href="../css/base-style.css" rel="stylesheet" type="text/css"/>
<link href="../css/style.css" rel="stylesheet" type="text/css"/>
<script src="../js/report.js" type="text/javascript"></script>
</head>
<body>
<div id="content">
<h1>Class com.dotcms.rest.api.v1.template.TemplateResourceTest</h1>
<div class="breadcrumbs">
<a href="../index.html">all</a> &gt; 
<a href="../packages/com.dotcms.rest.api.v1.template.html">com.dotcms.rest.api.v1.template</a> &gt; TemplateResourceTest</div>
<div id="summary">
<table>
<tr>
<td>
<div class="summaryGroup">
<table>
<tr>
<td>
<div class="infoBox" id="tests">
<div class="counter">32</div>
<p>tests</p>
</div>
</td>
<td>
<div class="infoBox" id="failures">
<div class="counter">1</div>
<p>failures</p>
</div>
</td>
<td>
<div class="infoBox" id="ignored">
<div class="counter">0</div>
<p>ignored</p>
</div>
</td>
<td>
<div class="infoBox" id="duration">
<div class="counter">1m10.58s</div>
<p>duration</p>
</div>
</td>
</tr>
</table>
</div>
</td>
<td>
<div class="infoBox failures" id="successRate">
<div class="percent">96%</div>
<p>successful</p>
</div>
</td>
</tr>
</table>
</div>
<div id="tabs">
<ul class="tabLinks">
<li>
<a href="#tab0">Failed tests</a>
</li>
<li>
<a href="#tab1">Tests</a>
</li>
</ul>
<div id="tab0" class="tab">
<h2>Failed tests</h2>
<div class="test">
<a name="legacyUUIDTemplate"></a>
<h3 class="failures">legacyUUIDTemplate</h3>
<span class="code">
<pre>org.apache.velocity.exception.ResourceNotFoundException: Cannot parse velocity file : /$dotTheme.templatePath
	at app//com.dotcms.rendering.velocity.services.DotResourceLoader.getResourceStream(DotResourceLoader.java:79)
	at app//org.apache.velocity.Template.process(Template.java:106)
	at app//org.apache.velocity.runtime.resource.ResourceManagerImpl.loadResource(ResourceManagerImpl.java:452)
	at app//org.apache.velocity.runtime.resource.ResourceManagerImpl.getResource(ResourceManagerImpl.java:357)
	at app//org.apache.velocity.runtime.RuntimeInstance.getTemplate(RuntimeInstance.java:1510)
	at app//org.apache.velocity.runtime.directive.Parse.render(Parse.java:201)
	at app//org.apache.velocity.runtime.parser.node.ASTDirective.render(ASTDirective.java:214)
	at app//org.apache.velocity.runtime.parser.node.ASTBlock.render(ASTBlock.java:72)
	at app//org.apache.velocity.runtime.parser.node.ASTIfStatement.render(ASTIfStatement.java:87)
	at app//org.apache.velocity.runtime.parser.node.SimpleNode.render(SimpleNode.java:339)
	at app//org.apache.velocity.Template.merge(Template.java:390)
	at app//org.apache.velocity.Template.merge(Template.java:286)
	at app//com.dotcms.rendering.velocity.servlet.VelocityPreviewMode.serve(VelocityPreviewMode.java:72)
	at app//com.dotcms.rendering.velocity.servlet.VelocityModeHandler.eval(VelocityModeHandler.java:106)
	at app//com.dotmarketing.portlets.htmlpageasset.business.render.page.HTMLPageAssetRenderedBuilder.getPageHTML(HTMLPageAssetRenderedBuilder.java:226)
	at app//com.dotmarketing.portlets.htmlpageasset.business.render.HTMLPageAssetRenderedAPIImpl.getPageHtml(HTMLPageAssetRenderedAPIImpl.java:288)
	at app//com.dotcms.rest.api.v1.template.TemplateResourceTest.legacyUUIDTemplate(TemplateResourceTest.java:1232)
	at java.base@11.0.19/jdk.internal.reflect.NativeMethodAccessorImpl.invoke0(Native Method)
	at java.base@11.0.19/jdk.internal.reflect.NativeMethodAccessorImpl.invoke(NativeMethodAccessorImpl.java:62)
	at java.base@11.0.19/jdk.internal.reflect.DelegatingMethodAccessorImpl.invoke(DelegatingMethodAccessorImpl.java:43)
	at java.base@11.0.19/java.lang.reflect.Method.invoke(Method.java:566)
	at app//org.junit.runners.model.FrameworkMethod$1.runReflectiveCall(FrameworkMethod.java:59)
	at app//org.junit.internal.runners.model.ReflectiveCallable.run(ReflectiveCallable.java:12)
	at app//org.junit.runners.model.FrameworkMethod.invokeExplosively(FrameworkMethod.java:56)
	at app//org.junit.internal.runners.statements.InvokeMethod.evaluate(InvokeMethod.java:17)
	at app//org.junit.runners.ParentRunner$3.evaluate(ParentRunner.java:306)
	at app//org.junit.rules.TestWatcher$1.evaluate(TestWatcher.java:61)
	at app//org.junit.rules.RunRules.evaluate(RunRules.java:20)
	at app//org.junit.runners.ParentRunner.runLeaf(ParentRunner.java:366)
	at app//com.dotcms.junit.CustomDataProviderRunner.runChild(CustomDataProviderRunner.java:41)
	at app//com.dotcms.junit.CustomDataProviderRunner.runChild(CustomDataProviderRunner.java:26)
	at app//org.junit.runners.ParentRunner$4.run(ParentRunner.java:331)
	at app//org.junit.runners.ParentRunner$1.schedule(ParentRunner.java:79)
	at app//org.junit.runners.ParentRunner.runChildren(ParentRunner.java:329)
	at app//org.junit.runners.ParentRunner.access$100(ParentRunner.java:66)
	at app//org.junit.runners.ParentRunner$2.evaluate(ParentRunner.java:293)
	at app//org.junit.internal.runners.statements.RunBefores.evaluate(RunBefores.java:26)
	at app//org.junit.runners.ParentRunner$3.evaluate(ParentRunner.java:306)
	at app//org.junit.runners.ParentRunner.run(ParentRunner.java:413)
	at app//com.dotcms.junit.MainBaseSuite$DotRunner.run(MainBaseSuite.java:71)
	at app//org.junit.runners.Suite.runChild(Suite.java:128)
	at app//org.junit.runners.Suite.runChild(Suite.java:27)
	at app//org.junit.runners.ParentRunner$4.run(ParentRunner.java:331)
	at app//org.junit.runners.ParentRunner$1.schedule(ParentRunner.java:79)
	at app//org.junit.runners.ParentRunner.runChildren(ParentRunner.java:329)
	at app//org.junit.runners.ParentRunner.access$100(ParentRunner.java:66)
	at app//org.junit.runners.ParentRunner$2.evaluate(ParentRunner.java:293)
	at app//org.junit.runners.ParentRunner$3.evaluate(ParentRunner.java:306)
	at app//org.junit.runners.ParentRunner.run(ParentRunner.java:413)
	at org.gradle.api.internal.tasks.testing.junit.JUnitTestClassExecutor.runTestClass(JUnitTestClassExecutor.java:110)
	at org.gradle.api.internal.tasks.testing.junit.JUnitTestClassExecutor.execute(JUnitTestClassExecutor.java:58)
	at org.gradle.api.internal.tasks.testing.junit.JUnitTestClassExecutor.execute(JUnitTestClassExecutor.java:38)
	at org.gradle.api.internal.tasks.testing.junit.AbstractJUnitTestClassProcessor.processTestClass(AbstractJUnitTestClassProcessor.java:62)
	at org.gradle.api.internal.tasks.testing.SuiteTestClassProcessor.processTestClass(SuiteTestClassProcessor.java:51)
	at java.base@11.0.19/jdk.internal.reflect.NativeMethodAccessorImpl.invoke0(Native Method)
	at java.base@11.0.19/jdk.internal.reflect.NativeMethodAccessorImpl.invoke(NativeMethodAccessorImpl.java:62)
	at java.base@11.0.19/jdk.internal.reflect.DelegatingMethodAccessorImpl.invoke(DelegatingMethodAccessorImpl.java:43)
	at java.base@11.0.19/java.lang.reflect.Method.invoke(Method.java:566)
	at org.gradle.internal.dispatch.ReflectionDispatch.dispatch(ReflectionDispatch.java:36)
	at org.gradle.internal.dispatch.ReflectionDispatch.dispatch(ReflectionDispatch.java:24)
	at org.gradle.internal.dispatch.ContextClassLoaderDispatch.dispatch(ContextClassLoaderDispatch.java:33)
	at org.gradle.internal.dispatch.ProxyDispatchAdapter$DispatchingInvocationHandler.invoke(ProxyDispatchAdapter.java:94)
	at com.sun.proxy.$Proxy5.processTestClass(Unknown Source)
	at org.gradle.api.internal.tasks.testing.worker.TestWorker$2.run(TestWorker.java:176)
	at org.gradle.api.internal.tasks.testing.worker.TestWorker.executeAndMaintainThreadName(TestWorker.java:129)
	at org.gradle.api.internal.tasks.testing.worker.TestWorker.execute(TestWorker.java:100)
	at org.gradle.api.internal.tasks.testing.worker.TestWorker.execute(TestWorker.java:60)
	at org.gradle.process.internal.worker.child.ActionExecutionWorker.execute(ActionExecutionWorker.java:56)
	at org.gradle.process.internal.worker.child.SystemApplicationClassLoaderWorker.call(SystemApplicationClassLoaderWorker.java:133)
	at org.gradle.process.internal.worker.child.SystemApplicationClassLoaderWorker.call(SystemApplicationClassLoaderWorker.java:71)
	at app//worker.org.gradle.process.internal.worker.GradleWorkerMain.run(GradleWorkerMain.java:69)
	at app//worker.org.gradle.process.internal.worker.GradleWorkerMain.main(GradleWorkerMain.java:74)
Caused by: org.apache.velocity.exception.ResourceNotFoundException: cannot find resource:/$dotTheme.templatePath
	at app//com.dotcms.rendering.velocity.services.IncludeLoader.writeObject(IncludeLoader.java:94)
	at app//com.dotcms.rendering.velocity.services.DotResourceLoader.getResourceStream(DotResourceLoader.java:72)
	... 71 more
Caused by: org.apache.velocity.exception.ResourceNotFoundException: cannot find resource:/$dotTheme.templatePath
	at app//com.dotcms.rendering.velocity.services.IncludeLoader.allowedToServe(IncludeLoader.java:65)
	at app//com.dotcms.rendering.velocity.services.IncludeLoader.streamFile(IncludeLoader.java:84)
	at app//com.dotcms.rendering.velocity.services.IncludeLoader.writeObject(IncludeLoader.java:92)
	... 72 more
</pre>
</span>
</div>
</div>
<div id="tab1" class="tab">
<h2>Tests</h2>
<table>
<thead>
<tr>
<th>Test</th>
<th>Duration</th>
<th>Result</th>
</tr>
</thead>
<tr>
<td class="failures">legacyUUIDTemplate</td>
<td class="failures">4.699s</td>
<td class="failures">failed</td>
</tr>
<tr>
<td class="success">test_archiveTemplate_LimitedUserWithoutEditPermissions_failedToArchived</td>
<td class="success">2.187s</td>
<td class="success">passed</td>
</tr>
<tr>
<td class="success">test_archiveTemplate_templateIsAlreadyArchived_success</td>
<td class="success">2.846s</td>
<td class="success">passed</td>
</tr>
<tr>
<td class="success">test_archiveTemplate_templateIsLive_failedToArchive</td>
<td class="success">1.629s</td>
<td class="success">passed</td>
</tr>
<tr>
<td class="success">test_archiveTemplate_templateIsWorking_success</td>
<td class="success">1.075s</td>
<td class="success">passed</td>
</tr>
<tr>
<td class="success">test_archiveTemplates_OneTemplateIdDoesNotExist_OneTemplateIdExists</td>
<td class="success">1.171s</td>
<td class="success">passed</td>
</tr>
<tr>
<td class="success">test_copyTemplate_IdDoesNotBelongToAnyTemplate_failedToCopy</td>
<td class="success">0.876s</td>
<td class="success">passed</td>
</tr>
<tr>
<td class="success">test_copyTemplate_LimitedUserWithoutReadPermissions_failedToCopy</td>
<td class="success">2.017s</td>
<td class="success">passed</td>
</tr>
<tr>
<td class="success">test_copyTemplate_success</td>
<td class="success">1.062s</td>
<td class="success">passed</td>
</tr>
<tr>
<td class="success">test_deleteTemplate_LimitedUserWithoutEditPermissions_failedToDelete</td>
<td class="success">3.149s</td>
<td class="success">passed</td>
</tr>
<tr>
<td class="success">test_deleteTemplate_pageStillReferencingTemplate_failedToDelete</td>
<td class="success">3.869s</td>
<td class="success">passed</td>
</tr>
<tr>
<td class="success">test_deleteTemplate_templateIsArchived_success</td>
<td class="success">1.997s</td>
<td class="success">passed</td>
</tr>
<tr>
<td class="success">test_deleteTemplate_templateIsLive_failedToDelete</td>
<td class="success">1.088s</td>
<td class="success">passed</td>
</tr>
<tr>
<td class="success">test_deleteTemplates_OneTemplateIdDoesNotExist_OneTemplateIdExists</td>
<td class="success">2.873s</td>
<td class="success">passed</td>
</tr>
<tr>
<td class="success">test_listTemplate_filterByHost</td>
<td class="success">2.219s</td>
<td class="success">passed</td>
</tr>
<tr>
<td class="success">test_listTemplate_filterByHost_usingCurrentHost</td>
<td class="success">2.227s</td>
<td class="success">passed</td>
</tr>
<tr>
<td class="success">test_listTemplate_limitedUserNoREADPermissionsOverOneTemplate</td>
<td class="success">3.707s</td>
<td class="success">passed</td>
</tr>
<tr>
<td class="success">test_publishTemplate_LimitedUserWithoutPublishPermissions_failedToPublish</td>
<td class="success">2.883s</td>
<td class="success">passed</td>
</tr>
<tr>
<td class="success">test_publishTemplate_OneTemplateIdDoesNotExist_OneTemplateIdExists</td>
<td class="success">1.243s</td>
<td class="success">passed</td>
</tr>
<tr>
<td class="success">test_publishTemplate_success</td>
<td class="success">1.014s</td>
<td class="success">passed</td>
</tr>
<tr>
<td class="success">test_publishTemplate_templateIsAlreadyPublished_success</td>
<td class="success">2.075s</td>
<td class="success">passed</td>
</tr>
<tr>
<td class="success">test_publishTemplate_templateIsArchived_failedToPublish</td>
<td class="success">2.964s</td>
<td class="success">passed</td>
</tr>
<tr>
<td class="success">test_unarchiveTemplate_LimitedUserWithoutEditPermissions_failedToUnarchive</td>
<td class="success">2.701s</td>
<td class="success">passed</td>
</tr>
<tr>
<td class="success">test_unarchiveTemplate_templateIsArchived_success</td>
<td class="success">2.894s</td>
<td class="success">passed</td>
</tr>
<tr>
<td class="success">test_unarchiveTemplate_templateIsLive_failedToUnArchived</td>
<td class="success">1.191s</td>
<td class="success">passed</td>
</tr>
<tr>
<td class="success">test_unarchiveTemplate_templateIsWorking_failedToUnarchive</td>
<td class="success">1.086s</td>
<td class="success">passed</td>
</tr>
<tr>
<td class="success">test_unarchiveTemplates_OneTemplateIdDoesNotExist_OneTemplateIdExists</td>
<td class="success">2.813s</td>
<td class="success">passed</td>
</tr>
<tr>
<td class="success">test_unpublishTemplate_LimitedUserWithoutEditPermissions_failedToPublish</td>
<td class="success">2.892s</td>
<td class="success">passed</td>
</tr>
<tr>
<td class="success">test_unpublishTemplate_OneTemplateIdDoesNotExist_OneTemplateIdExists</td>
<td class="success">1.968s</td>
<td class="success">passed</td>
</tr>
<tr>
<td class="success">test_unpublishTemplate_success</td>
<td class="success">1.190s</td>
<td class="success">passed</td>
</tr>
<tr>
<td class="success">test_unpublishTemplate_templateIsAlreadyUnpublished_success</td>
<td class="success">2.880s</td>
<td class="success">passed</td>
</tr>
<tr>
<td class="success">test_unpublishTemplate_templateIsArchived_failedToUnpublish</td>
<td class="success">2.093s</td>
<td class="success">passed</td>
</tr>
</table>
</div>
</div>
<div id="footer">
<p>
<div>
<label class="hidden" id="label-for-line-wrapping-toggle" for="line-wrapping-toggle">Wrap lines
<input id="line-wrapping-toggle" type="checkbox" autocomplete="off"/>
</label>
</div>Generated by 
<a href="http://www.gradle.org">Gradle 7.3.3</a> at Jul 21, 2023, 7:37:51 PM</p>
</div>
</div>
</body>
</html>
