<!DOCTYPE html>
<html>
<head>
<meta http-equiv="Content-Type" content="text/html; charset=utf-8"/>
<meta http-equiv="x-ua-compatible" content="IE=edge"/>
<title>Test results - Class com.dotmarketing.portlets.contentlet.business.ContentletAPITest</title>
<link href="../css/base-style.css" rel="stylesheet" type="text/css"/>
<link href="../css/style.css" rel="stylesheet" type="text/css"/>
<script src="../js/report.js" type="text/javascript"></script>
</head>
<body>
<div id="content">
<h1>Class com.dotmarketing.portlets.contentlet.business.ContentletAPITest</h1>
<div class="breadcrumbs">
<a href="../index.html">all</a> &gt; 
<a href="../packages/com.dotmarketing.portlets.contentlet.business.html">com.dotmarketing.portlets.contentlet.business</a> &gt; ContentletAPITest</div>
<div id="summary">
<table>
<tr>
<td>
<div class="summaryGroup">
<table>
<tr>
<td>
<div class="infoBox" id="tests">
<div class="counter">169</div>
<p>tests</p>
</div>
</td>
<td>
<div class="infoBox" id="failures">
<div class="counter">2</div>
<p>failures</p>
</div>
</td>
<td>
<div class="infoBox" id="ignored">
<div class="counter">3</div>
<p>ignored</p>
</div>
</td>
<td>
<div class="infoBox" id="duration">
<div class="counter">4m0.39s</div>
<p>duration</p>
</div>
</td>
</tr>
</table>
</div>
</td>
<td>
<div class="infoBox failures" id="successRate">
<div class="percent">98%</div>
<p>successful</p>
</div>
</td>
</tr>
</table>
</div>
<div id="tabs">
<ul class="tabLinks">
<li>
<a href="#tab0">Failed tests</a>
</li>
<li>
<a href="#tab1">Tests</a>
</li>
</ul>
<div id="tab0" class="tab">
<h2>Failed tests</h2>
<div class="test">
<a name="testRemoveContentFromIndexMultilingualContent"></a>
<h3 class="failures">testRemoveContentFromIndexMultilingualContent</h3>
<span class="code">
<pre>org.awaitility.core.ConditionTimeoutException: Lambda expression in com.dotmarketing.portlets.contentlet.business.ContentletAPITest that uses com.dotmarketing.portlets.contentlet.model.Contentlet: expected &lt;0&gt; but was &lt;1&gt; within 10 seconds.
	at app//org.awaitility.core.ConditionAwaiter.await(ConditionAwaiter.java:136)
	at app//org.awaitility.core.AbstractHamcrestCondition.await(AbstractHamcrestCondition.java:89)
	at app//org.awaitility.core.ConditionFactory.until(ConditionFactory.java:840)
	at app//org.awaitility.core.ConditionFactory.until(ConditionFactory.java:619)
	at app//com.dotmarketing.portlets.contentlet.business.ContentletAPITest.testRemoveContentFromIndexMultilingualContent(ContentletAPITest.java:7582)
	at java.base@11.0.19/jdk.internal.reflect.NativeMethodAccessorImpl.invoke0(Native Method)
	at java.base@11.0.19/jdk.internal.reflect.NativeMethodAccessorImpl.invoke(NativeMethodAccessorImpl.java:62)
	at java.base@11.0.19/jdk.internal.reflect.DelegatingMethodAccessorImpl.invoke(DelegatingMethodAccessorImpl.java:43)
	at java.base@11.0.19/java.lang.reflect.Method.invoke(Method.java:566)
	at app//org.junit.runners.model.FrameworkMethod$1.runReflectiveCall(FrameworkMethod.java:59)
	at app//org.junit.internal.runners.model.ReflectiveCallable.run(ReflectiveCallable.java:12)
	at app//org.junit.runners.model.FrameworkMethod.invokeExplosively(FrameworkMethod.java:56)
	at app//org.junit.internal.runners.statements.InvokeMethod.evaluate(InvokeMethod.java:17)
	at app//org.junit.internal.runners.statements.RunBefores.evaluate(RunBefores.java:26)
	at app//org.junit.internal.runners.statements.RunAfters.evaluate(RunAfters.java:27)
	at app//org.junit.rules.ExternalResource$1.evaluate(ExternalResource.java:54)
	at app//org.junit.rules.TestWatcher$1.evaluate(TestWatcher.java:61)
	at app//org.junit.runners.ParentRunner$3.evaluate(ParentRunner.java:306)
	at app//org.junit.rules.TestWatcher$1.evaluate(TestWatcher.java:61)
	at app//org.junit.rules.RunRules.evaluate(RunRules.java:20)
	at app//org.junit.runners.ParentRunner.runLeaf(ParentRunner.java:366)
	at app//com.dotcms.junit.CustomDataProviderRunner.runChild(CustomDataProviderRunner.java:41)
	at app//com.dotcms.junit.CustomDataProviderRunner.runChild(CustomDataProviderRunner.java:26)
	at app//org.junit.runners.ParentRunner$4.run(ParentRunner.java:331)
	at app//org.junit.runners.ParentRunner$1.schedule(ParentRunner.java:79)
	at app//org.junit.runners.ParentRunner.runChildren(ParentRunner.java:329)
	at app//org.junit.runners.ParentRunner.access$100(ParentRunner.java:66)
	at app//org.junit.runners.ParentRunner$2.evaluate(ParentRunner.java:293)
	at app//org.junit.internal.runners.statements.RunBefores.evaluate(RunBefores.java:26)
	at app//org.junit.internal.runners.statements.RunAfters.evaluate(RunAfters.java:27)
	at app//org.junit.runners.ParentRunner$3.evaluate(ParentRunner.java:306)
	at app//org.junit.runners.ParentRunner.run(ParentRunner.java:413)
	at app//com.dotcms.junit.MainBaseSuite$DotRunner.run(MainBaseSuite.java:71)
	at app//org.junit.runners.Suite.runChild(Suite.java:128)
	at app//org.junit.runners.Suite.runChild(Suite.java:27)
	at app//org.junit.runners.ParentRunner$4.run(ParentRunner.java:331)
	at app//org.junit.runners.ParentRunner$1.schedule(ParentRunner.java:79)
	at app//org.junit.runners.ParentRunner.runChildren(ParentRunner.java:329)
	at app//org.junit.runners.ParentRunner.access$100(ParentRunner.java:66)
	at app//org.junit.runners.ParentRunner$2.evaluate(ParentRunner.java:293)
	at app//org.junit.runners.ParentRunner$3.evaluate(ParentRunner.java:306)
	at app//org.junit.runners.ParentRunner.run(ParentRunner.java:413)
	at org.gradle.api.internal.tasks.testing.junit.JUnitTestClassExecutor.runTestClass(JUnitTestClassExecutor.java:110)
	at org.gradle.api.internal.tasks.testing.junit.JUnitTestClassExecutor.execute(JUnitTestClassExecutor.java:58)
	at org.gradle.api.internal.tasks.testing.junit.JUnitTestClassExecutor.execute(JUnitTestClassExecutor.java:38)
	at org.gradle.api.internal.tasks.testing.junit.AbstractJUnitTestClassProcessor.processTestClass(AbstractJUnitTestClassProcessor.java:62)
	at org.gradle.api.internal.tasks.testing.SuiteTestClassProcessor.processTestClass(SuiteTestClassProcessor.java:51)
	at java.base@11.0.19/jdk.internal.reflect.NativeMethodAccessorImpl.invoke0(Native Method)
	at java.base@11.0.19/jdk.internal.reflect.NativeMethodAccessorImpl.invoke(NativeMethodAccessorImpl.java:62)
	at java.base@11.0.19/jdk.internal.reflect.DelegatingMethodAccessorImpl.invoke(DelegatingMethodAccessorImpl.java:43)
	at java.base@11.0.19/java.lang.reflect.Method.invoke(Method.java:566)
	at org.gradle.internal.dispatch.ReflectionDispatch.dispatch(ReflectionDispatch.java:36)
	at org.gradle.internal.dispatch.ReflectionDispatch.dispatch(ReflectionDispatch.java:24)
	at org.gradle.internal.dispatch.ContextClassLoaderDispatch.dispatch(ContextClassLoaderDispatch.java:33)
	at org.gradle.internal.dispatch.ProxyDispatchAdapter$DispatchingInvocationHandler.invoke(ProxyDispatchAdapter.java:94)
	at com.sun.proxy.$Proxy5.processTestClass(Unknown Source)
	at org.gradle.api.internal.tasks.testing.worker.TestWorker$2.run(TestWorker.java:176)
	at org.gradle.api.internal.tasks.testing.worker.TestWorker.executeAndMaintainThreadName(TestWorker.java:129)
	at org.gradle.api.internal.tasks.testing.worker.TestWorker.execute(TestWorker.java:100)
	at org.gradle.api.internal.tasks.testing.worker.TestWorker.execute(TestWorker.java:60)
	at org.gradle.process.internal.worker.child.ActionExecutionWorker.execute(ActionExecutionWorker.java:56)
	at org.gradle.process.internal.worker.child.SystemApplicationClassLoaderWorker.call(SystemApplicationClassLoaderWorker.java:133)
	at org.gradle.process.internal.worker.child.SystemApplicationClassLoaderWorker.call(SystemApplicationClassLoaderWorker.java:71)
	at app//worker.org.gradle.process.internal.worker.GradleWorkerMain.run(GradleWorkerMain.java:69)
	at app//worker.org.gradle.process.internal.worker.GradleWorkerMain.main(GradleWorkerMain.java:74)
</pre>
</span>
</div>
<div class="test">
<a name="testUpdatePublishExpireDatesFromIdentifier"></a>
<h3 class="failures">testUpdatePublishExpireDatesFromIdentifier</h3>
<span class="code">
<pre>java.lang.AssertionError: expected:&lt;1&gt; but was:&lt;0&gt;
	at org.junit.Assert.fail(Assert.java:89)
	at org.junit.Assert.failNotEquals(Assert.java:835)
	at org.junit.Assert.assertEquals(Assert.java:647)
	at org.junit.Assert.assertEquals(Assert.java:633)
	at com.dotmarketing.portlets.contentlet.business.ContentletAPITest.testUpdatePublishExpireDatesFromIdentifier(ContentletAPITest.java:4233)
	at java.base/jdk.internal.reflect.NativeMethodAccessorImpl.invoke0(Native Method)
	at java.base/jdk.internal.reflect.NativeMethodAccessorImpl.invoke(NativeMethodAccessorImpl.java:62)
	at java.base/jdk.internal.reflect.DelegatingMethodAccessorImpl.invoke(DelegatingMethodAccessorImpl.java:43)
	at java.base/java.lang.reflect.Method.invoke(Method.java:566)
	at org.junit.runners.model.FrameworkMethod$1.runReflectiveCall(FrameworkMethod.java:59)
	at org.junit.internal.runners.model.ReflectiveCallable.run(ReflectiveCallable.java:12)
	at org.junit.runners.model.FrameworkMethod.invokeExplosively(FrameworkMethod.java:56)
	at org.junit.internal.runners.statements.InvokeMethod.evaluate(InvokeMethod.java:17)
	at org.junit.internal.runners.statements.RunBefores.evaluate(RunBefores.java:26)
	at org.junit.internal.runners.statements.RunAfters.evaluate(RunAfters.java:27)
	at org.junit.rules.ExternalResource$1.evaluate(ExternalResource.java:54)
	at org.junit.rules.TestWatcher$1.evaluate(TestWatcher.java:61)
	at org.junit.runners.ParentRunner$3.evaluate(ParentRunner.java:306)
	at org.junit.rules.TestWatcher$1.evaluate(TestWatcher.java:61)
	at org.junit.rules.RunRules.evaluate(RunRules.java:20)
	at org.junit.runners.ParentRunner.runLeaf(ParentRunner.java:366)
	at com.dotcms.junit.CustomDataProviderRunner.runChild(CustomDataProviderRunner.java:41)
	at com.dotcms.junit.CustomDataProviderRunner.runChild(CustomDataProviderRunner.java:26)
	at org.junit.runners.ParentRunner$4.run(ParentRunner.java:331)
	at org.junit.runners.ParentRunner$1.schedule(ParentRunner.java:79)
	at org.junit.runners.ParentRunner.runChildren(ParentRunner.java:329)
	at org.junit.runners.ParentRunner.access$100(ParentRunner.java:66)
	at org.junit.runners.ParentRunner$2.evaluate(ParentRunner.java:293)
	at org.junit.internal.runners.statements.RunBefores.evaluate(RunBefores.java:26)
	at org.junit.internal.runners.statements.RunAfters.evaluate(RunAfters.java:27)
	at org.junit.runners.ParentRunner$3.evaluate(ParentRunner.java:306)
	at org.junit.runners.ParentRunner.run(ParentRunner.java:413)
	at com.dotcms.junit.MainBaseSuite$DotRunner.run(MainBaseSuite.java:71)
	at org.junit.runners.Suite.runChild(Suite.java:128)
	at org.junit.runners.Suite.runChild(Suite.java:27)
	at org.junit.runners.ParentRunner$4.run(ParentRunner.java:331)
	at org.junit.runners.ParentRunner$1.schedule(ParentRunner.java:79)
	at org.junit.runners.ParentRunner.runChildren(ParentRunner.java:329)
	at org.junit.runners.ParentRunner.access$100(ParentRunner.java:66)
	at org.junit.runners.ParentRunner$2.evaluate(ParentRunner.java:293)
	at org.junit.runners.ParentRunner$3.evaluate(ParentRunner.java:306)
	at org.junit.runners.ParentRunner.run(ParentRunner.java:413)
	at org.gradle.api.internal.tasks.testing.junit.JUnitTestClassExecutor.runTestClass(JUnitTestClassExecutor.java:110)
	at org.gradle.api.internal.tasks.testing.junit.JUnitTestClassExecutor.execute(JUnitTestClassExecutor.java:58)
	at org.gradle.api.internal.tasks.testing.junit.JUnitTestClassExecutor.execute(JUnitTestClassExecutor.java:38)
	at org.gradle.api.internal.tasks.testing.junit.AbstractJUnitTestClassProcessor.processTestClass(AbstractJUnitTestClassProcessor.java:62)
	at org.gradle.api.internal.tasks.testing.SuiteTestClassProcessor.processTestClass(SuiteTestClassProcessor.java:51)
	at java.base/jdk.internal.reflect.NativeMethodAccessorImpl.invoke0(Native Method)
	at java.base/jdk.internal.reflect.NativeMethodAccessorImpl.invoke(NativeMethodAccessorImpl.java:62)
	at java.base/jdk.internal.reflect.DelegatingMethodAccessorImpl.invoke(DelegatingMethodAccessorImpl.java:43)
	at java.base/java.lang.reflect.Method.invoke(Method.java:566)
	at org.gradle.internal.dispatch.ReflectionDispatch.dispatch(ReflectionDispatch.java:36)
	at org.gradle.internal.dispatch.ReflectionDispatch.dispatch(ReflectionDispatch.java:24)
	at org.gradle.internal.dispatch.ContextClassLoaderDispatch.dispatch(ContextClassLoaderDispatch.java:33)
	at org.gradle.internal.dispatch.ProxyDispatchAdapter$DispatchingInvocationHandler.invoke(ProxyDispatchAdapter.java:94)
	at com.sun.proxy.$Proxy5.processTestClass(Unknown Source)
	at org.gradle.api.internal.tasks.testing.worker.TestWorker$2.run(TestWorker.java:176)
	at org.gradle.api.internal.tasks.testing.worker.TestWorker.executeAndMaintainThreadName(TestWorker.java:129)
	at org.gradle.api.internal.tasks.testing.worker.TestWorker.execute(TestWorker.java:100)
	at org.gradle.api.internal.tasks.testing.worker.TestWorker.execute(TestWorker.java:60)
	at org.gradle.process.internal.worker.child.ActionExecutionWorker.execute(ActionExecutionWorker.java:56)
	at org.gradle.process.internal.worker.child.SystemApplicationClassLoaderWorker.call(SystemApplicationClassLoaderWorker.java:133)
	at org.gradle.process.internal.worker.child.SystemApplicationClassLoaderWorker.call(SystemApplicationClassLoaderWorker.java:71)
	at worker.org.gradle.process.internal.worker.GradleWorkerMain.run(GradleWorkerMain.java:69)
	at worker.org.gradle.process.internal.worker.GradleWorkerMain.main(GradleWorkerMain.java:74)
</pre>
</span>
</div>
</div>
<div id="tab1" class="tab">
<h2>Tests</h2>
<table>
<thead>
<tr>
<th>Test</th>
<th>Duration</th>
<th>Result</th>
</tr>
</thead>
<tr>
<td class="success">TestCopyHTMLPageIncludesPersonalizedMultiTrees</td>
<td class="success">5.764s</td>
<td class="success">passed</td>
</tr>
<tr>
<td class="success">Test_Copy_Metadata_On_CheckIn</td>
<td class="success">2.338s</td>
<td class="success">passed</td>
</tr>
<tr>
<td class="success">Test_Key_Value_As_Map_Test</td>
<td class="success">1.940s</td>
<td class="success">passed</td>
</tr>
<tr>
<td class="success">Test_Load_Field_Works_On_Contentlet_Saved_as_Json_Or_Saved_As_Columns</td>
<td class="success">1.978s</td>
<td class="success">passed</td>
</tr>
<tr>
<td class="success">Test_Move_Content_Different_Host_And_Folder_On_CheckIn</td>
<td class="success">1.872s</td>
<td class="success">passed</td>
</tr>
<tr>
<td class="success">addLinkToContentlet</td>
<td class="success">0.043s</td>
<td class="success">passed</td>
</tr>
<tr>
<td class="success">addRemoveContentFromIndex</td>
<td class="success">1.367s</td>
<td class="success">passed</td>
</tr>
<tr>
<td class="success">archive</td>
<td class="success">0.209s</td>
<td class="success">passed</td>
</tr>
<tr>
<td class="success">archiveCollection</td>
<td class="success">0.247s</td>
<td class="success">passed</td>
</tr>
<tr>
<td class="success">cleanBinaryField</td>
<td class="success">0.021s</td>
<td class="success">passed</td>
</tr>
<tr>
<td class="success">cleanTagField</td>
<td class="success">0.011s</td>
<td class="success">passed</td>
</tr>
<tr>
<td class="success">clearDateTimeFieldValue[0: &lt;empty string&gt;]</td>
<td class="success">1.292s</td>
<td class="success">passed</td>
</tr>
<tr>
<td class="success">clearDateTimeFieldValue[1: &lt;null&gt;]</td>
<td class="success">1.282s</td>
<td class="success">passed</td>
</tr>
<tr>
<td class="success">contentOnlyWithExpireFieldTest</td>
<td class="success">1.493s</td>
<td class="success">passed</td>
</tr>
<tr>
<td class="success">copyContentlet</td>
<td class="success">1.495s</td>
<td class="success">passed</td>
</tr>
<tr>
<td class="success">copyContentletWithFolder</td>
<td class="success">1.338s</td>
<td class="success">passed</td>
</tr>
<tr>
<td class="success">copyContentletWithFolderAppendCopy</td>
<td class="success">1.339s</td>
<td class="success">passed</td>
</tr>
<tr>
<td class="success">copyContentletWithHost</td>
<td class="success">1.360s</td>
<td class="success">passed</td>
</tr>
<tr>
<td class="success">copyContentletWithSeveralVersionsOrderIssue</td>
<td class="success">6.450s</td>
<td class="success">passed</td>
</tr>
<tr>
<td class="success">delete</td>
<td class="success">1.352s</td>
<td class="success">passed</td>
</tr>
<tr>
<td class="success">deleteAllVersionsAndBackup</td>
<td class="success">0.336s</td>
<td class="success">passed</td>
</tr>
<tr>
<td class="success">deleteCollection</td>
<td class="success">0.358s</td>
<td class="success">passed</td>
</tr>
<tr>
<td class="success">deleteCollectionAllVersions</td>
<td class="success">0.588s</td>
<td class="success">passed</td>
</tr>
<tr>
<td class="success">deleteForAllVersions</td>
<td class="success">1.370s</td>
<td class="success">passed</td>
</tr>
<tr>
<td class="success">deleteMultipleContents</td>
<td class="success">5.933s</td>
<td class="success">passed</td>
</tr>
<tr>
<td class="success">deleteRelatedContent</td>
<td class="success">2.273s</td>
<td class="success">passed</td>
</tr>
<tr>
<td class="success">deleteRelatedContentWithParent</td>
<td class="success">1.765s</td>
<td class="success">passed</td>
</tr>
<tr>
<td class="success">delete_GivenUnarchivedContentAndDontValidateMeInTrue_ShouldDeleteSuccessfully</td>
<td class="success">1.322s</td>
<td class="success">passed</td>
</tr>
<tr>
<td class="success">destroy_content_locked_by_admin_by_other_admin_user</td>
<td class="success">1.678s</td>
<td class="success">passed</td>
</tr>
<tr>
<td class="success">find</td>
<td class="success">0s</td>
<td class="success">passed</td>
</tr>
<tr>
<td class="skipped">findAllContent</td>
<td class="skipped">-</td>
<td class="skipped">ignored</td>
</tr>
<tr>
<td class="success">findByStructure</td>
<td class="success">0.009s</td>
<td class="success">passed</td>
</tr>
<tr>
<td class="success">findByStructureInode</td>
<td class="success">0.005s</td>
<td class="success">passed</td>
</tr>
<tr>
<td class="success">findContentletByIdentifier</td>
<td class="success">0.003s</td>
<td class="success">passed</td>
</tr>
<tr>
<td class="success">findContentletByIdentifiers</td>
<td class="success">0.003s</td>
<td class="success">passed</td>
</tr>
<tr>
<td class="success">findContentletForLanguage</td>
<td class="success">0.001s</td>
<td class="success">passed</td>
</tr>
<tr>
<td class="success">findContentlets</td>
<td class="success">0.005s</td>
<td class="success">passed</td>
</tr>
<tr>
<td class="success">findContentletsByFolder</td>
<td class="success">0.642s</td>
<td class="success">passed</td>
</tr>
<tr>
<td class="success">findContentletsByHost</td>
<td class="success">0.015s</td>
<td class="success">passed</td>
</tr>
<tr>
<td class="success">findPageContentlets</td>
<td class="success">0.002s</td>
<td class="success">passed</td>
</tr>
<tr>
<td class="success">getAllLanguages</td>
<td class="success">10.585s</td>
<td class="success">passed</td>
</tr>
<tr>
<td class="success">getAllRelationships</td>
<td class="success">0.010s</td>
<td class="success">passed</td>
</tr>
<tr>
<td class="success">getAllRelationshipsByContentlet</td>
<td class="success">1.726s</td>
<td class="success">passed</td>
</tr>
<tr>
<td class="success">getContentletReferences</td>
<td class="success">3.765s</td>
<td class="success">passed</td>
</tr>
<tr>
<td class="success">getContentletReferencesForMonolingualPages</td>
<td class="success">1.772s</td>
<td class="success">passed</td>
</tr>
<tr>
<td class="success">getContentletReferences_FilterOutReferencesByContentLang</td>
<td class="success">1.252s</td>
<td class="success">passed</td>
</tr>
<tr>
<td class="success">getContentletReferences_PersonaIncluded</td>
<td class="success">1.332s</td>
<td class="success">passed</td>
</tr>
<tr>
<td class="success">getContentletReferences_ReferencesByContentLang</td>
<td class="success">1.322s</td>
<td class="success">passed</td>
</tr>
<tr>
<td class="success">getFieldValue</td>
<td class="success">0.006s</td>
<td class="success">passed</td>
</tr>
<tr>
<td class="success">getRelatedContent</td>
<td class="success">1.682s</td>
<td class="success">passed</td>
</tr>
<tr>
<td class="success">getRelatedContentPullByParent</td>
<td class="success">1.782s</td>
<td class="success">passed</td>
</tr>
<tr>
<td class="success">isContentEqual</td>
<td class="success">0.001s</td>
<td class="success">passed</td>
</tr>
<tr>
<td class="success">newFileAssetLanguageDifferentThanDefault</td>
<td class="success">0.234s</td>
<td class="success">passed</td>
</tr>
<tr>
<td class="success">newVersionFileAssetLanguageDifferentThanDefault</td>
<td class="success">1.523s</td>
<td class="success">passed</td>
</tr>
<tr>
<td class="success">no_destroy_limited_content_locked_by_admin_by_limited_user</td>
<td class="success">0.506s</td>
<td class="success">passed</td>
</tr>
<tr>
<td class="success">publichWithToDifferentVarianst</td>
<td class="success">1.876s</td>
<td class="success">passed</td>
</tr>
<tr>
<td class="success">publish</td>
<td class="success">0.071s</td>
<td class="success">passed</td>
</tr>
<tr>
<td class="success">publishCollection</td>
<td class="success">0.166s</td>
<td class="success">passed</td>
</tr>
<tr>
<td class="success">publishRelatedHtmlPages</td>
<td class="success">0.004s</td>
<td class="success">passed</td>
</tr>
<tr>
<td class="success">rangeQuery</td>
<td class="success">1.608s</td>
<td class="success">passed</td>
</tr>
<tr>
<td class="success">relateContent</td>
<td class="success">1.669s</td>
<td class="success">passed</td>
</tr>
<tr>
<td class="success">relateContentDirect</td>
<td class="success">0.709s</td>
<td class="success">passed</td>
</tr>
<tr>
<td class="skipped">run_listener_after_save_result_called_all_listeners</td>
<td class="skipped">-</td>
<td class="skipped">ignored</td>
</tr>
<tr>
<td class="success">saveContentWithExistingIdentifier</td>
<td class="success">1.687s</td>
<td class="success">passed</td>
</tr>
<tr>
<td class="success">saveContentWithInvalidJSONField_ShouldThrowException</td>
<td class="success">0.031s</td>
<td class="success">passed</td>
</tr>
<tr>
<td class="success">saveContentWithJSONField[0: ({} {}, {})]</td>
<td class="success">1.229s</td>
<td class="success">passed</td>
</tr>
<tr>
<td class="success">saveContentWithJSONField[1: ({} LOL, {})]</td>
<td class="success">1.221s</td>
<td class="success">passed</td>
</tr>
<tr>
<td class="success">saveContentWithValidJSONField_ShouldSucceed</td>
<td class="success">1.197s</td>
<td class="success">passed</td>
</tr>
<tr>
<td class="success">search</td>
<td class="success">0.006s</td>
<td class="success">passed</td>
</tr>
<tr>
<td class="success">searchIndex</td>
<td class="success">0.003s</td>
<td class="success">passed</td>
</tr>
<tr>
<td class="success">searchWithPermissions</td>
<td class="success">0.008s</td>
<td class="success">passed</td>
</tr>
<tr>
<td class="success">setDateTimeFieldValueWithTimeZone[0: UTC, 2023-03-15 15:45 +0000]</td>
<td class="success">1.322s</td>
<td class="success">passed</td>
</tr>
<tr>
<td class="success">setDateTimeFieldValueWithTimeZone[1: America/New_York, 2023-02-15 15:45 -0500]</td>
<td class="success">1.317s</td>
<td class="success">passed</td>
</tr>
<tr>
<td class="success">setDateTimeFieldValueWithTimeZone[2: America/New_York, 2023-03-15 16:45 -0400]</td>
<td class="success">1.335s</td>
<td class="success">passed</td>
</tr>
<tr>
<td class="success">setDateTimeFieldValueWithTimeZone[3: America/Chicago, 2023-02-15 14:45 -0600]</td>
<td class="success">1.321s</td>
<td class="success">passed</td>
</tr>
<tr>
<td class="success">setDateTimeFieldValueWithTimeZone[4: America/Chicago, 2023-03-15 15:45 -0500]</td>
<td class="success">1.330s</td>
<td class="success">passed</td>
</tr>
<tr>
<td class="success">setDateTimeFieldValueWithTimeZone[5: America/Los_Angeles, 2023-02-15 12:45 -0800]</td>
<td class="success">1.312s</td>
<td class="success">passed</td>
</tr>
<tr>
<td class="success">setDateTimeFieldValueWithTimeZone[6: America/Los_Angeles, 2023-03-15 13:45 -0700]</td>
<td class="success">1.314s</td>
<td class="success">passed</td>
</tr>
<tr>
<td class="success">testCheckInContentletWithoutHost_shouldUseContentTypeHost</td>
<td class="success">1.181s</td>
<td class="success">passed</td>
</tr>
<tr>
<td class="success">testCheckInWithSelfRelationInBothParentsAndChildren</td>
<td class="success">1.008s</td>
<td class="success">passed</td>
</tr>
<tr>
<td class="success">testCheckin1_ExistingContentWithCats_EmptyCatsList_ShouldWipeExistingCats</td>
<td class="success">1.550s</td>
<td class="success">passed</td>
</tr>
<tr>
<td class="success">testCheckin1_ExistingContentWithCats_NullCats_ShouldKeepExistingCats</td>
<td class="success">1.449s</td>
<td class="success">passed</td>
</tr>
<tr>
<td class="success">testCheckin1_ExistingContentWithChildAndParentRels_NullRels_ShouldKeepExistingRels</td>
<td class="success">2.688s</td>
<td class="success">passed</td>
</tr>
<tr>
<td class="success">testCheckin1_ExistingContentWithRels_NullRels_ShouldKeepExistingRels</td>
<td class="success">1.655s</td>
<td class="success">passed</td>
</tr>
<tr>
<td class="success">testCheckin2_ExistingContentWithCats_EmptyCatsList_ShouldWipeExistingCats</td>
<td class="success">1.423s</td>
<td class="success">passed</td>
</tr>
<tr>
<td class="success">testCheckin2_ExistingContentWithCats_NullCats_ShouldKeepExistingCats</td>
<td class="success">1.514s</td>
<td class="success">passed</td>
</tr>
<tr>
<td class="success">testCheckin2_ExistingContentWithRels_NullRels_ShouldKeepExistingRels</td>
<td class="success">0.516s</td>
<td class="success">passed</td>
</tr>
<tr>
<td class="success">testCheckin3_ExistingContentWithCats_EmptyCatsList_ShouldWipeExistingCats</td>
<td class="success">1.462s</td>
<td class="success">passed</td>
</tr>
<tr>
<td class="success">testCheckin3_ExistingContentWithCats_NullCats_ShouldKeepExistingCats</td>
<td class="success">1.536s</td>
<td class="success">passed</td>
</tr>
<tr>
<td class="success">testCheckin3_ExistingContentWithRels_EmptyRels_ShouldWipeExistingRels</td>
<td class="success">1.533s</td>
<td class="success">passed</td>
</tr>
<tr>
<td class="success">testCheckin3_ExistingContentWithRels_NullRels_ShouldKeepExistingRels</td>
<td class="success">1.471s</td>
<td class="success">passed</td>
</tr>
<tr>
<td class="success">testCheckin4_ExistingContentWithCats_EmptyCatsList_ShouldWipeExistingCats</td>
<td class="success">1.476s</td>
<td class="success">passed</td>
</tr>
<tr>
<td class="success">testCheckin4_ExistingContentWithCats_NullCats_ShouldKeepExistingCats</td>
<td class="success">1.455s</td>
<td class="success">passed</td>
</tr>
<tr>
<td class="success">testCheckin4_ExistingContentWithRels_EmptyRels_ShouldWipeExistingRels</td>
<td class="success">1.511s</td>
<td class="success">passed</td>
</tr>
<tr>
<td class="success">testCheckin4_ExistingContentWithRels_NullRels_ShouldKeepExistingRels</td>
<td class="success">1.483s</td>
<td class="success">passed</td>
</tr>
<tr>
<td class="success">testCheckinDefaultActions</td>
<td class="success">1.743s</td>
<td class="success">passed</td>
</tr>
<tr>
<td class="success">testCheckinDefaultActionsSkip</td>
<td class="success">1.641s</td>
<td class="success">passed</td>
</tr>
<tr>
<td class="success">testCheckinDefaultActionsSkipBySettingActionId</td>
<td class="success">1.762s</td>
<td class="success">passed</td>
</tr>
<tr>
<td class="success">testCheckinNoDefaultActions</td>
<td class="success">0.691s</td>
<td class="success">passed</td>
</tr>
<tr>
<td class="success">testCheckinWithoutVersioning_ExistingContentWithCats_EmptyCats_ShouldWipeExistingCats</td>
<td class="success">1.429s</td>
<td class="success">passed</td>
</tr>
<tr>
<td class="success">testCheckinWithoutVersioning_ExistingContentWithCats_NullCats_ShouldKeepExistingCats</td>
<td class="success">1.483s</td>
<td class="success">passed</td>
</tr>
<tr>
<td class="success">testCheckinWithoutVersioning_ExistingContentWithRels_EmptyRels_ShouldWipeExistingRels</td>
<td class="success">1.553s</td>
<td class="success">passed</td>
</tr>
<tr>
<td class="success">testCheckinWithoutVersioning_ExistingContentWithRels_NullRels_ShouldKeepExistingRels</td>
<td class="success">0.557s</td>
<td class="success">passed</td>
</tr>
<tr>
<td class="success">testCheckinWithoutVersioning_ShouldDeletePreviousBinary_WhenBinaryIsUpdated</td>
<td class="success">1.638s</td>
<td class="success">passed</td>
</tr>
<tr>
<td class="success">testCheckinWithoutVersioning_ShouldPreserveBinary_WhenOtherFieldsAreUpdated</td>
<td class="success">1.670s</td>
<td class="success">passed</td>
</tr>
<tr>
<td class="success">testCheckin_Non_Existing_Identifier_With_Not_Validate_Success</td>
<td class="success">1.276s</td>
<td class="success">passed</td>
</tr>
<tr>
<td class="success">testCheckin_Non_Existing_Identifier_With_Validate_Should_FAIL</td>
<td class="success">0.027s</td>
<td class="success">passed</td>
</tr>
<tr>
<td class="success">testCheckin_nullRequiredFieldValue[0: com.dotmarketing.portlets.contentlet.business.ContentletAPITest$TestCaseNullFieldvalues@49c2baec]</td>
<td class="success">1.195s</td>
<td class="success">passed</td>
</tr>
<tr>
<td class="success">testCheckin_nullRequiredFieldValue[1: com.dotmarketing.portlets.contentlet.business.ContentletAPITest$TestCaseNullFieldvalues@60be36f3]</td>
<td class="success">1.203s</td>
<td class="success">passed</td>
</tr>
<tr>
<td class="success">testCheckin_nullRequiredFieldValue[2: com.dotmarketing.portlets.contentlet.business.ContentletAPITest$TestCaseNullFieldvalues@4ba7bcb6]</td>
<td class="success">1.197s</td>
<td class="success">passed</td>
</tr>
<tr>
<td class="success">testCheckin_nullRequiredFieldValue[3: com.dotmarketing.portlets.contentlet.business.ContentletAPITest$TestCaseNullFieldvalues@26e8df8d]</td>
<td class="success">1.205s</td>
<td class="success">passed</td>
</tr>
<tr>
<td class="success">testContentCheckin_mapIncludeExpectedProperties</td>
<td class="success">1.506s</td>
<td class="success">passed</td>
</tr>
<tr>
<td class="success">testContentWithTwoBinaryFieldsAndSameFile_afterCheckinShouldContainBothFields</td>
<td class="success">1.407s</td>
<td class="success">passed</td>
</tr>
<tr>
<td class="success">testCopyContentletDoesNotCopyWorkflowHistory</td>
<td class="success">10.968s</td>
<td class="success">passed</td>
</tr>
<tr>
<td class="success">testCopyProperties_TypeWithTagField_shouldCopyTagFieldValue</td>
<td class="success">1.243s</td>
<td class="success">passed</td>
</tr>
<tr>
<td class="success">testCreateSelfJoinedRelationship_contentletAddedAsChild</td>
<td class="success">1.783s</td>
<td class="success">passed</td>
</tr>
<tr>
<td class="success">testDeletePageDefinedAsDetailPage</td>
<td class="success">1.594s</td>
<td class="success">passed</td>
</tr>
<tr>
<td class="success">testDelete_GivenMultiLangMultiVersionContent_WhenDeletingOneSpanishVersion_ShouldDeleteAllSpanishVersions</td>
<td class="success">2.264s</td>
<td class="success">passed</td>
</tr>
<tr>
<td class="success">testDotAsset_Checkin</td>
<td class="success">0.496s</td>
<td class="success">passed</td>
</tr>
<tr>
<td class="success">testFileCopyOnSecondLanguageVersion</td>
<td class="success">2.932s</td>
<td class="success">passed</td>
</tr>
<tr>
<td class="success">testGetRelatedForSelfJoinsDoesNotCacheWhenPullByParentIsNull</td>
<td class="success">0.909s</td>
<td class="success">passed</td>
</tr>
<tr>
<td class="success">testMoveContentDependenciesFromChild</td>
<td class="success">1.923s</td>
<td class="success">passed</td>
</tr>
<tr>
<td class="success">testMoveContentDependenciesFromChildSelfRelated</td>
<td class="success">1.904s</td>
<td class="success">passed</td>
</tr>
<tr>
<td class="success">testMoveContentDependenciesFromParent</td>
<td class="success">2.082s</td>
<td class="success">passed</td>
</tr>
<tr>
<td class="success">testMoveContentDependenciesFromParentSelfRelated</td>
<td class="success">2.048s</td>
<td class="success">passed</td>
</tr>
<tr>
<td class="failures">testRemoveContentFromIndexMultilingualContent</td>
<td class="failures">10.476s</td>
<td class="failures">failed</td>
</tr>
<tr>
<td class="success">testSearchFileAssetByMetadata</td>
<td class="success">0.478s</td>
<td class="success">passed</td>
</tr>
<tr>
<td class="success">testSetTemplateForAPageMustKeepTheSameTemplateForWorkingVersionsNoLive</td>
<td class="success">1.702s</td>
<td class="success">passed</td>
</tr>
<tr>
<td class="success">testSetTemplateForAPageMustKeepTheSameTemplateForWorkingVersionsOnly</td>
<td class="success">1.988s</td>
<td class="success">passed</td>
</tr>
<tr>
<td class="success">testUniqueTextFieldContentlets[0: com.dotmarketing.portlets.contentlet.business.ContentletAPITest$testCaseUniqueTextField@7a211466]</td>
<td class="success">1.678s</td>
<td class="success">passed</td>
</tr>
<tr>
<td class="success">testUniqueTextFieldContentlets[1: com.dotmarketing.portlets.contentlet.business.ContentletAPITest$testCaseUniqueTextField@6b39ac7f]</td>
<td class="success">1.621s</td>
<td class="success">passed</td>
</tr>
<tr>
<td class="success">testUniqueTextFieldContentlets[2: com.dotmarketing.portlets.contentlet.business.ContentletAPITest$testCaseUniqueTextField@1d0dffa2]</td>
<td class="success">0.699s</td>
<td class="success">passed</td>
</tr>
<tr>
<td class="success">testUniqueTextFieldContentlets[3: com.dotmarketing.portlets.contentlet.business.ContentletAPITest$testCaseUniqueTextField@7d794f39]</td>
<td class="success">1.622s</td>
<td class="success">passed</td>
</tr>
<tr>
<td class="success">testUniqueTextFieldContentlets[4: com.dotmarketing.portlets.contentlet.business.ContentletAPITest$testCaseUniqueTextField@f09f6d4]</td>
<td class="success">1.722s</td>
<td class="success">passed</td>
</tr>
<tr>
<td class="success">testUniqueTextFieldContentlets[5: com.dotmarketing.portlets.contentlet.business.ContentletAPITest$testCaseUniqueTextField@2975f91e]</td>
<td class="success">1.598s</td>
<td class="success">passed</td>
</tr>
<tr>
<td class="success">testUniqueTextFieldContentlets[6: com.dotmarketing.portlets.contentlet.business.ContentletAPITest$testCaseUniqueTextField@5b77e37d]</td>
<td class="success">1.743s</td>
<td class="success">passed</td>
</tr>
<tr>
<td class="success">testUniqueTextFieldContentlets[7: com.dotmarketing.portlets.contentlet.business.ContentletAPITest$testCaseUniqueTextField@6c407fad]</td>
<td class="success">1.633s</td>
<td class="success">passed</td>
</tr>
<tr>
<td class="success">testUniqueTextFieldContentlets[8: com.dotmarketing.portlets.contentlet.business.ContentletAPITest$testCaseUniqueTextField@2cbf8ba7]</td>
<td class="success">0.711s</td>
<td class="success">passed</td>
</tr>
<tr>
<td class="success">testUniqueTextFieldLiveAndWorkingWithDiffValues</td>
<td class="success">4.635s</td>
<td class="success">passed</td>
</tr>
<tr>
<td class="success">testUniqueTextFieldWithDataTypeWholeNumber</td>
<td class="success">1.645s</td>
<td class="success">passed</td>
</tr>
<tr>
<td class="failures">testUpdatePublishExpireDatesFromIdentifier</td>
<td class="failures">1.914s</td>
<td class="failures">failed</td>
</tr>
<tr>
<td class="success">test_copyContentlet_contentletArchivedShouldCopyAsArchived</td>
<td class="success">1.327s</td>
<td class="success">passed</td>
</tr>
<tr>
<td class="success">test_findContentletByIdentifierOrFallback_existing_DotContentletStateException_expected_true</td>
<td class="success">1.062s</td>
<td class="success">passed</td>
</tr>
<tr>
<td class="success">test_findContentletByIdentifierOrFallback_existing_EnglishLive_WithSpanishWorking_fallback_true_expecting_English_true</td>
<td class="success">2.179s</td>
<td class="success">passed</td>
</tr>
<tr>
<td class="success">test_findContentletByIdentifierOrFallback_existing_EnglishLive_WithSpanishWorking_fallback_true_expecting_SpanishWorking_true</td>
<td class="success">0.591s</td>
<td class="success">passed</td>
</tr>
<tr>
<td class="success">test_findContentletByIdentifierOrFallback_existing_EnglishSpanish_fallback_false_expecting_Spanish_true</td>
<td class="success">1.199s</td>
<td class="success">passed</td>
</tr>
<tr>
<td class="success">test_findContentletByIdentifierOrFallback_existing_EnglishSpanish_fallback_true_expecting_Spanish_true</td>
<td class="success">1.201s</td>
<td class="success">passed</td>
</tr>
<tr>
<td class="success">test_findContentletByIdentifierOrFallback_existing_English_No_Spanish_fallback_false_expecting_False</td>
<td class="success">1.091s</td>
<td class="success">passed</td>
</tr>
<tr>
<td class="success">test_findContentletByIdentifierOrFallback_existing_English_version_no_Spanish_fallback_false_expecting_false</td>
<td class="success">1.059s</td>
<td class="success">passed</td>
</tr>
<tr>
<td class="success">test_findContentletByIdentifierOrFallback_existing_NonEnglish_WithSpanish_fallback_false_expecting_Spanish_true</td>
<td class="success">1.056s</td>
<td class="success">passed</td>
</tr>
<tr>
<td class="success">test_findContentletByIdentifierOrFallback_existing_NonEnglish_WithSpanish_fallback_true_expecting_Spanish_true</td>
<td class="success">0.830s</td>
<td class="success">passed</td>
</tr>
<tr>
<td class="success">test_findContentletByIdentifierOrFallback_existing_OnlySpanishWorking_fallback_true_expecting_English_true</td>
<td class="success">1.231s</td>
<td class="success">passed</td>
</tr>
<tr>
<td class="success">test_findContentletByIdentifierOrFallback_non_existing_DotContentletStateException_expected</td>
<td class="success">0.002s</td>
<td class="success">passed</td>
</tr>
<tr>
<td class="success">test_findInDb_returns_properly</td>
<td class="success">1.275s</td>
<td class="success">passed</td>
</tr>
<tr>
<td class="success">test_getAllRelationships_checkOrdering</td>
<td class="success">2.762s</td>
<td class="success">passed</td>
</tr>
<tr>
<td class="success">test_getAllRelationships_checkOrdering_selfRelatedContentType</td>
<td class="success">2.265s</td>
<td class="success">passed</td>
</tr>
<tr>
<td class="success">test_invalidate_shorty_cache</td>
<td class="success">1.713s</td>
<td class="success">passed</td>
</tr>
<tr>
<td class="skipped">test_saveMultilingualFileAssetBasedOnLegacyFile_shouldKeepBinaryFile</td>
<td class="skipped">-</td>
<td class="skipped">ignored</td>
</tr>
<tr>
<td class="success">test_update_mod_date_contentlet_expect_success</td>
<td class="success">1.074s</td>
<td class="success">passed</td>
</tr>
<tr>
<td class="success">test_validateContentlet_contentWithTabDividerField</td>
<td class="success">1.274s</td>
<td class="success">passed</td>
</tr>
<tr>
<td class="success">test_validateContentlet_noErrors_whenRelationChainSameContentType</td>
<td class="success">1.747s</td>
<td class="success">passed</td>
</tr>
<tr>
<td class="success">test_validateContentlet_wrong_mime_type_expect_DotContentletValidationException</td>
<td class="success">0.052s</td>
<td class="success">passed</td>
</tr>
<tr>
<td class="success">test_validateContentlet_wrong_size_expect_DotContentletValidationException</td>
<td class="success">0.072s</td>
<td class="success">passed</td>
</tr>
<tr>
<td class="success">test_variant_present_in_document_id</td>
<td class="success">1.322s</td>
<td class="success">passed</td>
</tr>
<tr>
<td class="success">unarchive</td>
<td class="success">0.105s</td>
<td class="success">passed</td>
</tr>
<tr>
<td class="success">unarchiveCollection</td>
<td class="success">0.297s</td>
<td class="success">passed</td>
</tr>
<tr>
<td class="success">unpublish</td>
<td class="success">0.121s</td>
<td class="success">passed</td>
</tr>
<tr>
<td class="success">unpublishCollection</td>
<td class="success">0.207s</td>
<td class="success">passed</td>
</tr>
<tr>
<td class="success">widgetInvalidateAllLang</td>
<td class="success">1.437s</td>
<td class="success">passed</td>
</tr>
</table>
</div>
</div>
<div id="footer">
<p>
<div>
<label class="hidden" id="label-for-line-wrapping-toggle" for="line-wrapping-toggle">Wrap lines
<input id="line-wrapping-toggle" type="checkbox" autocomplete="off"/>
</label>
</div>Generated by 
<a href="http://www.gradle.org">Gradle 7.3.3</a> at Jun 29, 2023, 8:25:39 PM</p>
</div>
</div>
</body>
</html>
